[2026-02-27T09:49:35Z] FAST GATE RERUN1 START
[2026-02-27T09:49:35Z] STEP01 START utils install
STEP01 RESULT=PASS
[2026-02-27T09:49:40Z] STEP01 PASS utils install
[2026-02-27T09:49:40Z] STEP02 START sb-utils install
STEP02 RESULT=PASS
[2026-02-27T09:49:44Z] STEP02 PASS sb-utils install
[2026-02-27T09:49:44Z] STEP03 START common install
STEP03 RESULT=PASS
[2026-02-27T09:49:49Z] STEP03 PASS common install
[2026-02-27T09:49:49Z] STEP04 START common-wallet install
STEP04 RESULT=PASS
[2026-02-27T09:49:51Z] STEP04 PASS common-wallet install
[2026-02-27T09:49:51Z] STEP05 START common-promo install
STEP05 RESULT=PASS
[2026-02-27T09:49:54Z] STEP05 PASS common-promo install
[2026-02-27T09:49:54Z] STEP06 START common-persisters install
STEP06 RESULT=PASS
[2026-02-27T09:49:57Z] STEP06 PASS common-persisters install
[2026-02-27T09:49:57Z] STEP07 START common-gs install
STEP07 RESULT=PASS
[2026-02-27T09:50:06Z] STEP07 PASS common-gs install
[2026-02-27T09:50:06Z] STEP08 START web-gs package
STEP08 RESULT=PASS
[2026-02-27T09:50:19Z] STEP08 PASS web-gs package
[2026-02-27T09:50:19Z] STEP09 START refactor smoke
STEP09 RESULT=PASS
[2026-02-27T09:50:47Z] STEP09 PASS refactor smoke
RESULT=PASS
[2026-02-27T09:50:47Z] FAST GATE RERUN1 COMPLETE
