[INFO] Scanning for projects...
[INFO] 
[INFO] ------------------< com.dgphoenix.casino:gsn-common >-------------------
[INFO] Building gsn-common 1.0-SNAPSHOT
[INFO]   from pom.xml
[INFO] --------------------------------[ jar ]---------------------------------
[INFO] 
[INFO] --- enforcer:3.0.0-M1:enforce (enforce-banned-dependencies) @ gsn-common ---
[INFO] 
[INFO] --- resources:3.3.1:resources (default-resources) @ gsn-common ---
[INFO] Copying 58 resources from src/main/resources to target/classes
[INFO] 
[INFO] --- compiler:2.5.1:compile (default-compile) @ gsn-common ---
[INFO] Compiling 273 source files to /Users/alexb/Documents/Dev/Dev_new/gs-server/common/target/classes
[INFO] -------------------------------------------------------------
[ERROR] COMPILATION ERROR : 
[INFO] -------------------------------------------------------------
[ERROR] /Users/alexb/Documents/Dev/Dev_new/gs-server/common/src/main/java/com/dgphoenix/casino/common/cache/data/bonus/MassAwardBonusTemplate.java:[85,20] error: cannot find symbol
[ERROR]   symbol:   class BaseBonus
  location: class MassAwardBonusTemplate
/Users/alexb/Documents/Dev/Dev_new/gs-server/common/src/main/java/com/dgphoenix/casino/common/cache/VersionedDistributedCacheEntry.java:[7,64] error: cannot find symbol
[ERROR]   symbol: class IDistributedCacheEntry
/Users/alexb/Documents/Dev/Dev_new/gs-server/common/src/main/java/com/dgphoenix/casino/common/cache/VersionedDistributedCacheEntry.java:[7,88] error: cannot find symbol
[ERROR]   symbol: class Identifiable
/Users/alexb/Documents/Dev/Dev_new/gs-server/common/src/main/java/com/dgphoenix/casino/gs/managers/payment/wallet/IExternalWalletTransactionHandler.java:[10,26] error: cannot find symbol
[ERROR]   symbol:   class IWalletOperation
  location: interface IExternalWalletTransactionHandler
/Users/alexb/Documents/Dev/Dev_new/gs-server/common/src/main/java/com/dgphoenix/casino/gs/managers/payment/wallet/IExternalWalletTransactionHandler.java:[12,28] error: cannot find symbol
[ERROR]   symbol:   class IWalletOperation
  location: interface IExternalWalletTransactionHandler
/Users/alexb/Documents/Dev/Dev_new/gs-server/common/src/main/java/com/dgphoenix/casino/common/DomainSessionFactory.java:[26,11] error: cannot find symbol
[ERROR]   symbol:   class DomainSession
  location: class DomainSessionFactory
/Users/alexb/Documents/Dev/Dev_new/gs-server/common/src/main/java/com/dgphoenix/casino/common/cache/data/bonus/FRBMassAwardBonusTemplate.java:[47,11] error: cannot find symbol
[INFO] 7 errors 
[INFO] -------------------------------------------------------------
[INFO] ------------------------------------------------------------------------
[INFO] BUILD FAILURE
[INFO] ------------------------------------------------------------------------
[INFO] Total time:  1.399 s
[INFO] Finished at: 2026-03-01T08:59:51Z
[INFO] ------------------------------------------------------------------------
[ERROR] Failed to execute goal org.apache.maven.plugins:maven-compiler-plugin:2.5.1:compile (default-compile) on project gsn-common: Compilation failure: Compilation failure: 
[ERROR] /Users/alexb/Documents/Dev/Dev_new/gs-server/common/src/main/java/com/dgphoenix/casino/common/cache/data/bonus/MassAwardBonusTemplate.java:[85,20] error: cannot find symbol
[ERROR]   symbol:   class BaseBonus
[ERROR]   location: class MassAwardBonusTemplate
[ERROR] /Users/alexb/Documents/Dev/Dev_new/gs-server/common/src/main/java/com/dgphoenix/casino/common/cache/VersionedDistributedCacheEntry.java:[7,64] error: cannot find symbol
[ERROR]   symbol: class IDistributedCacheEntry
[ERROR] /Users/alexb/Documents/Dev/Dev_new/gs-server/common/src/main/java/com/dgphoenix/casino/common/cache/VersionedDistributedCacheEntry.java:[7,88] error: cannot find symbol
[ERROR]   symbol: class Identifiable
[ERROR] /Users/alexb/Documents/Dev/Dev_new/gs-server/common/src/main/java/com/dgphoenix/casino/gs/managers/payment/wallet/IExternalWalletTransactionHandler.java:[10,26] error: cannot find symbol
[ERROR]   symbol:   class IWalletOperation
[ERROR]   location: interface IExternalWalletTransactionHandler
[ERROR] /Users/alexb/Documents/Dev/Dev_new/gs-server/common/src/main/java/com/dgphoenix/casino/gs/managers/payment/wallet/IExternalWalletTransactionHandler.java:[12,28] error: cannot find symbol
[ERROR]   symbol:   class IWalletOperation
[ERROR]   location: interface IExternalWalletTransactionHandler
[ERROR] /Users/alexb/Documents/Dev/Dev_new/gs-server/common/src/main/java/com/dgphoenix/casino/common/DomainSessionFactory.java:[26,11] error: cannot find symbol
[ERROR]   symbol:   class DomainSession
[ERROR]   location: class DomainSessionFactory
[ERROR] /Users/alexb/Documents/Dev/Dev_new/gs-server/common/src/main/java/com/dgphoenix/casino/common/cache/data/bonus/FRBMassAwardBonusTemplate.java:[47,11] error: cannot find symbol
[ERROR] -> [Help 1]
[ERROR] 
[ERROR] To see the full stack trace of the errors, re-run Maven with the -e switch.
[ERROR] Re-run Maven using the -X switch to enable full debug logging.
[ERROR] 
[ERROR] For more information about the errors and possible solutions, please read the following articles:
[ERROR] [Help 1] http://cwiki.apache.org/confluence/display/MAVEN/MojoFailureException
