[2026-02-28T13:44:03Z] START STEP01
[2026-02-28T13:44:03Z] START STEP01
[2026-02-28T13:44:03Z] DIR gs-server/common
[2026-02-28T13:44:03Z] DIR gs-server/common
[2026-02-28T13:44:03Z] CMD mvn -DskipTests install
[2026-02-28T13:44:03Z] CMD mvn -DskipTests install
[INFO] Scanning for projects...
[INFO] 
[INFO] ------------------< com.dgphoenix.casino:gsn-common >-------------------
[INFO] Building gsn-common 1.0-SNAPSHOT
[INFO]   from pom.xml
[INFO] --------------------------------[ jar ]---------------------------------
[INFO] 
[INFO] --- enforcer:3.0.0-M1:enforce (enforce-banned-dependencies) @ gsn-common ---
[INFO] 
[INFO] --- resources:3.3.1:resources (default-resources) @ gsn-common ---
[INFO] Copying 58 resources from src/main/resources to target/classes
[INFO] 
[INFO] --- compiler:2.5.1:compile (default-compile) @ gsn-common ---
[INFO] Compiling 240 source files to /Users/alexb/Documents/Dev/Dev_new/gs-server/common/target/classes
[INFO] -------------------------------------------------------------
[ERROR] COMPILATION ERROR : 
[INFO] -------------------------------------------------------------
[ERROR] /Users/alexb/Documents/Dev/Dev_new/gs-server/common/src/main/java/com/dgphoenix/casino/common/transactiondata/TransactionData.java:[27,40] error: cannot find symbol
[ERROR]   symbol:   class ThreadLog
  location: package com.abs.casino.common.util.logkit
/Users/alexb/Documents/Dev/Dev_new/gs-server/common/src/main/java/com/dgphoenix/casino/common/cache/AbstractLazyLoadingExportableCache.java:[9,43] error: cannot find symbol
[ERROR]   symbol:   class IStatisticsGetter
  location: package com.abs.casino.common.web.statistics
/Users/alexb/Documents/Dev/Dev_new/gs-server/common/src/main/java/com/dgphoenix/casino/gs/managers/payment/wallet/CommonGameWallet.java:[7,34] error: cannot find symbol
[ERROR]   symbol:   class PromoWinInfo
  location: package com.abs.casino.common.promo
/Users/alexb/Documents/Dev/Dev_new/gs-server/common/src/main/java/com/dgphoenix/casino/common/cache/data/game/BaseGameInfo.java:[20,40] error: cannot find symbol
[ERROR]   symbol:   class ThreadLog
  location: package com.abs.casino.common.util.logkit
/Users/alexb/Documents/Dev/Dev_new/gs-server/common/src/main/java/com/dgphoenix/casino/gs/managers/payment/wallet/IWalletHelper.java:[11,34] error: cannot find symbol
[ERROR]   symbol:   class PromoWinInfo
  location: package com.abs.casino.common.promo
/Users/alexb/Documents/Dev/Dev_new/gs-server/common/src/main/java/com/dgphoenix/casino/gs/managers/payment/wallet/IWalletHelper.java:[81,4] error: cannot find symbol
[ERROR]   symbol:   class PromoWinInfo
  location: interface IWalletHelper
/Users/alexb/Documents/Dev/Dev_new/gs-server/common/src/main/java/com/dgphoenix/casino/common/cache/PromoBonusCache.java:[5,40] error: cannot find symbol
[INFO] 7 errors 
[INFO] -------------------------------------------------------------
[INFO] ------------------------------------------------------------------------
[INFO] BUILD FAILURE
[INFO] ------------------------------------------------------------------------
[INFO] Total time:  1.170 s
[INFO] Finished at: 2026-02-28T13:44:04Z
[INFO] ------------------------------------------------------------------------
[ERROR] Failed to execute goal org.apache.maven.plugins:maven-compiler-plugin:2.5.1:compile (default-compile) on project gsn-common: Compilation failure: Compilation failure: 
[ERROR] /Users/alexb/Documents/Dev/Dev_new/gs-server/common/src/main/java/com/dgphoenix/casino/common/transactiondata/TransactionData.java:[27,40] error: cannot find symbol
[ERROR]   symbol:   class ThreadLog
[ERROR]   location: package com.abs.casino.common.util.logkit
[ERROR] /Users/alexb/Documents/Dev/Dev_new/gs-server/common/src/main/java/com/dgphoenix/casino/common/cache/AbstractLazyLoadingExportableCache.java:[9,43] error: cannot find symbol
[ERROR]   symbol:   class IStatisticsGetter
[ERROR]   location: package com.abs.casino.common.web.statistics
[ERROR] /Users/alexb/Documents/Dev/Dev_new/gs-server/common/src/main/java/com/dgphoenix/casino/gs/managers/payment/wallet/CommonGameWallet.java:[7,34] error: cannot find symbol
[ERROR]   symbol:   class PromoWinInfo
[ERROR]   location: package com.abs.casino.common.promo
[ERROR] /Users/alexb/Documents/Dev/Dev_new/gs-server/common/src/main/java/com/dgphoenix/casino/common/cache/data/game/BaseGameInfo.java:[20,40] error: cannot find symbol
[ERROR]   symbol:   class ThreadLog
[ERROR]   location: package com.abs.casino.common.util.logkit
[ERROR] /Users/alexb/Documents/Dev/Dev_new/gs-server/common/src/main/java/com/dgphoenix/casino/gs/managers/payment/wallet/IWalletHelper.java:[11,34] error: cannot find symbol
[ERROR]   symbol:   class PromoWinInfo
[ERROR]   location: package com.abs.casino.common.promo
[ERROR] /Users/alexb/Documents/Dev/Dev_new/gs-server/common/src/main/java/com/dgphoenix/casino/gs/managers/payment/wallet/IWalletHelper.java:[81,4] error: cannot find symbol
[ERROR]   symbol:   class PromoWinInfo
[ERROR]   location: interface IWalletHelper
[ERROR] /Users/alexb/Documents/Dev/Dev_new/gs-server/common/src/main/java/com/dgphoenix/casino/common/cache/PromoBonusCache.java:[5,40] error: cannot find symbol
[ERROR] -> [Help 1]
[ERROR] 
[ERROR] To see the full stack trace of the errors, re-run Maven with the -e switch.
[ERROR] Re-run Maven using the -X switch to enable full debug logging.
[ERROR] 
[ERROR] For more information about the errors and possible solutions, please read the following articles:
[ERROR] [Help 1] http://cwiki.apache.org/confluence/display/MAVEN/MojoFailureException
[2026-02-28T13:44:04Z] FAIL STEP01 rc=1
[2026-02-28T13:44:04Z] FAIL STEP01 rc=1
