[2026-02-28T12:25:46Z] START STEP01
[2026-02-28T12:25:46Z] DIR gs-server/common
[2026-02-28T12:25:46Z] CMD mvn -DskipTests install
[2026-02-28T12:25:46Z] START STEP01
[2026-02-28T12:25:46Z] DIR gs-server/common
[2026-02-28T12:25:46Z] CMD mvn -DskipTests install
[INFO] Scanning for projects...
[INFO] 
[INFO] ------------------< com.dgphoenix.casino:gsn-common >-------------------
[INFO] Building gsn-common 1.0-SNAPSHOT
[INFO]   from pom.xml
[INFO] --------------------------------[ jar ]---------------------------------
[INFO] 
[INFO] --- enforcer:3.0.0-M1:enforce (enforce-banned-dependencies) @ gsn-common ---
[INFO] 
[INFO] --- resources:3.3.1:resources (default-resources) @ gsn-common ---
[INFO] Copying 58 resources from src/main/resources to target/classes
[INFO] 
[INFO] --- compiler:2.5.1:compile (default-compile) @ gsn-common ---
[INFO] Compiling 239 source files to /Users/alexb/Documents/Dev/Dev_new/gs-server/common/target/classes
[INFO] -------------------------------------------------------------
[ERROR] COMPILATION ERROR : 
[INFO] -------------------------------------------------------------
[ERROR] /Users/alexb/Documents/Dev/Dev_new/gs-server/common/src/main/java/com/dgphoenix/casino/common/transactiondata/TransactionData.java:[28,40] error: cannot find symbol
[ERROR]   symbol:   class StringIdGenerator
  location: package com.abs.casino.common.util.string
/Users/alexb/Documents/Dev/Dev_new/gs-server/common/src/main/java/com/dgphoenix/casino/common/cache/data/account/AccountInfo.java:[8,40] error: cannot find symbol
[ERROR]   symbol:   class StringIdGenerator
  location: package com.abs.casino.common.util.string
/Users/alexb/Documents/Dev/Dev_new/gs-server/common/src/main/java/com/dgphoenix/casino/common/cache/data/session/SessionInfo.java:[5,40] error: cannot find symbol
[ERROR]   symbol:   class StringIdGenerator
  location: package com.abs.casino.common.util.string
/Users/alexb/Documents/Dev/Dev_new/gs-server/common/src/main/java/com/dgphoenix/casino/common/web/diagnostic/BaseDiagnosisServlet.java:[5,40] error: cannot find symbol
[ERROR]   symbol:   class StringBuilderWriter
  location: package com.abs.casino.common.util.string
/Users/alexb/Documents/Dev/Dev_new/gs-server/common/src/main/java/com/dgphoenix/casino/common/web/diagnostic/BaseDiagnosisServlet.java:[147,56] error: cannot find symbol
[ERROR]   symbol:   class StringBuilderWriter
  location: class BaseDiagnosisServlet
/Users/alexb/Documents/Dev/Dev_new/gs-server/common/src/main/java/com/dgphoenix/casino/common/DomainSession.java:[13,40] error: cannot find symbol
[ERROR]   symbol:   class StringIdGenerator
  location: package com.abs.casino.common.util.string
/Users/alexb/Documents/Dev/Dev_new/gs-server/common/src/main/java/com/dgphoenix/casino/common/transactiondata/TransactionDataFactory.java:[7,40] error: cannot find symbol
[ERROR]   symbol:   class StringIdGenerator
  location: package com.abs.casino.common.util.string
/Users/alexb/Documents/Dev/Dev_new/gs-server/common/src/main/java/com/dgphoenix/casino/common/web/XmlApiBaseAction.java:[5,40] error: cannot find symbol
[ERROR]   symbol:   class StringBuilderWriter
  location: package com.abs.casino.common.util.string
/Users/alexb/Documents/Dev/Dev_new/gs-server/common/src/main/java/com/dgphoenix/casino/common/web/XmlApiBaseAction.java:[6,47] error: cannot find symbol
[ERROR]   symbol:   class XmlWriter
  location: package com.abs.casino.common.util.xml.xmlwriter
/Users/alexb/Documents/Dev/Dev_new/gs-server/common/src/main/java/com/dgphoenix/casino/common/web/BaseAction.java:[9,40] error: cannot find symbol
[INFO] 10 errors 
[INFO] -------------------------------------------------------------
[INFO] ------------------------------------------------------------------------
[INFO] BUILD FAILURE
[INFO] ------------------------------------------------------------------------
[INFO] Total time:  2.530 s
[INFO] Finished at: 2026-02-28T12:25:50Z
[INFO] ------------------------------------------------------------------------
[ERROR] Failed to execute goal org.apache.maven.plugins:maven-compiler-plugin:2.5.1:compile (default-compile) on project gsn-common: Compilation failure: Compilation failure: 
[ERROR] /Users/alexb/Documents/Dev/Dev_new/gs-server/common/src/main/java/com/dgphoenix/casino/common/transactiondata/TransactionData.java:[28,40] error: cannot find symbol
[ERROR]   symbol:   class StringIdGenerator
[ERROR]   location: package com.abs.casino.common.util.string
[ERROR] /Users/alexb/Documents/Dev/Dev_new/gs-server/common/src/main/java/com/dgphoenix/casino/common/cache/data/account/AccountInfo.java:[8,40] error: cannot find symbol
[ERROR]   symbol:   class StringIdGenerator
[ERROR]   location: package com.abs.casino.common.util.string
[ERROR] /Users/alexb/Documents/Dev/Dev_new/gs-server/common/src/main/java/com/dgphoenix/casino/common/cache/data/session/SessionInfo.java:[5,40] error: cannot find symbol
[ERROR]   symbol:   class StringIdGenerator
[ERROR]   location: package com.abs.casino.common.util.string
[ERROR] /Users/alexb/Documents/Dev/Dev_new/gs-server/common/src/main/java/com/dgphoenix/casino/common/web/diagnostic/BaseDiagnosisServlet.java:[5,40] error: cannot find symbol
[ERROR]   symbol:   class StringBuilderWriter
[ERROR]   location: package com.abs.casino.common.util.string
[ERROR] /Users/alexb/Documents/Dev/Dev_new/gs-server/common/src/main/java/com/dgphoenix/casino/common/web/diagnostic/BaseDiagnosisServlet.java:[147,56] error: cannot find symbol
[ERROR]   symbol:   class StringBuilderWriter
[ERROR]   location: class BaseDiagnosisServlet
[ERROR] /Users/alexb/Documents/Dev/Dev_new/gs-server/common/src/main/java/com/dgphoenix/casino/common/DomainSession.java:[13,40] error: cannot find symbol
[ERROR]   symbol:   class StringIdGenerator
[ERROR]   location: package com.abs.casino.common.util.string
[ERROR] /Users/alexb/Documents/Dev/Dev_new/gs-server/common/src/main/java/com/dgphoenix/casino/common/transactiondata/TransactionDataFactory.java:[7,40] error: cannot find symbol
[ERROR]   symbol:   class StringIdGenerator
[ERROR]   location: package com.abs.casino.common.util.string
[ERROR] /Users/alexb/Documents/Dev/Dev_new/gs-server/common/src/main/java/com/dgphoenix/casino/common/web/XmlApiBaseAction.java:[5,40] error: cannot find symbol
[ERROR]   symbol:   class StringBuilderWriter
[ERROR]   location: package com.abs.casino.common.util.string
[ERROR] /Users/alexb/Documents/Dev/Dev_new/gs-server/common/src/main/java/com/dgphoenix/casino/common/web/XmlApiBaseAction.java:[6,47] error: cannot find symbol
[ERROR]   symbol:   class XmlWriter
[ERROR]   location: package com.abs.casino.common.util.xml.xmlwriter
[ERROR] /Users/alexb/Documents/Dev/Dev_new/gs-server/common/src/main/java/com/dgphoenix/casino/common/web/BaseAction.java:[9,40] error: cannot find symbol
[ERROR] -> [Help 1]
[ERROR] 
[ERROR] To see the full stack trace of the errors, re-run Maven with the -e switch.
[ERROR] Re-run Maven using the -X switch to enable full debug logging.
[ERROR] 
[ERROR] For more information about the errors and possible solutions, please read the following articles:
[ERROR] [Help 1] http://cwiki.apache.org/confluence/display/MAVEN/MojoFailureException
[2026-02-28T12:25:50Z] FAIL STEP01 rc=1
[2026-02-28T12:25:50Z] FAIL STEP01 rc=1
