[INFO] Scanning for projects...
[INFO] 
[INFO] ---------------< com.dgphoenix.casino:utils-restricted >----------------
[INFO] Building utils-restricted 1.1.0
[INFO]   from pom.xml
[INFO] --------------------------------[ jar ]---------------------------------
[INFO] 
[INFO] --- enforcer:3.0.0-M1:enforce (enforce-banned-dependencies) @ utils-restricted ---
[INFO] 
[INFO] --- resources:3.1.0:resources (default-resources) @ utils-restricted ---
[INFO] Using 'UTF-8' encoding to copy filtered resources.
[INFO] Copying 1 resource
[INFO] 
[INFO] --- compiler:2.5.1:compile (default-compile) @ utils-restricted ---
[INFO] Compiling 307 source files to /Users/alexb/Documents/Dev/Dev_new/gs-server/sb-utils/target/classes
[INFO] -------------------------------------------------------------
[ERROR] COMPILATION ERROR : 
[INFO] -------------------------------------------------------------
[ERROR] /Users/alexb/Documents/Dev/Dev_new/gs-server/sb-utils/src/main/java/com/dgphoenix/casino/common/exception/CommonException.java:[8,7] error: duplicate class: com.abs.casino.common.exception.CommonException
[ERROR] /Users/alexb/Documents/Dev/Dev_new/gs-server/sb-utils/src/main/java/com/dgphoenix/casino/common/engine/tracker/DelayedExecutor.java:[3,44] error: cannot access CommonException
[INFO] 2 errors 
[INFO] -------------------------------------------------------------
[INFO] ------------------------------------------------------------------------
[INFO] BUILD FAILURE
[INFO] ------------------------------------------------------------------------
[INFO] Total time:  1.218 s
[INFO] Finished at: 2026-03-01T10:34:09Z
[INFO] ------------------------------------------------------------------------
[ERROR] Failed to execute goal org.apache.maven.plugins:maven-compiler-plugin:2.5.1:compile (default-compile) on project utils-restricted: Compilation failure: Compilation failure: 
[ERROR] /Users/alexb/Documents/Dev/Dev_new/gs-server/sb-utils/src/main/java/com/dgphoenix/casino/common/exception/CommonException.java:[8,7] error: duplicate class: com.abs.casino.common.exception.CommonException
[ERROR] /Users/alexb/Documents/Dev/Dev_new/gs-server/sb-utils/src/main/java/com/dgphoenix/casino/common/engine/tracker/DelayedExecutor.java:[3,44] error: cannot access CommonException
[ERROR] -> [Help 1]
[ERROR] 
[ERROR] To see the full stack trace of the errors, re-run Maven with the -e switch.
[ERROR] Re-run Maven using the -X switch to enable full debug logging.
[ERROR] 
[ERROR] For more information about the errors and possible solutions, please read the following articles:
[ERROR] [Help 1] http://cwiki.apache.org/confluence/display/MAVEN/MojoFailureException
