[INFO] Scanning for projects...
[INFO] 
[INFO] ----------------< com.dgphoenix.casino:gsn-promo-core >-----------------
[INFO] Building gsn-promo-core 1.2
[INFO]   from pom.xml
[INFO] --------------------------------[ jar ]---------------------------------
[INFO] 
[INFO] --- enforcer:3.0.0-M1:enforce (enforce-banned-dependencies) @ gsn-promo-core ---
[INFO] 
[INFO] --- resources:3.3.1:resources (default-resources) @ gsn-promo-core ---
[INFO] skip non existing resourceDirectory /Users/alexb/Documents/Dev/Dev_new/gs-server/promo/core/src/main/resources
[INFO] 
[INFO] --- compiler:2.5.1:compile (default-compile) @ gsn-promo-core ---
[INFO] Compiling 7 source files to /Users/alexb/Documents/Dev/Dev_new/gs-server/promo/core/target/classes
[INFO] 
[INFO] --- resources:3.3.1:testResources (default-testResources) @ gsn-promo-core ---
[INFO] skip non existing resourceDirectory /Users/alexb/Documents/Dev/Dev_new/gs-server/promo/core/src/test/resources
[INFO] 
[INFO] --- compiler:2.5.1:testCompile (default-testCompile) @ gsn-promo-core ---
[INFO] Nothing to compile - all classes are up to date
[INFO] 
[INFO] --- surefire:2.19.1:test (default-test) @ gsn-promo-core ---
[INFO] Tests are skipped.
[INFO] 
[INFO] --- jar:2.6:jar (default-jar) @ gsn-promo-core ---
[INFO] Building jar: /Users/alexb/Documents/Dev/Dev_new/gs-server/promo/core/target/gsn-promo-core-1.2.jar
[INFO] 
[INFO] >>> source:2.4:jar (default) > generate-sources @ gsn-promo-core >>>
[INFO] 
[INFO] --- enforcer:3.0.0-M1:enforce (enforce-banned-dependencies) @ gsn-promo-core ---
[INFO] 
[INFO] <<< source:2.4:jar (default) < generate-sources @ gsn-promo-core <<<
[INFO] 
[INFO] 
[INFO] --- source:2.4:jar (default) @ gsn-promo-core ---
[INFO] 
[INFO] --- install:3.1.2:install (default-install) @ gsn-promo-core ---
[INFO] Installing /Users/alexb/Documents/Dev/Dev_new/gs-server/promo/core/pom.xml to /Users/alexb/.m2/repository/com/dgphoenix/casino/gsn-promo-core/1.2/gsn-promo-core-1.2.pom
[INFO] Installing /Users/alexb/Documents/Dev/Dev_new/gs-server/promo/core/target/gsn-promo-core-1.2.jar to /Users/alexb/.m2/repository/com/dgphoenix/casino/gsn-promo-core/1.2/gsn-promo-core-1.2.jar
[INFO] Installing /Users/alexb/Documents/Dev/Dev_new/gs-server/promo/core/target/gsn-promo-core-1.2-sources.jar to /Users/alexb/.m2/repository/com/dgphoenix/casino/gsn-promo-core/1.2/gsn-promo-core-1.2-sources.jar
[INFO] ------------------------------------------------------------------------
[INFO] BUILD SUCCESS
[INFO] ------------------------------------------------------------------------
[INFO] Total time:  1.822 s
[INFO] Finished at: 2026-02-27T01:38:53Z
[INFO] ------------------------------------------------------------------------
