[INFO] Scanning for projects...
[INFO] 
[INFO] -----------------< com.dgphoenix.casino:gsn-common-gs >-----------------
[INFO] Building gsn-common-gs 1.0
[INFO]   from pom.xml
[INFO] --------------------------------[ jar ]---------------------------------
[INFO] 
[INFO] --- dependency:2.8:copy (default) @ gsn-common-gs ---
[INFO] Configured Artifact: javax.xml.bind:jaxb-api:2.2.7:jar
[INFO] Configured Artifact: javax.xml.ws:jaxws-api:2.2.9:jar
[INFO] javax.xml.bind:jaxb-api:2.2.7:jar already exists in /Users/alexb/Documents/Dev/Dev_new/gs-server/game-server/common-gs/target/endorsed
[INFO] javax.xml.ws:jaxws-api:2.2.9:jar already exists in /Users/alexb/Documents/Dev/Dev_new/gs-server/game-server/common-gs/target/endorsed
[INFO] 
[INFO] --- enforcer:3.0.0-M1:enforce (enforce-banned-dependencies) @ gsn-common-gs ---
[INFO] 
[INFO] --- properties:1.0.0:read-project-properties (default) @ gsn-common-gs ---
[INFO] 
[INFO] --- resources:3.1.0:resources (default-resources) @ gsn-common-gs ---
[INFO] Using 'UTF-8' encoding to copy filtered resources.
[INFO] Copying 5 resources
[INFO] 
[INFO] --- compiler:2.5.1:compile (default-compile) @ gsn-common-gs ---
[INFO] Compiling 74 source files to /Users/alexb/Documents/Dev/Dev_new/gs-server/game-server/common-gs/target/classes
[INFO] -------------------------------------------------------------
[ERROR] COMPILATION ERROR : 
[INFO] -------------------------------------------------------------
[ERROR] /Users/alexb/Documents/Dev/Dev_new/gs-server/game-server/common-gs/src/main/java/com/dgphoenix/casino/gs/managers/payment/bonus/client/frb/FRBRESTNotificationClient.java:[22,44] error: package com.abs.casino.common.util.xml.parser does not exist
[ERROR] /Users/alexb/Documents/Dev/Dev_new/gs-server/game-server/common-gs/src/main/java/com/dgphoenix/casino/gs/managers/game/history/HistoryInformerManager.java:[18,44] error: package com.abs.casino.common.util.xml.parser does not exist
[ERROR] /Users/alexb/Documents/Dev/Dev_new/gs-server/game-server/common-gs/src/main/java/com/dgphoenix/casino/gs/managers/payment/wallet/common/xml/CWHandler.java:[3,44] error: package com.abs.casino.common.util.xml.parser does not exist
[ERROR] /Users/alexb/Documents/Dev/Dev_new/gs-server/game-server/common-gs/src/main/java/com/dgphoenix/casino/gs/managers/payment/wallet/common/xml/CWHandler.java:[5,31] error: cannot find symbol
[ERROR]   symbol: class XmlHandler
/Users/alexb/Documents/Dev/Dev_new/gs-server/game-server/common-gs/src/main/java/com/dgphoenix/casino/gs/managers/payment/wallet/common/xml/CWResponseProcessor.java:[6,44] error: package com.abs.casino.common.util.xml.parser does not exist
[ERROR] /Users/alexb/Documents/Dev/Dev_new/gs-server/game-server/common-gs/src/main/java/com/dgphoenix/casino/gs/managers/payment/wallet/common/xml/CWResponseProcessor.java:[11,44] error: cannot find symbol
[ERROR]   symbol: class IXmlElementProcessor
/Users/alexb/Documents/Dev/Dev_new/gs-server/game-server/common-gs/src/main/java/com/dgphoenix/casino/cache/PingSessionCache.java:[14,44] error: package com.abs.casino.common.util.xml.parser does not exist
[ERROR] /Users/alexb/Documents/Dev/Dev_new/gs-server/game-server/common-gs/src/main/java/com/dgphoenix/casino/gs/managers/payment/wallet/common/xml/ExtraDataHandler.java:[3,44] error: package com.abs.casino.common.util.xml.parser does not exist
[ERROR] /Users/alexb/Documents/Dev/Dev_new/gs-server/game-server/common-gs/src/main/java/com/dgphoenix/casino/gs/managers/payment/wallet/common/xml/ExtraDataHandler.java:[9,38] error: cannot find symbol
[ERROR]   symbol: class XmlHandler
/Users/alexb/Documents/Dev/Dev_new/gs-server/game-server/common-gs/src/main/java/com/dgphoenix/casino/gs/managers/payment/wallet/common/xml/ExtraDataProcessor.java:[5,44] error: package com.abs.casino.common.util.xml.parser does not exist
[ERROR] /Users/alexb/Documents/Dev/Dev_new/gs-server/game-server/common-gs/src/main/java/com/dgphoenix/casino/gs/managers/payment/wallet/common/xml/ExtraDataProcessor.java:[14,43] error: cannot find symbol
[ERROR]   symbol: class IXmlElementProcessor
/Users/alexb/Documents/Dev/Dev_new/gs-server/game-server/common-gs/src/main/java/com/dgphoenix/casino/gs/managers/payment/bonus/client/frb/FRBRESTClient.java:[16,44] error: package com.abs.casino.common.util.xml.parser does not exist
[ERROR] /Users/alexb/Documents/Dev/Dev_new/gs-server/game-server/common-gs/src/main/java/com/dgphoenix/casino/gs/managers/payment/wallet/processor/NotifyResponseProcessor.java:[9,44] error: package com.abs.casino.common.util.xml.parser does not exist
[ERROR] /Users/alexb/Documents/Dev/Dev_new/gs-server/game-server/common-gs/src/main/java/com/dgphoenix/casino/gs/managers/payment/bonus/client/RESTClient.java:[16,44] error: package com.abs.casino.common.util.xml.parser does not exist
[INFO] 14 errors 
[INFO] -------------------------------------------------------------
[INFO] ------------------------------------------------------------------------
[INFO] BUILD FAILURE
[INFO] ------------------------------------------------------------------------
[INFO] Total time:  2.654 s
[INFO] Finished at: 2026-02-27T01:34:34Z
[INFO] ------------------------------------------------------------------------
[ERROR] Failed to execute goal org.apache.maven.plugins:maven-compiler-plugin:2.5.1:compile (default-compile) on project gsn-common-gs: Compilation failure: Compilation failure: 
[ERROR] /Users/alexb/Documents/Dev/Dev_new/gs-server/game-server/common-gs/src/main/java/com/dgphoenix/casino/gs/managers/payment/bonus/client/frb/FRBRESTNotificationClient.java:[22,44] error: package com.abs.casino.common.util.xml.parser does not exist
[ERROR] /Users/alexb/Documents/Dev/Dev_new/gs-server/game-server/common-gs/src/main/java/com/dgphoenix/casino/gs/managers/game/history/HistoryInformerManager.java:[18,44] error: package com.abs.casino.common.util.xml.parser does not exist
[ERROR] /Users/alexb/Documents/Dev/Dev_new/gs-server/game-server/common-gs/src/main/java/com/dgphoenix/casino/gs/managers/payment/wallet/common/xml/CWHandler.java:[3,44] error: package com.abs.casino.common.util.xml.parser does not exist
[ERROR] /Users/alexb/Documents/Dev/Dev_new/gs-server/game-server/common-gs/src/main/java/com/dgphoenix/casino/gs/managers/payment/wallet/common/xml/CWHandler.java:[5,31] error: cannot find symbol
[ERROR]   symbol: class XmlHandler
[ERROR] /Users/alexb/Documents/Dev/Dev_new/gs-server/game-server/common-gs/src/main/java/com/dgphoenix/casino/gs/managers/payment/wallet/common/xml/CWResponseProcessor.java:[6,44] error: package com.abs.casino.common.util.xml.parser does not exist
[ERROR] /Users/alexb/Documents/Dev/Dev_new/gs-server/game-server/common-gs/src/main/java/com/dgphoenix/casino/gs/managers/payment/wallet/common/xml/CWResponseProcessor.java:[11,44] error: cannot find symbol
[ERROR]   symbol: class IXmlElementProcessor
[ERROR] /Users/alexb/Documents/Dev/Dev_new/gs-server/game-server/common-gs/src/main/java/com/dgphoenix/casino/cache/PingSessionCache.java:[14,44] error: package com.abs.casino.common.util.xml.parser does not exist
[ERROR] /Users/alexb/Documents/Dev/Dev_new/gs-server/game-server/common-gs/src/main/java/com/dgphoenix/casino/gs/managers/payment/wallet/common/xml/ExtraDataHandler.java:[3,44] error: package com.abs.casino.common.util.xml.parser does not exist
[ERROR] /Users/alexb/Documents/Dev/Dev_new/gs-server/game-server/common-gs/src/main/java/com/dgphoenix/casino/gs/managers/payment/wallet/common/xml/ExtraDataHandler.java:[9,38] error: cannot find symbol
[ERROR]   symbol: class XmlHandler
[ERROR] /Users/alexb/Documents/Dev/Dev_new/gs-server/game-server/common-gs/src/main/java/com/dgphoenix/casino/gs/managers/payment/wallet/common/xml/ExtraDataProcessor.java:[5,44] error: package com.abs.casino.common.util.xml.parser does not exist
[ERROR] /Users/alexb/Documents/Dev/Dev_new/gs-server/game-server/common-gs/src/main/java/com/dgphoenix/casino/gs/managers/payment/wallet/common/xml/ExtraDataProcessor.java:[14,43] error: cannot find symbol
[ERROR]   symbol: class IXmlElementProcessor
[ERROR] /Users/alexb/Documents/Dev/Dev_new/gs-server/game-server/common-gs/src/main/java/com/dgphoenix/casino/gs/managers/payment/bonus/client/frb/FRBRESTClient.java:[16,44] error: package com.abs.casino.common.util.xml.parser does not exist
[ERROR] /Users/alexb/Documents/Dev/Dev_new/gs-server/game-server/common-gs/src/main/java/com/dgphoenix/casino/gs/managers/payment/wallet/processor/NotifyResponseProcessor.java:[9,44] error: package com.abs.casino.common.util.xml.parser does not exist
[ERROR] /Users/alexb/Documents/Dev/Dev_new/gs-server/game-server/common-gs/src/main/java/com/dgphoenix/casino/gs/managers/payment/bonus/client/RESTClient.java:[16,44] error: package com.abs.casino.common.util.xml.parser does not exist
[ERROR] -> [Help 1]
[ERROR] 
[ERROR] To see the full stack trace of the errors, re-run Maven with the -e switch.
[ERROR] Re-run Maven using the -X switch to enable full debug logging.
[ERROR] 
[ERROR] For more information about the errors and possible solutions, please read the following articles:
[ERROR] [Help 1] http://cwiki.apache.org/confluence/display/MAVEN/MojoFailureException
