[2026-03-02T19:04:19Z] START web
[2026-03-02T19:04:19Z] DIR mp-server
[2026-03-02T19:04:19Z] CMD mvn -DskipTests -pl web -am compile
[INFO] Scanning for projects...
[WARNING] 
[WARNING] Some problems were encountered while building the effective model for com.betsoft.casino:mp-bots:jar:1.0.0-SNAPSHOT
[WARNING] 'build.plugins.plugin.version' for org.springframework.boot:spring-boot-maven-plugin is missing. @ line 236, column 21
[WARNING] 
[WARNING] It is highly recommended to fix these problems because they threaten the stability of your build.
[WARNING] 
[WARNING] For this reason, future Maven versions might no longer support building such malformed projects.
[WARNING] 
[WARNING] The project com.betsoft.casino:mp-casino:pom:1.0.0-SNAPSHOT uses prerequisites which is only intended for maven-plugin projects but not for non maven-plugin projects. For such purposes you should use the maven-enforcer-plugin. See https://maven.apache.org/enforcer/enforcer-rules/requireMavenVersion.html
[INFO] ------------------------------------------------------------------------
[INFO] Reactor Build Order:
[INFO] 
[INFO] Tektosyne                                                          [jar]
[INFO] mp-casino                                                          [pom]
[INFO] Casino MP Games core interfaces                                    [jar]
[INFO] Casino MP Games                                                    [pom]
[INFO] MP Common Games                                                    [jar]
[INFO] Max Quest: Crash. Math model                                       [jar]
[INFO] Max Quest: Crash                                                   [jar]
[INFO] Max Quest: Max Blast Champions Model data                          [jar]
[INFO] Max Quest: Max Blast Champions                                     [jar]
[INFO] Casino MP Games core                                               [jar]
[INFO] Pirates math model                                                 [jar]
[INFO] Pirates: Dead Mans Cove                                            [jar]
[INFO] Max Quest: Amazon. Math model                                      [jar]
[INFO] Max Quest: Amazon                                                  [jar]
[INFO] Pirates common math model                                          [jar]
[INFO] Pirates: POV                                                       [jar]
[INFO] Pirates: DMC                                                       [jar]
[INFO] MQ: Revenge of Ra. Math model                                      [jar]
[INFO] MQ: Revenge of Ra                                                  [jar]
[INFO] Max Quest: Dragonstone. Math model                                 [jar]
[INFO] Max Quest: Dragonstone                                             [jar]
[INFO] Max Quest: Clash of the Gods. Math model                           [jar]
[INFO] Max Quest: Clash of the Gods                                       [jar]
[INFO] Max Quest: BG Dragonstone. Math model                              [jar]
[INFO] Max Quest: BG Dragonstone                                          [jar]
[INFO] Max Quest: Mission Amazon. Math model                              [jar]
[INFO] Max Quest: Mission Amazon                                          [jar]
[INFO] BG Max Quest: Mission Amazon. Math model                           [jar]
[INFO] BG Max Quest: Mission Amazon                                       [jar]
[INFO] Max Quest: Sector X. Math model                                    [jar]
[INFO] Max Quest: Sector X                                                [jar]
[INFO] BG Max Quest: Sector X. Math model                                 [jar]
[INFO] BG Max Quest: Sector X                                             [jar]
[INFO] Casino MP Games persistance layer                                  [jar]
[INFO] Kafka interfaces                                                   [jar]
[INFO] mp-bots                                                            [jar]
[INFO] Casino MP Games Web                                                [war]
[INFO] 
[INFO] ----------------------< org.kynosarges:tektosyne >----------------------
[INFO] Building Tektosyne 6.0.1-BSG                                      [1/37]
[INFO]   from tektosyne/pom.xml
[INFO] --------------------------------[ jar ]---------------------------------
[INFO] 
[INFO] --- resources:3.3.1:resources (default-resources) @ tektosyne ---
[INFO] skip non existing resourceDirectory /Users/alexb/Documents/Dev/Dev_new/mp-server/tektosyne/src/main/resources
[INFO] 
[INFO] --- compiler:3.6.0:compile (default-compile) @ tektosyne ---
[INFO] Changes detected - recompiling the module!
[INFO] Compiling 62 source files to /Users/alexb/Documents/Dev/Dev_new/mp-server/tektosyne/target/classes
[INFO] 
[INFO] --------------------< com.betsoft.casino:mp-casino >--------------------
[INFO] Building mp-casino 1.0.0-SNAPSHOT                                 [2/37]
[INFO]   from pom.xml
[INFO] --------------------------------[ pom ]---------------------------------
[INFO] 
[INFO] ---------------< com.betsoft.casino.mp:core-interfaces >----------------
[INFO] Building Casino MP Games core interfaces 1.0.0-SNAPSHOT           [3/37]
[INFO]   from core-interfaces/pom.xml
[INFO] --------------------------------[ jar ]---------------------------------
[INFO] 
[INFO] --- resources:3.0.2:resources (default-resources) @ core-interfaces ---
[INFO] Using 'UTF-8' encoding to copy filtered resources.
[INFO] skip non existing resourceDirectory /Users/alexb/Documents/Dev/Dev_new/mp-server/core-interfaces/src/main/resources
[INFO] 
[INFO] --- compiler:3.6.0:compile (default-compile) @ core-interfaces ---
[INFO] Nothing to compile - all classes are up to date
[INFO] 
[INFO] --------------------< com.betsoft.casino.mp:games >---------------------
[INFO] Building Casino MP Games 1.0.0-SNAPSHOT                           [4/37]
[INFO]   from games/pom.xml
[INFO] --------------------------------[ pom ]---------------------------------
[INFO] 
[INFO] ---------------< com.betsoft.casino.mp:mp-common-games >----------------
[INFO] Building MP Common Games 1.0.0-SNAPSHOT                           [5/37]
[INFO]   from games/common-games/pom.xml
[INFO] --------------------------------[ jar ]---------------------------------
[INFO] 
[INFO] --- resources:3.0.2:resources (default-resources) @ mp-common-games ---
[INFO] Using 'UTF-8' encoding to copy filtered resources.
[INFO] Copying 100 resources
[INFO] 
[INFO] --- compiler:3.6.0:compile (default-compile) @ mp-common-games ---
[INFO] Nothing to compile - all classes are up to date
[INFO] 
[INFO] --------------< com.betsoft.casino.mp:maxcrashgame-math >---------------
[INFO] Building Max Quest: Crash. Math model 1.0.0-SNAPSHOT              [6/37]
[INFO]   from games/maxcrashgame-math/pom.xml
[INFO] --------------------------------[ jar ]---------------------------------
[INFO] 
[INFO] --- resources:3.0.2:resources (default-resources) @ maxcrashgame-math ---
[INFO] Using 'UTF-8' encoding to copy filtered resources.
[INFO] skip non existing resourceDirectory /Users/alexb/Documents/Dev/Dev_new/mp-server/games/maxcrashgame-math/src/main/resources
[INFO] 
[INFO] --- compiler:3.6.0:compile (default-compile) @ maxcrashgame-math ---
[INFO] Nothing to compile - all classes are up to date
[INFO] 
[INFO] -----------------< com.betsoft.casino.mp:maxcrashgame >-----------------
[INFO] Building Max Quest: Crash 1.0.0-SNAPSHOT                          [7/37]
[INFO]   from games/maxcrashgame/pom.xml
[INFO] --------------------------------[ jar ]---------------------------------
[INFO] 
[INFO] --- resources:3.0.2:resources (default-resources) @ maxcrashgame ---
[INFO] Using 'UTF-8' encoding to copy filtered resources.
[INFO] skip non existing resourceDirectory /Users/alexb/Documents/Dev/Dev_new/mp-server/games/maxcrashgame/src/main/resources
[INFO] 
[INFO] --- compiler:3.6.0:compile (default-compile) @ maxcrashgame ---
[INFO] Nothing to compile - all classes are up to date
[INFO] 
[INFO] ----------< com.betsoft.casino.mp:bg_maxblastchampions-math >-----------
[INFO] Building Max Quest: Max Blast Champions Model data 1.0.0-SNAPSHOT [8/37]
[INFO]   from games/bg_maxblastchampions-math/pom.xml
[INFO] --------------------------------[ jar ]---------------------------------
[INFO] 
[INFO] --- resources:3.0.2:resources (default-resources) @ bg_maxblastchampions-math ---
[INFO] Using 'UTF-8' encoding to copy filtered resources.
[INFO] skip non existing resourceDirectory /Users/alexb/Documents/Dev/Dev_new/mp-server/games/bg_maxblastchampions-math/src/main/resources
[INFO] 
[INFO] --- compiler:3.6.0:compile (default-compile) @ bg_maxblastchampions-math ---
[INFO] Nothing to compile - all classes are up to date
[INFO] 
[INFO] -------------< com.betsoft.casino.mp:bg_maxblastchampions >-------------
[INFO] Building Max Quest: Max Blast Champions 1.0.0-SNAPSHOT            [9/37]
[INFO]   from games/bg_maxblastchampions/pom.xml
[INFO] --------------------------------[ jar ]---------------------------------
[INFO] 
[INFO] --- resources:3.0.2:resources (default-resources) @ bg_maxblastchampions ---
[INFO] Using 'UTF-8' encoding to copy filtered resources.
[INFO] skip non existing resourceDirectory /Users/alexb/Documents/Dev/Dev_new/mp-server/games/bg_maxblastchampions/src/main/resources
[INFO] 
[INFO] --- compiler:3.6.0:compile (default-compile) @ bg_maxblastchampions ---
[INFO] Nothing to compile - all classes are up to date
[INFO] 
[INFO] ---------------------< com.betsoft.casino.mp:core >---------------------
[INFO] Building Casino MP Games core 1.0.0-SNAPSHOT                     [10/37]
[INFO]   from core/pom.xml
[INFO] --------------------------------[ jar ]---------------------------------
[INFO] 
[INFO] --- resources:3.0.2:resources (default-resources) @ core ---
[INFO] Using 'UTF-8' encoding to copy filtered resources.
[INFO] Copying 28 resources
[INFO] 
[INFO] --- compiler:3.6.0:compile (default-compile) @ core ---
[INFO] Nothing to compile - all classes are up to date
[INFO] 
[INFO] -----------------< com.betsoft.casino.mp:pirates-math >-----------------
[INFO] Building Pirates math model 1.0.0-SNAPSHOT                       [11/37]
[INFO]   from games/pirates-math/pom.xml
[INFO] --------------------------------[ jar ]---------------------------------
[INFO] 
[INFO] --- resources:3.0.2:resources (default-resources) @ pirates-math ---
[INFO] Using 'UTF-8' encoding to copy filtered resources.
[INFO] skip non existing resourceDirectory /Users/alexb/Documents/Dev/Dev_new/mp-server/games/pirates-math/src/main/resources
[INFO] 
[INFO] --- compiler:3.6.0:compile (default-compile) @ pirates-math ---
[INFO] Nothing to compile - all classes are up to date
[INFO] 
[INFO] -------------------< com.betsoft.casino.mp:pirates >--------------------
[INFO] Building Pirates: Dead Mans Cove 1.0.0-SNAPSHOT                  [12/37]
[INFO]   from games/pirates/pom.xml
[INFO] --------------------------------[ jar ]---------------------------------
[INFO] 
[INFO] --- resources:3.0.2:resources (default-resources) @ pirates ---
[INFO] Using 'UTF-8' encoding to copy filtered resources.
[INFO] skip non existing resourceDirectory /Users/alexb/Documents/Dev/Dev_new/mp-server/games/pirates/src/main/resources
[INFO] 
[INFO] --- compiler:3.6.0:compile (default-compile) @ pirates ---
[INFO] Nothing to compile - all classes are up to date
[INFO] 
[INFO] -----------------< com.betsoft.casino.mp:amazon-math >------------------
[INFO] Building Max Quest: Amazon. Math model 1.0.0-SNAPSHOT            [13/37]
[INFO]   from games/amazon-math/pom.xml
[INFO] --------------------------------[ jar ]---------------------------------
[INFO] 
[INFO] --- resources:3.0.2:resources (default-resources) @ amazon-math ---
[INFO] Using 'UTF-8' encoding to copy filtered resources.
[INFO] skip non existing resourceDirectory /Users/alexb/Documents/Dev/Dev_new/mp-server/games/amazon-math/src/main/resources
[INFO] 
[INFO] --- compiler:3.6.0:compile (default-compile) @ amazon-math ---
[INFO] Nothing to compile - all classes are up to date
[INFO] 
[INFO] --------------------< com.betsoft.casino.mp:amazon >--------------------
[INFO] Building Max Quest: Amazon 1.0.0-SNAPSHOT                        [14/37]
[INFO]   from games/amazon/pom.xml
[INFO] --------------------------------[ jar ]---------------------------------
[INFO] 
[INFO] --- resources:3.0.2:resources (default-resources) @ amazon ---
[INFO] Using 'UTF-8' encoding to copy filtered resources.
[INFO] skip non existing resourceDirectory /Users/alexb/Documents/Dev/Dev_new/mp-server/games/amazon/src/main/resources
[INFO] 
[INFO] --- compiler:3.6.0:compile (default-compile) @ amazon ---
[INFO] Changes detected - recompiling the module!
[INFO] Compiling 18 source files to /Users/alexb/Documents/Dev/Dev_new/mp-server/games/amazon/target/classes
[INFO] /Users/alexb/Documents/Dev/Dev_new/mp-server/games/amazon/src/main/java/com/betsoft/casino/mp/amazon/model/GameRoom.java: /Users/alexb/Documents/Dev/Dev_new/mp-server/games/amazon/src/main/java/com/betsoft/casino/mp/amazon/model/GameRoom.java uses or overrides a deprecated API.
[INFO] /Users/alexb/Documents/Dev/Dev_new/mp-server/games/amazon/src/main/java/com/betsoft/casino/mp/amazon/model/GameRoom.java: Recompile with -Xlint:deprecation for details.
[INFO] /Users/alexb/Documents/Dev/Dev_new/mp-server/games/amazon/src/main/java/com/betsoft/casino/mp/amazon/model/QuestManager.java: Some input files use unchecked or unsafe operations.
[INFO] /Users/alexb/Documents/Dev/Dev_new/mp-server/games/amazon/src/main/java/com/betsoft/casino/mp/amazon/model/QuestManager.java: Recompile with -Xlint:unchecked for details.
[INFO] 
[INFO] -------------< com.betsoft.casino.mp:pirates-common-math >--------------
[INFO] Building Pirates common math model 1.0.0-SNAPSHOT                [15/37]
[INFO]   from games/pirates-common-math/pom.xml
[INFO] --------------------------------[ jar ]---------------------------------
[INFO] 
[INFO] --- resources:3.0.2:resources (default-resources) @ pirates-common-math ---
[INFO] Using 'UTF-8' encoding to copy filtered resources.
[INFO] skip non existing resourceDirectory /Users/alexb/Documents/Dev/Dev_new/mp-server/games/pirates-common-math/src/main/resources
[INFO] 
[INFO] --- compiler:3.6.0:compile (default-compile) @ pirates-common-math ---
[INFO] Changes detected - recompiling the module!
[INFO] Compiling 22 source files to /Users/alexb/Documents/Dev/Dev_new/mp-server/games/pirates-common-math/target/classes
[INFO] /Users/alexb/Documents/Dev/Dev_new/mp-server/games/pirates-common-math/src/main/java/com/betsoft/casino/mp/piratescommon/model/math/ShotCalculator.java: /Users/alexb/Documents/Dev/Dev_new/mp-server/games/pirates-common-math/src/main/java/com/betsoft/casino/mp/piratescommon/model/math/ShotCalculator.java uses unchecked or unsafe operations.
[INFO] /Users/alexb/Documents/Dev/Dev_new/mp-server/games/pirates-common-math/src/main/java/com/betsoft/casino/mp/piratescommon/model/math/ShotCalculator.java: Recompile with -Xlint:unchecked for details.
[INFO] -------------------------------------------------------------
[ERROR] COMPILATION ERROR : 
[INFO] -------------------------------------------------------------
[ERROR] /Users/alexb/Documents/Dev/Dev_new/mp-server/games/pirates-common-math/src/main/java/com/betsoft/casino/mp/piratescommon/model/math/ShotCalculator.java:[328,51] method getRandomPair in class com.betsoft.casino.mp.model.gameconfig.GameTools cannot be applied to given types;
  required: java.util.List<com.abs.casino.common.util.Triple<T,V,java.lang.Double>>
  found: java.util.List<com.dgphoenix.casino.common.util.Triple<java.lang.Integer,java.lang.Integer,java.lang.Double>>
  reason: cannot infer type-variable(s) T,V
    (argument mismatch; java.util.List<com.dgphoenix.casino.common.util.Triple<java.lang.Integer,java.lang.Integer,java.lang.Double>> cannot be converted to java.util.List<com.abs.casino.common.util.Triple<T,V,java.lang.Double>>)
[ERROR] /Users/alexb/Documents/Dev/Dev_new/mp-server/games/pirates-common-math/src/main/java/com/betsoft/casino/mp/piratescommon/model/math/ShotCalculator.java:[368,57] method getRandomPair in class com.betsoft.casino.mp.model.gameconfig.GameTools cannot be applied to given types;
  required: java.util.List<com.abs.casino.common.util.Triple<T,V,java.lang.Double>>
  found: java.util.List<com.dgphoenix.casino.common.util.Triple<java.lang.Integer,java.lang.Integer,java.lang.Double>>
  reason: cannot infer type-variable(s) T,V
    (argument mismatch; java.util.List<com.dgphoenix.casino.common.util.Triple<java.lang.Integer,java.lang.Integer,java.lang.Double>> cannot be converted to java.util.List<com.abs.casino.common.util.Triple<T,V,java.lang.Double>>)
[ERROR] /Users/alexb/Documents/Dev/Dev_new/mp-server/games/pirates-common-math/src/main/java/com/betsoft/casino/mp/piratescommon/model/math/ShotCalculator.java:[393,35] method getRandomPair in class com.betsoft.casino.mp.model.gameconfig.GameTools cannot be applied to given types;
  required: java.util.List<com.abs.casino.common.util.Triple<T,V,java.lang.Double>>
  found: java.util.List<com.dgphoenix.casino.common.util.Triple<java.lang.Integer,java.lang.Integer,java.lang.Double>>
  reason: cannot infer type-variable(s) T,V
    (argument mismatch; java.util.List<com.dgphoenix.casino.common.util.Triple<java.lang.Integer,java.lang.Integer,java.lang.Double>> cannot be converted to java.util.List<com.abs.casino.common.util.Triple<T,V,java.lang.Double>>)
[INFO] 3 errors 
[INFO] -------------------------------------------------------------
[INFO] ------------------------------------------------------------------------
[INFO] Reactor Summary:
[INFO] 
[INFO] Tektosyne 6.0.1-BSG ................................ SUCCESS [  3.214 s]
[INFO] mp-casino 1.0.0-SNAPSHOT ........................... SUCCESS [  0.001 s]
[INFO] Casino MP Games core interfaces 1.0.0-SNAPSHOT ..... SUCCESS [  0.666 s]
[INFO] Casino MP Games 1.0.0-SNAPSHOT ..................... SUCCESS [  0.001 s]
[INFO] MP Common Games 1.0.0-SNAPSHOT ..................... SUCCESS [  1.101 s]
[INFO] Max Quest: Crash. Math model 1.0.0-SNAPSHOT ........ SUCCESS [  0.115 s]
[INFO] Max Quest: Crash 1.0.0-SNAPSHOT .................... SUCCESS [  0.138 s]
[INFO] Max Quest: Max Blast Champions Model data 1.0.0-SNAPSHOT SUCCESS [  0.115 s]
[INFO] Max Quest: Max Blast Champions 1.0.0-SNAPSHOT ...... SUCCESS [  0.130 s]
[INFO] Casino MP Games core 1.0.0-SNAPSHOT ................ SUCCESS [  0.691 s]
[INFO] Pirates math model 1.0.0-SNAPSHOT .................. SUCCESS [  0.209 s]
[INFO] Pirates: Dead Mans Cove 1.0.0-SNAPSHOT ............. SUCCESS [  0.096 s]
[INFO] Max Quest: Amazon. Math model 1.0.0-SNAPSHOT ....... SUCCESS [  0.066 s]
[INFO] Max Quest: Amazon 1.0.0-SNAPSHOT ................... SUCCESS [  1.876 s]
[INFO] Pirates common math model 1.0.0-SNAPSHOT ........... FAILURE [  0.583 s]
[INFO] Pirates: POV 1.0.0-SNAPSHOT ........................ SKIPPED
[INFO] Pirates: DMC 1.0.0-SNAPSHOT ........................ SKIPPED
[INFO] MQ: Revenge of Ra. Math model 1.0.0-SNAPSHOT ....... SKIPPED
[INFO] MQ: Revenge of Ra 1.0.0-SNAPSHOT ................... SKIPPED
[INFO] Max Quest: Dragonstone. Math model 1.0.0-SNAPSHOT .. SKIPPED
[INFO] Max Quest: Dragonstone 1.0.0-SNAPSHOT .............. SKIPPED
[INFO] Max Quest: Clash of the Gods. Math model 1.0.0-SNAPSHOT SKIPPED
[INFO] Max Quest: Clash of the Gods 1.0.0-SNAPSHOT ........ SKIPPED
[INFO] Max Quest: BG Dragonstone. Math model 1.0.0-SNAPSHOT SKIPPED
[INFO] Max Quest: BG Dragonstone 1.0.0-SNAPSHOT ........... SKIPPED
[INFO] Max Quest: Mission Amazon. Math model 1.0.0-SNAPSHOT SKIPPED
[INFO] Max Quest: Mission Amazon 1.0.0-SNAPSHOT ........... SKIPPED
[INFO] BG Max Quest: Mission Amazon. Math model 1.0.0-SNAPSHOT SKIPPED
[INFO] BG Max Quest: Mission Amazon 1.0.0-SNAPSHOT ........ SKIPPED
[INFO] Max Quest: Sector X. Math model 1.0.0-SNAPSHOT ..... SKIPPED
[INFO] Max Quest: Sector X 1.0.0-SNAPSHOT ................. SKIPPED
[INFO] BG Max Quest: Sector X. Math model 1.0.0-SNAPSHOT .. SKIPPED
[INFO] BG Max Quest: Sector X 1.0.0-SNAPSHOT .............. SKIPPED
[INFO] Casino MP Games persistance layer 1.0.0-SNAPSHOT ... SKIPPED
[INFO] Kafka interfaces 1.0.0-SNAPSHOT .................... SKIPPED
[INFO] mp-bots 1.0.0-SNAPSHOT ............................. SKIPPED
[INFO] Casino MP Games Web 1.0.0-SNAPSHOT ................. SKIPPED
[INFO] ------------------------------------------------------------------------
[INFO] BUILD FAILURE
[INFO] ------------------------------------------------------------------------
[INFO] Total time:  9.726 s
[INFO] Finished at: 2026-03-02T19:04:30Z
[INFO] ------------------------------------------------------------------------
[ERROR] Failed to execute goal org.apache.maven.plugins:maven-compiler-plugin:3.6.0:compile (default-compile) on project pirates-common-math: Compilation failure: Compilation failure: 
[ERROR] /Users/alexb/Documents/Dev/Dev_new/mp-server/games/pirates-common-math/src/main/java/com/betsoft/casino/mp/piratescommon/model/math/ShotCalculator.java:[328,51] method getRandomPair in class com.betsoft.casino.mp.model.gameconfig.GameTools cannot be applied to given types;
[ERROR]   required: java.util.List<com.abs.casino.common.util.Triple<T,V,java.lang.Double>>
[ERROR]   found: java.util.List<com.dgphoenix.casino.common.util.Triple<java.lang.Integer,java.lang.Integer,java.lang.Double>>
[ERROR]   reason: cannot infer type-variable(s) T,V
[ERROR]     (argument mismatch; java.util.List<com.dgphoenix.casino.common.util.Triple<java.lang.Integer,java.lang.Integer,java.lang.Double>> cannot be converted to java.util.List<com.abs.casino.common.util.Triple<T,V,java.lang.Double>>)
[ERROR] /Users/alexb/Documents/Dev/Dev_new/mp-server/games/pirates-common-math/src/main/java/com/betsoft/casino/mp/piratescommon/model/math/ShotCalculator.java:[368,57] method getRandomPair in class com.betsoft.casino.mp.model.gameconfig.GameTools cannot be applied to given types;
[ERROR]   required: java.util.List<com.abs.casino.common.util.Triple<T,V,java.lang.Double>>
[ERROR]   found: java.util.List<com.dgphoenix.casino.common.util.Triple<java.lang.Integer,java.lang.Integer,java.lang.Double>>
[ERROR]   reason: cannot infer type-variable(s) T,V
[ERROR]     (argument mismatch; java.util.List<com.dgphoenix.casino.common.util.Triple<java.lang.Integer,java.lang.Integer,java.lang.Double>> cannot be converted to java.util.List<com.abs.casino.common.util.Triple<T,V,java.lang.Double>>)
[ERROR] /Users/alexb/Documents/Dev/Dev_new/mp-server/games/pirates-common-math/src/main/java/com/betsoft/casino/mp/piratescommon/model/math/ShotCalculator.java:[393,35] method getRandomPair in class com.betsoft.casino.mp.model.gameconfig.GameTools cannot be applied to given types;
[ERROR]   required: java.util.List<com.abs.casino.common.util.Triple<T,V,java.lang.Double>>
[ERROR]   found: java.util.List<com.dgphoenix.casino.common.util.Triple<java.lang.Integer,java.lang.Integer,java.lang.Double>>
[ERROR]   reason: cannot infer type-variable(s) T,V
[ERROR]     (argument mismatch; java.util.List<com.dgphoenix.casino.common.util.Triple<java.lang.Integer,java.lang.Integer,java.lang.Double>> cannot be converted to java.util.List<com.abs.casino.common.util.Triple<T,V,java.lang.Double>>)
[ERROR] -> [Help 1]
[ERROR] 
[ERROR] To see the full stack trace of the errors, re-run Maven with the -e switch.
[ERROR] Re-run Maven using the -X switch to enable full debug logging.
[ERROR] 
[ERROR] For more information about the errors and possible solutions, please read the following articles:
[ERROR] [Help 1] http://cwiki.apache.org/confluence/display/MAVEN/MojoFailureException
[ERROR] 
[ERROR] After correcting the problems, you can resume the build with the command
[ERROR]   mvn <args> -rf :pirates-common-math
[2026-03-02T19:04:30Z] FAIL web rc=1
