[INFO] Scanning for projects...
[INFO] 
[INFO] -----------------< com.betsoft.casino.mp:persistance >------------------
[INFO] Building Casino MP Games persistance layer 1.0.0-SNAPSHOT
[INFO]   from pom.xml
[INFO] --------------------------------[ jar ]---------------------------------
[INFO] 
[INFO] --- resources:3.0.2:resources (default-resources) @ persistance ---
[INFO] Using 'UTF-8' encoding to copy filtered resources.
[INFO] Copying 2 resources
[INFO] 
[INFO] --- compiler:3.6.0:compile (default-compile) @ persistance ---
[INFO] Changes detected - recompiling the module!
[INFO] Compiling 43 source files to /Users/alexb/Documents/Dev/Dev_new/mp-server/persistance/target/classes
[INFO] /Users/alexb/Documents/Dev/Dev_new/mp-server/persistance/src/main/java/com/betsoft/casino/mp/data/config/HazelcastContextConfiguration.java: Some input files use or override a deprecated API.
[INFO] /Users/alexb/Documents/Dev/Dev_new/mp-server/persistance/src/main/java/com/betsoft/casino/mp/data/config/HazelcastContextConfiguration.java: Recompile with -Xlint:deprecation for details.
[INFO] /Users/alexb/Documents/Dev/Dev_new/mp-server/persistance/src/main/java/com/betsoft/casino/mp/data/persister/AbstractRoomInfoPersister.java: /Users/alexb/Documents/Dev/Dev_new/mp-server/persistance/src/main/java/com/betsoft/casino/mp/data/persister/AbstractRoomInfoPersister.java uses unchecked or unsafe operations.
[INFO] /Users/alexb/Documents/Dev/Dev_new/mp-server/persistance/src/main/java/com/betsoft/casino/mp/data/persister/AbstractRoomInfoPersister.java: Recompile with -Xlint:unchecked for details.
[INFO] 
[INFO] --- resources:3.0.2:testResources (default-testResources) @ persistance ---
[INFO] Using 'UTF-8' encoding to copy filtered resources.
[INFO] Copying 1 resource
[INFO] 
[INFO] --- compiler:3.6.0:testCompile (default-testCompile) @ persistance ---
[INFO] No sources to compile
[INFO] 
[INFO] --- surefire:2.19.1:test (default-test) @ persistance ---
[INFO] Tests are skipped.
[INFO] 
[INFO] --- jar:3.0.2:jar (default-jar) @ persistance ---
[INFO] Building jar: /Users/alexb/Documents/Dev/Dev_new/mp-server/persistance/target/persistance-1.0.0-SNAPSHOT.jar
[INFO] 
[INFO] --- install:2.5.2:install (default-install) @ persistance ---
[INFO] Installing /Users/alexb/Documents/Dev/Dev_new/mp-server/persistance/target/persistance-1.0.0-SNAPSHOT.jar to /Users/alexb/.m2/repository/com/betsoft/casino/mp/persistance/1.0.0-SNAPSHOT/persistance-1.0.0-SNAPSHOT.jar
[INFO] Installing /Users/alexb/Documents/Dev/Dev_new/mp-server/persistance/pom.xml to /Users/alexb/.m2/repository/com/betsoft/casino/mp/persistance/1.0.0-SNAPSHOT/persistance-1.0.0-SNAPSHOT.pom
[INFO] ------------------------------------------------------------------------
[INFO] BUILD SUCCESS
[INFO] ------------------------------------------------------------------------
[INFO] Total time:  3.457 s
[INFO] Finished at: 2026-02-27T08:36:36Z
[INFO] ------------------------------------------------------------------------
