[INFO] Scanning for projects...
[INFO] 
[INFO] -------------< com.dgphoenix.casino:gsn-common-persisters >-------------
[INFO] Building gsn-common-persisters 1.0
[INFO]   from pom.xml
[INFO] --------------------------------[ jar ]---------------------------------
[INFO] 
[INFO] --- enforcer:3.0.0-M1:enforce (enforce-banned-dependencies) @ gsn-common-persisters ---
[INFO] 
[INFO] --- resources:3.3.1:resources (default-resources) @ gsn-common-persisters ---
[INFO] skip non existing resourceDirectory /Users/alexb/Documents/Dev/Dev_new/gs-server/cassandra-cache/common-persisters/src/main/resources
[INFO] 
[INFO] --- compiler:2.5.1:compile (default-compile) @ gsn-common-persisters ---
[INFO] Compiling 14 source files to /Users/alexb/Documents/Dev/Dev_new/gs-server/cassandra-cache/common-persisters/target/classes
[INFO] -------------------------------------------------------------
[ERROR] COMPILATION ERROR : 
[INFO] -------------------------------------------------------------
[ERROR] /Users/alexb/Documents/Dev/Dev_new/gs-server/cassandra-cache/common-persisters/src/main/java/com/dgphoenix/casino/cassandra/persist/CassandraBankInfoPersister.java:[3,31] error: cannot find symbol
[ERROR]   symbol:   class IEntityUpdateListener
  location: package com.abs.casino.cassandra
/Users/alexb/Documents/Dev/Dev_new/gs-server/cassandra-cache/common-persisters/src/main/java/com/dgphoenix/casino/cassandra/persist/CassandraBankInfoPersister.java:[29,23] error: cannot find symbol
[ERROR]   symbol:   class IEntityUpdateListener
  location: class CassandraBankInfoPersister
/Users/alexb/Documents/Dev/Dev_new/gs-server/cassandra-cache/common-persisters/src/main/java/com/dgphoenix/casino/cassandra/persist/CassandraBankInfoPersister.java:[120,42] error: cannot find symbol
[ERROR]   symbol:   class IEntityUpdateListener
  location: class CassandraBankInfoPersister
/Users/alexb/Documents/Dev/Dev_new/gs-server/cassandra-cache/common-persisters/src/main/java/com/dgphoenix/casino/cassandra/persist/CassandraBaseGameInfoPersister.java:[3,31] error: cannot find symbol
[ERROR]   symbol:   class IEntityUpdateListener
  location: package com.abs.casino.cassandra
/Users/alexb/Documents/Dev/Dev_new/gs-server/cassandra-cache/common-persisters/src/main/java/com/dgphoenix/casino/cassandra/persist/CassandraBaseGameInfoPersister.java:[55,23] error: cannot find symbol
[ERROR]   symbol:   class IEntityUpdateListener
  location: class CassandraBaseGameInfoPersister
/Users/alexb/Documents/Dev/Dev_new/gs-server/cassandra-cache/common-persisters/src/main/java/com/dgphoenix/casino/cassandra/persist/CassandraBaseGameInfoPersister.java:[253,46] error: cannot find symbol
[INFO] 6 errors 
[INFO] -------------------------------------------------------------
[INFO] ------------------------------------------------------------------------
[INFO] BUILD FAILURE
[INFO] ------------------------------------------------------------------------
[INFO] Total time:  1.278 s
[INFO] Finished at: 2026-02-27T08:30:56Z
[INFO] ------------------------------------------------------------------------
[ERROR] Failed to execute goal org.apache.maven.plugins:maven-compiler-plugin:2.5.1:compile (default-compile) on project gsn-common-persisters: Compilation failure: Compilation failure: 
[ERROR] /Users/alexb/Documents/Dev/Dev_new/gs-server/cassandra-cache/common-persisters/src/main/java/com/dgphoenix/casino/cassandra/persist/CassandraBankInfoPersister.java:[3,31] error: cannot find symbol
[ERROR]   symbol:   class IEntityUpdateListener
[ERROR]   location: package com.abs.casino.cassandra
[ERROR] /Users/alexb/Documents/Dev/Dev_new/gs-server/cassandra-cache/common-persisters/src/main/java/com/dgphoenix/casino/cassandra/persist/CassandraBankInfoPersister.java:[29,23] error: cannot find symbol
[ERROR]   symbol:   class IEntityUpdateListener
[ERROR]   location: class CassandraBankInfoPersister
[ERROR] /Users/alexb/Documents/Dev/Dev_new/gs-server/cassandra-cache/common-persisters/src/main/java/com/dgphoenix/casino/cassandra/persist/CassandraBankInfoPersister.java:[120,42] error: cannot find symbol
[ERROR]   symbol:   class IEntityUpdateListener
[ERROR]   location: class CassandraBankInfoPersister
[ERROR] /Users/alexb/Documents/Dev/Dev_new/gs-server/cassandra-cache/common-persisters/src/main/java/com/dgphoenix/casino/cassandra/persist/CassandraBaseGameInfoPersister.java:[3,31] error: cannot find symbol
[ERROR]   symbol:   class IEntityUpdateListener
[ERROR]   location: package com.abs.casino.cassandra
[ERROR] /Users/alexb/Documents/Dev/Dev_new/gs-server/cassandra-cache/common-persisters/src/main/java/com/dgphoenix/casino/cassandra/persist/CassandraBaseGameInfoPersister.java:[55,23] error: cannot find symbol
[ERROR]   symbol:   class IEntityUpdateListener
[ERROR]   location: class CassandraBaseGameInfoPersister
[ERROR] /Users/alexb/Documents/Dev/Dev_new/gs-server/cassandra-cache/common-persisters/src/main/java/com/dgphoenix/casino/cassandra/persist/CassandraBaseGameInfoPersister.java:[253,46] error: cannot find symbol
[ERROR] -> [Help 1]
[ERROR] 
[ERROR] To see the full stack trace of the errors, re-run Maven with the -e switch.
[ERROR] Re-run Maven using the -X switch to enable full debug logging.
[ERROR] 
[ERROR] For more information about the errors and possible solutions, please read the following articles:
[ERROR] [Help 1] http://cwiki.apache.org/confluence/display/MAVEN/MojoFailureException
