[2026-02-27T09:14:08Z] fast gate rerun1 started
[2026-02-27T09:14:08Z] STEP01 START cwd=/Users/alexb/Documents/Dev/Dev_new/gs-server/utils cmd=mvn -DskipTests install
[2026-02-27T09:14:16Z] STEP01 END exit=0
[2026-02-27T09:14:16Z] STEP02 START cwd=/Users/alexb/Documents/Dev/Dev_new/gs-server/sb-utils cmd=mvn -DskipTests install
[2026-02-27T09:14:21Z] STEP02 END exit=0
[2026-02-27T09:14:21Z] STEP03 START cwd=/Users/alexb/Documents/Dev/Dev_new/gs-server/common cmd=mvn -DskipTests install
[2026-02-27T09:14:25Z] STEP03 END exit=0
[2026-02-27T09:14:25Z] STEP04 START cwd=/Users/alexb/Documents/Dev/Dev_new/gs-server/common-wallet cmd=mvn -DskipTests install
[2026-02-27T09:14:28Z] STEP04 END exit=0
[2026-02-27T09:14:28Z] STEP05 START cwd=/Users/alexb/Documents/Dev/Dev_new/gs-server/common-promo cmd=mvn -DskipTests install
[2026-02-27T09:14:31Z] STEP05 END exit=0
[2026-02-27T09:14:31Z] STEP06 START cwd=/Users/alexb/Documents/Dev/Dev_new/gs-server/cassandra-cache/common-persisters cmd=mvn -DskipTests install
[2026-02-27T09:14:34Z] STEP06 END exit=0
[2026-02-27T09:14:34Z] STEP07 START cwd=/Users/alexb/Documents/Dev/Dev_new/gs-server/game-server/common-gs cmd=mvn -Dcluster.properties=local/local-machine.properties -DskipTests install
[2026-02-27T09:14:43Z] STEP07 END exit=0
[2026-02-27T09:14:43Z] STEP08 START cwd=/Users/alexb/Documents/Dev/Dev_new/gs-server/game-server/web-gs cmd=mvn -Dcluster.properties=local/local-machine.properties -DskipTests package
[2026-02-27T09:14:59Z] STEP08 END exit=0
[2026-02-27T09:14:59Z] STEP09 START cwd=/Users/alexb/Documents/Dev/Dev_new cmd=node gs-server/deploy/scripts/refactor-onboard.mjs smoke
[2026-02-27T09:15:27Z] STEP09 END exit=0
[2026-02-27T09:15:27Z] fast gate rerun1 finished RESULT=PASS
