[2026-02-27T10:18:49Z] START STEP01
WORKDIR: /Users/alexb/Documents/Dev/Dev_new/gs-server/utils
CMD: mvn -DskipTests install
[2026-02-27T10:18:55Z] END STEP01 PASS
[2026-02-27T10:18:55Z] START STEP02
WORKDIR: /Users/alexb/Documents/Dev/Dev_new/gs-server/sb-utils
CMD: mvn -DskipTests install
[2026-02-27T10:18:59Z] END STEP02 PASS
[2026-02-27T10:18:59Z] START STEP03
WORKDIR: /Users/alexb/Documents/Dev/Dev_new/gs-server/common
CMD: mvn -DskipTests install
[2026-02-27T10:19:03Z] END STEP03 PASS
[2026-02-27T10:19:03Z] START STEP04
WORKDIR: /Users/alexb/Documents/Dev/Dev_new/gs-server/common-wallet
CMD: mvn -DskipTests install
[2026-02-27T10:19:05Z] END STEP04 PASS
[2026-02-27T10:19:05Z] START STEP05
WORKDIR: /Users/alexb/Documents/Dev/Dev_new/gs-server/common-promo
CMD: mvn -DskipTests install
[2026-02-27T10:19:08Z] END STEP05 PASS
[2026-02-27T10:19:08Z] START STEP06
WORKDIR: /Users/alexb/Documents/Dev/Dev_new/gs-server/cassandra-cache/common-persisters
CMD: mvn -DskipTests install
[2026-02-27T10:19:11Z] END STEP06 PASS
[2026-02-27T10:19:11Z] START STEP07
WORKDIR: /Users/alexb/Documents/Dev/Dev_new/gs-server/game-server/common-gs
CMD: mvn -Dcluster.properties=local/local-machine.properties -DskipTests install
[2026-02-27T10:19:20Z] END STEP07 PASS
[2026-02-27T10:19:20Z] START STEP08
WORKDIR: /Users/alexb/Documents/Dev/Dev_new/gs-server/game-server/web-gs
CMD: mvn -Dcluster.properties=local/local-machine.properties -DskipTests package
[2026-02-27T10:19:33Z] END STEP08 PASS
[2026-02-27T10:19:33Z] START STEP09
WORKDIR: /Users/alexb/Documents/Dev/Dev_new
CMD: node gs-server/deploy/scripts/refactor-onboard.mjs smoke
