[2026-02-28T13:07:26Z] START STEP01
[2026-02-28T13:07:26Z] START STEP01
[2026-02-28T13:07:26Z] DIR gs-server/common
[2026-02-28T13:07:26Z] DIR gs-server/common
[2026-02-28T13:07:26Z] CMD mvn -DskipTests install
[2026-02-28T13:07:26Z] CMD mvn -DskipTests install
[INFO] Scanning for projects...
[INFO] 
[INFO] ------------------< com.dgphoenix.casino:gsn-common >-------------------
[INFO] Building gsn-common 1.0-SNAPSHOT
[INFO]   from pom.xml
[INFO] --------------------------------[ jar ]---------------------------------
[INFO] 
[INFO] --- enforcer:3.0.0-M1:enforce (enforce-banned-dependencies) @ gsn-common ---
[INFO] 
[INFO] --- resources:3.3.1:resources (default-resources) @ gsn-common ---
[INFO] Copying 58 resources from src/main/resources to target/classes
[INFO] 
[INFO] --- compiler:2.5.1:compile (default-compile) @ gsn-common ---
[INFO] Compiling 236 source files to /Users/alexb/Documents/Dev/Dev_new/gs-server/common/target/classes
[INFO] 
[INFO] --- resources:3.3.1:testResources (default-testResources) @ gsn-common ---
[INFO] Copying 1 resource from src/test/resources to target/test-classes
[INFO] 
[INFO] --- compiler:2.5.1:testCompile (default-testCompile) @ gsn-common ---
[INFO] Nothing to compile - all classes are up to date
[INFO] 
[INFO] --- surefire:2.19.1:test (default-test) @ gsn-common ---
[INFO] Tests are skipped.
[INFO] 
[INFO] --- jar:2.6:jar (default-jar) @ gsn-common ---
[INFO] Building jar: /Users/alexb/Documents/Dev/Dev_new/gs-server/common/target/gsn-common-1.0-SNAPSHOT.jar
[INFO] 
[INFO] --- install:3.1.2:install (default-install) @ gsn-common ---
[INFO] Installing /Users/alexb/Documents/Dev/Dev_new/gs-server/common/pom.xml to /Users/alexb/.m2/repository/com/dgphoenix/casino/gsn-common/1.0-SNAPSHOT/gsn-common-1.0-SNAPSHOT.pom
[INFO] Installing /Users/alexb/Documents/Dev/Dev_new/gs-server/common/target/gsn-common-1.0-SNAPSHOT.jar to /Users/alexb/.m2/repository/com/dgphoenix/casino/gsn-common/1.0-SNAPSHOT/gsn-common-1.0-SNAPSHOT.jar
[INFO] ------------------------------------------------------------------------
[INFO] BUILD SUCCESS
[INFO] ------------------------------------------------------------------------
[INFO] Total time:  4.028 s
[INFO] Finished at: 2026-02-28T13:07:31Z
[INFO] ------------------------------------------------------------------------
[2026-02-28T13:07:31Z] PASS STEP01 rc=0
[2026-02-28T13:07:31Z] PASS STEP01 rc=0
[2026-02-28T13:07:31Z] START STEP02
[2026-02-28T13:07:31Z] START STEP02
[2026-02-28T13:07:31Z] DIR gs-server/common-wallet
[2026-02-28T13:07:31Z] DIR gs-server/common-wallet
[2026-02-28T13:07:31Z] CMD mvn -DskipTests install
[2026-02-28T13:07:31Z] CMD mvn -DskipTests install
[INFO] Scanning for projects...
[INFO] 
[INFO] -----------------< com.dgphoenix.casino:common-wallet >-----------------
[INFO] Building common-wallet 1.0.67
[INFO]   from pom.xml
[INFO] --------------------------------[ jar ]---------------------------------
[INFO] 
[INFO] --- enforcer:3.0.0-M1:enforce (enforce-banned-dependencies) @ common-wallet ---
[INFO] 
[INFO] --- resources:3.3.1:resources (default-resources) @ common-wallet ---
[INFO] skip non existing resourceDirectory /Users/alexb/Documents/Dev/Dev_new/gs-server/common-wallet/src/main/resources
[INFO] 
[INFO] --- compiler:2.5.1:compile (default-compile) @ common-wallet ---
[INFO] Compiling 11 source files to /Users/alexb/Documents/Dev/Dev_new/gs-server/common-wallet/target/classes
[INFO] 
[INFO] --- resources:3.3.1:testResources (default-testResources) @ common-wallet ---
[INFO] Copying 108 resources from src/test/resources to target/test-classes
[INFO] 
[INFO] --- compiler:2.5.1:testCompile (default-testCompile) @ common-wallet ---
[INFO] Compiling 4 source files to /Users/alexb/Documents/Dev/Dev_new/gs-server/common-wallet/target/test-classes
[INFO] 
[INFO] --- surefire:2.19.1:test (default-test) @ common-wallet ---
[INFO] Tests are skipped.
[INFO] 
[INFO] --- jar:2.6:jar (default-jar) @ common-wallet ---
[INFO] Building jar: /Users/alexb/Documents/Dev/Dev_new/gs-server/common-wallet/target/common-wallet-1.0.67.jar
[INFO] 
[INFO] --- install:3.1.2:install (default-install) @ common-wallet ---
[INFO] Installing /Users/alexb/Documents/Dev/Dev_new/gs-server/common-wallet/pom.xml to /Users/alexb/.m2/repository/com/dgphoenix/casino/common-wallet/1.0.67/common-wallet-1.0.67.pom
[INFO] Installing /Users/alexb/Documents/Dev/Dev_new/gs-server/common-wallet/target/common-wallet-1.0.67.jar to /Users/alexb/.m2/repository/com/dgphoenix/casino/common-wallet/1.0.67/common-wallet-1.0.67.jar
[INFO] ------------------------------------------------------------------------
[INFO] BUILD SUCCESS
[INFO] ------------------------------------------------------------------------
[INFO] Total time:  1.756 s
[INFO] Finished at: 2026-02-28T13:07:33Z
[INFO] ------------------------------------------------------------------------
[2026-02-28T13:07:33Z] PASS STEP02 rc=0
[2026-02-28T13:07:33Z] PASS STEP02 rc=0
[2026-02-28T13:07:33Z] START STEP03
[2026-02-28T13:07:33Z] START STEP03
[2026-02-28T13:07:33Z] DIR gs-server/sb-utils
[2026-02-28T13:07:33Z] DIR gs-server/sb-utils
[2026-02-28T13:07:33Z] CMD mvn -DskipTests install
[2026-02-28T13:07:33Z] CMD mvn -DskipTests install
[INFO] Scanning for projects...
[INFO] 
[INFO] ---------------< com.dgphoenix.casino:utils-restricted >----------------
[INFO] Building utils-restricted 1.1.0
[INFO]   from pom.xml
[INFO] --------------------------------[ jar ]---------------------------------
[INFO] 
[INFO] --- enforcer:3.0.0-M1:enforce (enforce-banned-dependencies) @ utils-restricted ---
[INFO] 
[INFO] --- resources:3.1.0:resources (default-resources) @ utils-restricted ---
[INFO] Using 'UTF-8' encoding to copy filtered resources.
[INFO] Copying 1 resource
[INFO] 
[INFO] --- compiler:2.5.1:compile (default-compile) @ utils-restricted ---
[INFO] Compiling 247 source files to /Users/alexb/Documents/Dev/Dev_new/gs-server/sb-utils/target/classes
[INFO] -------------------------------------------------------------
[ERROR] COMPILATION ERROR : 
[INFO] -------------------------------------------------------------
[ERROR] /Users/alexb/Documents/Dev/Dev_new/gs-server/sb-utils/src/main/java/com/dgphoenix/casino/common/util/SynchroTimeProvider.java:[22,44] error: cannot find symbol
[ERROR]   symbol: class ITimeProvider
/Users/alexb/Documents/Dev/Dev_new/gs-server/sb-utils/src/main/java/com/dgphoenix/casino/common/util/SynchroTimeProvider.java:[41,12] error: cannot find symbol
[ERROR]   symbol:   class ITimeProvider
  location: class SynchroTimeProvider
/Users/alexb/Documents/Dev/Dev_new/gs-server/sb-utils/src/main/java/com/dgphoenix/casino/common/util/SynchroTimeProvider.java:[90,35] error: cannot find symbol
[ERROR]   symbol:   class ITimeProvider
  location: class SynchroTimeProvider
/Users/alexb/Documents/Dev/Dev_new/gs-server/sb-utils/src/main/java/com/dgphoenix/casino/common/util/SynchroTimeProvider.java:[96,8] error: cannot find symbol
[ERROR]   symbol:   variable ExecutorUtils
  location: class SynchroTimeProvider
/Users/alexb/Documents/Dev/Dev_new/gs-server/sb-utils/src/main/java/com/dgphoenix/casino/common/util/SynchroTimeProvider.java:[104,4] error: method does not override or implement a method from a supertype
[INFO] 5 errors 
[INFO] -------------------------------------------------------------
[INFO] ------------------------------------------------------------------------
[INFO] BUILD FAILURE
[INFO] ------------------------------------------------------------------------
[INFO] Total time:  1.744 s
[INFO] Finished at: 2026-02-28T13:07:36Z
[INFO] ------------------------------------------------------------------------
[ERROR] Failed to execute goal org.apache.maven.plugins:maven-compiler-plugin:2.5.1:compile (default-compile) on project utils-restricted: Compilation failure: Compilation failure: 
[ERROR] /Users/alexb/Documents/Dev/Dev_new/gs-server/sb-utils/src/main/java/com/dgphoenix/casino/common/util/SynchroTimeProvider.java:[22,44] error: cannot find symbol
[ERROR]   symbol: class ITimeProvider
[ERROR] /Users/alexb/Documents/Dev/Dev_new/gs-server/sb-utils/src/main/java/com/dgphoenix/casino/common/util/SynchroTimeProvider.java:[41,12] error: cannot find symbol
[ERROR]   symbol:   class ITimeProvider
[ERROR]   location: class SynchroTimeProvider
[ERROR] /Users/alexb/Documents/Dev/Dev_new/gs-server/sb-utils/src/main/java/com/dgphoenix/casino/common/util/SynchroTimeProvider.java:[90,35] error: cannot find symbol
[ERROR]   symbol:   class ITimeProvider
[ERROR]   location: class SynchroTimeProvider
[ERROR] /Users/alexb/Documents/Dev/Dev_new/gs-server/sb-utils/src/main/java/com/dgphoenix/casino/common/util/SynchroTimeProvider.java:[96,8] error: cannot find symbol
[ERROR]   symbol:   variable ExecutorUtils
[ERROR]   location: class SynchroTimeProvider
[ERROR] /Users/alexb/Documents/Dev/Dev_new/gs-server/sb-utils/src/main/java/com/dgphoenix/casino/common/util/SynchroTimeProvider.java:[104,4] error: method does not override or implement a method from a supertype
[ERROR] -> [Help 1]
[ERROR] 
[ERROR] To see the full stack trace of the errors, re-run Maven with the -e switch.
[ERROR] Re-run Maven using the -X switch to enable full debug logging.
[ERROR] 
[ERROR] For more information about the errors and possible solutions, please read the following articles:
[ERROR] [Help 1] http://cwiki.apache.org/confluence/display/MAVEN/MojoFailureException
[2026-02-28T13:07:36Z] FAIL STEP03 rc=1
[2026-02-28T13:07:36Z] FAIL STEP03 rc=1
