[2026-02-28T14:30:17Z] START STEP01
[2026-02-28T14:30:17Z] START STEP01
[2026-02-28T14:30:17Z] DIR gs-server/common
[2026-02-28T14:30:17Z] DIR gs-server/common
[2026-02-28T14:30:17Z] CMD mvn -DskipTests install
[2026-02-28T14:30:17Z] CMD mvn -DskipTests install
[INFO] Scanning for projects...
[INFO] 
[INFO] ------------------< com.dgphoenix.casino:gsn-common >-------------------
[INFO] Building gsn-common 1.0-SNAPSHOT
[INFO]   from pom.xml
[INFO] --------------------------------[ jar ]---------------------------------
[INFO] 
[INFO] --- enforcer:3.0.0-M1:enforce (enforce-banned-dependencies) @ gsn-common ---
[INFO] 
[INFO] --- resources:3.3.1:resources (default-resources) @ gsn-common ---
[INFO] Copying 58 resources from src/main/resources to target/classes
[INFO] 
[INFO] --- compiler:2.5.1:compile (default-compile) @ gsn-common ---
[INFO] Compiling 238 source files to /Users/alexb/Documents/Dev/Dev_new/gs-server/common/target/classes
[INFO] -------------------------------------------------------------
[ERROR] COMPILATION ERROR : 
[INFO] -------------------------------------------------------------
[ERROR] /Users/alexb/Documents/Dev/Dev_new/gs-server/common/src/main/java/com/dgphoenix/casino/common/cache/data/game/BaseGameInfo.java:[47,7] error: BaseGameInfo is not abstract and does not override abstract method getClientGeneration() in IBaseGameInfo
[ERROR] /Users/alexb/Documents/Dev/Dev_new/gs-server/common/src/main/java/com/dgphoenix/casino/common/cache/data/game/BaseGameInfo.java:[1010,28] error: getClientGeneration() in BaseGameInfo cannot implement getClientGeneration() in IBaseGameInfo
[ERROR]   return type com.dgphoenix.casino.common.cache.data.game.ClientGeneration is not compatible with com.abs.casino.common.cache.data.game.ClientGeneration
/Users/alexb/Documents/Dev/Dev_new/gs-server/common/src/main/java/com/dgphoenix/casino/common/cache/data/game/BaseGameInfo.java:[603,30] error: getHtml5PcVersionMode() in BaseGameInfo cannot implement getHtml5PcVersionMode() in IBaseGameInfo
[ERROR]   return type com.dgphoenix.casino.common.cache.data.game.Html5PcVersionMode is not compatible with com.abs.casino.common.cache.data.game.Html5PcVersionMode
/Users/alexb/Documents/Dev/Dev_new/gs-server/common/src/main/java/com/dgphoenix/casino/common/cache/data/game/BaseGameInfo.java:[602,4] error: method does not override or implement a method from a supertype
[ERROR] /Users/alexb/Documents/Dev/Dev_new/gs-server/common/src/main/java/com/dgphoenix/casino/common/cache/data/game/BaseGameInfo.java:[1009,4] error: method does not override or implement a method from a supertype
[INFO] 5 errors 
[INFO] -------------------------------------------------------------
[INFO] ------------------------------------------------------------------------
[INFO] BUILD FAILURE
[INFO] ------------------------------------------------------------------------
[INFO] Total time:  2.270 s
[INFO] Finished at: 2026-02-28T14:30:20Z
[INFO] ------------------------------------------------------------------------
[ERROR] Failed to execute goal org.apache.maven.plugins:maven-compiler-plugin:2.5.1:compile (default-compile) on project gsn-common: Compilation failure: Compilation failure: 
[ERROR] /Users/alexb/Documents/Dev/Dev_new/gs-server/common/src/main/java/com/dgphoenix/casino/common/cache/data/game/BaseGameInfo.java:[47,7] error: BaseGameInfo is not abstract and does not override abstract method getClientGeneration() in IBaseGameInfo
[ERROR] /Users/alexb/Documents/Dev/Dev_new/gs-server/common/src/main/java/com/dgphoenix/casino/common/cache/data/game/BaseGameInfo.java:[1010,28] error: getClientGeneration() in BaseGameInfo cannot implement getClientGeneration() in IBaseGameInfo
[ERROR]   return type com.dgphoenix.casino.common.cache.data.game.ClientGeneration is not compatible with com.abs.casino.common.cache.data.game.ClientGeneration
[ERROR] /Users/alexb/Documents/Dev/Dev_new/gs-server/common/src/main/java/com/dgphoenix/casino/common/cache/data/game/BaseGameInfo.java:[603,30] error: getHtml5PcVersionMode() in BaseGameInfo cannot implement getHtml5PcVersionMode() in IBaseGameInfo
[ERROR]   return type com.dgphoenix.casino.common.cache.data.game.Html5PcVersionMode is not compatible with com.abs.casino.common.cache.data.game.Html5PcVersionMode
[ERROR] /Users/alexb/Documents/Dev/Dev_new/gs-server/common/src/main/java/com/dgphoenix/casino/common/cache/data/game/BaseGameInfo.java:[602,4] error: method does not override or implement a method from a supertype
[ERROR] /Users/alexb/Documents/Dev/Dev_new/gs-server/common/src/main/java/com/dgphoenix/casino/common/cache/data/game/BaseGameInfo.java:[1009,4] error: method does not override or implement a method from a supertype
[ERROR] -> [Help 1]
[ERROR] 
[ERROR] To see the full stack trace of the errors, re-run Maven with the -e switch.
[ERROR] Re-run Maven using the -X switch to enable full debug logging.
[ERROR] 
[ERROR] For more information about the errors and possible solutions, please read the following articles:
[ERROR] [Help 1] http://cwiki.apache.org/confluence/display/MAVEN/MojoFailureException
[2026-02-28T14:30:20Z] FAIL STEP01 rc=1
[2026-02-28T14:30:20Z] FAIL STEP01 rc=1
