[INFO] Scanning for projects...
[INFO] 
[INFO] ------------------< com.dgphoenix.casino:gsn-common >-------------------
[INFO] Building gsn-common 1.0-SNAPSHOT
[INFO]   from pom.xml
[INFO] --------------------------------[ jar ]---------------------------------
[INFO] 
[INFO] --- enforcer:3.0.0-M1:enforce (enforce-banned-dependencies) @ gsn-common ---
[INFO] 
[INFO] --- resources:3.3.1:resources (default-resources) @ gsn-common ---
[INFO] Copying 58 resources from src/main/resources to target/classes
[INFO] 
[INFO] --- compiler:2.5.1:compile (default-compile) @ gsn-common ---
[INFO] Compiling 277 source files to /Users/alexb/Documents/Dev/Dev_new/gs-server/common/target/classes
[INFO] -------------------------------------------------------------
[ERROR] COMPILATION ERROR : 
[INFO] -------------------------------------------------------------
[ERROR] /Users/alexb/Documents/Dev/Dev_new/gs-server/common/src/main/java/com/dgphoenix/casino/common/cache/LoadBalancerCache.java:[6,28] error: cannot find symbol
[ERROR]   symbol:   class ILoadBalancer
  location: package com.abs.casino.common
/Users/alexb/Documents/Dev/Dev_new/gs-server/common/src/main/java/com/dgphoenix/casino/common/cache/LoadBalancerCache.java:[25,86] error: cannot find symbol
[INFO] 2 errors 
[INFO] -------------------------------------------------------------
[INFO] ------------------------------------------------------------------------
[INFO] BUILD FAILURE
[INFO] ------------------------------------------------------------------------
[INFO] Total time:  2.025 s
[INFO] Finished at: 2026-03-01T09:12:50Z
[INFO] ------------------------------------------------------------------------
[ERROR] Failed to execute goal org.apache.maven.plugins:maven-compiler-plugin:2.5.1:compile (default-compile) on project gsn-common: Compilation failure: Compilation failure: 
[ERROR] /Users/alexb/Documents/Dev/Dev_new/gs-server/common/src/main/java/com/dgphoenix/casino/common/cache/LoadBalancerCache.java:[6,28] error: cannot find symbol
[ERROR]   symbol:   class ILoadBalancer
[ERROR]   location: package com.abs.casino.common
[ERROR] /Users/alexb/Documents/Dev/Dev_new/gs-server/common/src/main/java/com/dgphoenix/casino/common/cache/LoadBalancerCache.java:[25,86] error: cannot find symbol
[ERROR] -> [Help 1]
[ERROR] 
[ERROR] To see the full stack trace of the errors, re-run Maven with the -e switch.
[ERROR] Re-run Maven using the -X switch to enable full debug logging.
[ERROR] 
[ERROR] For more information about the errors and possible solutions, please read the following articles:
[ERROR] [Help 1] http://cwiki.apache.org/confluence/display/MAVEN/MojoFailureException
