[INFO] Scanning for projects...
[INFO] 
[INFO] -----------------< com.dgphoenix.casino:gsn-common-gs >-----------------
[INFO] Building gsn-common-gs 1.0
[INFO]   from pom.xml
[INFO] --------------------------------[ jar ]---------------------------------
[INFO] 
[INFO] --- dependency:2.8:copy (default) @ gsn-common-gs ---
[INFO] Configured Artifact: javax.xml.bind:jaxb-api:2.2.7:jar
[INFO] Configured Artifact: javax.xml.ws:jaxws-api:2.2.9:jar
[INFO] javax.xml.bind:jaxb-api:2.2.7:jar already exists in /Users/alexb/Documents/Dev/Dev_new/gs-server/game-server/common-gs/target/endorsed
[INFO] javax.xml.ws:jaxws-api:2.2.9:jar already exists in /Users/alexb/Documents/Dev/Dev_new/gs-server/game-server/common-gs/target/endorsed
[INFO] 
[INFO] --- enforcer:3.0.0-M1:enforce (enforce-banned-dependencies) @ gsn-common-gs ---
[INFO] 
[INFO] --- properties:1.0.0:read-project-properties (default) @ gsn-common-gs ---
[INFO] 
[INFO] --- resources:3.1.0:resources (default-resources) @ gsn-common-gs ---
[INFO] Using 'UTF-8' encoding to copy filtered resources.
[INFO] Copying 5 resources
[INFO] 
[INFO] --- compiler:2.5.1:compile (default-compile) @ gsn-common-gs ---
[INFO] Compiling 142 source files to /Users/alexb/Documents/Dev/Dev_new/gs-server/game-server/common-gs/target/classes
[INFO] -------------------------------------------------------------
[ERROR] COMPILATION ERROR : 
[INFO] -------------------------------------------------------------
[ERROR] /Users/alexb/Documents/Dev/Dev_new/gs-server/game-server/common-gs/src/main/java/com/dgphoenix/casino/gs/managers/game/history/HistoryInformerManager.java:[16,37] error: package com.abs.casino.common.util.xml does not exist
[ERROR] /Users/alexb/Documents/Dev/Dev_new/gs-server/game-server/common-gs/src/main/java/com/dgphoenix/casino/gs/managers/game/history/HistoryInformerManager.java:[17,37] error: package com.abs.casino.common.util.xml does not exist
[ERROR] /Users/alexb/Documents/Dev/Dev_new/gs-server/game-server/common-gs/src/main/java/com/dgphoenix/casino/gs/managers/game/history/HistoryInformerManager.java:[242,16] error: cannot find symbol
[ERROR]   symbol:   class XmlRequestResult
  location: class HistoryInformerManager.SendItemsTask
/Users/alexb/Documents/Dev/Dev_new/gs-server/game-server/common-gs/src/main/java/com/dgphoenix/casino/gs/socket/MQDataConverter.java:[3,0] error: package com.abs.casino.common.mp does not exist
[ERROR] /Users/alexb/Documents/Dev/Dev_new/gs-server/game-server/common-gs/src/main/java/com/dgphoenix/casino/gs/socket/MQDataConverter.java:[17,18] error: cannot find symbol
[ERROR]   symbol:   class MQData
  location: class MQDataConverter
/Users/alexb/Documents/Dev/Dev_new/gs-server/game-server/common-gs/src/main/java/com/dgphoenix/casino/gs/socket/MQDataConverter.java:[63,36] error: cannot find symbol
[ERROR]   symbol:   class MQData
  location: class MQDataConverter
/Users/alexb/Documents/Dev/Dev_new/gs-server/game-server/common-gs/src/main/java/com/dgphoenix/casino/services/GameServerServiceConfiguration.java:[9,37] error: cannot find symbol
[ERROR]   symbol:   class TransientFieldsAllowedProvider
  location: package com.abs.casino.common.util.xml
/Users/alexb/Documents/Dev/Dev_new/gs-server/game-server/common-gs/src/main/java/com/dgphoenix/casino/services/GameServerServiceConfiguration.java:[10,37] error: cannot find symbol
[ERROR]   symbol:   class TransientFieldsReflectionProvider
  location: package com.abs.casino.common.util.xml
/Users/alexb/Documents/Dev/Dev_new/gs-server/game-server/common-gs/src/main/java/com/dgphoenix/casino/services/GameServerServiceConfiguration.java:[11,49] error: package com.abs.casino.common.util.xml.xstreampool does not exist
[ERROR] /Users/alexb/Documents/Dev/Dev_new/gs-server/game-server/common-gs/src/main/java/com/dgphoenix/casino/gs/socket/mq/MQServiceHandler.java:[47,0] error: package com.abs.casino.common.mp does not exist
[ERROR] /Users/alexb/Documents/Dev/Dev_new/gs-server/game-server/common-gs/src/main/java/com/dgphoenix/casino/services/GameServerServiceConfiguration.java:[53,11] error: cannot find symbol
[ERROR]   symbol:   class XStreamPool
  location: class GameServerServiceConfiguration
/Users/alexb/Documents/Dev/Dev_new/gs-server/game-server/common-gs/src/main/java/com/dgphoenix/casino/gs/managers/payment/wallet/common/xml/CWResponseProcessor.java:[4,37] error: cannot find symbol
[ERROR]   symbol:   class IXmlElement
  location: package com.abs.casino.common.util.xml
/Users/alexb/Documents/Dev/Dev_new/gs-server/game-server/common-gs/src/main/java/com/dgphoenix/casino/gs/managers/payment/wallet/common/xml/CWResponseProcessor.java:[5,37] error: cannot find symbol
[ERROR]   symbol:   class XmlRequestResult
  location: package com.abs.casino.common.util.xml
/Users/alexb/Documents/Dev/Dev_new/gs-server/game-server/common-gs/src/main/java/com/dgphoenix/casino/gs/managers/payment/wallet/common/xml/CWResponseProcessor.java:[14,24] error: cannot find symbol
[ERROR]   symbol:   class IXmlElement
  location: class CWResponseProcessor
/Users/alexb/Documents/Dev/Dev_new/gs-server/game-server/common-gs/src/main/java/com/dgphoenix/casino/gs/managers/payment/wallet/common/xml/CWResponseProcessor.java:[14,56] error: cannot find symbol
[ERROR]   symbol:   class IXmlElement
  location: class CWResponseProcessor
/Users/alexb/Documents/Dev/Dev_new/gs-server/game-server/common-gs/src/main/java/com/dgphoenix/casino/cache/PingSessionCache.java:[13,37] error: cannot find symbol
[ERROR]   symbol:   class XmlRequestResult
  location: package com.abs.casino.common.util.xml
/Users/alexb/Documents/Dev/Dev_new/gs-server/game-server/common-gs/src/main/java/com/dgphoenix/casino/gs/managers/payment/wallet/common/xml/ExtraDataProcessor.java:[4,37] error: cannot find symbol
[ERROR]   symbol:   class IXmlElement
  location: package com.abs.casino.common.util.xml
/Users/alexb/Documents/Dev/Dev_new/gs-server/game-server/common-gs/src/main/java/com/dgphoenix/casino/gs/managers/payment/wallet/common/xml/ExtraDataProcessor.java:[15,24] error: cannot find symbol
[ERROR]   symbol:   class IXmlElement
  location: class ExtraDataProcessor
/Users/alexb/Documents/Dev/Dev_new/gs-server/game-server/common-gs/src/main/java/com/dgphoenix/casino/gs/managers/payment/wallet/common/xml/ExtraDataProcessor.java:[15,56] error: cannot find symbol
[ERROR]   symbol:   class IXmlElement
  location: class ExtraDataProcessor
/Users/alexb/Documents/Dev/Dev_new/gs-server/game-server/common-gs/src/main/java/com/dgphoenix/casino/gs/managers/payment/bonus/client/frb/FRBRESTClient.java:[14,37] error: cannot find symbol
[ERROR]   symbol:   class IXmlRequestResult
  location: package com.abs.casino.common.util.xml
/Users/alexb/Documents/Dev/Dev_new/gs-server/game-server/common-gs/src/main/java/com/dgphoenix/casino/gs/managers/payment/bonus/client/frb/FRBRESTClient.java:[15,37] error: cannot find symbol
[ERROR]   symbol:   class XmlRequestResult
  location: package com.abs.casino.common.util.xml
/Users/alexb/Documents/Dev/Dev_new/gs-server/game-server/common-gs/src/main/java/com/dgphoenix/casino/gs/managers/payment/bonus/client/frb/FRBRESTClient.java:[231,14] error: cannot find symbol
[ERROR]   symbol:   class XmlRequestResult
  location: class FRBRESTClient
/Users/alexb/Documents/Dev/Dev_new/gs-server/game-server/common-gs/src/main/java/com/dgphoenix/casino/gs/managers/payment/bonus/client/RESTClient.java:[14,37] error: cannot find symbol
[ERROR]   symbol:   class IXmlRequestResult
  location: package com.abs.casino.common.util.xml
/Users/alexb/Documents/Dev/Dev_new/gs-server/game-server/common-gs/src/main/java/com/dgphoenix/casino/gs/managers/payment/bonus/client/RESTClient.java:[15,37] error: cannot find symbol
[ERROR]   symbol:   class XmlRequestResult
  location: package com.abs.casino.common.util.xml
/Users/alexb/Documents/Dev/Dev_new/gs-server/game-server/common-gs/src/main/java/com/dgphoenix/casino/gs/managers/payment/bonus/client/RESTClient.java:[210,14] error: cannot find symbol
[ERROR]   symbol:   class XmlRequestResult
  location: class RESTClient
/Users/alexb/Documents/Dev/Dev_new/gs-server/game-server/common-gs/src/main/java/com/dgphoenix/casino/gs/managers/payment/bonus/client/frb/FRBRESTNotificationClient.java:[20,37] error: cannot find symbol
[ERROR]   symbol:   class IXmlRequestResult
  location: package com.abs.casino.common.util.xml
/Users/alexb/Documents/Dev/Dev_new/gs-server/game-server/common-gs/src/main/java/com/dgphoenix/casino/gs/managers/payment/bonus/client/frb/FRBRESTNotificationClient.java:[21,37] error: cannot find symbol
[ERROR]   symbol:   class XmlRequestResult
  location: package com.abs.casino.common.util.xml
/Users/alexb/Documents/Dev/Dev_new/gs-server/game-server/common-gs/src/main/java/com/dgphoenix/casino/gs/managers/payment/bonus/client/frb/FRBRESTNotificationClient.java:[136,14] error: cannot find symbol
[ERROR]   symbol:   class XmlRequestResult
  location: class FRBRESTNotificationClient
/Users/alexb/Documents/Dev/Dev_new/gs-server/game-server/common-gs/src/main/java/com/dgphoenix/casino/gs/maintenance/CacheExporter.java:[20,37] error: cannot find symbol
[ERROR]   symbol:   class ConcurrentHashMapXStreamConverter
  location: package com.abs.casino.common.util.xml
/Users/alexb/Documents/Dev/Dev_new/gs-server/game-server/common-gs/src/main/java/com/dgphoenix/casino/leaderboard/LeaderboardWinUploader.java:[6,31] error: package com.abs.casino.common.mp does not exist
[ERROR] /Users/alexb/Documents/Dev/Dev_new/gs-server/game-server/common-gs/src/main/java/com/dgphoenix/casino/leaderboard/LeaderboardWinUploader.java:[7,31] error: package com.abs.casino.common.mp does not exist
[ERROR] /Users/alexb/Documents/Dev/Dev_new/gs-server/game-server/common-gs/src/main/java/com/dgphoenix/casino/gs/managers/payment/wallet/processor/NotifyResponseProcessor.java:[8,37] error: cannot find symbol
[INFO] 32 errors 
[INFO] -------------------------------------------------------------
[INFO] ------------------------------------------------------------------------
[INFO] BUILD FAILURE
[INFO] ------------------------------------------------------------------------
[INFO] Total time:  2.843 s
[INFO] Finished at: 2026-02-27T04:34:34Z
[INFO] ------------------------------------------------------------------------
[ERROR] Failed to execute goal org.apache.maven.plugins:maven-compiler-plugin:2.5.1:compile (default-compile) on project gsn-common-gs: Compilation failure: Compilation failure: 
[ERROR] /Users/alexb/Documents/Dev/Dev_new/gs-server/game-server/common-gs/src/main/java/com/dgphoenix/casino/gs/managers/game/history/HistoryInformerManager.java:[16,37] error: package com.abs.casino.common.util.xml does not exist
[ERROR] /Users/alexb/Documents/Dev/Dev_new/gs-server/game-server/common-gs/src/main/java/com/dgphoenix/casino/gs/managers/game/history/HistoryInformerManager.java:[17,37] error: package com.abs.casino.common.util.xml does not exist
[ERROR] /Users/alexb/Documents/Dev/Dev_new/gs-server/game-server/common-gs/src/main/java/com/dgphoenix/casino/gs/managers/game/history/HistoryInformerManager.java:[242,16] error: cannot find symbol
[ERROR]   symbol:   class XmlRequestResult
[ERROR]   location: class HistoryInformerManager.SendItemsTask
[ERROR] /Users/alexb/Documents/Dev/Dev_new/gs-server/game-server/common-gs/src/main/java/com/dgphoenix/casino/gs/socket/MQDataConverter.java:[3,0] error: package com.abs.casino.common.mp does not exist
[ERROR] /Users/alexb/Documents/Dev/Dev_new/gs-server/game-server/common-gs/src/main/java/com/dgphoenix/casino/gs/socket/MQDataConverter.java:[17,18] error: cannot find symbol
[ERROR]   symbol:   class MQData
[ERROR]   location: class MQDataConverter
[ERROR] /Users/alexb/Documents/Dev/Dev_new/gs-server/game-server/common-gs/src/main/java/com/dgphoenix/casino/gs/socket/MQDataConverter.java:[63,36] error: cannot find symbol
[ERROR]   symbol:   class MQData
[ERROR]   location: class MQDataConverter
[ERROR] /Users/alexb/Documents/Dev/Dev_new/gs-server/game-server/common-gs/src/main/java/com/dgphoenix/casino/services/GameServerServiceConfiguration.java:[9,37] error: cannot find symbol
[ERROR]   symbol:   class TransientFieldsAllowedProvider
[ERROR]   location: package com.abs.casino.common.util.xml
[ERROR] /Users/alexb/Documents/Dev/Dev_new/gs-server/game-server/common-gs/src/main/java/com/dgphoenix/casino/services/GameServerServiceConfiguration.java:[10,37] error: cannot find symbol
[ERROR]   symbol:   class TransientFieldsReflectionProvider
[ERROR]   location: package com.abs.casino.common.util.xml
[ERROR] /Users/alexb/Documents/Dev/Dev_new/gs-server/game-server/common-gs/src/main/java/com/dgphoenix/casino/services/GameServerServiceConfiguration.java:[11,49] error: package com.abs.casino.common.util.xml.xstreampool does not exist
[ERROR] /Users/alexb/Documents/Dev/Dev_new/gs-server/game-server/common-gs/src/main/java/com/dgphoenix/casino/gs/socket/mq/MQServiceHandler.java:[47,0] error: package com.abs.casino.common.mp does not exist
[ERROR] /Users/alexb/Documents/Dev/Dev_new/gs-server/game-server/common-gs/src/main/java/com/dgphoenix/casino/services/GameServerServiceConfiguration.java:[53,11] error: cannot find symbol
[ERROR]   symbol:   class XStreamPool
[ERROR]   location: class GameServerServiceConfiguration
[ERROR] /Users/alexb/Documents/Dev/Dev_new/gs-server/game-server/common-gs/src/main/java/com/dgphoenix/casino/gs/managers/payment/wallet/common/xml/CWResponseProcessor.java:[4,37] error: cannot find symbol
[ERROR]   symbol:   class IXmlElement
[ERROR]   location: package com.abs.casino.common.util.xml
[ERROR] /Users/alexb/Documents/Dev/Dev_new/gs-server/game-server/common-gs/src/main/java/com/dgphoenix/casino/gs/managers/payment/wallet/common/xml/CWResponseProcessor.java:[5,37] error: cannot find symbol
[ERROR]   symbol:   class XmlRequestResult
[ERROR]   location: package com.abs.casino.common.util.xml
[ERROR] /Users/alexb/Documents/Dev/Dev_new/gs-server/game-server/common-gs/src/main/java/com/dgphoenix/casino/gs/managers/payment/wallet/common/xml/CWResponseProcessor.java:[14,24] error: cannot find symbol
[ERROR]   symbol:   class IXmlElement
[ERROR]   location: class CWResponseProcessor
[ERROR] /Users/alexb/Documents/Dev/Dev_new/gs-server/game-server/common-gs/src/main/java/com/dgphoenix/casino/gs/managers/payment/wallet/common/xml/CWResponseProcessor.java:[14,56] error: cannot find symbol
[ERROR]   symbol:   class IXmlElement
[ERROR]   location: class CWResponseProcessor
[ERROR] /Users/alexb/Documents/Dev/Dev_new/gs-server/game-server/common-gs/src/main/java/com/dgphoenix/casino/cache/PingSessionCache.java:[13,37] error: cannot find symbol
[ERROR]   symbol:   class XmlRequestResult
[ERROR]   location: package com.abs.casino.common.util.xml
[ERROR] /Users/alexb/Documents/Dev/Dev_new/gs-server/game-server/common-gs/src/main/java/com/dgphoenix/casino/gs/managers/payment/wallet/common/xml/ExtraDataProcessor.java:[4,37] error: cannot find symbol
[ERROR]   symbol:   class IXmlElement
[ERROR]   location: package com.abs.casino.common.util.xml
[ERROR] /Users/alexb/Documents/Dev/Dev_new/gs-server/game-server/common-gs/src/main/java/com/dgphoenix/casino/gs/managers/payment/wallet/common/xml/ExtraDataProcessor.java:[15,24] error: cannot find symbol
[ERROR]   symbol:   class IXmlElement
[ERROR]   location: class ExtraDataProcessor
[ERROR] /Users/alexb/Documents/Dev/Dev_new/gs-server/game-server/common-gs/src/main/java/com/dgphoenix/casino/gs/managers/payment/wallet/common/xml/ExtraDataProcessor.java:[15,56] error: cannot find symbol
[ERROR]   symbol:   class IXmlElement
[ERROR]   location: class ExtraDataProcessor
[ERROR] /Users/alexb/Documents/Dev/Dev_new/gs-server/game-server/common-gs/src/main/java/com/dgphoenix/casino/gs/managers/payment/bonus/client/frb/FRBRESTClient.java:[14,37] error: cannot find symbol
[ERROR]   symbol:   class IXmlRequestResult
[ERROR]   location: package com.abs.casino.common.util.xml
[ERROR] /Users/alexb/Documents/Dev/Dev_new/gs-server/game-server/common-gs/src/main/java/com/dgphoenix/casino/gs/managers/payment/bonus/client/frb/FRBRESTClient.java:[15,37] error: cannot find symbol
[ERROR]   symbol:   class XmlRequestResult
[ERROR]   location: package com.abs.casino.common.util.xml
[ERROR] /Users/alexb/Documents/Dev/Dev_new/gs-server/game-server/common-gs/src/main/java/com/dgphoenix/casino/gs/managers/payment/bonus/client/frb/FRBRESTClient.java:[231,14] error: cannot find symbol
[ERROR]   symbol:   class XmlRequestResult
[ERROR]   location: class FRBRESTClient
[ERROR] /Users/alexb/Documents/Dev/Dev_new/gs-server/game-server/common-gs/src/main/java/com/dgphoenix/casino/gs/managers/payment/bonus/client/RESTClient.java:[14,37] error: cannot find symbol
[ERROR]   symbol:   class IXmlRequestResult
[ERROR]   location: package com.abs.casino.common.util.xml
[ERROR] /Users/alexb/Documents/Dev/Dev_new/gs-server/game-server/common-gs/src/main/java/com/dgphoenix/casino/gs/managers/payment/bonus/client/RESTClient.java:[15,37] error: cannot find symbol
[ERROR]   symbol:   class XmlRequestResult
[ERROR]   location: package com.abs.casino.common.util.xml
[ERROR] /Users/alexb/Documents/Dev/Dev_new/gs-server/game-server/common-gs/src/main/java/com/dgphoenix/casino/gs/managers/payment/bonus/client/RESTClient.java:[210,14] error: cannot find symbol
[ERROR]   symbol:   class XmlRequestResult
[ERROR]   location: class RESTClient
[ERROR] /Users/alexb/Documents/Dev/Dev_new/gs-server/game-server/common-gs/src/main/java/com/dgphoenix/casino/gs/managers/payment/bonus/client/frb/FRBRESTNotificationClient.java:[20,37] error: cannot find symbol
[ERROR]   symbol:   class IXmlRequestResult
[ERROR]   location: package com.abs.casino.common.util.xml
[ERROR] /Users/alexb/Documents/Dev/Dev_new/gs-server/game-server/common-gs/src/main/java/com/dgphoenix/casino/gs/managers/payment/bonus/client/frb/FRBRESTNotificationClient.java:[21,37] error: cannot find symbol
[ERROR]   symbol:   class XmlRequestResult
[ERROR]   location: package com.abs.casino.common.util.xml
[ERROR] /Users/alexb/Documents/Dev/Dev_new/gs-server/game-server/common-gs/src/main/java/com/dgphoenix/casino/gs/managers/payment/bonus/client/frb/FRBRESTNotificationClient.java:[136,14] error: cannot find symbol
[ERROR]   symbol:   class XmlRequestResult
[ERROR]   location: class FRBRESTNotificationClient
[ERROR] /Users/alexb/Documents/Dev/Dev_new/gs-server/game-server/common-gs/src/main/java/com/dgphoenix/casino/gs/maintenance/CacheExporter.java:[20,37] error: cannot find symbol
[ERROR]   symbol:   class ConcurrentHashMapXStreamConverter
[ERROR]   location: package com.abs.casino.common.util.xml
[ERROR] /Users/alexb/Documents/Dev/Dev_new/gs-server/game-server/common-gs/src/main/java/com/dgphoenix/casino/leaderboard/LeaderboardWinUploader.java:[6,31] error: package com.abs.casino.common.mp does not exist
[ERROR] /Users/alexb/Documents/Dev/Dev_new/gs-server/game-server/common-gs/src/main/java/com/dgphoenix/casino/leaderboard/LeaderboardWinUploader.java:[7,31] error: package com.abs.casino.common.mp does not exist
[ERROR] /Users/alexb/Documents/Dev/Dev_new/gs-server/game-server/common-gs/src/main/java/com/dgphoenix/casino/gs/managers/payment/wallet/processor/NotifyResponseProcessor.java:[8,37] error: cannot find symbol
[ERROR] -> [Help 1]
[ERROR] 
[ERROR] To see the full stack trace of the errors, re-run Maven with the -e switch.
[ERROR] Re-run Maven using the -X switch to enable full debug logging.
[ERROR] 
[ERROR] For more information about the errors and possible solutions, please read the following articles:
[ERROR] [Help 1] http://cwiki.apache.org/confluence/display/MAVEN/MojoFailureException
