[2026-02-28T14:07:36Z] START STEP01
[2026-02-28T14:07:36Z] DIR gs-server/common
[2026-02-28T14:07:36Z] START STEP01
[2026-02-28T14:07:36Z] DIR gs-server/common
[2026-02-28T14:07:36Z] CMD mvn -DskipTests install
[2026-02-28T14:07:36Z] CMD mvn -DskipTests install
[INFO] Scanning for projects...
[INFO] 
[INFO] ------------------< com.dgphoenix.casino:gsn-common >-------------------
[INFO] Building gsn-common 1.0-SNAPSHOT
[INFO]   from pom.xml
[INFO] --------------------------------[ jar ]---------------------------------
[INFO] 
[INFO] --- enforcer:3.0.0-M1:enforce (enforce-banned-dependencies) @ gsn-common ---
[INFO] 
[INFO] --- resources:3.3.1:resources (default-resources) @ gsn-common ---
[INFO] Copying 58 resources from src/main/resources to target/classes
[INFO] 
[INFO] --- compiler:2.5.1:compile (default-compile) @ gsn-common ---
[INFO] Compiling 236 source files to /Users/alexb/Documents/Dev/Dev_new/gs-server/common/target/classes
[INFO] 
[INFO] --- resources:3.3.1:testResources (default-testResources) @ gsn-common ---
[INFO] Copying 1 resource from src/test/resources to target/test-classes
[INFO] 
[INFO] --- compiler:2.5.1:testCompile (default-testCompile) @ gsn-common ---
[INFO] Nothing to compile - all classes are up to date
[INFO] 
[INFO] --- surefire:2.19.1:test (default-test) @ gsn-common ---
[INFO] Tests are skipped.
[INFO] 
[INFO] --- jar:2.6:jar (default-jar) @ gsn-common ---
[INFO] Building jar: /Users/alexb/Documents/Dev/Dev_new/gs-server/common/target/gsn-common-1.0-SNAPSHOT.jar
[INFO] 
[INFO] --- install:3.1.2:install (default-install) @ gsn-common ---
[INFO] Installing /Users/alexb/Documents/Dev/Dev_new/gs-server/common/pom.xml to /Users/alexb/.m2/repository/com/dgphoenix/casino/gsn-common/1.0-SNAPSHOT/gsn-common-1.0-SNAPSHOT.pom
[INFO] Installing /Users/alexb/Documents/Dev/Dev_new/gs-server/common/target/gsn-common-1.0-SNAPSHOT.jar to /Users/alexb/.m2/repository/com/dgphoenix/casino/gsn-common/1.0-SNAPSHOT/gsn-common-1.0-SNAPSHOT.jar
[INFO] ------------------------------------------------------------------------
[INFO] BUILD SUCCESS
[INFO] ------------------------------------------------------------------------
[INFO] Total time:  4.082 s
[INFO] Finished at: 2026-02-28T14:07:41Z
[INFO] ------------------------------------------------------------------------
[2026-02-28T14:07:41Z] PASS STEP01 rc=0
[2026-02-28T14:07:41Z] PASS STEP01 rc=0
[2026-02-28T14:07:41Z] START STEP02
[2026-02-28T14:07:41Z] START STEP02
[2026-02-28T14:07:41Z] DIR gs-server/common-wallet
[2026-02-28T14:07:41Z] DIR gs-server/common-wallet
[2026-02-28T14:07:41Z] CMD mvn -DskipTests install
[2026-02-28T14:07:41Z] CMD mvn -DskipTests install
[INFO] Scanning for projects...
[INFO] 
[INFO] -----------------< com.dgphoenix.casino:common-wallet >-----------------
[INFO] Building common-wallet 1.0.67
[INFO]   from pom.xml
[INFO] --------------------------------[ jar ]---------------------------------
[INFO] 
[INFO] --- enforcer:3.0.0-M1:enforce (enforce-banned-dependencies) @ common-wallet ---
[INFO] 
[INFO] --- resources:3.3.1:resources (default-resources) @ common-wallet ---
[INFO] skip non existing resourceDirectory /Users/alexb/Documents/Dev/Dev_new/gs-server/common-wallet/src/main/resources
[INFO] 
[INFO] --- compiler:2.5.1:compile (default-compile) @ common-wallet ---
[INFO] Compiling 11 source files to /Users/alexb/Documents/Dev/Dev_new/gs-server/common-wallet/target/classes
[INFO] 
[INFO] --- resources:3.3.1:testResources (default-testResources) @ common-wallet ---
[INFO] Copying 108 resources from src/test/resources to target/test-classes
[INFO] 
[INFO] --- compiler:2.5.1:testCompile (default-testCompile) @ common-wallet ---
[INFO] Compiling 4 source files to /Users/alexb/Documents/Dev/Dev_new/gs-server/common-wallet/target/test-classes
[INFO] 
[INFO] --- surefire:2.19.1:test (default-test) @ common-wallet ---
[INFO] Tests are skipped.
[INFO] 
[INFO] --- jar:2.6:jar (default-jar) @ common-wallet ---
[INFO] Building jar: /Users/alexb/Documents/Dev/Dev_new/gs-server/common-wallet/target/common-wallet-1.0.67.jar
[INFO] 
[INFO] --- install:3.1.2:install (default-install) @ common-wallet ---
[INFO] Installing /Users/alexb/Documents/Dev/Dev_new/gs-server/common-wallet/pom.xml to /Users/alexb/.m2/repository/com/dgphoenix/casino/common-wallet/1.0.67/common-wallet-1.0.67.pom
[INFO] Installing /Users/alexb/Documents/Dev/Dev_new/gs-server/common-wallet/target/common-wallet-1.0.67.jar to /Users/alexb/.m2/repository/com/dgphoenix/casino/common-wallet/1.0.67/common-wallet-1.0.67.jar
[INFO] ------------------------------------------------------------------------
[INFO] BUILD SUCCESS
[INFO] ------------------------------------------------------------------------
[INFO] Total time:  1.870 s
[INFO] Finished at: 2026-02-28T14:07:44Z
[INFO] ------------------------------------------------------------------------
[2026-02-28T14:07:44Z] PASS STEP02 rc=0
[2026-02-28T14:07:44Z] PASS STEP02 rc=0
[2026-02-28T14:07:44Z] START STEP03
[2026-02-28T14:07:44Z] START STEP03
[2026-02-28T14:07:44Z] DIR gs-server/sb-utils
[2026-02-28T14:07:44Z] DIR gs-server/sb-utils
[2026-02-28T14:07:44Z] CMD mvn -DskipTests install
[2026-02-28T14:07:44Z] CMD mvn -DskipTests install
[INFO] Scanning for projects...
[INFO] 
[INFO] ---------------< com.dgphoenix.casino:utils-restricted >----------------
[INFO] Building utils-restricted 1.1.0
[INFO]   from pom.xml
[INFO] --------------------------------[ jar ]---------------------------------
[INFO] 
[INFO] --- enforcer:3.0.0-M1:enforce (enforce-banned-dependencies) @ utils-restricted ---
[INFO] 
[INFO] --- resources:3.1.0:resources (default-resources) @ utils-restricted ---
[INFO] Using 'UTF-8' encoding to copy filtered resources.
[INFO] Copying 1 resource
[INFO] 
[INFO] --- compiler:2.5.1:compile (default-compile) @ utils-restricted ---
[INFO] Compiling 274 source files to /Users/alexb/Documents/Dev/Dev_new/gs-server/sb-utils/target/classes
[INFO] 
[INFO] --- resources:3.1.0:testResources (default-testResources) @ utils-restricted ---
[INFO] Using 'UTF-8' encoding to copy filtered resources.
[INFO] skip non existing resourceDirectory /Users/alexb/Documents/Dev/Dev_new/gs-server/sb-utils/src/test/resources
[INFO] 
[INFO] --- compiler:2.5.1:testCompile (default-testCompile) @ utils-restricted ---
[INFO] Compiling 19 source files to /Users/alexb/Documents/Dev/Dev_new/gs-server/sb-utils/target/test-classes
[INFO] 
[INFO] --- surefire:2.19.1:test (default-test) @ utils-restricted ---
[INFO] Tests are skipped.
[INFO] 
[INFO] --- jar:2.6:jar (default-jar) @ utils-restricted ---
[INFO] Building jar: /Users/alexb/Documents/Dev/Dev_new/gs-server/sb-utils/target/utils-restricted.jar
[INFO] 
[INFO] >>> source:2.4:jar (default) > generate-sources @ utils-restricted >>>
[INFO] 
[INFO] --- enforcer:3.0.0-M1:enforce (enforce-banned-dependencies) @ utils-restricted ---
[INFO] 
[INFO] <<< source:2.4:jar (default) < generate-sources @ utils-restricted <<<
[INFO] 
[INFO] 
[INFO] --- source:2.4:jar (default) @ utils-restricted ---
[INFO] Building jar: /Users/alexb/Documents/Dev/Dev_new/gs-server/sb-utils/target/utils-restricted-sources.jar
[INFO] 
[INFO] --- install:3.1.2:install (default-install) @ utils-restricted ---
[INFO] Installing /Users/alexb/Documents/Dev/Dev_new/gs-server/sb-utils/pom.xml to /Users/alexb/.m2/repository/com/dgphoenix/casino/utils-restricted/1.1.0/utils-restricted-1.1.0.pom
[INFO] Installing /Users/alexb/Documents/Dev/Dev_new/gs-server/sb-utils/target/utils-restricted.jar to /Users/alexb/.m2/repository/com/dgphoenix/casino/utils-restricted/1.1.0/utils-restricted-1.1.0.jar
[INFO] Installing /Users/alexb/Documents/Dev/Dev_new/gs-server/sb-utils/target/utils-restricted-sources.jar to /Users/alexb/.m2/repository/com/dgphoenix/casino/utils-restricted/1.1.0/utils-restricted-1.1.0-sources.jar
[INFO] ------------------------------------------------------------------------
[INFO] BUILD SUCCESS
[INFO] ------------------------------------------------------------------------
[INFO] Total time:  6.987 s
[INFO] Finished at: 2026-02-28T14:07:52Z
[INFO] ------------------------------------------------------------------------
[2026-02-28T14:07:52Z] PASS STEP03 rc=0
[2026-02-28T14:07:52Z] PASS STEP03 rc=0
[2026-02-28T14:07:52Z] START STEP04
[2026-02-28T14:07:52Z] START STEP04
[2026-02-28T14:07:52Z] DIR gs-server/common-promo
[2026-02-28T14:07:52Z] DIR gs-server/common-promo
[2026-02-28T14:07:52Z] CMD mvn -DskipTests install
[2026-02-28T14:07:52Z] CMD mvn -DskipTests install
[INFO] Scanning for projects...
[INFO] 
[INFO] -----------------< com.dgphoenix.casino:common-promo >------------------
[INFO] Building common-promo 1.1.0
[INFO]   from pom.xml
[INFO] --------------------------------[ jar ]---------------------------------
[INFO] 
[INFO] --- enforcer:3.0.0-M1:enforce (enforce-banned-dependencies) @ common-promo ---
[INFO] 
[INFO] --- resources:3.1.0:resources (default-resources) @ common-promo ---
[INFO] Using 'UTF-8' encoding to copy filtered resources.
[INFO] skip non existing resourceDirectory /Users/alexb/Documents/Dev/Dev_new/gs-server/common-promo/src/main/resources
[INFO] 
[INFO] --- compiler:2.5.1:compile (default-compile) @ common-promo ---
[INFO] Compiling 62 source files to /Users/alexb/Documents/Dev/Dev_new/gs-server/common-promo/target/classes
[INFO] -------------------------------------------------------------
[ERROR] COMPILATION ERROR : 
[INFO] -------------------------------------------------------------
[ERROR] /Users/alexb/Documents/Dev/Dev_new/gs-server/common-promo/src/main/java/com/dgphoenix/casino/common/promo/messages/server/responses/GetPromoMessagesResponse.java:[33,53] error: ELEMENTS_JOINER has protected access in ServerMessage
[ERROR] /Users/alexb/Documents/Dev/Dev_new/gs-server/common-promo/src/main/java/com/dgphoenix/casino/common/promo/messages/server/responses/PromoEnterResponse.java:[46,54] error: ELEMENTS_JOINER has protected access in ServerMessage
[ERROR] /Users/alexb/Documents/Dev/Dev_new/gs-server/common-promo/src/main/java/com/dgphoenix/casino/common/promo/messages/server/responses/PromoEnterResponse.java:[48,44] error: PARAMS_DELIMITER has protected access in ServerMessage
[ERROR] /Users/alexb/Documents/Dev/Dev_new/gs-server/common-promo/src/main/java/com/dgphoenix/casino/common/promo/messages/server/responses/PromoEnterResponse.java:[58,47] error: ELEMENTS_JOINER has protected access in ServerMessage
[ERROR] /Users/alexb/Documents/Dev/Dev_new/gs-server/common-promo/src/main/java/com/dgphoenix/casino/common/promo/messages/server/responses/PromoEnterResponse.java:[86,32] error: FIELDS_JOINER has protected access in ServerMessage
[ERROR] /Users/alexb/Documents/Dev/Dev_new/gs-server/common-promo/src/main/java/com/dgphoenix/casino/common/promo/messages/server/responses/PromoEnterResponse.java:[90,32] error: FIELDS_JOINER has protected access in ServerMessage
[ERROR] /Users/alexb/Documents/Dev/Dev_new/gs-server/common-promo/src/main/java/com/dgphoenix/casino/common/promo/messages/server/responses/GetPromoNotificationsResponse.java:[36,53] error: ELEMENTS_JOINER has protected access in ServerMessage
[INFO] 7 errors 
[INFO] -------------------------------------------------------------
[INFO] ------------------------------------------------------------------------
[INFO] BUILD FAILURE
[INFO] ------------------------------------------------------------------------
[INFO] Total time:  1.355 s
[INFO] Finished at: 2026-02-28T14:07:54Z
[INFO] ------------------------------------------------------------------------
[ERROR] Failed to execute goal org.apache.maven.plugins:maven-compiler-plugin:2.5.1:compile (default-compile) on project common-promo: Compilation failure: Compilation failure: 
[ERROR] /Users/alexb/Documents/Dev/Dev_new/gs-server/common-promo/src/main/java/com/dgphoenix/casino/common/promo/messages/server/responses/GetPromoMessagesResponse.java:[33,53] error: ELEMENTS_JOINER has protected access in ServerMessage
[ERROR] /Users/alexb/Documents/Dev/Dev_new/gs-server/common-promo/src/main/java/com/dgphoenix/casino/common/promo/messages/server/responses/PromoEnterResponse.java:[46,54] error: ELEMENTS_JOINER has protected access in ServerMessage
[ERROR] /Users/alexb/Documents/Dev/Dev_new/gs-server/common-promo/src/main/java/com/dgphoenix/casino/common/promo/messages/server/responses/PromoEnterResponse.java:[48,44] error: PARAMS_DELIMITER has protected access in ServerMessage
[ERROR] /Users/alexb/Documents/Dev/Dev_new/gs-server/common-promo/src/main/java/com/dgphoenix/casino/common/promo/messages/server/responses/PromoEnterResponse.java:[58,47] error: ELEMENTS_JOINER has protected access in ServerMessage
[ERROR] /Users/alexb/Documents/Dev/Dev_new/gs-server/common-promo/src/main/java/com/dgphoenix/casino/common/promo/messages/server/responses/PromoEnterResponse.java:[86,32] error: FIELDS_JOINER has protected access in ServerMessage
[ERROR] /Users/alexb/Documents/Dev/Dev_new/gs-server/common-promo/src/main/java/com/dgphoenix/casino/common/promo/messages/server/responses/PromoEnterResponse.java:[90,32] error: FIELDS_JOINER has protected access in ServerMessage
[ERROR] /Users/alexb/Documents/Dev/Dev_new/gs-server/common-promo/src/main/java/com/dgphoenix/casino/common/promo/messages/server/responses/GetPromoNotificationsResponse.java:[36,53] error: ELEMENTS_JOINER has protected access in ServerMessage
[ERROR] -> [Help 1]
[ERROR] 
[ERROR] To see the full stack trace of the errors, re-run Maven with the -e switch.
[ERROR] Re-run Maven using the -X switch to enable full debug logging.
[ERROR] 
[ERROR] For more information about the errors and possible solutions, please read the following articles:
[ERROR] [Help 1] http://cwiki.apache.org/confluence/display/MAVEN/MojoFailureException
[2026-02-28T14:07:54Z] FAIL STEP04 rc=1
[2026-02-28T14:07:54Z] FAIL STEP04 rc=1
