[INFO] Scanning for projects...
[INFO] 
[INFO] -----------------< com.dgphoenix.casino:gsn-common-gs >-----------------
[INFO] Building gsn-common-gs 1.0
[INFO]   from pom.xml
[INFO] --------------------------------[ jar ]---------------------------------
[INFO] 
[INFO] --- dependency:2.8:copy (default) @ gsn-common-gs ---
[INFO] Configured Artifact: javax.xml.bind:jaxb-api:2.2.7:jar
[INFO] Configured Artifact: javax.xml.ws:jaxws-api:2.2.9:jar
[INFO] javax.xml.bind:jaxb-api:2.2.7:jar already exists in /Users/alexb/Documents/Dev/Dev_new/gs-server/game-server/common-gs/target/endorsed
[INFO] javax.xml.ws:jaxws-api:2.2.9:jar already exists in /Users/alexb/Documents/Dev/Dev_new/gs-server/game-server/common-gs/target/endorsed
[INFO] 
[INFO] --- enforcer:3.0.0-M1:enforce (enforce-banned-dependencies) @ gsn-common-gs ---
[INFO] 
[INFO] --- properties:1.0.0:read-project-properties (default) @ gsn-common-gs ---
[INFO] 
[INFO] --- resources:3.1.0:resources (default-resources) @ gsn-common-gs ---
[INFO] Using 'UTF-8' encoding to copy filtered resources.
[INFO] Copying 5 resources
[INFO] 
[INFO] --- compiler:2.5.1:compile (default-compile) @ gsn-common-gs ---
[INFO] Compiling 440 source files to /Users/alexb/Documents/Dev/Dev_new/gs-server/game-server/common-gs/target/classes
[INFO] -------------------------------------------------------------
[ERROR] COMPILATION ERROR : 
[INFO] -------------------------------------------------------------
[ERROR] /Users/alexb/Documents/Dev/Dev_new/gs-server/game-server/common-gs/src/main/java/com/dgphoenix/casino/common/exception/GameSessionNotFoundException.java:[8,50] error: cannot find symbol
[ERROR]   symbol: class AbstractSendAlertException
/Users/alexb/Documents/Dev/Dev_new/gs-server/game-server/common-gs/src/main/java/com/dgphoenix/casino/kafka/handler/NotifyOnServerStatusesUpdatedRequestHandler.java:[12,68] error: cannot find symbol
[ERROR]   symbol: class KafkaInServiceRequestHandler
/Users/alexb/Documents/Dev/Dev_new/gs-server/game-server/common-gs/src/main/java/com/dgphoenix/casino/kafka/handler/StoreMQDataRequestHandler.java:[12,18] error: cannot find symbol
[ERROR]   symbol: class KafkaOuterRequestHandler
/Users/alexb/Documents/Dev/Dev_new/gs-server/game-server/common-gs/src/main/java/com/dgphoenix/casino/kafka/handler/StartNewRoundRequestHandler.java:[12,19] error: cannot find symbol
[ERROR]   symbol: class KafkaOuterRequestHandler
/Users/alexb/Documents/Dev/Dev_new/gs-server/game-server/common-gs/src/main/java/com/dgphoenix/casino/kafka/dto/UpdatePrivateRoomRequest.java:[5,49] error: cannot find symbol
[ERROR]   symbol: class KafkaRequest
/Users/alexb/Documents/Dev/Dev_new/gs-server/game-server/common-gs/src/main/java/com/dgphoenix/casino/kafka/dto/UpdatePrivateRoomRequest.java:[7,17] error: cannot find symbol
[ERROR]   symbol:   class BGPlayerDto
  location: class UpdatePrivateRoomRequest
/Users/alexb/Documents/Dev/Dev_new/gs-server/game-server/common-gs/src/main/java/com/dgphoenix/casino/kafka/dto/UpdatePrivateRoomRequest.java:[12,63] error: cannot find symbol
[ERROR]   symbol:   class BGPlayerDto
  location: class UpdatePrivateRoomRequest
/Users/alexb/Documents/Dev/Dev_new/gs-server/game-server/common-gs/src/main/java/com/dgphoenix/casino/kafka/dto/UpdatePrivateRoomRequest.java:[22,16] error: cannot find symbol
[ERROR]   symbol:   class BGPlayerDto
  location: class UpdatePrivateRoomRequest
/Users/alexb/Documents/Dev/Dev_new/gs-server/game-server/common-gs/src/main/java/com/dgphoenix/casino/kafka/dto/UpdatePrivateRoomRequest.java:[34,32] error: cannot find symbol
[ERROR]   symbol:   class BGPlayerDto
  location: class UpdatePrivateRoomRequest
/Users/alexb/Documents/Dev/Dev_new/gs-server/game-server/common-gs/src/main/java/com/dgphoenix/casino/kafka/handler/SitOutRequestHandler.java:[12,18] error: cannot find symbol
[ERROR]   symbol: class KafkaOuterRequestHandler
/Users/alexb/Documents/Dev/Dev_new/gs-server/game-server/common-gs/src/main/java/com/dgphoenix/casino/kafka/handler/UpdatePlayersStatusInPrivateRoomRequestHandler.java:[12,18] error: cannot find symbol
[ERROR]   symbol: class KafkaOuterRequestHandler
/Users/alexb/Documents/Dev/Dev_new/gs-server/game-server/common-gs/src/main/java/com/dgphoenix/casino/kafka/handler/UpdateCurrencyRatesRequestHandler.java:[11,8] error: cannot find symbol
[INFO] 12 errors 
[INFO] -------------------------------------------------------------
[INFO] ------------------------------------------------------------------------
[INFO] BUILD FAILURE
[INFO] ------------------------------------------------------------------------
[INFO] Total time:  4.312 s
[INFO] Finished at: 2026-02-28T01:11:34Z
[INFO] ------------------------------------------------------------------------
[ERROR] Failed to execute goal org.apache.maven.plugins:maven-compiler-plugin:2.5.1:compile (default-compile) on project gsn-common-gs: Compilation failure: Compilation failure: 
[ERROR] /Users/alexb/Documents/Dev/Dev_new/gs-server/game-server/common-gs/src/main/java/com/dgphoenix/casino/common/exception/GameSessionNotFoundException.java:[8,50] error: cannot find symbol
[ERROR]   symbol: class AbstractSendAlertException
[ERROR] /Users/alexb/Documents/Dev/Dev_new/gs-server/game-server/common-gs/src/main/java/com/dgphoenix/casino/kafka/handler/NotifyOnServerStatusesUpdatedRequestHandler.java:[12,68] error: cannot find symbol
[ERROR]   symbol: class KafkaInServiceRequestHandler
[ERROR] /Users/alexb/Documents/Dev/Dev_new/gs-server/game-server/common-gs/src/main/java/com/dgphoenix/casino/kafka/handler/StoreMQDataRequestHandler.java:[12,18] error: cannot find symbol
[ERROR]   symbol: class KafkaOuterRequestHandler
[ERROR] /Users/alexb/Documents/Dev/Dev_new/gs-server/game-server/common-gs/src/main/java/com/dgphoenix/casino/kafka/handler/StartNewRoundRequestHandler.java:[12,19] error: cannot find symbol
[ERROR]   symbol: class KafkaOuterRequestHandler
[ERROR] /Users/alexb/Documents/Dev/Dev_new/gs-server/game-server/common-gs/src/main/java/com/dgphoenix/casino/kafka/dto/UpdatePrivateRoomRequest.java:[5,49] error: cannot find symbol
[ERROR]   symbol: class KafkaRequest
[ERROR] /Users/alexb/Documents/Dev/Dev_new/gs-server/game-server/common-gs/src/main/java/com/dgphoenix/casino/kafka/dto/UpdatePrivateRoomRequest.java:[7,17] error: cannot find symbol
[ERROR]   symbol:   class BGPlayerDto
[ERROR]   location: class UpdatePrivateRoomRequest
[ERROR] /Users/alexb/Documents/Dev/Dev_new/gs-server/game-server/common-gs/src/main/java/com/dgphoenix/casino/kafka/dto/UpdatePrivateRoomRequest.java:[12,63] error: cannot find symbol
[ERROR]   symbol:   class BGPlayerDto
[ERROR]   location: class UpdatePrivateRoomRequest
[ERROR] /Users/alexb/Documents/Dev/Dev_new/gs-server/game-server/common-gs/src/main/java/com/dgphoenix/casino/kafka/dto/UpdatePrivateRoomRequest.java:[22,16] error: cannot find symbol
[ERROR]   symbol:   class BGPlayerDto
[ERROR]   location: class UpdatePrivateRoomRequest
[ERROR] /Users/alexb/Documents/Dev/Dev_new/gs-server/game-server/common-gs/src/main/java/com/dgphoenix/casino/kafka/dto/UpdatePrivateRoomRequest.java:[34,32] error: cannot find symbol
[ERROR]   symbol:   class BGPlayerDto
[ERROR]   location: class UpdatePrivateRoomRequest
[ERROR] /Users/alexb/Documents/Dev/Dev_new/gs-server/game-server/common-gs/src/main/java/com/dgphoenix/casino/kafka/handler/SitOutRequestHandler.java:[12,18] error: cannot find symbol
[ERROR]   symbol: class KafkaOuterRequestHandler
[ERROR] /Users/alexb/Documents/Dev/Dev_new/gs-server/game-server/common-gs/src/main/java/com/dgphoenix/casino/kafka/handler/UpdatePlayersStatusInPrivateRoomRequestHandler.java:[12,18] error: cannot find symbol
[ERROR]   symbol: class KafkaOuterRequestHandler
[ERROR] /Users/alexb/Documents/Dev/Dev_new/gs-server/game-server/common-gs/src/main/java/com/dgphoenix/casino/kafka/handler/UpdateCurrencyRatesRequestHandler.java:[11,8] error: cannot find symbol
[ERROR] -> [Help 1]
[ERROR] 
[ERROR] To see the full stack trace of the errors, re-run Maven with the -e switch.
[ERROR] Re-run Maven using the -X switch to enable full debug logging.
[ERROR] 
[ERROR] For more information about the errors and possible solutions, please read the following articles:
[ERROR] [Help 1] http://cwiki.apache.org/confluence/display/MAVEN/MojoFailureException
