[2026-02-28T07:52:09Z] START STEP01
[2026-02-28T07:52:09Z] START STEP01
[2026-02-28T07:52:09Z] DIR gs-server/common
[2026-02-28T07:52:09Z] DIR gs-server/common
[2026-02-28T07:52:09Z] CMD mvn -DskipTests install
[2026-02-28T07:52:09Z] CMD mvn -DskipTests install
[INFO] Scanning for projects...
[INFO] 
[INFO] ------------------< com.dgphoenix.casino:gsn-common >-------------------
[INFO] Building gsn-common 1.0-SNAPSHOT
[INFO]   from pom.xml
[INFO] --------------------------------[ jar ]---------------------------------
[INFO] 
[INFO] --- enforcer:3.0.0-M1:enforce (enforce-banned-dependencies) @ gsn-common ---
[INFO] 
[INFO] --- resources:3.3.1:resources (default-resources) @ gsn-common ---
[INFO] Copying 58 resources from src/main/resources to target/classes
[INFO] 
[INFO] --- compiler:2.5.1:compile (default-compile) @ gsn-common ---
[INFO] Compiling 192 source files to /Users/alexb/Documents/Dev/Dev_new/gs-server/common/target/classes
[INFO] -------------------------------------------------------------
[ERROR] COMPILATION ERROR : 
[INFO] -------------------------------------------------------------
[ERROR] /Users/alexb/Documents/Dev/Dev_new/gs-server/common/src/main/java/com/dgphoenix/casino/common/web/XmlApiBaseAction.java:[3,38] error: cannot find symbol
[ERROR]   symbol:   class XmlWriterException
  location: package com.abs.casino.common.exception
/Users/alexb/Documents/Dev/Dev_new/gs-server/common/src/main/java/com/dgphoenix/casino/common/exception/MismatchSessionException.java:[3,38] error: cannot find symbol
[ERROR]   symbol:   class ObjectNotFoundException
  location: package com.abs.casino.common.exception
/Users/alexb/Documents/Dev/Dev_new/gs-server/common/src/main/java/com/dgphoenix/casino/common/exception/MismatchSessionException.java:[8,46] error: cannot find symbol
[INFO] 3 errors 
[INFO] -------------------------------------------------------------
[INFO] ------------------------------------------------------------------------
[INFO] BUILD FAILURE
[INFO] ------------------------------------------------------------------------
[INFO] Total time:  2.496 s
[INFO] Finished at: 2026-02-28T07:52:12Z
[INFO] ------------------------------------------------------------------------
[ERROR] Failed to execute goal org.apache.maven.plugins:maven-compiler-plugin:2.5.1:compile (default-compile) on project gsn-common: Compilation failure: Compilation failure: 
[ERROR] /Users/alexb/Documents/Dev/Dev_new/gs-server/common/src/main/java/com/dgphoenix/casino/common/web/XmlApiBaseAction.java:[3,38] error: cannot find symbol
[ERROR]   symbol:   class XmlWriterException
[ERROR]   location: package com.abs.casino.common.exception
[ERROR] /Users/alexb/Documents/Dev/Dev_new/gs-server/common/src/main/java/com/dgphoenix/casino/common/exception/MismatchSessionException.java:[3,38] error: cannot find symbol
[ERROR]   symbol:   class ObjectNotFoundException
[ERROR]   location: package com.abs.casino.common.exception
[ERROR] /Users/alexb/Documents/Dev/Dev_new/gs-server/common/src/main/java/com/dgphoenix/casino/common/exception/MismatchSessionException.java:[8,46] error: cannot find symbol
[ERROR] -> [Help 1]
[ERROR] 
[ERROR] To see the full stack trace of the errors, re-run Maven with the -e switch.
[ERROR] Re-run Maven using the -X switch to enable full debug logging.
[ERROR] 
[ERROR] For more information about the errors and possible solutions, please read the following articles:
[ERROR] [Help 1] http://cwiki.apache.org/confluence/display/MAVEN/MojoFailureException
[2026-02-28T07:52:12Z] FAIL STEP01 rc=1
[2026-02-28T07:52:12Z] FAIL STEP01 rc=1
