[INFO] Scanning for projects...
[INFO] 
[INFO] ----------------< com.dgphoenix.casino:gsn-promo-core >-----------------
[INFO] Building gsn-promo-core 1.2
[INFO]   from pom.xml
[INFO] --------------------------------[ jar ]---------------------------------
[INFO] 
[INFO] --- enforcer:3.0.0-M1:enforce (enforce-banned-dependencies) @ gsn-promo-core ---
[INFO] 
[INFO] --- resources:3.3.1:resources (default-resources) @ gsn-promo-core ---
[INFO] skip non existing resourceDirectory /Users/alexb/Documents/Dev/Dev_new/gs-server/promo/core/src/main/resources
[INFO] 
[INFO] --- compiler:2.5.1:compile (default-compile) @ gsn-promo-core ---
[INFO] Compiling 17 source files to /Users/alexb/Documents/Dev/Dev_new/gs-server/promo/core/target/classes
[INFO] -------------------------------------------------------------
[ERROR] COMPILATION ERROR : 
[INFO] -------------------------------------------------------------
[ERROR] /Users/alexb/Documents/Dev/Dev_new/gs-server/promo/core/src/main/java/com/dgphoenix/casino/promo/NotAvailableStatisticsProvider.java:[3,34] error: cannot find symbol
[ERROR]   symbol:   class ICampaignStatisticsProvider
  location: package com.abs.casino.common.promo
/Users/alexb/Documents/Dev/Dev_new/gs-server/promo/core/src/main/java/com/dgphoenix/casino/promo/NotAvailableStatisticsProvider.java:[9,55] error: cannot find symbol
[ERROR]   symbol: class ICampaignStatisticsProvider
/Users/alexb/Documents/Dev/Dev_new/gs-server/promo/core/src/main/java/com/dgphoenix/casino/promo/PromoCampaignManager.java:[5,37] error: cannot find symbol
[ERROR]   symbol:   class DistributedLockManager
  location: package com.dgphoenix.casino.cassandra
/Users/alexb/Documents/Dev/Dev_new/gs-server/promo/core/src/main/java/com/dgphoenix/casino/promo/PromoCampaignManager.java:[26,34] error: cannot find symbol
[ERROR]   symbol:   class INetworkPromoCampaign
  location: package com.abs.casino.common.promo
/Users/alexb/Documents/Dev/Dev_new/gs-server/promo/core/src/main/java/com/dgphoenix/casino/promo/PromoCampaignManager.java:[27,34] error: cannot find symbol
[ERROR]   symbol:   class IPromoCountryRestrictionService
  location: package com.abs.casino.common.promo
/Users/alexb/Documents/Dev/Dev_new/gs-server/promo/core/src/main/java/com/dgphoenix/casino/promo/PromoCampaignManager.java:[512,11] error: cannot find symbol
[INFO] 6 errors 
[INFO] -------------------------------------------------------------
[INFO] ------------------------------------------------------------------------
[INFO] BUILD FAILURE
[INFO] ------------------------------------------------------------------------
[INFO] Total time:  1.094 s
[INFO] Finished at: 2026-03-01T09:42:28Z
[INFO] ------------------------------------------------------------------------
[ERROR] Failed to execute goal org.apache.maven.plugins:maven-compiler-plugin:2.5.1:compile (default-compile) on project gsn-promo-core: Compilation failure: Compilation failure: 
[ERROR] /Users/alexb/Documents/Dev/Dev_new/gs-server/promo/core/src/main/java/com/dgphoenix/casino/promo/NotAvailableStatisticsProvider.java:[3,34] error: cannot find symbol
[ERROR]   symbol:   class ICampaignStatisticsProvider
[ERROR]   location: package com.abs.casino.common.promo
[ERROR] /Users/alexb/Documents/Dev/Dev_new/gs-server/promo/core/src/main/java/com/dgphoenix/casino/promo/NotAvailableStatisticsProvider.java:[9,55] error: cannot find symbol
[ERROR]   symbol: class ICampaignStatisticsProvider
[ERROR] /Users/alexb/Documents/Dev/Dev_new/gs-server/promo/core/src/main/java/com/dgphoenix/casino/promo/PromoCampaignManager.java:[5,37] error: cannot find symbol
[ERROR]   symbol:   class DistributedLockManager
[ERROR]   location: package com.dgphoenix.casino.cassandra
[ERROR] /Users/alexb/Documents/Dev/Dev_new/gs-server/promo/core/src/main/java/com/dgphoenix/casino/promo/PromoCampaignManager.java:[26,34] error: cannot find symbol
[ERROR]   symbol:   class INetworkPromoCampaign
[ERROR]   location: package com.abs.casino.common.promo
[ERROR] /Users/alexb/Documents/Dev/Dev_new/gs-server/promo/core/src/main/java/com/dgphoenix/casino/promo/PromoCampaignManager.java:[27,34] error: cannot find symbol
[ERROR]   symbol:   class IPromoCountryRestrictionService
[ERROR]   location: package com.abs.casino.common.promo
[ERROR] /Users/alexb/Documents/Dev/Dev_new/gs-server/promo/core/src/main/java/com/dgphoenix/casino/promo/PromoCampaignManager.java:[512,11] error: cannot find symbol
[ERROR] -> [Help 1]
[ERROR] 
[ERROR] To see the full stack trace of the errors, re-run Maven with the -e switch.
[ERROR] Re-run Maven using the -X switch to enable full debug logging.
[ERROR] 
[ERROR] For more information about the errors and possible solutions, please read the following articles:
[ERROR] [Help 1] http://cwiki.apache.org/confluence/display/MAVEN/MojoFailureException
