[2026-03-03T07:52:03Z] START common-games
[2026-03-03T07:52:03Z] DIR mp-server/games/common-games
[2026-03-03T07:52:03Z] CMD mvn -DskipTests install
[INFO] Scanning for projects...
[INFO] 
[INFO] ---------------< com.betsoft.casino.mp:mp-common-games >----------------
[INFO] Building MP Common Games 1.0.0-SNAPSHOT
[INFO]   from pom.xml
[INFO] --------------------------------[ jar ]---------------------------------
[INFO] 
[INFO] --- resources:3.0.2:resources (default-resources) @ mp-common-games ---
[INFO] Using 'UTF-8' encoding to copy filtered resources.
[INFO] Copying 100 resources
[INFO] 
[INFO] --- compiler:3.6.0:compile (default-compile) @ mp-common-games ---
[INFO] Nothing to compile - all classes are up to date
[INFO] 
[INFO] --- resources:3.0.2:testResources (default-testResources) @ mp-common-games ---
[INFO] Using 'UTF-8' encoding to copy filtered resources.
[INFO] Copying 7 resources
[INFO] 
[INFO] --- compiler:3.6.0:testCompile (default-testCompile) @ mp-common-games ---
[INFO] Nothing to compile - all classes are up to date
[INFO] 
[INFO] --- surefire:2.19.1:test (default-test) @ mp-common-games ---
[INFO] Tests are skipped.
[INFO] 
[INFO] --- jar:3.0.2:jar (default-jar) @ mp-common-games ---
[INFO] Building jar: /Users/alexb/Documents/Dev/Dev_new/mp-server/games/common-games/target/mp-common-games-1.0.0-SNAPSHOT.jar
[INFO] 
[INFO] --- install:2.5.2:install (default-install) @ mp-common-games ---
[INFO] Installing /Users/alexb/Documents/Dev/Dev_new/mp-server/games/common-games/target/mp-common-games-1.0.0-SNAPSHOT.jar to /Users/alexb/.m2/repository/com/betsoft/casino/mp/mp-common-games/1.0.0-SNAPSHOT/mp-common-games-1.0.0-SNAPSHOT.jar
[INFO] Installing /Users/alexb/Documents/Dev/Dev_new/mp-server/games/common-games/pom.xml to /Users/alexb/.m2/repository/com/betsoft/casino/mp/mp-common-games/1.0.0-SNAPSHOT/mp-common-games-1.0.0-SNAPSHOT.pom
[INFO] ------------------------------------------------------------------------
[INFO] BUILD SUCCESS
[INFO] ------------------------------------------------------------------------
[INFO] Total time:  3.782 s
[INFO] Finished at: 2026-03-03T07:52:08Z
[INFO] ------------------------------------------------------------------------
[2026-03-03T07:52:08Z] PASS common-games rc=0
