[INFO] Scanning for projects...
[INFO] 
[INFO] -----------------< com.dgphoenix.casino:common-wallet >-----------------
[INFO] Building common-wallet 1.0.67
[INFO]   from pom.xml
[INFO] --------------------------------[ jar ]---------------------------------
[INFO] 
[INFO] --- enforcer:3.0.0-M1:enforce (enforce-banned-dependencies) @ common-wallet ---
[INFO] 
[INFO] --- resources:3.3.1:resources (default-resources) @ common-wallet ---
[INFO] skip non existing resourceDirectory /Users/alexb/Documents/Dev/Dev_new/gs-server/common-wallet/src/main/resources
[INFO] 
[INFO] --- compiler:2.5.1:compile (default-compile) @ common-wallet ---
[INFO] Compiling 12 source files to /Users/alexb/Documents/Dev/Dev_new/gs-server/common-wallet/target/classes
[INFO] -------------------------------------------------------------
[ERROR] COMPILATION ERROR : 
[INFO] -------------------------------------------------------------
[ERROR] /Users/alexb/Documents/Dev/Dev_new/gs-server/common-wallet/src/main/java/com/dgphoenix/casino/payment/wallet/client/v4/CanexCWClient.java:[46,7] error: CanexCWClient is not abstract and does not override abstract method pushRoomsPlayers(List<Room>) in IJsonCWClient
[ERROR] /Users/alexb/Documents/Dev/Dev_new/gs-server/common-wallet/src/main/java/com/dgphoenix/casino/payment/wallet/client/v4/CanexCWClient.java:[196,36] error: getOnlineStatus(List<String>) in CanexCWClient cannot implement getOnlineStatus(List<String>) in IJsonCWClient
[ERROR]   return type com.dgphoenix.casino.common.client.canex.request.onlineplayer.GetOnlinePlayersResponse is not compatible with com.abs.casino.common.client.canex.request.onlineplayer.GetOnlinePlayersResponse
/Users/alexb/Documents/Dev/Dev_new/gs-server/common-wallet/src/main/java/com/dgphoenix/casino/payment/wallet/client/v4/CanexCWClient.java:[180,30] error: getFriends(String,String) in CanexCWClient cannot implement getFriends(String,String) in IJsonCWClient
[ERROR]   return type com.dgphoenix.casino.common.client.canex.request.friends.GetFriendsResponse is not compatible with com.abs.casino.common.client.canex.request.friends.GetFriendsResponse
/Users/alexb/Documents/Dev/Dev_new/gs-server/common-wallet/src/main/java/com/dgphoenix/casino/payment/wallet/client/v4/CanexCWClient.java:[179,4] error: method does not override or implement a method from a supertype
[ERROR] /Users/alexb/Documents/Dev/Dev_new/gs-server/common-wallet/src/main/java/com/dgphoenix/casino/payment/wallet/client/v4/CanexCWClient.java:[195,4] error: method does not override or implement a method from a supertype
[ERROR] /Users/alexb/Documents/Dev/Dev_new/gs-server/common-wallet/src/main/java/com/dgphoenix/casino/payment/wallet/client/v4/CanexCWClient.java:[212,19] error: name clash: pushRoomsPlayers(List<com.dgphoenix.casino.common.client.canex.request.onlinerooms.Room>) in CanexCWClient and pushRoomsPlayers(List<com.abs.casino.common.client.canex.request.onlinerooms.Room>) in IJsonCWClient have the same erasure, yet neither overrides the other
[ERROR] /Users/alexb/Documents/Dev/Dev_new/gs-server/common-wallet/src/main/java/com/dgphoenix/casino/payment/wallet/client/v4/CanexCWClient.java:[211,4] error: method does not override or implement a method from a supertype
[INFO] 7 errors 
[INFO] -------------------------------------------------------------
[INFO] ------------------------------------------------------------------------
[INFO] BUILD FAILURE
[INFO] ------------------------------------------------------------------------
[INFO] Total time:  1.592 s
[INFO] Finished at: 2026-02-27T05:13:33Z
[INFO] ------------------------------------------------------------------------
[ERROR] Failed to execute goal org.apache.maven.plugins:maven-compiler-plugin:2.5.1:compile (default-compile) on project common-wallet: Compilation failure: Compilation failure: 
[ERROR] /Users/alexb/Documents/Dev/Dev_new/gs-server/common-wallet/src/main/java/com/dgphoenix/casino/payment/wallet/client/v4/CanexCWClient.java:[46,7] error: CanexCWClient is not abstract and does not override abstract method pushRoomsPlayers(List<Room>) in IJsonCWClient
[ERROR] /Users/alexb/Documents/Dev/Dev_new/gs-server/common-wallet/src/main/java/com/dgphoenix/casino/payment/wallet/client/v4/CanexCWClient.java:[196,36] error: getOnlineStatus(List<String>) in CanexCWClient cannot implement getOnlineStatus(List<String>) in IJsonCWClient
[ERROR]   return type com.dgphoenix.casino.common.client.canex.request.onlineplayer.GetOnlinePlayersResponse is not compatible with com.abs.casino.common.client.canex.request.onlineplayer.GetOnlinePlayersResponse
[ERROR] /Users/alexb/Documents/Dev/Dev_new/gs-server/common-wallet/src/main/java/com/dgphoenix/casino/payment/wallet/client/v4/CanexCWClient.java:[180,30] error: getFriends(String,String) in CanexCWClient cannot implement getFriends(String,String) in IJsonCWClient
[ERROR]   return type com.dgphoenix.casino.common.client.canex.request.friends.GetFriendsResponse is not compatible with com.abs.casino.common.client.canex.request.friends.GetFriendsResponse
[ERROR] /Users/alexb/Documents/Dev/Dev_new/gs-server/common-wallet/src/main/java/com/dgphoenix/casino/payment/wallet/client/v4/CanexCWClient.java:[179,4] error: method does not override or implement a method from a supertype
[ERROR] /Users/alexb/Documents/Dev/Dev_new/gs-server/common-wallet/src/main/java/com/dgphoenix/casino/payment/wallet/client/v4/CanexCWClient.java:[195,4] error: method does not override or implement a method from a supertype
[ERROR] /Users/alexb/Documents/Dev/Dev_new/gs-server/common-wallet/src/main/java/com/dgphoenix/casino/payment/wallet/client/v4/CanexCWClient.java:[212,19] error: name clash: pushRoomsPlayers(List<com.dgphoenix.casino.common.client.canex.request.onlinerooms.Room>) in CanexCWClient and pushRoomsPlayers(List<com.abs.casino.common.client.canex.request.onlinerooms.Room>) in IJsonCWClient have the same erasure, yet neither overrides the other
[ERROR] /Users/alexb/Documents/Dev/Dev_new/gs-server/common-wallet/src/main/java/com/dgphoenix/casino/payment/wallet/client/v4/CanexCWClient.java:[211,4] error: method does not override or implement a method from a supertype
[ERROR] -> [Help 1]
[ERROR] 
[ERROR] To see the full stack trace of the errors, re-run Maven with the -e switch.
[ERROR] Re-run Maven using the -X switch to enable full debug logging.
[ERROR] 
[ERROR] For more information about the errors and possible solutions, please read the following articles:
[ERROR] [Help 1] http://cwiki.apache.org/confluence/display/MAVEN/MojoFailureException
