[INFO] Scanning for projects...
[INFO] 
[INFO] -----------------< com.dgphoenix.casino:gsn-common-gs >-----------------
[INFO] Building gsn-common-gs 1.0
[INFO]   from pom.xml
[INFO] --------------------------------[ jar ]---------------------------------
[INFO] 
[INFO] --- dependency:2.8:copy (default) @ gsn-common-gs ---
[INFO] Configured Artifact: javax.xml.bind:jaxb-api:2.2.7:jar
[INFO] Configured Artifact: javax.xml.ws:jaxws-api:2.2.9:jar
[INFO] javax.xml.bind:jaxb-api:2.2.7:jar already exists in /Users/alexb/Documents/Dev/Dev_new/gs-server/game-server/common-gs/target/endorsed
[INFO] javax.xml.ws:jaxws-api:2.2.9:jar already exists in /Users/alexb/Documents/Dev/Dev_new/gs-server/game-server/common-gs/target/endorsed
[INFO] 
[INFO] --- enforcer:3.0.0-M1:enforce (enforce-banned-dependencies) @ gsn-common-gs ---
[INFO] 
[INFO] --- properties:1.0.0:read-project-properties (default) @ gsn-common-gs ---
[INFO] 
[INFO] --- resources:3.1.0:resources (default-resources) @ gsn-common-gs ---
[INFO] Using 'UTF-8' encoding to copy filtered resources.
[INFO] Copying 5 resources
[INFO] 
[INFO] --- compiler:2.5.1:compile (default-compile) @ gsn-common-gs ---
[INFO] Compiling 92 source files to /Users/alexb/Documents/Dev/Dev_new/gs-server/game-server/common-gs/target/classes
[INFO] -------------------------------------------------------------
[ERROR] COMPILATION ERROR : 
[INFO] -------------------------------------------------------------
[ERROR] /Users/alexb/Documents/Dev/Dev_new/gs-server/game-server/common-gs/src/main/java/com/dgphoenix/casino/gs/managers/game/socket/GameSocketServer.java:[7,35] error: package com.abs.casino.common.socket does not exist
[ERROR] /Users/alexb/Documents/Dev/Dev_new/gs-server/game-server/common-gs/src/main/java/com/dgphoenix/casino/gs/managers/game/socket/GameSocketServer.java:[8,35] error: package com.abs.casino.common.socket does not exist
[ERROR] /Users/alexb/Documents/Dev/Dev_new/gs-server/game-server/common-gs/src/main/java/com/dgphoenix/casino/gs/managers/game/socket/GameSocketServer.java:[9,35] error: package com.abs.casino.common.socket does not exist
[ERROR] /Users/alexb/Documents/Dev/Dev_new/gs-server/game-server/common-gs/src/main/java/com/dgphoenix/casino/gs/managers/game/socket/GameSocketServer.java:[10,35] error: package com.abs.casino.common.socket does not exist
[ERROR] /Users/alexb/Documents/Dev/Dev_new/gs-server/game-server/common-gs/src/main/java/com/dgphoenix/casino/gs/managers/game/socket/GameSocketServer.java:[23,41] error: cannot find symbol
[ERROR]   symbol: class ISocketServerObserver
/Users/alexb/Documents/Dev/Dev_new/gs-server/game-server/common-gs/src/main/java/com/dgphoenix/casino/gs/managers/game/socket/GameSocketServer.java:[26,12] error: cannot find symbol
[ERROR]   symbol:   class SocketServer
  location: class GameSocketServer
/Users/alexb/Documents/Dev/Dev_new/gs-server/game-server/common-gs/src/main/java/com/dgphoenix/casino/gs/managers/game/socket/GameSocketServer.java:[27,16] error: cannot find symbol
[ERROR]   symbol:   class ISocketClient
  location: class GameSocketServer
/Users/alexb/Documents/Dev/Dev_new/gs-server/game-server/common-gs/src/main/java/com/dgphoenix/casino/gs/managers/game/socket/IGameSocketObserver.java:[4,35] error: package com.abs.casino.common.socket does not exist
[ERROR] /Users/alexb/Documents/Dev/Dev_new/gs-server/game-server/common-gs/src/main/java/com/dgphoenix/casino/gs/managers/game/socket/GameSocketServer.java:[29,16] error: cannot find symbol
[ERROR]   symbol:   class ISocketClient
  location: class GameSocketServer
/Users/alexb/Documents/Dev/Dev_new/gs-server/game-server/common-gs/src/main/java/com/dgphoenix/casino/gs/managers/game/socket/GameSocketServer.java:[30,16] error: cannot find symbol
[ERROR]   symbol:   class ISocketClient
  location: class GameSocketServer
/Users/alexb/Documents/Dev/Dev_new/gs-server/game-server/common-gs/src/main/java/com/dgphoenix/casino/gs/managers/game/socket/GameSocketServer.java:[77,35] error: cannot find symbol
[ERROR]   symbol:   class ISocketClient
  location: class GameSocketServer
/Users/alexb/Documents/Dev/Dev_new/gs-server/game-server/common-gs/src/main/java/com/dgphoenix/casino/gs/managers/game/socket/GameSocketServer.java:[82,33] error: cannot find symbol
[ERROR]   symbol:   class ISocketClient
  location: class GameSocketServer
/Users/alexb/Documents/Dev/Dev_new/gs-server/game-server/common-gs/src/main/java/com/dgphoenix/casino/gs/managers/game/socket/GameSocketServer.java:[87,29] error: cannot find symbol
[ERROR]   symbol:   class ISocketClient
  location: class GameSocketServer
/Users/alexb/Documents/Dev/Dev_new/gs-server/game-server/common-gs/src/main/java/com/dgphoenix/casino/gs/managers/game/socket/GameSocketServer.java:[136,32] error: cannot find symbol
[ERROR]   symbol:   class ISocketClient
  location: class GameSocketServer
/Users/alexb/Documents/Dev/Dev_new/gs-server/game-server/common-gs/src/main/java/com/dgphoenix/casino/gs/managers/game/socket/GameSocketServer.java:[171,34] error: cannot find symbol
[ERROR]   symbol:   class ISocketClient
  location: class GameSocketServer
/Users/alexb/Documents/Dev/Dev_new/gs-server/game-server/common-gs/src/main/java/com/dgphoenix/casino/gs/managers/game/socket/IGameSocketObserver.java:[12,29] error: cannot find symbol
[ERROR]   symbol:   class ISocketClient
  location: interface IGameSocketObserver
/Users/alexb/Documents/Dev/Dev_new/gs-server/game-server/common-gs/src/main/java/com/dgphoenix/casino/gs/managers/game/socket/IGameSocketObserver.java:[14,26] error: cannot find symbol
[INFO] 17 errors 
[INFO] -------------------------------------------------------------
[INFO] ------------------------------------------------------------------------
[INFO] BUILD FAILURE
[INFO] ------------------------------------------------------------------------
[INFO] Total time:  3.448 s
[INFO] Finished at: 2026-02-27T02:16:44Z
[INFO] ------------------------------------------------------------------------
[ERROR] Failed to execute goal org.apache.maven.plugins:maven-compiler-plugin:2.5.1:compile (default-compile) on project gsn-common-gs: Compilation failure: Compilation failure: 
[ERROR] /Users/alexb/Documents/Dev/Dev_new/gs-server/game-server/common-gs/src/main/java/com/dgphoenix/casino/gs/managers/game/socket/GameSocketServer.java:[7,35] error: package com.abs.casino.common.socket does not exist
[ERROR] /Users/alexb/Documents/Dev/Dev_new/gs-server/game-server/common-gs/src/main/java/com/dgphoenix/casino/gs/managers/game/socket/GameSocketServer.java:[8,35] error: package com.abs.casino.common.socket does not exist
[ERROR] /Users/alexb/Documents/Dev/Dev_new/gs-server/game-server/common-gs/src/main/java/com/dgphoenix/casino/gs/managers/game/socket/GameSocketServer.java:[9,35] error: package com.abs.casino.common.socket does not exist
[ERROR] /Users/alexb/Documents/Dev/Dev_new/gs-server/game-server/common-gs/src/main/java/com/dgphoenix/casino/gs/managers/game/socket/GameSocketServer.java:[10,35] error: package com.abs.casino.common.socket does not exist
[ERROR] /Users/alexb/Documents/Dev/Dev_new/gs-server/game-server/common-gs/src/main/java/com/dgphoenix/casino/gs/managers/game/socket/GameSocketServer.java:[23,41] error: cannot find symbol
[ERROR]   symbol: class ISocketServerObserver
[ERROR] /Users/alexb/Documents/Dev/Dev_new/gs-server/game-server/common-gs/src/main/java/com/dgphoenix/casino/gs/managers/game/socket/GameSocketServer.java:[26,12] error: cannot find symbol
[ERROR]   symbol:   class SocketServer
[ERROR]   location: class GameSocketServer
[ERROR] /Users/alexb/Documents/Dev/Dev_new/gs-server/game-server/common-gs/src/main/java/com/dgphoenix/casino/gs/managers/game/socket/GameSocketServer.java:[27,16] error: cannot find symbol
[ERROR]   symbol:   class ISocketClient
[ERROR]   location: class GameSocketServer
[ERROR] /Users/alexb/Documents/Dev/Dev_new/gs-server/game-server/common-gs/src/main/java/com/dgphoenix/casino/gs/managers/game/socket/IGameSocketObserver.java:[4,35] error: package com.abs.casino.common.socket does not exist
[ERROR] /Users/alexb/Documents/Dev/Dev_new/gs-server/game-server/common-gs/src/main/java/com/dgphoenix/casino/gs/managers/game/socket/GameSocketServer.java:[29,16] error: cannot find symbol
[ERROR]   symbol:   class ISocketClient
[ERROR]   location: class GameSocketServer
[ERROR] /Users/alexb/Documents/Dev/Dev_new/gs-server/game-server/common-gs/src/main/java/com/dgphoenix/casino/gs/managers/game/socket/GameSocketServer.java:[30,16] error: cannot find symbol
[ERROR]   symbol:   class ISocketClient
[ERROR]   location: class GameSocketServer
[ERROR] /Users/alexb/Documents/Dev/Dev_new/gs-server/game-server/common-gs/src/main/java/com/dgphoenix/casino/gs/managers/game/socket/GameSocketServer.java:[77,35] error: cannot find symbol
[ERROR]   symbol:   class ISocketClient
[ERROR]   location: class GameSocketServer
[ERROR] /Users/alexb/Documents/Dev/Dev_new/gs-server/game-server/common-gs/src/main/java/com/dgphoenix/casino/gs/managers/game/socket/GameSocketServer.java:[82,33] error: cannot find symbol
[ERROR]   symbol:   class ISocketClient
[ERROR]   location: class GameSocketServer
[ERROR] /Users/alexb/Documents/Dev/Dev_new/gs-server/game-server/common-gs/src/main/java/com/dgphoenix/casino/gs/managers/game/socket/GameSocketServer.java:[87,29] error: cannot find symbol
[ERROR]   symbol:   class ISocketClient
[ERROR]   location: class GameSocketServer
[ERROR] /Users/alexb/Documents/Dev/Dev_new/gs-server/game-server/common-gs/src/main/java/com/dgphoenix/casino/gs/managers/game/socket/GameSocketServer.java:[136,32] error: cannot find symbol
[ERROR]   symbol:   class ISocketClient
[ERROR]   location: class GameSocketServer
[ERROR] /Users/alexb/Documents/Dev/Dev_new/gs-server/game-server/common-gs/src/main/java/com/dgphoenix/casino/gs/managers/game/socket/GameSocketServer.java:[171,34] error: cannot find symbol
[ERROR]   symbol:   class ISocketClient
[ERROR]   location: class GameSocketServer
[ERROR] /Users/alexb/Documents/Dev/Dev_new/gs-server/game-server/common-gs/src/main/java/com/dgphoenix/casino/gs/managers/game/socket/IGameSocketObserver.java:[12,29] error: cannot find symbol
[ERROR]   symbol:   class ISocketClient
[ERROR]   location: interface IGameSocketObserver
[ERROR] /Users/alexb/Documents/Dev/Dev_new/gs-server/game-server/common-gs/src/main/java/com/dgphoenix/casino/gs/managers/game/socket/IGameSocketObserver.java:[14,26] error: cannot find symbol
[ERROR] -> [Help 1]
[ERROR] 
[ERROR] To see the full stack trace of the errors, re-run Maven with the -e switch.
[ERROR] Re-run Maven using the -X switch to enable full debug logging.
[ERROR] 
[ERROR] For more information about the errors and possible solutions, please read the following articles:
[ERROR] [Help 1] http://cwiki.apache.org/confluence/display/MAVEN/MojoFailureException
