[INFO] Scanning for projects...
[INFO] 
[INFO] -----------------< com.dgphoenix.casino:gsn-common-gs >-----------------
[INFO] Building gsn-common-gs 1.0
[INFO]   from pom.xml
[INFO] --------------------------------[ jar ]---------------------------------
[INFO] 
[INFO] --- dependency:2.8:copy (default) @ gsn-common-gs ---
[INFO] Configured Artifact: javax.xml.bind:jaxb-api:2.2.7:jar
[INFO] Configured Artifact: javax.xml.ws:jaxws-api:2.2.9:jar
[INFO] javax.xml.bind:jaxb-api:2.2.7:jar already exists in /Users/alexb/Documents/Dev/Dev_new/gs-server/game-server/common-gs/target/endorsed
[INFO] javax.xml.ws:jaxws-api:2.2.9:jar already exists in /Users/alexb/Documents/Dev/Dev_new/gs-server/game-server/common-gs/target/endorsed
[INFO] 
[INFO] --- enforcer:3.0.0-M1:enforce (enforce-banned-dependencies) @ gsn-common-gs ---
[INFO] 
[INFO] --- properties:1.0.0:read-project-properties (default) @ gsn-common-gs ---
[INFO] 
[INFO] --- resources:3.1.0:resources (default-resources) @ gsn-common-gs ---
[INFO] Using 'UTF-8' encoding to copy filtered resources.
[INFO] Copying 5 resources
[INFO] 
[INFO] --- compiler:2.5.1:compile (default-compile) @ gsn-common-gs ---
[INFO] Compiling 443 source files to /Users/alexb/Documents/Dev/Dev_new/gs-server/game-server/common-gs/target/classes
[INFO] -------------------------------------------------------------
[ERROR] COMPILATION ERROR : 
[INFO] -------------------------------------------------------------
[ERROR] /Users/alexb/Documents/Dev/Dev_new/gs-server/game-server/common-gs/src/main/java/com/dgphoenix/casino/gs/socket/mq/MQServiceHandler.java:[77,31] error: cannot find symbol
[ERROR]   symbol:   class BGFStatus
  location: package com.abs.casino.kafka.dto
/Users/alexb/Documents/Dev/Dev_new/gs-server/game-server/common-gs/src/main/java/com/dgphoenix/casino/gs/socket/mq/MQServiceHandler.java:[79,31] error: cannot find symbol
[ERROR]   symbol:   class BGOStatus
  location: package com.abs.casino.kafka.dto
/Users/alexb/Documents/Dev/Dev_new/gs-server/game-server/common-gs/src/main/java/com/dgphoenix/casino/gs/socket/mq/MQServiceHandler.java:[84,31] error: cannot find symbol
[ERROR]   symbol:   class BattlegroundInfoDto
  location: package com.abs.casino.kafka.dto
/Users/alexb/Documents/Dev/Dev_new/gs-server/game-server/common-gs/src/main/java/com/dgphoenix/casino/gs/socket/mq/MQServiceHandler.java:[85,31] error: cannot find symbol
[ERROR]   symbol:   class BattlegroundRoundInfoDto
  location: package com.abs.casino.kafka.dto
/Users/alexb/Documents/Dev/Dev_new/gs-server/game-server/common-gs/src/main/java/com/dgphoenix/casino/gs/socket/mq/MQServiceHandler.java:[92,31] error: cannot find symbol
[ERROR]   symbol:   class FRBonusDto
  location: package com.abs.casino.kafka.dto
/Users/alexb/Documents/Dev/Dev_new/gs-server/game-server/common-gs/src/main/java/com/dgphoenix/casino/gs/socket/mq/MQServiceHandler.java:[96,31] error: cannot find symbol
[ERROR]   symbol:   class PlaceDto
  location: package com.abs.casino.kafka.dto
/Users/alexb/Documents/Dev/Dev_new/gs-server/game-server/common-gs/src/main/java/com/dgphoenix/casino/gs/socket/mq/MQServiceHandler.java:[97,31] error: cannot find symbol
[ERROR]   symbol:   class RMSPlayerDto
  location: package com.abs.casino.kafka.dto
/Users/alexb/Documents/Dev/Dev_new/gs-server/game-server/common-gs/src/main/java/com/dgphoenix/casino/gs/socket/mq/MQServiceHandler.java:[1752,21] error: cannot find symbol
[ERROR]   symbol:   class BGFStatus
  location: class MQServiceHandler
/Users/alexb/Documents/Dev/Dev_new/gs-server/game-server/common-gs/src/main/java/com/dgphoenix/casino/gs/socket/mq/MQServiceHandler.java:[1932,21] error: cannot find symbol
[ERROR]   symbol:   class BGOStatus
  location: class MQServiceHandler
/Users/alexb/Documents/Dev/Dev_new/gs-server/game-server/common-gs/src/main/java/com/dgphoenix/casino/gs/socket/mq/MQServiceHandler.java:[3800,17] error: cannot find symbol
[ERROR]   symbol:   class BattlegroundInfoDto
  location: class MQServiceHandler
/Users/alexb/Documents/Dev/Dev_new/gs-server/game-server/common-gs/src/main/java/com/dgphoenix/casino/gs/socket/mq/MQServiceHandler.java:[3819,12] error: cannot find symbol
[ERROR]   symbol:   class BattlegroundInfoDto
  location: class MQServiceHandler
/Users/alexb/Documents/Dev/Dev_new/gs-server/game-server/common-gs/src/main/java/com/dgphoenix/casino/gs/socket/mq/MQServiceHandler.java:[4043,64] error: cannot find symbol
[ERROR]   symbol:   class PlaceDto
  location: class MQServiceHandler
/Users/alexb/Documents/Dev/Dev_new/gs-server/game-server/common-gs/src/main/java/com/dgphoenix/casino/gs/socket/mq/MQServiceHandler.java:[4710,47] error: cannot find symbol
[ERROR]   symbol:   class RMSPlayerDto
  location: class MQServiceHandler
/Users/alexb/Documents/Dev/Dev_new/gs-server/game-server/common-gs/src/main/java/com/dgphoenix/casino/util/BGOStatusUtil.java:[3,31] error: cannot find symbol
[ERROR]   symbol:   class BGOStatus
  location: package com.abs.casino.kafka.dto
/Users/alexb/Documents/Dev/Dev_new/gs-server/game-server/common-gs/src/main/java/com/dgphoenix/casino/util/BGOStatusUtil.java:[7,51] error: cannot find symbol
[ERROR]   symbol:   class BGOStatus
  location: class BGOStatusUtil
/Users/alexb/Documents/Dev/Dev_new/gs-server/game-server/common-gs/src/main/java/com/dgphoenix/casino/util/BGOStatusUtil.java:[16,18] error: cannot find symbol
[ERROR]   symbol:   class BGOStatus
  location: class BGOStatusUtil
/Users/alexb/Documents/Dev/Dev_new/gs-server/game-server/common-gs/src/main/java/com/dgphoenix/casino/gs/socket/MQDataConverter.java:[5,31] error: cannot find symbol
[ERROR]   symbol:   class MQQuestAmountDto
  location: package com.abs.casino.kafka.dto
/Users/alexb/Documents/Dev/Dev_new/gs-server/game-server/common-gs/src/main/java/com/dgphoenix/casino/gs/socket/MQDataConverter.java:[6,31] error: cannot find symbol
[ERROR]   symbol:   class MQQuestDataDto
  location: package com.abs.casino.kafka.dto
/Users/alexb/Documents/Dev/Dev_new/gs-server/game-server/common-gs/src/main/java/com/dgphoenix/casino/gs/socket/MQDataConverter.java:[7,31] error: cannot find symbol
[ERROR]   symbol:   class MQQuestPrizeDto
  location: package com.abs.casino.kafka.dto
/Users/alexb/Documents/Dev/Dev_new/gs-server/game-server/common-gs/src/main/java/com/dgphoenix/casino/gs/socket/MQDataConverter.java:[8,31] error: cannot find symbol
[ERROR]   symbol:   class MQTreasureQuestProgressDto
  location: package com.abs.casino.kafka.dto
/Users/alexb/Documents/Dev/Dev_new/gs-server/game-server/common-gs/src/main/java/com/dgphoenix/casino/util/BGFStatusUtil.java:[4,31] error: cannot find symbol
[ERROR]   symbol:   class BGFStatus
  location: package com.abs.casino.kafka.dto
/Users/alexb/Documents/Dev/Dev_new/gs-server/game-server/common-gs/src/main/java/com/dgphoenix/casino/util/BGFStatusUtil.java:[7,40] error: cannot find symbol
[ERROR]   symbol:   class BGFStatus
  location: class BGFStatusUtil
/Users/alexb/Documents/Dev/Dev_new/gs-server/game-server/common-gs/src/main/java/com/dgphoenix/casino/util/BGFStatusUtil.java:[22,18] error: cannot find symbol
[INFO] 23 errors 
[INFO] -------------------------------------------------------------
[INFO] ------------------------------------------------------------------------
[INFO] BUILD FAILURE
[INFO] ------------------------------------------------------------------------
[INFO] Total time:  3.046 s
[INFO] Finished at: 2026-02-28T02:24:30Z
[INFO] ------------------------------------------------------------------------
[ERROR] Failed to execute goal org.apache.maven.plugins:maven-compiler-plugin:2.5.1:compile (default-compile) on project gsn-common-gs: Compilation failure: Compilation failure: 
[ERROR] /Users/alexb/Documents/Dev/Dev_new/gs-server/game-server/common-gs/src/main/java/com/dgphoenix/casino/gs/socket/mq/MQServiceHandler.java:[77,31] error: cannot find symbol
[ERROR]   symbol:   class BGFStatus
[ERROR]   location: package com.abs.casino.kafka.dto
[ERROR] /Users/alexb/Documents/Dev/Dev_new/gs-server/game-server/common-gs/src/main/java/com/dgphoenix/casino/gs/socket/mq/MQServiceHandler.java:[79,31] error: cannot find symbol
[ERROR]   symbol:   class BGOStatus
[ERROR]   location: package com.abs.casino.kafka.dto
[ERROR] /Users/alexb/Documents/Dev/Dev_new/gs-server/game-server/common-gs/src/main/java/com/dgphoenix/casino/gs/socket/mq/MQServiceHandler.java:[84,31] error: cannot find symbol
[ERROR]   symbol:   class BattlegroundInfoDto
[ERROR]   location: package com.abs.casino.kafka.dto
[ERROR] /Users/alexb/Documents/Dev/Dev_new/gs-server/game-server/common-gs/src/main/java/com/dgphoenix/casino/gs/socket/mq/MQServiceHandler.java:[85,31] error: cannot find symbol
[ERROR]   symbol:   class BattlegroundRoundInfoDto
[ERROR]   location: package com.abs.casino.kafka.dto
[ERROR] /Users/alexb/Documents/Dev/Dev_new/gs-server/game-server/common-gs/src/main/java/com/dgphoenix/casino/gs/socket/mq/MQServiceHandler.java:[92,31] error: cannot find symbol
[ERROR]   symbol:   class FRBonusDto
[ERROR]   location: package com.abs.casino.kafka.dto
[ERROR] /Users/alexb/Documents/Dev/Dev_new/gs-server/game-server/common-gs/src/main/java/com/dgphoenix/casino/gs/socket/mq/MQServiceHandler.java:[96,31] error: cannot find symbol
[ERROR]   symbol:   class PlaceDto
[ERROR]   location: package com.abs.casino.kafka.dto
[ERROR] /Users/alexb/Documents/Dev/Dev_new/gs-server/game-server/common-gs/src/main/java/com/dgphoenix/casino/gs/socket/mq/MQServiceHandler.java:[97,31] error: cannot find symbol
[ERROR]   symbol:   class RMSPlayerDto
[ERROR]   location: package com.abs.casino.kafka.dto
[ERROR] /Users/alexb/Documents/Dev/Dev_new/gs-server/game-server/common-gs/src/main/java/com/dgphoenix/casino/gs/socket/mq/MQServiceHandler.java:[1752,21] error: cannot find symbol
[ERROR]   symbol:   class BGFStatus
[ERROR]   location: class MQServiceHandler
[ERROR] /Users/alexb/Documents/Dev/Dev_new/gs-server/game-server/common-gs/src/main/java/com/dgphoenix/casino/gs/socket/mq/MQServiceHandler.java:[1932,21] error: cannot find symbol
[ERROR]   symbol:   class BGOStatus
[ERROR]   location: class MQServiceHandler
[ERROR] /Users/alexb/Documents/Dev/Dev_new/gs-server/game-server/common-gs/src/main/java/com/dgphoenix/casino/gs/socket/mq/MQServiceHandler.java:[3800,17] error: cannot find symbol
[ERROR]   symbol:   class BattlegroundInfoDto
[ERROR]   location: class MQServiceHandler
[ERROR] /Users/alexb/Documents/Dev/Dev_new/gs-server/game-server/common-gs/src/main/java/com/dgphoenix/casino/gs/socket/mq/MQServiceHandler.java:[3819,12] error: cannot find symbol
[ERROR]   symbol:   class BattlegroundInfoDto
[ERROR]   location: class MQServiceHandler
[ERROR] /Users/alexb/Documents/Dev/Dev_new/gs-server/game-server/common-gs/src/main/java/com/dgphoenix/casino/gs/socket/mq/MQServiceHandler.java:[4043,64] error: cannot find symbol
[ERROR]   symbol:   class PlaceDto
[ERROR]   location: class MQServiceHandler
[ERROR] /Users/alexb/Documents/Dev/Dev_new/gs-server/game-server/common-gs/src/main/java/com/dgphoenix/casino/gs/socket/mq/MQServiceHandler.java:[4710,47] error: cannot find symbol
[ERROR]   symbol:   class RMSPlayerDto
[ERROR]   location: class MQServiceHandler
[ERROR] /Users/alexb/Documents/Dev/Dev_new/gs-server/game-server/common-gs/src/main/java/com/dgphoenix/casino/util/BGOStatusUtil.java:[3,31] error: cannot find symbol
[ERROR]   symbol:   class BGOStatus
[ERROR]   location: package com.abs.casino.kafka.dto
[ERROR] /Users/alexb/Documents/Dev/Dev_new/gs-server/game-server/common-gs/src/main/java/com/dgphoenix/casino/util/BGOStatusUtil.java:[7,51] error: cannot find symbol
[ERROR]   symbol:   class BGOStatus
[ERROR]   location: class BGOStatusUtil
[ERROR] /Users/alexb/Documents/Dev/Dev_new/gs-server/game-server/common-gs/src/main/java/com/dgphoenix/casino/util/BGOStatusUtil.java:[16,18] error: cannot find symbol
[ERROR]   symbol:   class BGOStatus
[ERROR]   location: class BGOStatusUtil
[ERROR] /Users/alexb/Documents/Dev/Dev_new/gs-server/game-server/common-gs/src/main/java/com/dgphoenix/casino/gs/socket/MQDataConverter.java:[5,31] error: cannot find symbol
[ERROR]   symbol:   class MQQuestAmountDto
[ERROR]   location: package com.abs.casino.kafka.dto
[ERROR] /Users/alexb/Documents/Dev/Dev_new/gs-server/game-server/common-gs/src/main/java/com/dgphoenix/casino/gs/socket/MQDataConverter.java:[6,31] error: cannot find symbol
[ERROR]   symbol:   class MQQuestDataDto
[ERROR]   location: package com.abs.casino.kafka.dto
[ERROR] /Users/alexb/Documents/Dev/Dev_new/gs-server/game-server/common-gs/src/main/java/com/dgphoenix/casino/gs/socket/MQDataConverter.java:[7,31] error: cannot find symbol
[ERROR]   symbol:   class MQQuestPrizeDto
[ERROR]   location: package com.abs.casino.kafka.dto
[ERROR] /Users/alexb/Documents/Dev/Dev_new/gs-server/game-server/common-gs/src/main/java/com/dgphoenix/casino/gs/socket/MQDataConverter.java:[8,31] error: cannot find symbol
[ERROR]   symbol:   class MQTreasureQuestProgressDto
[ERROR]   location: package com.abs.casino.kafka.dto
[ERROR] /Users/alexb/Documents/Dev/Dev_new/gs-server/game-server/common-gs/src/main/java/com/dgphoenix/casino/util/BGFStatusUtil.java:[4,31] error: cannot find symbol
[ERROR]   symbol:   class BGFStatus
[ERROR]   location: package com.abs.casino.kafka.dto
[ERROR] /Users/alexb/Documents/Dev/Dev_new/gs-server/game-server/common-gs/src/main/java/com/dgphoenix/casino/util/BGFStatusUtil.java:[7,40] error: cannot find symbol
[ERROR]   symbol:   class BGFStatus
[ERROR]   location: class BGFStatusUtil
[ERROR] /Users/alexb/Documents/Dev/Dev_new/gs-server/game-server/common-gs/src/main/java/com/dgphoenix/casino/util/BGFStatusUtil.java:[22,18] error: cannot find symbol
[ERROR] -> [Help 1]
[ERROR] 
[ERROR] To see the full stack trace of the errors, re-run Maven with the -e switch.
[ERROR] Re-run Maven using the -X switch to enable full debug logging.
[ERROR] 
[ERROR] For more information about the errors and possible solutions, please read the following articles:
[ERROR] [Help 1] http://cwiki.apache.org/confluence/display/MAVEN/MojoFailureException
