[INFO] Scanning for projects...
[INFO] 
[INFO] -----------------< com.dgphoenix.casino:gsn-common-gs >-----------------
[INFO] Building gsn-common-gs 1.0
[INFO]   from pom.xml
[INFO] --------------------------------[ jar ]---------------------------------
[INFO] 
[INFO] --- dependency:2.8:copy (default) @ gsn-common-gs ---
[INFO] Configured Artifact: javax.xml.bind:jaxb-api:2.2.7:jar
[INFO] Configured Artifact: javax.xml.ws:jaxws-api:2.2.9:jar
[INFO] javax.xml.bind:jaxb-api:2.2.7:jar already exists in /Users/alexb/Documents/Dev/Dev_new/gs-server/game-server/common-gs/target/endorsed
[INFO] javax.xml.ws:jaxws-api:2.2.9:jar already exists in /Users/alexb/Documents/Dev/Dev_new/gs-server/game-server/common-gs/target/endorsed
[INFO] 
[INFO] --- enforcer:3.0.0-M1:enforce (enforce-banned-dependencies) @ gsn-common-gs ---
[INFO] 
[INFO] --- properties:1.0.0:read-project-properties (default) @ gsn-common-gs ---
[INFO] 
[INFO] --- resources:3.1.0:resources (default-resources) @ gsn-common-gs ---
[INFO] Using 'UTF-8' encoding to copy filtered resources.
[INFO] Copying 5 resources
[INFO] 
[INFO] --- compiler:2.5.1:compile (default-compile) @ gsn-common-gs ---
[INFO] Compiling 408 source files to /Users/alexb/Documents/Dev/Dev_new/gs-server/game-server/common-gs/target/classes
[INFO] -------------------------------------------------------------
[ERROR] COMPILATION ERROR : 
[INFO] -------------------------------------------------------------
[ERROR] /Users/alexb/Documents/Dev/Dev_new/gs-server/game-server/common-gs/src/main/java/com/dgphoenix/casino/kafka/handler/CheckBuyInRequestHandler.java:[13,19] error: cannot find symbol
[ERROR]   symbol: class KafkaOuterRequestHandler
/Users/alexb/Documents/Dev/Dev_new/gs-server/game-server/common-gs/src/main/java/com/dgphoenix/casino/kafka/handler/LeaveMultiPlayerLobbyRequestHandler.java:[12,18] error: cannot find symbol
[ERROR]   symbol: class KafkaOuterRequestHandler
/Users/alexb/Documents/Dev/Dev_new/gs-server/game-server/common-gs/src/main/java/com/dgphoenix/casino/kafka/handler/GetExternalAccountIdsRequestHandler.java:[11,60] error: cannot find symbol
[ERROR]   symbol: class KafkaOuterRequestHandler
/Users/alexb/Documents/Dev/Dev_new/gs-server/game-server/common-gs/src/main/java/com/dgphoenix/casino/kafka/handler/AddWinWithSitOutRequestHandler.java:[12,18] error: cannot find symbol
[ERROR]   symbol: class KafkaOuterRequestHandler
/Users/alexb/Documents/Dev/Dev_new/gs-server/game-server/common-gs/src/main/java/com/dgphoenix/casino/kafka/handler/CloseFRBonusAndSessionRequestHandler.java:[12,19] error: cannot find symbol
[ERROR]   symbol: class KafkaOuterRequestHandler
/Users/alexb/Documents/Dev/Dev_new/gs-server/game-server/common-gs/src/main/java/com/dgphoenix/casino/kafka/handler/CloseGameSessionRequestHandler.java:[12,19] error: cannot find symbol
[ERROR]   symbol: class KafkaOuterRequestHandler
/Users/alexb/Documents/Dev/Dev_new/gs-server/game-server/common-gs/src/main/java/com/dgphoenix/casino/kafka/handler/GetCrashGamesSettingsRequestHandler.java:[12,18] error: cannot find symbol
[ERROR]   symbol: class KafkaOuterRequestHandler
/Users/alexb/Documents/Dev/Dev_new/gs-server/game-server/common-gs/src/main/java/com/dgphoenix/casino/kafka/handler/InvitePlayersToPrivateRoomRequestHandler.java:[12,18] error: cannot find symbol
[ERROR]   symbol: class KafkaOuterRequestHandler
/Users/alexb/Documents/Dev/Dev_new/gs-server/game-server/common-gs/src/main/java/com/dgphoenix/casino/kafka/handler/GetBalanceRequestHandler.java:[12,19] error: cannot find symbol
[ERROR]   symbol: class KafkaOuterRequestHandler
/Users/alexb/Documents/Dev/Dev_new/gs-server/game-server/common-gs/src/main/java/com/dgphoenix/casino/kafka/handler/GetDetailedPlayerInfo2RequestHandler.java:[12,18] error: cannot find symbol
[ERROR]   symbol: class KafkaOuterRequestHandler
/Users/alexb/Documents/Dev/Dev_new/gs-server/game-server/common-gs/src/main/java/com/dgphoenix/casino/kafka/handler/GetPaymentOperationStatus2RequestHandler.java:[12,18] error: cannot find symbol
[ERROR]   symbol: class KafkaOuterRequestHandler
/Users/alexb/Documents/Dev/Dev_new/gs-server/game-server/common-gs/src/main/java/com/dgphoenix/casino/kafka/handler/GetGameServerInfosRequestHandler.java:[14,57] error: cannot find symbol
[ERROR]   symbol: class KafkaOuterRequestHandler
/Users/alexb/Documents/Dev/Dev_new/gs-server/game-server/common-gs/src/main/java/com/dgphoenix/casino/kafka/handler/AddMQReservedNicknamesRequestHandler.java:[12,18] error: cannot find symbol
[ERROR]   symbol: class KafkaOuterRequestHandler
/Users/alexb/Documents/Dev/Dev_new/gs-server/game-server/common-gs/src/main/java/com/dgphoenix/casino/kafka/handler/BuyInRequestHandler.java:[11,44] error: cannot find symbol
[ERROR]   symbol: class KafkaOuterRequestHandler
/Users/alexb/Documents/Dev/Dev_new/gs-server/game-server/common-gs/src/main/java/com/dgphoenix/casino/kafka/handler/GetBatchAddWinStatusRequestHandler.java:[12,18] error: cannot find symbol
[ERROR]   symbol: class KafkaOuterRequestHandler
/Users/alexb/Documents/Dev/Dev_new/gs-server/game-server/common-gs/src/main/java/com/dgphoenix/casino/kafka/handler/GetOnlineStatusRequestHandler.java:[11,54] error: cannot find symbol
[ERROR]   symbol: class KafkaOuterRequestHandler
/Users/alexb/Documents/Dev/Dev_new/gs-server/game-server/common-gs/src/main/java/com/dgphoenix/casino/kafka/handler/GetFriendsRequestHandler.java:[12,18] error: cannot find symbol
[ERROR]   symbol: class KafkaOuterRequestHandler
/Users/alexb/Documents/Dev/Dev_new/gs-server/game-server/common-gs/src/main/java/com/dgphoenix/casino/kafka/handler/FinishGameSessionAndMakeSitOutRequestHandler.java:[12,19] error: cannot find symbol
[ERROR]   symbol: class KafkaOuterRequestHandler
/Users/alexb/Documents/Dev/Dev_new/gs-server/game-server/common-gs/src/main/java/com/dgphoenix/casino/kafka/handler/GetMQDataRequestHandler.java:[12,18] error: cannot find symbol
[ERROR]   symbol: class KafkaOuterRequestHandler
/Users/alexb/Documents/Dev/Dev_new/gs-server/game-server/common-gs/src/main/java/com/dgphoenix/casino/kafka/handler/AddWinRequestHandler.java:[12,18] error: cannot find symbol
[INFO] 20 errors 
[INFO] -------------------------------------------------------------
[INFO] ------------------------------------------------------------------------
[INFO] BUILD FAILURE
[INFO] ------------------------------------------------------------------------
[INFO] Total time:  3.824 s
[INFO] Finished at: 2026-02-28T00:08:44Z
[INFO] ------------------------------------------------------------------------
[ERROR] Failed to execute goal org.apache.maven.plugins:maven-compiler-plugin:2.5.1:compile (default-compile) on project gsn-common-gs: Compilation failure: Compilation failure: 
[ERROR] /Users/alexb/Documents/Dev/Dev_new/gs-server/game-server/common-gs/src/main/java/com/dgphoenix/casino/kafka/handler/CheckBuyInRequestHandler.java:[13,19] error: cannot find symbol
[ERROR]   symbol: class KafkaOuterRequestHandler
[ERROR] /Users/alexb/Documents/Dev/Dev_new/gs-server/game-server/common-gs/src/main/java/com/dgphoenix/casino/kafka/handler/LeaveMultiPlayerLobbyRequestHandler.java:[12,18] error: cannot find symbol
[ERROR]   symbol: class KafkaOuterRequestHandler
[ERROR] /Users/alexb/Documents/Dev/Dev_new/gs-server/game-server/common-gs/src/main/java/com/dgphoenix/casino/kafka/handler/GetExternalAccountIdsRequestHandler.java:[11,60] error: cannot find symbol
[ERROR]   symbol: class KafkaOuterRequestHandler
[ERROR] /Users/alexb/Documents/Dev/Dev_new/gs-server/game-server/common-gs/src/main/java/com/dgphoenix/casino/kafka/handler/AddWinWithSitOutRequestHandler.java:[12,18] error: cannot find symbol
[ERROR]   symbol: class KafkaOuterRequestHandler
[ERROR] /Users/alexb/Documents/Dev/Dev_new/gs-server/game-server/common-gs/src/main/java/com/dgphoenix/casino/kafka/handler/CloseFRBonusAndSessionRequestHandler.java:[12,19] error: cannot find symbol
[ERROR]   symbol: class KafkaOuterRequestHandler
[ERROR] /Users/alexb/Documents/Dev/Dev_new/gs-server/game-server/common-gs/src/main/java/com/dgphoenix/casino/kafka/handler/CloseGameSessionRequestHandler.java:[12,19] error: cannot find symbol
[ERROR]   symbol: class KafkaOuterRequestHandler
[ERROR] /Users/alexb/Documents/Dev/Dev_new/gs-server/game-server/common-gs/src/main/java/com/dgphoenix/casino/kafka/handler/GetCrashGamesSettingsRequestHandler.java:[12,18] error: cannot find symbol
[ERROR]   symbol: class KafkaOuterRequestHandler
[ERROR] /Users/alexb/Documents/Dev/Dev_new/gs-server/game-server/common-gs/src/main/java/com/dgphoenix/casino/kafka/handler/InvitePlayersToPrivateRoomRequestHandler.java:[12,18] error: cannot find symbol
[ERROR]   symbol: class KafkaOuterRequestHandler
[ERROR] /Users/alexb/Documents/Dev/Dev_new/gs-server/game-server/common-gs/src/main/java/com/dgphoenix/casino/kafka/handler/GetBalanceRequestHandler.java:[12,19] error: cannot find symbol
[ERROR]   symbol: class KafkaOuterRequestHandler
[ERROR] /Users/alexb/Documents/Dev/Dev_new/gs-server/game-server/common-gs/src/main/java/com/dgphoenix/casino/kafka/handler/GetDetailedPlayerInfo2RequestHandler.java:[12,18] error: cannot find symbol
[ERROR]   symbol: class KafkaOuterRequestHandler
[ERROR] /Users/alexb/Documents/Dev/Dev_new/gs-server/game-server/common-gs/src/main/java/com/dgphoenix/casino/kafka/handler/GetPaymentOperationStatus2RequestHandler.java:[12,18] error: cannot find symbol
[ERROR]   symbol: class KafkaOuterRequestHandler
[ERROR] /Users/alexb/Documents/Dev/Dev_new/gs-server/game-server/common-gs/src/main/java/com/dgphoenix/casino/kafka/handler/GetGameServerInfosRequestHandler.java:[14,57] error: cannot find symbol
[ERROR]   symbol: class KafkaOuterRequestHandler
[ERROR] /Users/alexb/Documents/Dev/Dev_new/gs-server/game-server/common-gs/src/main/java/com/dgphoenix/casino/kafka/handler/AddMQReservedNicknamesRequestHandler.java:[12,18] error: cannot find symbol
[ERROR]   symbol: class KafkaOuterRequestHandler
[ERROR] /Users/alexb/Documents/Dev/Dev_new/gs-server/game-server/common-gs/src/main/java/com/dgphoenix/casino/kafka/handler/BuyInRequestHandler.java:[11,44] error: cannot find symbol
[ERROR]   symbol: class KafkaOuterRequestHandler
[ERROR] /Users/alexb/Documents/Dev/Dev_new/gs-server/game-server/common-gs/src/main/java/com/dgphoenix/casino/kafka/handler/GetBatchAddWinStatusRequestHandler.java:[12,18] error: cannot find symbol
[ERROR]   symbol: class KafkaOuterRequestHandler
[ERROR] /Users/alexb/Documents/Dev/Dev_new/gs-server/game-server/common-gs/src/main/java/com/dgphoenix/casino/kafka/handler/GetOnlineStatusRequestHandler.java:[11,54] error: cannot find symbol
[ERROR]   symbol: class KafkaOuterRequestHandler
[ERROR] /Users/alexb/Documents/Dev/Dev_new/gs-server/game-server/common-gs/src/main/java/com/dgphoenix/casino/kafka/handler/GetFriendsRequestHandler.java:[12,18] error: cannot find symbol
[ERROR]   symbol: class KafkaOuterRequestHandler
[ERROR] /Users/alexb/Documents/Dev/Dev_new/gs-server/game-server/common-gs/src/main/java/com/dgphoenix/casino/kafka/handler/FinishGameSessionAndMakeSitOutRequestHandler.java:[12,19] error: cannot find symbol
[ERROR]   symbol: class KafkaOuterRequestHandler
[ERROR] /Users/alexb/Documents/Dev/Dev_new/gs-server/game-server/common-gs/src/main/java/com/dgphoenix/casino/kafka/handler/GetMQDataRequestHandler.java:[12,18] error: cannot find symbol
[ERROR]   symbol: class KafkaOuterRequestHandler
[ERROR] /Users/alexb/Documents/Dev/Dev_new/gs-server/game-server/common-gs/src/main/java/com/dgphoenix/casino/kafka/handler/AddWinRequestHandler.java:[12,18] error: cannot find symbol
[ERROR] -> [Help 1]
[ERROR] 
[ERROR] To see the full stack trace of the errors, re-run Maven with the -e switch.
[ERROR] Re-run Maven using the -X switch to enable full debug logging.
[ERROR] 
[ERROR] For more information about the errors and possible solutions, please read the following articles:
[ERROR] [Help 1] http://cwiki.apache.org/confluence/display/MAVEN/MojoFailureException
