[INFO] Scanning for projects...
[INFO] 
[INFO] -------------< com.dgphoenix.casino:gsn-utils-restricted >--------------
[INFO] Building gsn-utils-restricted 1.0-SNAPSHOT
[INFO]   from pom.xml
[INFO] --------------------------------[ jar ]---------------------------------
[INFO] 
[INFO] --- enforcer:3.0.0-M1:enforce (enforce-banned-dependencies) @ gsn-utils-restricted ---
[INFO] 
[INFO] --- resources:3.3.1:resources (default-resources) @ gsn-utils-restricted ---
[INFO] skip non existing resourceDirectory /Users/alexb/Documents/Dev/Dev_new/gs-server/utils/src/main/resources
[INFO] 
[INFO] --- compiler:2.5.1:compile (default-compile) @ gsn-utils-restricted ---
[INFO] Compiling 12 source files to /Users/alexb/Documents/Dev/Dev_new/gs-server/utils/target/classes
[INFO] -------------------------------------------------------------
[ERROR] COMPILATION ERROR : 
[INFO] -------------------------------------------------------------
[ERROR] /Users/alexb/Documents/Dev/Dev_new/gs-server/utils/src/main/java/com/dgphoenix/casino/common/util/CommonExecutorService.java:[4,42] error: package com.abs.casino.common.configuration does not exist
[INFO] 1 error
[INFO] -------------------------------------------------------------
[INFO] ------------------------------------------------------------------------
[INFO] BUILD FAILURE
[INFO] ------------------------------------------------------------------------
[INFO] Total time:  1.761 s
[INFO] Finished at: 2026-02-27T16:08:34Z
[INFO] ------------------------------------------------------------------------
[ERROR] Failed to execute goal org.apache.maven.plugins:maven-compiler-plugin:2.5.1:compile (default-compile) on project gsn-utils-restricted: Compilation failure
[ERROR] /Users/alexb/Documents/Dev/Dev_new/gs-server/utils/src/main/java/com/dgphoenix/casino/common/util/CommonExecutorService.java:[4,42] error: package com.abs.casino.common.configuration does not exist
[ERROR] 
[ERROR] -> [Help 1]
[ERROR] 
[ERROR] To see the full stack trace of the errors, re-run Maven with the -e switch.
[ERROR] Re-run Maven using the -X switch to enable full debug logging.
[ERROR] 
[ERROR] For more information about the errors and possible solutions, please read the following articles:
[ERROR] [Help 1] http://cwiki.apache.org/confluence/display/MAVEN/MojoFailureException
