[refactor-onboard] Repo root detected: /Users/alexb/Documents/Dev/Dev_new
 Container refactor-multiplayer-service-1 Stopping 
 Container refactor-history-service-1 Stopping 
 Container refactor-bonus-frb-service-1 Stopping 
 Container refactor-wallet-adapter-1 Stopping 
 Container refactor-static-1 Stopping 
 Container refactor-gameplay-orchestrator-1 Stopping 
 Container refactor-protocol-adapter-1 Stopping 
 Container refactor-config-service-1 Stopping 
 Container refactor-session-service-1 Stopping 
 Container refactor-session-service-1 Stopped 
 Container refactor-session-service-1 Removing 
 Container refactor-session-service-1 Removed 
 Container refactor-multiplayer-service-1 Stopped 
 Container refactor-multiplayer-service-1 Removing 
 Container refactor-multiplayer-service-1 Removed 
 Container refactor-wallet-adapter-1 Stopped 
 Container refactor-wallet-adapter-1 Removing 
 Container refactor-wallet-adapter-1 Removed 
 Container refactor-bonus-frb-service-1 Stopped 
 Container refactor-bonus-frb-service-1 Removing 
 Container refactor-bonus-frb-service-1 Removed 
 Container refactor-protocol-adapter-1 Stopped 
 Container refactor-protocol-adapter-1 Removing 
 Container refactor-protocol-adapter-1 Removed 
 Container refactor-history-service-1 Stopped 
 Container refactor-history-service-1 Removing 
 Container refactor-history-service-1 Removed 
 Container refactor-config-service-1 Stopped 
 Container refactor-config-service-1 Removing 
 Container refactor-config-service-1 Removed 
 Container refactor-gameplay-orchestrator-1 Stopped 
 Container refactor-gameplay-orchestrator-1 Removing 
 Container refactor-gameplay-orchestrator-1 Removed 
 Container refactor-redis-1 Stopping 
 Container refactor-static-1 Stopped 
 Container refactor-static-1 Removing 
 Container refactor-static-1 Removed 
 Container refactor-gs-1 Stopping 
 Container refactor-redis-1 Stopped 
 Container refactor-redis-1 Removing 
 Container refactor-redis-1 Removed 
 Container refactor-gs-1 Stopped 
 Container refactor-gs-1 Removing 
 Container refactor-gs-1 Removed 
 Container refactor-mp-1 Stopping 
 Container refactor-mp-1 Stopped 
 Container refactor-mp-1 Removing 
 Container refactor-mp-1 Removed 
 Network refactor_refactor-network Removing 
 Network refactor_refactor-network Removed 
[refactor-onboard] Refactor environment stop command finished.
