[INFO] Scanning for projects...
[INFO] 
[INFO] -------------< com.dgphoenix.casino:gsn-common-persisters >-------------
[INFO] Building gsn-common-persisters 1.0
[INFO]   from pom.xml
[INFO] --------------------------------[ jar ]---------------------------------
[INFO] 
[INFO] --- enforcer:3.0.0-M1:enforce (enforce-banned-dependencies) @ gsn-common-persisters ---
[INFO] 
[INFO] --- resources:3.3.1:resources (default-resources) @ gsn-common-persisters ---
[INFO] skip non existing resourceDirectory /Users/alexb/Documents/Dev/Dev_new/gs-server/cassandra-cache/common-persisters/src/main/resources
[INFO] 
[INFO] --- compiler:2.5.1:compile (default-compile) @ gsn-common-persisters ---
[INFO] Compiling 15 source files to /Users/alexb/Documents/Dev/Dev_new/gs-server/cassandra-cache/common-persisters/target/classes
[INFO] -------------------------------------------------------------
[ERROR] COMPILATION ERROR : 
[INFO] -------------------------------------------------------------
[ERROR] /Users/alexb/Documents/Dev/Dev_new/gs-server/cassandra-cache/common-persisters/src/main/java/com/dgphoenix/casino/cassandra/AccountDistributedLockManager.java:[3,39] error: cannot find symbol
[ERROR]   symbol:   class CassandraTransactionDataPersister
  location: package com.abs.casino.cassandra.persist
/Users/alexb/Documents/Dev/Dev_new/gs-server/cassandra-cache/common-persisters/src/main/java/com/dgphoenix/casino/cassandra/AccountDistributedLockManager.java:[4,46] error: package com.abs.casino.cassandra.persist.engine does not exist
[ERROR] /Users/alexb/Documents/Dev/Dev_new/gs-server/cassandra-cache/common-persisters/src/main/java/com/dgphoenix/casino/cassandra/AccountDistributedLockManager.java:[21,45] error: cannot find symbol
[ERROR]   symbol:   class CassandraTransactionDataPersister
  location: class AccountDistributedLockManager
/Users/alexb/Documents/Dev/Dev_new/gs-server/cassandra-cache/common-persisters/src/main/java/com/dgphoenix/casino/cassandra/AccountDistributedLockManager.java:[30,11] error: cannot find symbol
[ERROR]   symbol:   class TableDefinition
  location: class AccountDistributedLockManager
/Users/alexb/Documents/Dev/Dev_new/gs-server/cassandra-cache/common-persisters/src/main/java/com/dgphoenix/casino/cassandra/persist/CassandraBankInfoPersister.java:[3,31] error: cannot find symbol
[ERROR]   symbol:   class IEntityUpdateListener
  location: package com.abs.casino.cassandra
/Users/alexb/Documents/Dev/Dev_new/gs-server/cassandra-cache/common-persisters/src/main/java/com/dgphoenix/casino/cassandra/persist/CassandraBankInfoPersister.java:[4,34] error: package com.abs.casino.common.cache does not exist
[ERROR] /Users/alexb/Documents/Dev/Dev_new/gs-server/cassandra-cache/common-persisters/src/main/java/com/dgphoenix/casino/cassandra/persist/CassandraBankInfoPersister.java:[5,34] error: package com.abs.casino.common.cache does not exist
[ERROR] /Users/alexb/Documents/Dev/Dev_new/gs-server/cassandra-cache/common-persisters/src/main/java/com/dgphoenix/casino/cassandra/persist/CassandraBankInfoPersister.java:[6,44] error: cannot find symbol
[ERROR]   symbol:   class BankInfo
  location: package com.abs.casino.common.cache.data.bank
/Users/alexb/Documents/Dev/Dev_new/gs-server/cassandra-cache/common-persisters/src/main/java/com/dgphoenix/casino/cassandra/persist/CassandraBankInfoPersister.java:[7,48] error: package com.abs.casino.common.cache.data.currency does not exist
[ERROR] /Users/alexb/Documents/Dev/Dev_new/gs-server/cassandra-cache/common-persisters/src/main/java/com/dgphoenix/casino/cassandra/persist/CassandraBankInfoPersister.java:[8,38] error: cannot find symbol
[ERROR]   symbol:   class CommonException
  location: package com.abs.casino.common.exception
/Users/alexb/Documents/Dev/Dev_new/gs-server/cassandra-cache/common-persisters/src/main/java/com/dgphoenix/casino/cassandra/persist/CassandraBankInfoPersister.java:[9,33] error: package com.abs.casino.common.util does not exist
[ERROR] /Users/alexb/Documents/Dev/Dev_new/gs-server/cassandra-cache/common-persisters/src/main/java/com/dgphoenix/casino/cassandra/persist/CassandraBankInfoPersister.java:[23,92] error: cannot find symbol
[ERROR]   symbol: class BankInfo
/Users/alexb/Documents/Dev/Dev_new/gs-server/cassandra-cache/common-persisters/src/main/java/com/dgphoenix/casino/cassandra/persist/CassandraBankInfoPersister.java:[29,23] error: cannot find symbol
[ERROR]   symbol:   class IEntityUpdateListener
  location: class CassandraBankInfoPersister
/Users/alexb/Documents/Dev/Dev_new/gs-server/cassandra-cache/common-persisters/src/main/java/com/dgphoenix/casino/cassandra/persist/CassandraBankInfoPersister.java:[29,51] error: cannot find symbol
[ERROR]   symbol:   class BankInfo
  location: class CassandraBankInfoPersister
/Users/alexb/Documents/Dev/Dev_new/gs-server/cassandra-cache/common-persisters/src/main/java/com/dgphoenix/casino/cassandra/persist/CassandraBankInfoPersister.java:[40,21] error: cannot find symbol
[ERROR]   symbol:   class BankInfo
  location: class CassandraBankInfoPersister
/Users/alexb/Documents/Dev/Dev_new/gs-server/cassandra-cache/common-persisters/src/main/java/com/dgphoenix/casino/cassandra/persist/CassandraBankInfoPersister.java:[40,47] error: cannot find symbol
[ERROR]   symbol:   class CommonException
  location: class CassandraBankInfoPersister
/Users/alexb/Documents/Dev/Dev_new/gs-server/cassandra-cache/common-persisters/src/main/java/com/dgphoenix/casino/cassandra/persist/CassandraBankInfoPersister.java:[48,37] error: cannot find symbol
[ERROR]   symbol:   class BankInfo
  location: class CassandraBankInfoPersister
/Users/alexb/Documents/Dev/Dev_new/gs-server/cassandra-cache/common-persisters/src/main/java/com/dgphoenix/casino/cassandra/persist/CassandraBankInfoPersister.java:[76,11] error: cannot find symbol
[ERROR]   symbol:   class BankInfoCache
  location: class CassandraBankInfoPersister
/Users/alexb/Documents/Dev/Dev_new/gs-server/cassandra-cache/common-persisters/src/main/java/com/dgphoenix/casino/cassandra/persist/CassandraBankInfoPersister.java:[120,42] error: cannot find symbol
[ERROR]   symbol:   class IEntityUpdateListener
  location: class CassandraBankInfoPersister
/Users/alexb/Documents/Dev/Dev_new/gs-server/cassandra-cache/common-persisters/src/main/java/com/dgphoenix/casino/cassandra/persist/CassandraBankInfoPersister.java:[120,70] error: cannot find symbol
[ERROR]   symbol:   class BankInfo
  location: class CassandraBankInfoPersister
/Users/alexb/Documents/Dev/Dev_new/gs-server/cassandra-cache/common-persisters/src/main/java/com/dgphoenix/casino/cassandra/persist/CassandraBankInfoPersister.java:[129,11] error: cannot find symbol
[ERROR]   symbol:   class BankInfo
  location: class CassandraBankInfoPersister
/Users/alexb/Documents/Dev/Dev_new/gs-server/cassandra-cache/common-persisters/src/main/java/com/dgphoenix/casino/cassandra/persist/CassandraBankInfoPersister.java:[138,60] error: cannot find symbol
[ERROR]   symbol:   class BankInfo
  location: class CassandraBankInfoPersister
/Users/alexb/Documents/Dev/Dev_new/gs-server/cassandra-cache/common-persisters/src/main/java/com/dgphoenix/casino/cassandra/persist/CassandraBaseGameInfoPersister.java:[3,31] error: cannot find symbol
[ERROR]   symbol:   class IEntityUpdateListener
  location: package com.abs.casino.cassandra
/Users/alexb/Documents/Dev/Dev_new/gs-server/cassandra-cache/common-persisters/src/main/java/com/dgphoenix/casino/cassandra/persist/CassandraBaseGameInfoPersister.java:[4,46] error: package com.abs.casino.cassandra.persist.engine does not exist
[ERROR] /Users/alexb/Documents/Dev/Dev_new/gs-server/cassandra-cache/common-persisters/src/main/java/com/dgphoenix/casino/cassandra/persist/CassandraBaseGameInfoPersister.java:[5,46] error: package com.abs.casino.cassandra.persist.engine does not exist
[ERROR] /Users/alexb/Documents/Dev/Dev_new/gs-server/cassandra-cache/common-persisters/src/main/java/com/dgphoenix/casino/cassandra/persist/CassandraBaseGameInfoPersister.java:[6,34] error: cannot find symbol
[ERROR]   symbol:   class AbstractDistributedCache
  location: package com.abs.casino.common.cache
/Users/alexb/Documents/Dev/Dev_new/gs-server/cassandra-cache/common-persisters/src/main/java/com/dgphoenix/casino/cassandra/persist/CassandraBaseGameInfoPersister.java:[7,34] error: cannot find symbol
[ERROR]   symbol:   class BankInfoCache
  location: package com.abs.casino.common.cache
/Users/alexb/Documents/Dev/Dev_new/gs-server/cassandra-cache/common-persisters/src/main/java/com/dgphoenix/casino/cassandra/persist/CassandraBaseGameInfoPersister.java:[8,34] error: cannot find symbol
[ERROR]   symbol:   class BaseGameCache
  location: package com.abs.casino.common.cache
/Users/alexb/Documents/Dev/Dev_new/gs-server/cassandra-cache/common-persisters/src/main/java/com/dgphoenix/casino/cassandra/persist/CassandraBaseGameInfoPersister.java:[9,34] error: cannot find symbol
[ERROR]   symbol:   class BaseGameInfoTemplateCache
  location: package com.abs.casino.common.cache
/Users/alexb/Documents/Dev/Dev_new/gs-server/cassandra-cache/common-persisters/src/main/java/com/dgphoenix/casino/cassandra/persist/CassandraBaseGameInfoPersister.java:[10,44] error: cannot find symbol
[ERROR]   symbol:   class BankInfo
  location: package com.abs.casino.common.cache.data.bank
/Users/alexb/Documents/Dev/Dev_new/gs-server/cassandra-cache/common-persisters/src/main/java/com/dgphoenix/casino/cassandra/persist/CassandraBaseGameInfoPersister.java:[11,44] error: cannot find symbol
[ERROR]   symbol:   class Coin
  location: package com.abs.casino.common.cache.data.bank
/Users/alexb/Documents/Dev/Dev_new/gs-server/cassandra-cache/common-persisters/src/main/java/com/dgphoenix/casino/cassandra/persist/CassandraBaseGameInfoPersister.java:[12,44] error: cannot find symbol
[ERROR]   symbol:   class Limit
  location: package com.abs.casino.common.cache.data.bank
/Users/alexb/Documents/Dev/Dev_new/gs-server/cassandra-cache/common-persisters/src/main/java/com/dgphoenix/casino/cassandra/persist/CassandraBaseGameInfoPersister.java:[13,48] error: package com.abs.casino.common.cache.data.currency does not exist
[ERROR] /Users/alexb/Documents/Dev/Dev_new/gs-server/cassandra-cache/common-persisters/src/main/java/com/dgphoenix/casino/cassandra/persist/CassandraBaseGameInfoPersister.java:[14,44] error: package com.abs.casino.common.cache.data.game does not exist
[ERROR] /Users/alexb/Documents/Dev/Dev_new/gs-server/cassandra-cache/common-persisters/src/main/java/com/dgphoenix/casino/cassandra/persist/CassandraBaseGameInfoPersister.java:[15,44] error: package com.abs.casino.common.cache.data.game does not exist
[ERROR] /Users/alexb/Documents/Dev/Dev_new/gs-server/cassandra-cache/common-persisters/src/main/java/com/dgphoenix/casino/cassandra/persist/CassandraBaseGameInfoPersister.java:[16,44] error: package com.abs.casino.common.cache.data.game does not exist
[ERROR] /Users/alexb/Documents/Dev/Dev_new/gs-server/cassandra-cache/common-persisters/src/main/java/com/dgphoenix/casino/cassandra/persist/CassandraBaseGameInfoPersister.java:[17,36] error: package com.abs.casino.common.persist does not exist
[ERROR] /Users/alexb/Documents/Dev/Dev_new/gs-server/cassandra-cache/common-persisters/src/main/java/com/dgphoenix/casino/cassandra/persist/CassandraBaseGameInfoPersister.java:[18,36] error: package com.abs.casino.common.persist does not exist
[ERROR] /Users/alexb/Documents/Dev/Dev_new/gs-server/cassandra-cache/common-persisters/src/main/java/com/dgphoenix/casino/cassandra/persist/CassandraBaseGameInfoPersister.java:[19,33] error: package com.abs.casino.common.util does not exist
[ERROR] /Users/alexb/Documents/Dev/Dev_new/gs-server/cassandra-cache/common-persisters/src/main/java/com/dgphoenix/casino/cassandra/persist/CassandraBaseGameInfoPersister.java:[34,98] error: cannot find symbol
[ERROR]   symbol: class BaseGameInfo
/Users/alexb/Documents/Dev/Dev_new/gs-server/cassandra-cache/common-persisters/src/main/java/com/dgphoenix/casino/cassandra/persist/CassandraBaseGameInfoPersister.java:[35,51] error: cannot find symbol
[ERROR]   symbol: class BaseGameInfo
/Users/alexb/Documents/Dev/Dev_new/gs-server/cassandra-cache/common-persisters/src/main/java/com/dgphoenix/casino/cassandra/persist/CassandraBaseGameInfoPersister.java:[35,66] error: cannot find symbol
[ERROR]   symbol: class StreamPersister
/Users/alexb/Documents/Dev/Dev_new/gs-server/cassandra-cache/common-persisters/src/main/java/com/dgphoenix/casino/cassandra/persist/CassandraBaseGameInfoPersister.java:[35,90] error: cannot find symbol
[ERROR]   symbol: class BaseGameInfo
/Users/alexb/Documents/Dev/Dev_new/gs-server/cassandra-cache/common-persisters/src/main/java/com/dgphoenix/casino/cassandra/persist/CassandraBaseGameInfoPersister.java:[43,25] error: cannot find symbol
[ERROR]   symbol:   class TableDefinition
  location: class CassandraBaseGameInfoPersister
/Users/alexb/Documents/Dev/Dev_new/gs-server/cassandra-cache/common-persisters/src/main/java/com/dgphoenix/casino/cassandra/persist/CassandraBaseGameInfoPersister.java:[55,23] error: cannot find symbol
[ERROR]   symbol:   class IEntityUpdateListener
  location: class CassandraBaseGameInfoPersister
/Users/alexb/Documents/Dev/Dev_new/gs-server/cassandra-cache/common-persisters/src/main/java/com/dgphoenix/casino/cassandra/persist/CassandraBaseGameInfoPersister.java:[55,53] error: cannot find symbol
[ERROR]   symbol:   class BaseGameInfo
  location: class CassandraBaseGameInfoPersister
/Users/alexb/Documents/Dev/Dev_new/gs-server/cassandra-cache/common-persisters/src/main/java/com/dgphoenix/casino/cassandra/persist/CassandraBaseGameInfoPersister.java:[61,28] error: cannot find symbol
[ERROR]   symbol:   class BaseGameInfo
  location: class CassandraBaseGameInfoPersister
/Users/alexb/Documents/Dev/Dev_new/gs-server/cassandra-cache/common-persisters/src/main/java/com/dgphoenix/casino/cassandra/persist/CassandraBaseGameInfoPersister.java:[66,21] error: cannot find symbol
[ERROR]   symbol:   class BaseGameInfo
  location: class CassandraBaseGameInfoPersister
/Users/alexb/Documents/Dev/Dev_new/gs-server/cassandra-cache/common-persisters/src/main/java/com/dgphoenix/casino/cassandra/persist/CassandraBaseGameInfoPersister.java:[96,16] error: cannot find symbol
[ERROR]   symbol:   class BaseGameInfo
  location: class CassandraBaseGameInfoPersister
/Users/alexb/Documents/Dev/Dev_new/gs-server/cassandra-cache/common-persisters/src/main/java/com/dgphoenix/casino/cassandra/persist/CassandraBaseGameInfoPersister.java:[109,64] error: cannot find symbol
[ERROR]   symbol:   class ICurrency
  location: class CassandraBaseGameInfoPersister
/Users/alexb/Documents/Dev/Dev_new/gs-server/cassandra-cache/common-persisters/src/main/java/com/dgphoenix/casino/cassandra/persist/CassandraBaseGameInfoPersister.java:[109,16] error: cannot find symbol
[ERROR]   symbol:   class BaseGameInfo
  location: class CassandraBaseGameInfoPersister
/Users/alexb/Documents/Dev/Dev_new/gs-server/cassandra-cache/common-persisters/src/main/java/com/dgphoenix/casino/cassandra/persist/CassandraBaseGameInfoPersister.java:[121,53] error: cannot find symbol
[ERROR]   symbol:   class BaseGameInfo
  location: class CassandraBaseGameInfoPersister
/Users/alexb/Documents/Dev/Dev_new/gs-server/cassandra-cache/common-persisters/src/main/java/com/dgphoenix/casino/cassandra/persist/CassandraBaseGameInfoPersister.java:[135,24] error: cannot find symbol
[ERROR]   symbol:   class BaseGameInfo
  location: class CassandraBaseGameInfoPersister
/Users/alexb/Documents/Dev/Dev_new/gs-server/cassandra-cache/common-persisters/src/main/java/com/dgphoenix/casino/cassandra/persist/CassandraBaseGameInfoPersister.java:[141,36] error: cannot find symbol
[ERROR]   symbol:   class BaseGameInfo
  location: class CassandraBaseGameInfoPersister
/Users/alexb/Documents/Dev/Dev_new/gs-server/cassandra-cache/common-persisters/src/main/java/com/dgphoenix/casino/cassandra/persist/CassandraBaseGameInfoPersister.java:[196,62] error: cannot find symbol
[ERROR]   symbol:   class BaseGameInfo
  location: class CassandraBaseGameInfoPersister
/Users/alexb/Documents/Dev/Dev_new/gs-server/cassandra-cache/common-persisters/src/main/java/com/dgphoenix/casino/cassandra/persist/CassandraBaseGameInfoPersister.java:[207,23] error: cannot find symbol
[ERROR]   symbol:   class BaseGameInfo
  location: class CassandraBaseGameInfoPersister
/Users/alexb/Documents/Dev/Dev_new/gs-server/cassandra-cache/common-persisters/src/main/java/com/dgphoenix/casino/cassandra/persist/CassandraBaseGameInfoPersister.java:[223,27] error: cannot find symbol
[ERROR]   symbol:   class TableProcessor
  location: class CassandraBaseGameInfoPersister
/Users/alexb/Documents/Dev/Dev_new/gs-server/cassandra-cache/common-persisters/src/main/java/com/dgphoenix/casino/cassandra/persist/CassandraBaseGameInfoPersister.java:[223,42] error: cannot find symbol
[ERROR]   symbol:   class Pair
  location: class CassandraBaseGameInfoPersister
/Users/alexb/Documents/Dev/Dev_new/gs-server/cassandra-cache/common-persisters/src/main/java/com/dgphoenix/casino/cassandra/persist/CassandraBaseGameInfoPersister.java:[223,55] error: cannot find symbol
[ERROR]   symbol:   class BaseGameInfo
  location: class CassandraBaseGameInfoPersister
/Users/alexb/Documents/Dev/Dev_new/gs-server/cassandra-cache/common-persisters/src/main/java/com/dgphoenix/casino/cassandra/persist/CassandraBaseGameInfoPersister.java:[232,35] error: cannot find symbol
[ERROR]   symbol:   class TableProcessor
  location: class CassandraBaseGameInfoPersister
/Users/alexb/Documents/Dev/Dev_new/gs-server/cassandra-cache/common-persisters/src/main/java/com/dgphoenix/casino/cassandra/persist/CassandraBaseGameInfoPersister.java:[232,50] error: cannot find symbol
[ERROR]   symbol:   class Pair
  location: class CassandraBaseGameInfoPersister
/Users/alexb/Documents/Dev/Dev_new/gs-server/cassandra-cache/common-persisters/src/main/java/com/dgphoenix/casino/cassandra/persist/CassandraBaseGameInfoPersister.java:[232,63] error: cannot find symbol
[ERROR]   symbol:   class BaseGameInfo
  location: class CassandraBaseGameInfoPersister
/Users/alexb/Documents/Dev/Dev_new/gs-server/cassandra-cache/common-persisters/src/main/java/com/dgphoenix/casino/cassandra/persist/CassandraBaseGameInfoPersister.java:[247,62] error: cannot find symbol
[ERROR]   symbol:   class TableProcessor
  location: class CassandraBaseGameInfoPersister
/Users/alexb/Documents/Dev/Dev_new/gs-server/cassandra-cache/common-persisters/src/main/java/com/dgphoenix/casino/cassandra/persist/CassandraBaseGameInfoPersister.java:[247,77] error: cannot find symbol
[ERROR]   symbol:   class Pair
  location: class CassandraBaseGameInfoPersister
/Users/alexb/Documents/Dev/Dev_new/gs-server/cassandra-cache/common-persisters/src/main/java/com/dgphoenix/casino/cassandra/persist/CassandraBaseGameInfoPersister.java:[247,90] error: cannot find symbol
[ERROR]   symbol:   class BaseGameInfo
  location: class CassandraBaseGameInfoPersister
/Users/alexb/Documents/Dev/Dev_new/gs-server/cassandra-cache/common-persisters/src/main/java/com/dgphoenix/casino/cassandra/persist/CassandraBaseGameInfoPersister.java:[253,46] error: cannot find symbol
[ERROR]   symbol:   class IEntityUpdateListener
  location: class CassandraBaseGameInfoPersister
/Users/alexb/Documents/Dev/Dev_new/gs-server/cassandra-cache/common-persisters/src/main/java/com/dgphoenix/casino/cassandra/persist/CassandraBaseGameInfoPersister.java:[253,76] error: cannot find symbol
[ERROR]   symbol:   class BaseGameInfo
  location: class CassandraBaseGameInfoPersister
/Users/alexb/Documents/Dev/Dev_new/gs-server/cassandra-cache/common-persisters/src/main/java/com/dgphoenix/casino/cassandra/persist/CassandraBaseGameInfoPersister.java:[266,11] error: cannot find symbol
[ERROR]   symbol:   class BaseGameInfo
  location: class CassandraBaseGameInfoPersister
/Users/alexb/Documents/Dev/Dev_new/gs-server/cassandra-cache/common-persisters/src/main/java/com/dgphoenix/casino/cassandra/persist/CassandraBaseGameInfoPersister.java:[277,11] error: cannot find symbol
[ERROR]   symbol:   class AbstractDistributedCache
  location: class CassandraBaseGameInfoPersister
/Users/alexb/Documents/Dev/Dev_new/gs-server/cassandra-cache/common-persisters/src/main/java/com/dgphoenix/casino/cassandra/persist/CassandraBaseGameInfoPersister.java:[277,36] error: cannot find symbol
[ERROR]   symbol:   class BaseGameInfo
  location: class CassandraBaseGameInfoPersister
/Users/alexb/Documents/Dev/Dev_new/gs-server/cassandra-cache/common-persisters/src/main/java/com/dgphoenix/casino/cassandra/persist/CassandraBaseGameInfoPersister.java:[287,11] error: cannot find symbol
[INFO] 71 errors 
[INFO] -------------------------------------------------------------
[INFO] ------------------------------------------------------------------------
[INFO] BUILD FAILURE
[INFO] ------------------------------------------------------------------------
[INFO] Total time:  1.606 s
[INFO] Finished at: 2026-02-27T08:08:26Z
[INFO] ------------------------------------------------------------------------
[ERROR] Failed to execute goal org.apache.maven.plugins:maven-compiler-plugin:2.5.1:compile (default-compile) on project gsn-common-persisters: Compilation failure: Compilation failure: 
[ERROR] /Users/alexb/Documents/Dev/Dev_new/gs-server/cassandra-cache/common-persisters/src/main/java/com/dgphoenix/casino/cassandra/AccountDistributedLockManager.java:[3,39] error: cannot find symbol
[ERROR]   symbol:   class CassandraTransactionDataPersister
[ERROR]   location: package com.abs.casino.cassandra.persist
[ERROR] /Users/alexb/Documents/Dev/Dev_new/gs-server/cassandra-cache/common-persisters/src/main/java/com/dgphoenix/casino/cassandra/AccountDistributedLockManager.java:[4,46] error: package com.abs.casino.cassandra.persist.engine does not exist
[ERROR] /Users/alexb/Documents/Dev/Dev_new/gs-server/cassandra-cache/common-persisters/src/main/java/com/dgphoenix/casino/cassandra/AccountDistributedLockManager.java:[21,45] error: cannot find symbol
[ERROR]   symbol:   class CassandraTransactionDataPersister
[ERROR]   location: class AccountDistributedLockManager
[ERROR] /Users/alexb/Documents/Dev/Dev_new/gs-server/cassandra-cache/common-persisters/src/main/java/com/dgphoenix/casino/cassandra/AccountDistributedLockManager.java:[30,11] error: cannot find symbol
[ERROR]   symbol:   class TableDefinition
[ERROR]   location: class AccountDistributedLockManager
[ERROR] /Users/alexb/Documents/Dev/Dev_new/gs-server/cassandra-cache/common-persisters/src/main/java/com/dgphoenix/casino/cassandra/persist/CassandraBankInfoPersister.java:[3,31] error: cannot find symbol
[ERROR]   symbol:   class IEntityUpdateListener
[ERROR]   location: package com.abs.casino.cassandra
[ERROR] /Users/alexb/Documents/Dev/Dev_new/gs-server/cassandra-cache/common-persisters/src/main/java/com/dgphoenix/casino/cassandra/persist/CassandraBankInfoPersister.java:[4,34] error: package com.abs.casino.common.cache does not exist
[ERROR] /Users/alexb/Documents/Dev/Dev_new/gs-server/cassandra-cache/common-persisters/src/main/java/com/dgphoenix/casino/cassandra/persist/CassandraBankInfoPersister.java:[5,34] error: package com.abs.casino.common.cache does not exist
[ERROR] /Users/alexb/Documents/Dev/Dev_new/gs-server/cassandra-cache/common-persisters/src/main/java/com/dgphoenix/casino/cassandra/persist/CassandraBankInfoPersister.java:[6,44] error: cannot find symbol
[ERROR]   symbol:   class BankInfo
[ERROR]   location: package com.abs.casino.common.cache.data.bank
[ERROR] /Users/alexb/Documents/Dev/Dev_new/gs-server/cassandra-cache/common-persisters/src/main/java/com/dgphoenix/casino/cassandra/persist/CassandraBankInfoPersister.java:[7,48] error: package com.abs.casino.common.cache.data.currency does not exist
[ERROR] /Users/alexb/Documents/Dev/Dev_new/gs-server/cassandra-cache/common-persisters/src/main/java/com/dgphoenix/casino/cassandra/persist/CassandraBankInfoPersister.java:[8,38] error: cannot find symbol
[ERROR]   symbol:   class CommonException
[ERROR]   location: package com.abs.casino.common.exception
[ERROR] /Users/alexb/Documents/Dev/Dev_new/gs-server/cassandra-cache/common-persisters/src/main/java/com/dgphoenix/casino/cassandra/persist/CassandraBankInfoPersister.java:[9,33] error: package com.abs.casino.common.util does not exist
[ERROR] /Users/alexb/Documents/Dev/Dev_new/gs-server/cassandra-cache/common-persisters/src/main/java/com/dgphoenix/casino/cassandra/persist/CassandraBankInfoPersister.java:[23,92] error: cannot find symbol
[ERROR]   symbol: class BankInfo
[ERROR] /Users/alexb/Documents/Dev/Dev_new/gs-server/cassandra-cache/common-persisters/src/main/java/com/dgphoenix/casino/cassandra/persist/CassandraBankInfoPersister.java:[29,23] error: cannot find symbol
[ERROR]   symbol:   class IEntityUpdateListener
[ERROR]   location: class CassandraBankInfoPersister
[ERROR] /Users/alexb/Documents/Dev/Dev_new/gs-server/cassandra-cache/common-persisters/src/main/java/com/dgphoenix/casino/cassandra/persist/CassandraBankInfoPersister.java:[29,51] error: cannot find symbol
[ERROR]   symbol:   class BankInfo
[ERROR]   location: class CassandraBankInfoPersister
[ERROR] /Users/alexb/Documents/Dev/Dev_new/gs-server/cassandra-cache/common-persisters/src/main/java/com/dgphoenix/casino/cassandra/persist/CassandraBankInfoPersister.java:[40,21] error: cannot find symbol
[ERROR]   symbol:   class BankInfo
[ERROR]   location: class CassandraBankInfoPersister
[ERROR] /Users/alexb/Documents/Dev/Dev_new/gs-server/cassandra-cache/common-persisters/src/main/java/com/dgphoenix/casino/cassandra/persist/CassandraBankInfoPersister.java:[40,47] error: cannot find symbol
[ERROR]   symbol:   class CommonException
[ERROR]   location: class CassandraBankInfoPersister
[ERROR] /Users/alexb/Documents/Dev/Dev_new/gs-server/cassandra-cache/common-persisters/src/main/java/com/dgphoenix/casino/cassandra/persist/CassandraBankInfoPersister.java:[48,37] error: cannot find symbol
[ERROR]   symbol:   class BankInfo
[ERROR]   location: class CassandraBankInfoPersister
[ERROR] /Users/alexb/Documents/Dev/Dev_new/gs-server/cassandra-cache/common-persisters/src/main/java/com/dgphoenix/casino/cassandra/persist/CassandraBankInfoPersister.java:[76,11] error: cannot find symbol
[ERROR]   symbol:   class BankInfoCache
[ERROR]   location: class CassandraBankInfoPersister
[ERROR] /Users/alexb/Documents/Dev/Dev_new/gs-server/cassandra-cache/common-persisters/src/main/java/com/dgphoenix/casino/cassandra/persist/CassandraBankInfoPersister.java:[120,42] error: cannot find symbol
[ERROR]   symbol:   class IEntityUpdateListener
[ERROR]   location: class CassandraBankInfoPersister
[ERROR] /Users/alexb/Documents/Dev/Dev_new/gs-server/cassandra-cache/common-persisters/src/main/java/com/dgphoenix/casino/cassandra/persist/CassandraBankInfoPersister.java:[120,70] error: cannot find symbol
[ERROR]   symbol:   class BankInfo
[ERROR]   location: class CassandraBankInfoPersister
[ERROR] /Users/alexb/Documents/Dev/Dev_new/gs-server/cassandra-cache/common-persisters/src/main/java/com/dgphoenix/casino/cassandra/persist/CassandraBankInfoPersister.java:[129,11] error: cannot find symbol
[ERROR]   symbol:   class BankInfo
[ERROR]   location: class CassandraBankInfoPersister
[ERROR] /Users/alexb/Documents/Dev/Dev_new/gs-server/cassandra-cache/common-persisters/src/main/java/com/dgphoenix/casino/cassandra/persist/CassandraBankInfoPersister.java:[138,60] error: cannot find symbol
[ERROR]   symbol:   class BankInfo
[ERROR]   location: class CassandraBankInfoPersister
[ERROR] /Users/alexb/Documents/Dev/Dev_new/gs-server/cassandra-cache/common-persisters/src/main/java/com/dgphoenix/casino/cassandra/persist/CassandraBaseGameInfoPersister.java:[3,31] error: cannot find symbol
[ERROR]   symbol:   class IEntityUpdateListener
[ERROR]   location: package com.abs.casino.cassandra
[ERROR] /Users/alexb/Documents/Dev/Dev_new/gs-server/cassandra-cache/common-persisters/src/main/java/com/dgphoenix/casino/cassandra/persist/CassandraBaseGameInfoPersister.java:[4,46] error: package com.abs.casino.cassandra.persist.engine does not exist
[ERROR] /Users/alexb/Documents/Dev/Dev_new/gs-server/cassandra-cache/common-persisters/src/main/java/com/dgphoenix/casino/cassandra/persist/CassandraBaseGameInfoPersister.java:[5,46] error: package com.abs.casino.cassandra.persist.engine does not exist
[ERROR] /Users/alexb/Documents/Dev/Dev_new/gs-server/cassandra-cache/common-persisters/src/main/java/com/dgphoenix/casino/cassandra/persist/CassandraBaseGameInfoPersister.java:[6,34] error: cannot find symbol
[ERROR]   symbol:   class AbstractDistributedCache
[ERROR]   location: package com.abs.casino.common.cache
[ERROR] /Users/alexb/Documents/Dev/Dev_new/gs-server/cassandra-cache/common-persisters/src/main/java/com/dgphoenix/casino/cassandra/persist/CassandraBaseGameInfoPersister.java:[7,34] error: cannot find symbol
[ERROR]   symbol:   class BankInfoCache
[ERROR]   location: package com.abs.casino.common.cache
[ERROR] /Users/alexb/Documents/Dev/Dev_new/gs-server/cassandra-cache/common-persisters/src/main/java/com/dgphoenix/casino/cassandra/persist/CassandraBaseGameInfoPersister.java:[8,34] error: cannot find symbol
[ERROR]   symbol:   class BaseGameCache
[ERROR]   location: package com.abs.casino.common.cache
[ERROR] /Users/alexb/Documents/Dev/Dev_new/gs-server/cassandra-cache/common-persisters/src/main/java/com/dgphoenix/casino/cassandra/persist/CassandraBaseGameInfoPersister.java:[9,34] error: cannot find symbol
[ERROR]   symbol:   class BaseGameInfoTemplateCache
[ERROR]   location: package com.abs.casino.common.cache
[ERROR] /Users/alexb/Documents/Dev/Dev_new/gs-server/cassandra-cache/common-persisters/src/main/java/com/dgphoenix/casino/cassandra/persist/CassandraBaseGameInfoPersister.java:[10,44] error: cannot find symbol
[ERROR]   symbol:   class BankInfo
[ERROR]   location: package com.abs.casino.common.cache.data.bank
[ERROR] /Users/alexb/Documents/Dev/Dev_new/gs-server/cassandra-cache/common-persisters/src/main/java/com/dgphoenix/casino/cassandra/persist/CassandraBaseGameInfoPersister.java:[11,44] error: cannot find symbol
[ERROR]   symbol:   class Coin
[ERROR]   location: package com.abs.casino.common.cache.data.bank
[ERROR] /Users/alexb/Documents/Dev/Dev_new/gs-server/cassandra-cache/common-persisters/src/main/java/com/dgphoenix/casino/cassandra/persist/CassandraBaseGameInfoPersister.java:[12,44] error: cannot find symbol
[ERROR]   symbol:   class Limit
[ERROR]   location: package com.abs.casino.common.cache.data.bank
[ERROR] /Users/alexb/Documents/Dev/Dev_new/gs-server/cassandra-cache/common-persisters/src/main/java/com/dgphoenix/casino/cassandra/persist/CassandraBaseGameInfoPersister.java:[13,48] error: package com.abs.casino.common.cache.data.currency does not exist
[ERROR] /Users/alexb/Documents/Dev/Dev_new/gs-server/cassandra-cache/common-persisters/src/main/java/com/dgphoenix/casino/cassandra/persist/CassandraBaseGameInfoPersister.java:[14,44] error: package com.abs.casino.common.cache.data.game does not exist
[ERROR] /Users/alexb/Documents/Dev/Dev_new/gs-server/cassandra-cache/common-persisters/src/main/java/com/dgphoenix/casino/cassandra/persist/CassandraBaseGameInfoPersister.java:[15,44] error: package com.abs.casino.common.cache.data.game does not exist
[ERROR] /Users/alexb/Documents/Dev/Dev_new/gs-server/cassandra-cache/common-persisters/src/main/java/com/dgphoenix/casino/cassandra/persist/CassandraBaseGameInfoPersister.java:[16,44] error: package com.abs.casino.common.cache.data.game does not exist
[ERROR] /Users/alexb/Documents/Dev/Dev_new/gs-server/cassandra-cache/common-persisters/src/main/java/com/dgphoenix/casino/cassandra/persist/CassandraBaseGameInfoPersister.java:[17,36] error: package com.abs.casino.common.persist does not exist
[ERROR] /Users/alexb/Documents/Dev/Dev_new/gs-server/cassandra-cache/common-persisters/src/main/java/com/dgphoenix/casino/cassandra/persist/CassandraBaseGameInfoPersister.java:[18,36] error: package com.abs.casino.common.persist does not exist
[ERROR] /Users/alexb/Documents/Dev/Dev_new/gs-server/cassandra-cache/common-persisters/src/main/java/com/dgphoenix/casino/cassandra/persist/CassandraBaseGameInfoPersister.java:[19,33] error: package com.abs.casino.common.util does not exist
[ERROR] /Users/alexb/Documents/Dev/Dev_new/gs-server/cassandra-cache/common-persisters/src/main/java/com/dgphoenix/casino/cassandra/persist/CassandraBaseGameInfoPersister.java:[34,98] error: cannot find symbol
[ERROR]   symbol: class BaseGameInfo
[ERROR] /Users/alexb/Documents/Dev/Dev_new/gs-server/cassandra-cache/common-persisters/src/main/java/com/dgphoenix/casino/cassandra/persist/CassandraBaseGameInfoPersister.java:[35,51] error: cannot find symbol
[ERROR]   symbol: class BaseGameInfo
[ERROR] /Users/alexb/Documents/Dev/Dev_new/gs-server/cassandra-cache/common-persisters/src/main/java/com/dgphoenix/casino/cassandra/persist/CassandraBaseGameInfoPersister.java:[35,66] error: cannot find symbol
[ERROR]   symbol: class StreamPersister
[ERROR] /Users/alexb/Documents/Dev/Dev_new/gs-server/cassandra-cache/common-persisters/src/main/java/com/dgphoenix/casino/cassandra/persist/CassandraBaseGameInfoPersister.java:[35,90] error: cannot find symbol
[ERROR]   symbol: class BaseGameInfo
[ERROR] /Users/alexb/Documents/Dev/Dev_new/gs-server/cassandra-cache/common-persisters/src/main/java/com/dgphoenix/casino/cassandra/persist/CassandraBaseGameInfoPersister.java:[43,25] error: cannot find symbol
[ERROR]   symbol:   class TableDefinition
[ERROR]   location: class CassandraBaseGameInfoPersister
[ERROR] /Users/alexb/Documents/Dev/Dev_new/gs-server/cassandra-cache/common-persisters/src/main/java/com/dgphoenix/casino/cassandra/persist/CassandraBaseGameInfoPersister.java:[55,23] error: cannot find symbol
[ERROR]   symbol:   class IEntityUpdateListener
[ERROR]   location: class CassandraBaseGameInfoPersister
[ERROR] /Users/alexb/Documents/Dev/Dev_new/gs-server/cassandra-cache/common-persisters/src/main/java/com/dgphoenix/casino/cassandra/persist/CassandraBaseGameInfoPersister.java:[55,53] error: cannot find symbol
[ERROR]   symbol:   class BaseGameInfo
[ERROR]   location: class CassandraBaseGameInfoPersister
[ERROR] /Users/alexb/Documents/Dev/Dev_new/gs-server/cassandra-cache/common-persisters/src/main/java/com/dgphoenix/casino/cassandra/persist/CassandraBaseGameInfoPersister.java:[61,28] error: cannot find symbol
[ERROR]   symbol:   class BaseGameInfo
[ERROR]   location: class CassandraBaseGameInfoPersister
[ERROR] /Users/alexb/Documents/Dev/Dev_new/gs-server/cassandra-cache/common-persisters/src/main/java/com/dgphoenix/casino/cassandra/persist/CassandraBaseGameInfoPersister.java:[66,21] error: cannot find symbol
[ERROR]   symbol:   class BaseGameInfo
[ERROR]   location: class CassandraBaseGameInfoPersister
[ERROR] /Users/alexb/Documents/Dev/Dev_new/gs-server/cassandra-cache/common-persisters/src/main/java/com/dgphoenix/casino/cassandra/persist/CassandraBaseGameInfoPersister.java:[96,16] error: cannot find symbol
[ERROR]   symbol:   class BaseGameInfo
[ERROR]   location: class CassandraBaseGameInfoPersister
[ERROR] /Users/alexb/Documents/Dev/Dev_new/gs-server/cassandra-cache/common-persisters/src/main/java/com/dgphoenix/casino/cassandra/persist/CassandraBaseGameInfoPersister.java:[109,64] error: cannot find symbol
[ERROR]   symbol:   class ICurrency
[ERROR]   location: class CassandraBaseGameInfoPersister
[ERROR] /Users/alexb/Documents/Dev/Dev_new/gs-server/cassandra-cache/common-persisters/src/main/java/com/dgphoenix/casino/cassandra/persist/CassandraBaseGameInfoPersister.java:[109,16] error: cannot find symbol
[ERROR]   symbol:   class BaseGameInfo
[ERROR]   location: class CassandraBaseGameInfoPersister
[ERROR] /Users/alexb/Documents/Dev/Dev_new/gs-server/cassandra-cache/common-persisters/src/main/java/com/dgphoenix/casino/cassandra/persist/CassandraBaseGameInfoPersister.java:[121,53] error: cannot find symbol
[ERROR]   symbol:   class BaseGameInfo
[ERROR]   location: class CassandraBaseGameInfoPersister
[ERROR] /Users/alexb/Documents/Dev/Dev_new/gs-server/cassandra-cache/common-persisters/src/main/java/com/dgphoenix/casino/cassandra/persist/CassandraBaseGameInfoPersister.java:[135,24] error: cannot find symbol
[ERROR]   symbol:   class BaseGameInfo
[ERROR]   location: class CassandraBaseGameInfoPersister
[ERROR] /Users/alexb/Documents/Dev/Dev_new/gs-server/cassandra-cache/common-persisters/src/main/java/com/dgphoenix/casino/cassandra/persist/CassandraBaseGameInfoPersister.java:[141,36] error: cannot find symbol
[ERROR]   symbol:   class BaseGameInfo
[ERROR]   location: class CassandraBaseGameInfoPersister
[ERROR] /Users/alexb/Documents/Dev/Dev_new/gs-server/cassandra-cache/common-persisters/src/main/java/com/dgphoenix/casino/cassandra/persist/CassandraBaseGameInfoPersister.java:[196,62] error: cannot find symbol
[ERROR]   symbol:   class BaseGameInfo
[ERROR]   location: class CassandraBaseGameInfoPersister
[ERROR] /Users/alexb/Documents/Dev/Dev_new/gs-server/cassandra-cache/common-persisters/src/main/java/com/dgphoenix/casino/cassandra/persist/CassandraBaseGameInfoPersister.java:[207,23] error: cannot find symbol
[ERROR]   symbol:   class BaseGameInfo
[ERROR]   location: class CassandraBaseGameInfoPersister
[ERROR] /Users/alexb/Documents/Dev/Dev_new/gs-server/cassandra-cache/common-persisters/src/main/java/com/dgphoenix/casino/cassandra/persist/CassandraBaseGameInfoPersister.java:[223,27] error: cannot find symbol
[ERROR]   symbol:   class TableProcessor
[ERROR]   location: class CassandraBaseGameInfoPersister
[ERROR] /Users/alexb/Documents/Dev/Dev_new/gs-server/cassandra-cache/common-persisters/src/main/java/com/dgphoenix/casino/cassandra/persist/CassandraBaseGameInfoPersister.java:[223,42] error: cannot find symbol
[ERROR]   symbol:   class Pair
[ERROR]   location: class CassandraBaseGameInfoPersister
[ERROR] /Users/alexb/Documents/Dev/Dev_new/gs-server/cassandra-cache/common-persisters/src/main/java/com/dgphoenix/casino/cassandra/persist/CassandraBaseGameInfoPersister.java:[223,55] error: cannot find symbol
[ERROR]   symbol:   class BaseGameInfo
[ERROR]   location: class CassandraBaseGameInfoPersister
[ERROR] /Users/alexb/Documents/Dev/Dev_new/gs-server/cassandra-cache/common-persisters/src/main/java/com/dgphoenix/casino/cassandra/persist/CassandraBaseGameInfoPersister.java:[232,35] error: cannot find symbol
[ERROR]   symbol:   class TableProcessor
[ERROR]   location: class CassandraBaseGameInfoPersister
[ERROR] /Users/alexb/Documents/Dev/Dev_new/gs-server/cassandra-cache/common-persisters/src/main/java/com/dgphoenix/casino/cassandra/persist/CassandraBaseGameInfoPersister.java:[232,50] error: cannot find symbol
[ERROR]   symbol:   class Pair
[ERROR]   location: class CassandraBaseGameInfoPersister
[ERROR] /Users/alexb/Documents/Dev/Dev_new/gs-server/cassandra-cache/common-persisters/src/main/java/com/dgphoenix/casino/cassandra/persist/CassandraBaseGameInfoPersister.java:[232,63] error: cannot find symbol
[ERROR]   symbol:   class BaseGameInfo
[ERROR]   location: class CassandraBaseGameInfoPersister
[ERROR] /Users/alexb/Documents/Dev/Dev_new/gs-server/cassandra-cache/common-persisters/src/main/java/com/dgphoenix/casino/cassandra/persist/CassandraBaseGameInfoPersister.java:[247,62] error: cannot find symbol
[ERROR]   symbol:   class TableProcessor
[ERROR]   location: class CassandraBaseGameInfoPersister
[ERROR] /Users/alexb/Documents/Dev/Dev_new/gs-server/cassandra-cache/common-persisters/src/main/java/com/dgphoenix/casino/cassandra/persist/CassandraBaseGameInfoPersister.java:[247,77] error: cannot find symbol
[ERROR]   symbol:   class Pair
[ERROR]   location: class CassandraBaseGameInfoPersister
[ERROR] /Users/alexb/Documents/Dev/Dev_new/gs-server/cassandra-cache/common-persisters/src/main/java/com/dgphoenix/casino/cassandra/persist/CassandraBaseGameInfoPersister.java:[247,90] error: cannot find symbol
[ERROR]   symbol:   class BaseGameInfo
[ERROR]   location: class CassandraBaseGameInfoPersister
[ERROR] /Users/alexb/Documents/Dev/Dev_new/gs-server/cassandra-cache/common-persisters/src/main/java/com/dgphoenix/casino/cassandra/persist/CassandraBaseGameInfoPersister.java:[253,46] error: cannot find symbol
[ERROR]   symbol:   class IEntityUpdateListener
[ERROR]   location: class CassandraBaseGameInfoPersister
[ERROR] /Users/alexb/Documents/Dev/Dev_new/gs-server/cassandra-cache/common-persisters/src/main/java/com/dgphoenix/casino/cassandra/persist/CassandraBaseGameInfoPersister.java:[253,76] error: cannot find symbol
[ERROR]   symbol:   class BaseGameInfo
[ERROR]   location: class CassandraBaseGameInfoPersister
[ERROR] /Users/alexb/Documents/Dev/Dev_new/gs-server/cassandra-cache/common-persisters/src/main/java/com/dgphoenix/casino/cassandra/persist/CassandraBaseGameInfoPersister.java:[266,11] error: cannot find symbol
[ERROR]   symbol:   class BaseGameInfo
[ERROR]   location: class CassandraBaseGameInfoPersister
[ERROR] /Users/alexb/Documents/Dev/Dev_new/gs-server/cassandra-cache/common-persisters/src/main/java/com/dgphoenix/casino/cassandra/persist/CassandraBaseGameInfoPersister.java:[277,11] error: cannot find symbol
[ERROR]   symbol:   class AbstractDistributedCache
[ERROR]   location: class CassandraBaseGameInfoPersister
[ERROR] /Users/alexb/Documents/Dev/Dev_new/gs-server/cassandra-cache/common-persisters/src/main/java/com/dgphoenix/casino/cassandra/persist/CassandraBaseGameInfoPersister.java:[277,36] error: cannot find symbol
[ERROR]   symbol:   class BaseGameInfo
[ERROR]   location: class CassandraBaseGameInfoPersister
[ERROR] /Users/alexb/Documents/Dev/Dev_new/gs-server/cassandra-cache/common-persisters/src/main/java/com/dgphoenix/casino/cassandra/persist/CassandraBaseGameInfoPersister.java:[287,11] error: cannot find symbol
[ERROR] -> [Help 1]
[ERROR] 
[ERROR] To see the full stack trace of the errors, re-run Maven with the -e switch.
[ERROR] Re-run Maven using the -X switch to enable full debug logging.
[ERROR] 
[ERROR] For more information about the errors and possible solutions, please read the following articles:
[ERROR] [Help 1] http://cwiki.apache.org/confluence/display/MAVEN/MojoFailureException
