[INFO] Scanning for projects...
[INFO] 
[INFO] ---------------< com.dgphoenix.casino:utils-restricted >----------------
[INFO] Building utils-restricted 1.1.0
[INFO]   from pom.xml
[INFO] --------------------------------[ jar ]---------------------------------
[INFO] 
[INFO] --- enforcer:3.0.0-M1:enforce (enforce-banned-dependencies) @ utils-restricted ---
[INFO] 
[INFO] --- resources:3.1.0:resources (default-resources) @ utils-restricted ---
[INFO] Using 'UTF-8' encoding to copy filtered resources.
[INFO] Copying 1 resource
[INFO] 
[INFO] --- compiler:2.5.1:compile (default-compile) @ utils-restricted ---
[INFO] Compiling 166 source files to /Users/alexb/Documents/Dev/Dev_new/gs-server/sb-utils/target/classes
[INFO] -------------------------------------------------------------
[ERROR] COMPILATION ERROR : 
[INFO] -------------------------------------------------------------
[ERROR] /Users/alexb/Documents/Dev/Dev_new/gs-server/sb-utils/src/main/java/com/dgphoenix/casino/common/web/statistics/RawStatisticsServlet.java:[25,8] error: cannot find symbol
[ERROR]   symbol:   variable StatisticsManager
  location: class RawStatisticsServlet
/Users/alexb/Documents/Dev/Dev_new/gs-server/sb-utils/src/main/java/com/dgphoenix/casino/common/web/statistics/RawStatisticsServlet.java:[43,17] error: cannot find symbol
[ERROR]   symbol:   variable StatisticsManager
  location: class RawStatisticsServlet
/Users/alexb/Documents/Dev/Dev_new/gs-server/sb-utils/src/main/java/com/dgphoenix/casino/common/web/statistics/RawStatisticsServlet.java:[55,16] error: cannot find symbol
[ERROR]   symbol:   variable StatisticsManager
  location: class RawStatisticsServlet
/Users/alexb/Documents/Dev/Dev_new/gs-server/sb-utils/src/main/java/com/dgphoenix/casino/common/web/statistics/RawStatisticsServlet.java:[68,8] error: cannot find symbol
[ERROR]   symbol:   variable StatisticsManager
  location: class RawStatisticsServlet
/Users/alexb/Documents/Dev/Dev_new/gs-server/sb-utils/src/main/java/com/dgphoenix/casino/common/web/statistics/RawStatisticsServlet.java:[82,16] error: cannot find symbol
[INFO] 5 errors 
[INFO] -------------------------------------------------------------
[INFO] ------------------------------------------------------------------------
[INFO] BUILD FAILURE
[INFO] ------------------------------------------------------------------------
[INFO] Total time:  1.659 s
[INFO] Finished at: 2026-02-27T23:08:21Z
[INFO] ------------------------------------------------------------------------
[ERROR] Failed to execute goal org.apache.maven.plugins:maven-compiler-plugin:2.5.1:compile (default-compile) on project utils-restricted: Compilation failure: Compilation failure: 
[ERROR] /Users/alexb/Documents/Dev/Dev_new/gs-server/sb-utils/src/main/java/com/dgphoenix/casino/common/web/statistics/RawStatisticsServlet.java:[25,8] error: cannot find symbol
[ERROR]   symbol:   variable StatisticsManager
[ERROR]   location: class RawStatisticsServlet
[ERROR] /Users/alexb/Documents/Dev/Dev_new/gs-server/sb-utils/src/main/java/com/dgphoenix/casino/common/web/statistics/RawStatisticsServlet.java:[43,17] error: cannot find symbol
[ERROR]   symbol:   variable StatisticsManager
[ERROR]   location: class RawStatisticsServlet
[ERROR] /Users/alexb/Documents/Dev/Dev_new/gs-server/sb-utils/src/main/java/com/dgphoenix/casino/common/web/statistics/RawStatisticsServlet.java:[55,16] error: cannot find symbol
[ERROR]   symbol:   variable StatisticsManager
[ERROR]   location: class RawStatisticsServlet
[ERROR] /Users/alexb/Documents/Dev/Dev_new/gs-server/sb-utils/src/main/java/com/dgphoenix/casino/common/web/statistics/RawStatisticsServlet.java:[68,8] error: cannot find symbol
[ERROR]   symbol:   variable StatisticsManager
[ERROR]   location: class RawStatisticsServlet
[ERROR] /Users/alexb/Documents/Dev/Dev_new/gs-server/sb-utils/src/main/java/com/dgphoenix/casino/common/web/statistics/RawStatisticsServlet.java:[82,16] error: cannot find symbol
[ERROR] -> [Help 1]
[ERROR] 
[ERROR] To see the full stack trace of the errors, re-run Maven with the -e switch.
[ERROR] Re-run Maven using the -X switch to enable full debug logging.
[ERROR] 
[ERROR] For more information about the errors and possible solutions, please read the following articles:
[ERROR] [Help 1] http://cwiki.apache.org/confluence/display/MAVEN/MojoFailureException
