[START] cotg_compile
DIR=mp-server
CMD=mvn -pl games/clashofthegods -am -DskipTests compile
[INFO] Scanning for projects...
[WARNING] 
[WARNING] Some problems were encountered while building the effective model for com.betsoft.casino:mp-bots:jar:1.0.0-SNAPSHOT
[WARNING] 'build.plugins.plugin.version' for org.springframework.boot:spring-boot-maven-plugin is missing. @ line 236, column 21
[WARNING] 
[WARNING] It is highly recommended to fix these problems because they threaten the stability of your build.
[WARNING] 
[WARNING] For this reason, future Maven versions might no longer support building such malformed projects.
[WARNING] 
[WARNING] The project com.betsoft.casino:mp-casino:pom:1.0.0-SNAPSHOT uses prerequisites which is only intended for maven-plugin projects but not for non maven-plugin projects. For such purposes you should use the maven-enforcer-plugin. See https://maven.apache.org/enforcer/enforcer-rules/requireMavenVersion.html
[INFO] ------------------------------------------------------------------------
[INFO] Reactor Build Order:
[INFO] 
[INFO] Tektosyne                                                          [jar]
[INFO] mp-casino                                                          [pom]
[INFO] Casino MP Games core interfaces                                    [jar]
[INFO] Casino MP Games                                                    [pom]
[INFO] MP Common Games                                                    [jar]
[INFO] Max Quest: Clash of the Gods. Math model                           [jar]
[INFO] Max Quest: Clash of the Gods                                       [jar]
[INFO] 
[INFO] ----------------------< org.kynosarges:tektosyne >----------------------
[INFO] Building Tektosyne 6.0.1-BSG                                       [1/7]
[INFO]   from tektosyne/pom.xml
[INFO] --------------------------------[ jar ]---------------------------------
[INFO] 
[INFO] --- resources:3.3.1:resources (default-resources) @ tektosyne ---
[INFO] skip non existing resourceDirectory /Users/alexb/Documents/Dev/Dev_new/mp-server/tektosyne/src/main/resources
[INFO] 
[INFO] --- compiler:3.6.0:compile (default-compile) @ tektosyne ---
[INFO] Changes detected - recompiling the module!
[INFO] Compiling 62 source files to /Users/alexb/Documents/Dev/Dev_new/mp-server/tektosyne/target/classes
[INFO] 
[INFO] --------------------< com.betsoft.casino:mp-casino >--------------------
[INFO] Building mp-casino 1.0.0-SNAPSHOT                                  [2/7]
[INFO]   from pom.xml
[INFO] --------------------------------[ pom ]---------------------------------
[INFO] 
[INFO] ---------------< com.betsoft.casino.mp:core-interfaces >----------------
[INFO] Building Casino MP Games core interfaces 1.0.0-SNAPSHOT            [3/7]
[INFO]   from core-interfaces/pom.xml
[INFO] --------------------------------[ jar ]---------------------------------
[INFO] 
[INFO] --- resources:3.0.2:resources (default-resources) @ core-interfaces ---
[INFO] Using 'UTF-8' encoding to copy filtered resources.
[INFO] skip non existing resourceDirectory /Users/alexb/Documents/Dev/Dev_new/mp-server/core-interfaces/src/main/resources
[INFO] 
[INFO] --- compiler:3.6.0:compile (default-compile) @ core-interfaces ---
[INFO] Nothing to compile - all classes are up to date
[INFO] 
[INFO] --------------------< com.betsoft.casino.mp:games >---------------------
[INFO] Building Casino MP Games 1.0.0-SNAPSHOT                            [4/7]
[INFO]   from games/pom.xml
[INFO] --------------------------------[ pom ]---------------------------------
[INFO] 
[INFO] ---------------< com.betsoft.casino.mp:mp-common-games >----------------
[INFO] Building MP Common Games 1.0.0-SNAPSHOT                            [5/7]
[INFO]   from games/common-games/pom.xml
[INFO] --------------------------------[ jar ]---------------------------------
[INFO] 
[INFO] --- resources:3.0.2:resources (default-resources) @ mp-common-games ---
[INFO] Using 'UTF-8' encoding to copy filtered resources.
[INFO] Copying 100 resources
[INFO] 
[INFO] --- compiler:3.6.0:compile (default-compile) @ mp-common-games ---
[INFO] Nothing to compile - all classes are up to date
[INFO] 
[INFO] -------------< com.betsoft.casino.mp:clashofthegods-math >--------------
[INFO] Building Max Quest: Clash of the Gods. Math model 1.0.0-SNAPSHOT   [6/7]
[INFO]   from games/clashofthegods-math/pom.xml
[INFO] --------------------------------[ jar ]---------------------------------
[INFO] 
[INFO] --- resources:3.0.2:resources (default-resources) @ clashofthegods-math ---
[INFO] Using 'UTF-8' encoding to copy filtered resources.
[INFO] skip non existing resourceDirectory /Users/alexb/Documents/Dev/Dev_new/mp-server/games/clashofthegods-math/src/main/resources
[INFO] 
[INFO] --- compiler:3.6.0:compile (default-compile) @ clashofthegods-math ---
[INFO] Changes detected - recompiling the module!
[INFO] Compiling 33 source files to /Users/alexb/Documents/Dev/Dev_new/mp-server/games/clashofthegods-math/target/classes
[INFO] /Users/alexb/Documents/Dev/Dev_new/mp-server/games/clashofthegods-math/src/main/java/com/betsoft/casino/mp/clashofthegods/model/math/enemies/Owl.java: Some input files use unchecked or unsafe operations.
[INFO] /Users/alexb/Documents/Dev/Dev_new/mp-server/games/clashofthegods-math/src/main/java/com/betsoft/casino/mp/clashofthegods/model/math/enemies/Owl.java: Recompile with -Xlint:unchecked for details.
[INFO] Some messages have been simplified; recompile with -Xdiags:verbose to get full output
[INFO] -------------------------------------------------------------
[ERROR] COMPILATION ERROR : 
[INFO] -------------------------------------------------------------
[ERROR] /Users/alexb/Documents/Dev/Dev_new/mp-server/games/clashofthegods-math/src/main/java/com/betsoft/casino/mp/clashofthegods/model/math/MathData.java:[279,128] incompatible types: java.util.HashMap<java.lang.Integer,java.util.List<com.dgphoenix.casino.common.util.Triple<java.lang.Integer,java.lang.Integer,java.lang.Double>>> cannot be converted to java.util.Map<java.lang.Integer,java.util.List<com.abs.casino.common.util.Triple<java.lang.Integer,java.lang.Integer,java.lang.Double>>>
[ERROR] /Users/alexb/Documents/Dev/Dev_new/mp-server/games/clashofthegods-math/src/main/java/com/betsoft/casino/mp/clashofthegods/model/math/MathData.java:[290,109] incompatible types: java.util.Map<java.lang.Integer,com.dgphoenix.casino.common.util.Pair<java.lang.Double,java.lang.Double>> cannot be converted to java.util.Map<java.lang.Integer,com.abs.casino.common.util.Pair<java.lang.Double,java.lang.Double>>
[ERROR] /Users/alexb/Documents/Dev/Dev_new/mp-server/games/clashofthegods-math/src/main/java/com/betsoft/casino/mp/clashofthegods/model/math/enemies/AbstractEnemyData.java:[11,8] com.betsoft.casino.mp.clashofthegods.model.math.enemies.AbstractEnemyData is not abstract and does not override abstract method getAdditionalWeaponKilledTable() in com.betsoft.casino.mp.clashofthegods.model.math.enemies.IEnemyData
[ERROR] /Users/alexb/Documents/Dev/Dev_new/mp-server/games/clashofthegods-math/src/main/java/com/betsoft/casino/mp/clashofthegods/model/math/enemies/AbstractEnemyData.java:[38,69] getAdditionalWeaponKilledTable() in com.betsoft.casino.mp.clashofthegods.model.math.enemies.AbstractEnemyData cannot implement getAdditionalWeaponKilledTable() in com.betsoft.casino.mp.clashofthegods.model.math.enemies.IEnemyData
  return type java.util.HashMap<java.lang.Integer,java.util.List<com.abs.casino.common.util.Triple<java.lang.Integer,java.lang.Integer,java.lang.Double>>> is not compatible with java.util.HashMap<java.lang.Integer,java.util.List<com.dgphoenix.casino.common.util.Triple<java.lang.Integer,java.lang.Integer,java.lang.Double>>>
[ERROR] /Users/alexb/Documents/Dev/Dev_new/mp-server/games/clashofthegods-math/src/main/java/com/betsoft/casino/mp/clashofthegods/model/math/enemies/AbstractEnemyData.java:[33,47] getWeaponDropData() in com.betsoft.casino.mp.clashofthegods.model.math.enemies.AbstractEnemyData cannot implement getWeaponDropData() in com.betsoft.casino.mp.clashofthegods.model.math.enemies.IEnemyData
  return type java.util.Map<java.lang.Integer,com.abs.casino.common.util.Pair<java.lang.Double,java.lang.Double>> is not compatible with java.util.Map<java.lang.Integer,com.dgphoenix.casino.common.util.Pair<java.lang.Double,java.lang.Double>>
[ERROR] /Users/alexb/Documents/Dev/Dev_new/mp-server/games/clashofthegods-math/src/main/java/com/betsoft/casino/mp/clashofthegods/model/math/enemies/AbstractEnemyData.java:[37,5] method does not override or implement a method from a supertype
[ERROR] /Users/alexb/Documents/Dev/Dev_new/mp-server/games/clashofthegods-math/src/main/java/com/betsoft/casino/mp/clashofthegods/model/math/enemies/Owl.java:[8,8] getAdditionalWeaponKilledTable() in com.betsoft.casino.mp.clashofthegods.model.math.enemies.AbstractEnemyData cannot implement getAdditionalWeaponKilledTable() in com.betsoft.casino.mp.clashofthegods.model.math.enemies.IEnemyData
  return type java.util.HashMap<java.lang.Integer,java.util.List<com.abs.casino.common.util.Triple<java.lang.Integer,java.lang.Integer,java.lang.Double>>> is not compatible with java.util.HashMap<java.lang.Integer,java.util.List<com.dgphoenix.casino.common.util.Triple<java.lang.Integer,java.lang.Integer,java.lang.Double>>>
[ERROR] /Users/alexb/Documents/Dev/Dev_new/mp-server/games/clashofthegods-math/src/main/java/com/betsoft/casino/mp/clashofthegods/model/math/enemies/Owl.java:[12,62] incompatible types: cannot infer type arguments for com.dgphoenix.casino.common.util.Pair<>
    reason: no instance(s) of type variable(s) K,V exist so that com.dgphoenix.casino.common.util.Pair<K,V> conforms to com.abs.casino.common.util.Pair<java.lang.Double,java.lang.Double>
[ERROR] /Users/alexb/Documents/Dev/Dev_new/mp-server/games/clashofthegods-math/src/main/java/com/betsoft/casino/mp/clashofthegods/model/math/enemies/Owl.java:[13,59] incompatible types: cannot infer type arguments for com.dgphoenix.casino.common.util.Pair<>
    reason: no instance(s) of type variable(s) K,V exist so that com.dgphoenix.casino.common.util.Pair<K,V> conforms to com.abs.casino.common.util.Pair<java.lang.Double,java.lang.Double>
[ERROR] /Users/alexb/Documents/Dev/Dev_new/mp-server/games/clashofthegods-math/src/main/java/com/betsoft/casino/mp/clashofthegods/model/math/enemies/Snake.java:[9,8] getAdditionalWeaponKilledTable() in com.betsoft.casino.mp.clashofthegods.model.math.enemies.AbstractEnemyData cannot implement getAdditionalWeaponKilledTable() in com.betsoft.casino.mp.clashofthegods.model.math.enemies.IEnemyData
  return type java.util.HashMap<java.lang.Integer,java.util.List<com.abs.casino.common.util.Triple<java.lang.Integer,java.lang.Integer,java.lang.Double>>> is not compatible with java.util.HashMap<java.lang.Integer,java.util.List<com.dgphoenix.casino.common.util.Triple<java.lang.Integer,java.lang.Integer,java.lang.Double>>>
[ERROR] /Users/alexb/Documents/Dev/Dev_new/mp-server/games/clashofthegods-math/src/main/java/com/betsoft/casino/mp/clashofthegods/model/math/enemies/Snake.java:[14,62] incompatible types: cannot infer type arguments for com.dgphoenix.casino.common.util.Pair<>
    reason: no instance(s) of type variable(s) K,V exist so that com.dgphoenix.casino.common.util.Pair<K,V> conforms to com.abs.casino.common.util.Pair<java.lang.Double,java.lang.Double>
[ERROR] /Users/alexb/Documents/Dev/Dev_new/mp-server/games/clashofthegods-math/src/main/java/com/betsoft/casino/mp/clashofthegods/model/math/enemies/Snake.java:[15,59] incompatible types: cannot infer type arguments for com.dgphoenix.casino.common.util.Pair<>
    reason: no instance(s) of type variable(s) K,V exist so that com.dgphoenix.casino.common.util.Pair<K,V> conforms to com.abs.casino.common.util.Pair<java.lang.Double,java.lang.Double>
[ERROR] /Users/alexb/Documents/Dev/Dev_new/mp-server/games/clashofthegods-math/src/main/java/com/betsoft/casino/mp/clashofthegods/model/math/enemies/LizardTwo.java:[11,8] getAdditionalWeaponKilledTable() in com.betsoft.casino.mp.clashofthegods.model.math.enemies.AbstractEnemyData cannot implement getAdditionalWeaponKilledTable() in com.betsoft.casino.mp.clashofthegods.model.math.enemies.IEnemyData
  return type java.util.HashMap<java.lang.Integer,java.util.List<com.abs.casino.common.util.Triple<java.lang.Integer,java.lang.Integer,java.lang.Double>>> is not compatible with java.util.HashMap<java.lang.Integer,java.util.List<com.dgphoenix.casino.common.util.Triple<java.lang.Integer,java.lang.Integer,java.lang.Double>>>
[ERROR] /Users/alexb/Documents/Dev/Dev_new/mp-server/games/clashofthegods-math/src/main/java/com/betsoft/casino/mp/clashofthegods/model/math/enemies/LizardTwo.java:[15,62] incompatible types: cannot infer type arguments for com.dgphoenix.casino.common.util.Pair<>
    reason: no instance(s) of type variable(s) K,V exist so that com.dgphoenix.casino.common.util.Pair<K,V> conforms to com.abs.casino.common.util.Pair<java.lang.Double,java.lang.Double>
[ERROR] /Users/alexb/Documents/Dev/Dev_new/mp-server/games/clashofthegods-math/src/main/java/com/betsoft/casino/mp/clashofthegods/model/math/enemies/LizardTwo.java:[16,59] incompatible types: cannot infer type arguments for com.dgphoenix.casino.common.util.Pair<>
    reason: no instance(s) of type variable(s) K,V exist so that com.dgphoenix.casino.common.util.Pair<K,V> conforms to com.abs.casino.common.util.Pair<java.lang.Double,java.lang.Double>
[ERROR] /Users/alexb/Documents/Dev/Dev_new/mp-server/games/clashofthegods-math/src/main/java/com/betsoft/casino/mp/clashofthegods/model/math/enemies/Lizard.java:[10,8] getAdditionalWeaponKilledTable() in com.betsoft.casino.mp.clashofthegods.model.math.enemies.AbstractEnemyData cannot implement getAdditionalWeaponKilledTable() in com.betsoft.casino.mp.clashofthegods.model.math.enemies.IEnemyData
  return type java.util.HashMap<java.lang.Integer,java.util.List<com.abs.casino.common.util.Triple<java.lang.Integer,java.lang.Integer,java.lang.Double>>> is not compatible with java.util.HashMap<java.lang.Integer,java.util.List<com.dgphoenix.casino.common.util.Triple<java.lang.Integer,java.lang.Integer,java.lang.Double>>>
[ERROR] /Users/alexb/Documents/Dev/Dev_new/mp-server/games/clashofthegods-math/src/main/java/com/betsoft/casino/mp/clashofthegods/model/math/enemies/Lizard.java:[15,62] incompatible types: cannot infer type arguments for com.dgphoenix.casino.common.util.Pair<>
    reason: no instance(s) of type variable(s) K,V exist so that com.dgphoenix.casino.common.util.Pair<K,V> conforms to com.abs.casino.common.util.Pair<java.lang.Double,java.lang.Double>
[ERROR] /Users/alexb/Documents/Dev/Dev_new/mp-server/games/clashofthegods-math/src/main/java/com/betsoft/casino/mp/clashofthegods/model/math/enemies/Lizard.java:[16,59] incompatible types: cannot infer type arguments for com.dgphoenix.casino.common.util.Pair<>
    reason: no instance(s) of type variable(s) K,V exist so that com.dgphoenix.casino.common.util.Pair<K,V> conforms to com.abs.casino.common.util.Pair<java.lang.Double,java.lang.Double>
[ERROR] /Users/alexb/Documents/Dev/Dev_new/mp-server/games/clashofthegods-math/src/main/java/com/betsoft/casino/mp/clashofthegods/model/math/enemies/GoldenDragon.java:[10,8] getAdditionalWeaponKilledTable() in com.betsoft.casino.mp.clashofthegods.model.math.enemies.AbstractEnemyData cannot implement getAdditionalWeaponKilledTable() in com.betsoft.casino.mp.clashofthegods.model.math.enemies.IEnemyData
  return type java.util.HashMap<java.lang.Integer,java.util.List<com.abs.casino.common.util.Triple<java.lang.Integer,java.lang.Integer,java.lang.Double>>> is not compatible with java.util.HashMap<java.lang.Integer,java.util.List<com.dgphoenix.casino.common.util.Triple<java.lang.Integer,java.lang.Integer,java.lang.Double>>>
[ERROR] /Users/alexb/Documents/Dev/Dev_new/mp-server/games/clashofthegods-math/src/main/java/com/betsoft/casino/mp/clashofthegods/model/math/enemies/GoldenDragon.java:[15,62] incompatible types: cannot infer type arguments for com.dgphoenix.casino.common.util.Pair<>
    reason: no instance(s) of type variable(s) K,V exist so that com.dgphoenix.casino.common.util.Pair<K,V> conforms to com.abs.casino.common.util.Pair<java.lang.Double,java.lang.Double>
[ERROR] /Users/alexb/Documents/Dev/Dev_new/mp-server/games/clashofthegods-math/src/main/java/com/betsoft/casino/mp/clashofthegods/model/math/enemies/GoldenDragon.java:[16,59] incompatible types: cannot infer type arguments for com.dgphoenix.casino.common.util.Pair<>
    reason: no instance(s) of type variable(s) K,V exist so that com.dgphoenix.casino.common.util.Pair<K,V> conforms to com.abs.casino.common.util.Pair<java.lang.Double,java.lang.Double>
[ERROR] /Users/alexb/Documents/Dev/Dev_new/mp-server/games/clashofthegods-math/src/main/java/com/betsoft/casino/mp/clashofthegods/model/math/enemies/LizardOne.java:[11,8] getAdditionalWeaponKilledTable() in com.betsoft.casino.mp.clashofthegods.model.math.enemies.AbstractEnemyData cannot implement getAdditionalWeaponKilledTable() in com.betsoft.casino.mp.clashofthegods.model.math.enemies.IEnemyData
  return type java.util.HashMap<java.lang.Integer,java.util.List<com.abs.casino.common.util.Triple<java.lang.Integer,java.lang.Integer,java.lang.Double>>> is not compatible with java.util.HashMap<java.lang.Integer,java.util.List<com.dgphoenix.casino.common.util.Triple<java.lang.Integer,java.lang.Integer,java.lang.Double>>>
[ERROR] /Users/alexb/Documents/Dev/Dev_new/mp-server/games/clashofthegods-math/src/main/java/com/betsoft/casino/mp/clashofthegods/model/math/enemies/EvilSpiritOne.java:[11,8] getAdditionalWeaponKilledTable() in com.betsoft.casino.mp.clashofthegods.model.math.enemies.AbstractEnemyData cannot implement getAdditionalWeaponKilledTable() in com.betsoft.casino.mp.clashofthegods.model.math.enemies.IEnemyData
  return type java.util.HashMap<java.lang.Integer,java.util.List<com.abs.casino.common.util.Triple<java.lang.Integer,java.lang.Integer,java.lang.Double>>> is not compatible with java.util.HashMap<java.lang.Integer,java.util.List<com.dgphoenix.casino.common.util.Triple<java.lang.Integer,java.lang.Integer,java.lang.Double>>>
[ERROR] /Users/alexb/Documents/Dev/Dev_new/mp-server/games/clashofthegods-math/src/main/java/com/betsoft/casino/mp/clashofthegods/model/math/enemies/DragonFlyRed.java:[11,8] getAdditionalWeaponKilledTable() in com.betsoft.casino.mp.clashofthegods.model.math.enemies.AbstractEnemyData cannot implement getAdditionalWeaponKilledTable() in com.betsoft.casino.mp.clashofthegods.model.math.enemies.IEnemyData
  return type java.util.HashMap<java.lang.Integer,java.util.List<com.abs.casino.common.util.Triple<java.lang.Integer,java.lang.Integer,java.lang.Double>>> is not compatible with java.util.HashMap<java.lang.Integer,java.util.List<com.dgphoenix.casino.common.util.Triple<java.lang.Integer,java.lang.Integer,java.lang.Double>>>
[ERROR] /Users/alexb/Documents/Dev/Dev_new/mp-server/games/clashofthegods-math/src/main/java/com/betsoft/casino/mp/clashofthegods/model/math/enemies/DragonFlyGreen.java:[11,8] getAdditionalWeaponKilledTable() in com.betsoft.casino.mp.clashofthegods.model.math.enemies.AbstractEnemyData cannot implement getAdditionalWeaponKilledTable() in com.betsoft.casino.mp.clashofthegods.model.math.enemies.IEnemyData
  return type java.util.HashMap<java.lang.Integer,java.util.List<com.abs.casino.common.util.Triple<java.lang.Integer,java.lang.Integer,java.lang.Double>>> is not compatible with java.util.HashMap<java.lang.Integer,java.util.List<com.dgphoenix.casino.common.util.Triple<java.lang.Integer,java.lang.Integer,java.lang.Double>>>
[ERROR] /Users/alexb/Documents/Dev/Dev_new/mp-server/games/clashofthegods-math/src/main/java/com/betsoft/casino/mp/clashofthegods/model/math/enemies/BeetleTwo.java:[11,8] getAdditionalWeaponKilledTable() in com.betsoft.casino.mp.clashofthegods.model.math.enemies.AbstractEnemyData cannot implement getAdditionalWeaponKilledTable() in com.betsoft.casino.mp.clashofthegods.model.math.enemies.IEnemyData
  return type java.util.HashMap<java.lang.Integer,java.util.List<com.abs.casino.common.util.Triple<java.lang.Integer,java.lang.Integer,java.lang.Double>>> is not compatible with java.util.HashMap<java.lang.Integer,java.util.List<com.dgphoenix.casino.common.util.Triple<java.lang.Integer,java.lang.Integer,java.lang.Double>>>
[ERROR] /Users/alexb/Documents/Dev/Dev_new/mp-server/games/clashofthegods-math/src/main/java/com/betsoft/casino/mp/clashofthegods/model/math/enemies/Tiger.java:[11,8] getAdditionalWeaponKilledTable() in com.betsoft.casino.mp.clashofthegods.model.math.enemies.AbstractEnemyData cannot implement getAdditionalWeaponKilledTable() in com.betsoft.casino.mp.clashofthegods.model.math.enemies.IEnemyData
  return type java.util.HashMap<java.lang.Integer,java.util.List<com.abs.casino.common.util.Triple<java.lang.Integer,java.lang.Integer,java.lang.Double>>> is not compatible with java.util.HashMap<java.lang.Integer,java.util.List<com.dgphoenix.casino.common.util.Triple<java.lang.Integer,java.lang.Integer,java.lang.Double>>>
[ERROR] /Users/alexb/Documents/Dev/Dev_new/mp-server/games/clashofthegods-math/src/main/java/com/betsoft/casino/mp/clashofthegods/model/math/enemies/Spirit.java:[8,8] getAdditionalWeaponKilledTable() in com.betsoft.casino.mp.clashofthegods.model.math.enemies.AbstractEnemyData cannot implement getAdditionalWeaponKilledTable() in com.betsoft.casino.mp.clashofthegods.model.math.enemies.IEnemyData
  return type java.util.HashMap<java.lang.Integer,java.util.List<com.abs.casino.common.util.Triple<java.lang.Integer,java.lang.Integer,java.lang.Double>>> is not compatible with java.util.HashMap<java.lang.Integer,java.util.List<com.dgphoenix.casino.common.util.Triple<java.lang.Integer,java.lang.Integer,java.lang.Double>>>
[ERROR] /Users/alexb/Documents/Dev/Dev_new/mp-server/games/clashofthegods-math/src/main/java/com/betsoft/casino/mp/clashofthegods/model/math/enemies/EvilSpiritTwo.java:[11,8] getAdditionalWeaponKilledTable() in com.betsoft.casino.mp.clashofthegods.model.math.enemies.AbstractEnemyData cannot implement getAdditionalWeaponKilledTable() in com.betsoft.casino.mp.clashofthegods.model.math.enemies.IEnemyData
  return type java.util.HashMap<java.lang.Integer,java.util.List<com.abs.casino.common.util.Triple<java.lang.Integer,java.lang.Integer,java.lang.Double>>> is not compatible with java.util.HashMap<java.lang.Integer,java.util.List<com.dgphoenix.casino.common.util.Triple<java.lang.Integer,java.lang.Integer,java.lang.Double>>>
[ERROR] /Users/alexb/Documents/Dev/Dev_new/mp-server/games/clashofthegods-math/src/main/java/com/betsoft/casino/mp/clashofthegods/model/math/enemies/Phoenix.java:[9,8] getAdditionalWeaponKilledTable() in com.betsoft.casino.mp.clashofthegods.model.math.enemies.AbstractEnemyData cannot implement getAdditionalWeaponKilledTable() in com.betsoft.casino.mp.clashofthegods.model.math.enemies.IEnemyData
  return type java.util.HashMap<java.lang.Integer,java.util.List<com.abs.casino.common.util.Triple<java.lang.Integer,java.lang.Integer,java.lang.Double>>> is not compatible with java.util.HashMap<java.lang.Integer,java.util.List<com.dgphoenix.casino.common.util.Triple<java.lang.Integer,java.lang.Integer,java.lang.Double>>>
[ERROR] /Users/alexb/Documents/Dev/Dev_new/mp-server/games/clashofthegods-math/src/main/java/com/betsoft/casino/mp/clashofthegods/model/math/enemies/Lantern.java:[11,8] getAdditionalWeaponKilledTable() in com.betsoft.casino.mp.clashofthegods.model.math.enemies.AbstractEnemyData cannot implement getAdditionalWeaponKilledTable() in com.betsoft.casino.mp.clashofthegods.model.math.enemies.IEnemyData
  return type java.util.HashMap<java.lang.Integer,java.util.List<com.abs.casino.common.util.Triple<java.lang.Integer,java.lang.Integer,java.lang.Double>>> is not compatible with java.util.HashMap<java.lang.Integer,java.util.List<com.dgphoenix.casino.common.util.Triple<java.lang.Integer,java.lang.Integer,java.lang.Double>>>
[ERROR] /Users/alexb/Documents/Dev/Dev_new/mp-server/games/clashofthegods-math/src/main/java/com/betsoft/casino/mp/clashofthegods/model/math/enemies/BeetleOne.java:[11,8] getAdditionalWeaponKilledTable() in com.betsoft.casino.mp.clashofthegods.model.math.enemies.AbstractEnemyData cannot implement getAdditionalWeaponKilledTable() in com.betsoft.casino.mp.clashofthegods.model.math.enemies.IEnemyData
  return type java.util.HashMap<java.lang.Integer,java.util.List<com.abs.casino.common.util.Triple<java.lang.Integer,java.lang.Integer,java.lang.Double>>> is not compatible with java.util.HashMap<java.lang.Integer,java.util.List<com.dgphoenix.casino.common.util.Triple<java.lang.Integer,java.lang.Integer,java.lang.Double>>>
[ERROR] /Users/alexb/Documents/Dev/Dev_new/mp-server/games/clashofthegods-math/src/main/java/com/betsoft/casino/mp/clashofthegods/model/math/enemies/Boss.java:[8,8] getAdditionalWeaponKilledTable() in com.betsoft.casino.mp.clashofthegods.model.math.enemies.AbstractEnemyData cannot implement getAdditionalWeaponKilledTable() in com.betsoft.casino.mp.clashofthegods.model.math.enemies.IEnemyData
  return type java.util.HashMap<java.lang.Integer,java.util.List<com.abs.casino.common.util.Triple<java.lang.Integer,java.lang.Integer,java.lang.Double>>> is not compatible with java.util.HashMap<java.lang.Integer,java.util.List<com.dgphoenix.casino.common.util.Triple<java.lang.Integer,java.lang.Integer,java.lang.Double>>>
[ERROR] /Users/alexb/Documents/Dev/Dev_new/mp-server/games/clashofthegods-math/src/main/java/com/betsoft/casino/mp/clashofthegods/model/math/enemies/EvilSpirit.java:[10,8] getAdditionalWeaponKilledTable() in com.betsoft.casino.mp.clashofthegods.model.math.enemies.AbstractEnemyData cannot implement getAdditionalWeaponKilledTable() in com.betsoft.casino.mp.clashofthegods.model.math.enemies.IEnemyData
  return type java.util.HashMap<java.lang.Integer,java.util.List<com.abs.casino.common.util.Triple<java.lang.Integer,java.lang.Integer,java.lang.Double>>> is not compatible with java.util.HashMap<java.lang.Integer,java.util.List<com.dgphoenix.casino.common.util.Triple<java.lang.Integer,java.lang.Integer,java.lang.Double>>>
[ERROR] /Users/alexb/Documents/Dev/Dev_new/mp-server/games/clashofthegods-math/src/main/java/com/betsoft/casino/mp/clashofthegods/model/math/enemies/SilverDragon.java:[10,8] getAdditionalWeaponKilledTable() in com.betsoft.casino.mp.clashofthegods.model.math.enemies.AbstractEnemyData cannot implement getAdditionalWeaponKilledTable() in com.betsoft.casino.mp.clashofthegods.model.math.enemies.IEnemyData
  return type java.util.HashMap<java.lang.Integer,java.util.List<com.abs.casino.common.util.Triple<java.lang.Integer,java.lang.Integer,java.lang.Double>>> is not compatible with java.util.HashMap<java.lang.Integer,java.util.List<com.dgphoenix.casino.common.util.Triple<java.lang.Integer,java.lang.Integer,java.lang.Double>>>
[ERROR] /Users/alexb/Documents/Dev/Dev_new/mp-server/games/clashofthegods-math/src/main/java/com/betsoft/casino/mp/clashofthegods/model/math/enemies/SilverDragon.java:[14,62] incompatible types: cannot infer type arguments for com.dgphoenix.casino.common.util.Pair<>
    reason: no instance(s) of type variable(s) K,V exist so that com.dgphoenix.casino.common.util.Pair<K,V> conforms to com.abs.casino.common.util.Pair<java.lang.Double,java.lang.Double>
[ERROR] /Users/alexb/Documents/Dev/Dev_new/mp-server/games/clashofthegods-math/src/main/java/com/betsoft/casino/mp/clashofthegods/model/math/enemies/SilverDragon.java:[15,59] incompatible types: cannot infer type arguments for com.dgphoenix.casino.common.util.Pair<>
    reason: no instance(s) of type variable(s) K,V exist so that com.dgphoenix.casino.common.util.Pair<K,V> conforms to com.abs.casino.common.util.Pair<java.lang.Double,java.lang.Double>
[INFO] 37 errors 
[INFO] -------------------------------------------------------------
[INFO] ------------------------------------------------------------------------
[INFO] Reactor Summary:
[INFO] 
[INFO] Tektosyne 6.0.1-BSG ................................ SUCCESS [  1.859 s]
[INFO] mp-casino 1.0.0-SNAPSHOT ........................... SUCCESS [  0.001 s]
[INFO] Casino MP Games core interfaces 1.0.0-SNAPSHOT ..... SUCCESS [  0.463 s]
[INFO] Casino MP Games 1.0.0-SNAPSHOT ..................... SUCCESS [  0.000 s]
[INFO] MP Common Games 1.0.0-SNAPSHOT ..................... SUCCESS [  0.952 s]
[INFO] Max Quest: Clash of the Gods. Math model 1.0.0-SNAPSHOT FAILURE [  0.800 s]
[INFO] Max Quest: Clash of the Gods 1.0.0-SNAPSHOT ........ SKIPPED
[INFO] ------------------------------------------------------------------------
[INFO] BUILD FAILURE
[INFO] ------------------------------------------------------------------------
[INFO] Total time:  4.431 s
[INFO] Finished at: 2026-03-02T15:36:09Z
[INFO] ------------------------------------------------------------------------
[ERROR] Failed to execute goal org.apache.maven.plugins:maven-compiler-plugin:3.6.0:compile (default-compile) on project clashofthegods-math: Compilation failure: Compilation failure: 
[ERROR] /Users/alexb/Documents/Dev/Dev_new/mp-server/games/clashofthegods-math/src/main/java/com/betsoft/casino/mp/clashofthegods/model/math/MathData.java:[279,128] incompatible types: java.util.HashMap<java.lang.Integer,java.util.List<com.dgphoenix.casino.common.util.Triple<java.lang.Integer,java.lang.Integer,java.lang.Double>>> cannot be converted to java.util.Map<java.lang.Integer,java.util.List<com.abs.casino.common.util.Triple<java.lang.Integer,java.lang.Integer,java.lang.Double>>>
[ERROR] /Users/alexb/Documents/Dev/Dev_new/mp-server/games/clashofthegods-math/src/main/java/com/betsoft/casino/mp/clashofthegods/model/math/MathData.java:[290,109] incompatible types: java.util.Map<java.lang.Integer,com.dgphoenix.casino.common.util.Pair<java.lang.Double,java.lang.Double>> cannot be converted to java.util.Map<java.lang.Integer,com.abs.casino.common.util.Pair<java.lang.Double,java.lang.Double>>
[ERROR] /Users/alexb/Documents/Dev/Dev_new/mp-server/games/clashofthegods-math/src/main/java/com/betsoft/casino/mp/clashofthegods/model/math/enemies/AbstractEnemyData.java:[11,8] com.betsoft.casino.mp.clashofthegods.model.math.enemies.AbstractEnemyData is not abstract and does not override abstract method getAdditionalWeaponKilledTable() in com.betsoft.casino.mp.clashofthegods.model.math.enemies.IEnemyData
[ERROR] /Users/alexb/Documents/Dev/Dev_new/mp-server/games/clashofthegods-math/src/main/java/com/betsoft/casino/mp/clashofthegods/model/math/enemies/AbstractEnemyData.java:[38,69] getAdditionalWeaponKilledTable() in com.betsoft.casino.mp.clashofthegods.model.math.enemies.AbstractEnemyData cannot implement getAdditionalWeaponKilledTable() in com.betsoft.casino.mp.clashofthegods.model.math.enemies.IEnemyData
[ERROR]   return type java.util.HashMap<java.lang.Integer,java.util.List<com.abs.casino.common.util.Triple<java.lang.Integer,java.lang.Integer,java.lang.Double>>> is not compatible with java.util.HashMap<java.lang.Integer,java.util.List<com.dgphoenix.casino.common.util.Triple<java.lang.Integer,java.lang.Integer,java.lang.Double>>>
[ERROR] /Users/alexb/Documents/Dev/Dev_new/mp-server/games/clashofthegods-math/src/main/java/com/betsoft/casino/mp/clashofthegods/model/math/enemies/AbstractEnemyData.java:[33,47] getWeaponDropData() in com.betsoft.casino.mp.clashofthegods.model.math.enemies.AbstractEnemyData cannot implement getWeaponDropData() in com.betsoft.casino.mp.clashofthegods.model.math.enemies.IEnemyData
[ERROR]   return type java.util.Map<java.lang.Integer,com.abs.casino.common.util.Pair<java.lang.Double,java.lang.Double>> is not compatible with java.util.Map<java.lang.Integer,com.dgphoenix.casino.common.util.Pair<java.lang.Double,java.lang.Double>>
[ERROR] /Users/alexb/Documents/Dev/Dev_new/mp-server/games/clashofthegods-math/src/main/java/com/betsoft/casino/mp/clashofthegods/model/math/enemies/AbstractEnemyData.java:[37,5] method does not override or implement a method from a supertype
[ERROR] /Users/alexb/Documents/Dev/Dev_new/mp-server/games/clashofthegods-math/src/main/java/com/betsoft/casino/mp/clashofthegods/model/math/enemies/Owl.java:[8,8] getAdditionalWeaponKilledTable() in com.betsoft.casino.mp.clashofthegods.model.math.enemies.AbstractEnemyData cannot implement getAdditionalWeaponKilledTable() in com.betsoft.casino.mp.clashofthegods.model.math.enemies.IEnemyData
[ERROR]   return type java.util.HashMap<java.lang.Integer,java.util.List<com.abs.casino.common.util.Triple<java.lang.Integer,java.lang.Integer,java.lang.Double>>> is not compatible with java.util.HashMap<java.lang.Integer,java.util.List<com.dgphoenix.casino.common.util.Triple<java.lang.Integer,java.lang.Integer,java.lang.Double>>>
[ERROR] /Users/alexb/Documents/Dev/Dev_new/mp-server/games/clashofthegods-math/src/main/java/com/betsoft/casino/mp/clashofthegods/model/math/enemies/Owl.java:[12,62] incompatible types: cannot infer type arguments for com.dgphoenix.casino.common.util.Pair<>
[ERROR]     reason: no instance(s) of type variable(s) K,V exist so that com.dgphoenix.casino.common.util.Pair<K,V> conforms to com.abs.casino.common.util.Pair<java.lang.Double,java.lang.Double>
[ERROR] /Users/alexb/Documents/Dev/Dev_new/mp-server/games/clashofthegods-math/src/main/java/com/betsoft/casino/mp/clashofthegods/model/math/enemies/Owl.java:[13,59] incompatible types: cannot infer type arguments for com.dgphoenix.casino.common.util.Pair<>
[ERROR]     reason: no instance(s) of type variable(s) K,V exist so that com.dgphoenix.casino.common.util.Pair<K,V> conforms to com.abs.casino.common.util.Pair<java.lang.Double,java.lang.Double>
[ERROR] /Users/alexb/Documents/Dev/Dev_new/mp-server/games/clashofthegods-math/src/main/java/com/betsoft/casino/mp/clashofthegods/model/math/enemies/Snake.java:[9,8] getAdditionalWeaponKilledTable() in com.betsoft.casino.mp.clashofthegods.model.math.enemies.AbstractEnemyData cannot implement getAdditionalWeaponKilledTable() in com.betsoft.casino.mp.clashofthegods.model.math.enemies.IEnemyData
[ERROR]   return type java.util.HashMap<java.lang.Integer,java.util.List<com.abs.casino.common.util.Triple<java.lang.Integer,java.lang.Integer,java.lang.Double>>> is not compatible with java.util.HashMap<java.lang.Integer,java.util.List<com.dgphoenix.casino.common.util.Triple<java.lang.Integer,java.lang.Integer,java.lang.Double>>>
[ERROR] /Users/alexb/Documents/Dev/Dev_new/mp-server/games/clashofthegods-math/src/main/java/com/betsoft/casino/mp/clashofthegods/model/math/enemies/Snake.java:[14,62] incompatible types: cannot infer type arguments for com.dgphoenix.casino.common.util.Pair<>
[ERROR]     reason: no instance(s) of type variable(s) K,V exist so that com.dgphoenix.casino.common.util.Pair<K,V> conforms to com.abs.casino.common.util.Pair<java.lang.Double,java.lang.Double>
[ERROR] /Users/alexb/Documents/Dev/Dev_new/mp-server/games/clashofthegods-math/src/main/java/com/betsoft/casino/mp/clashofthegods/model/math/enemies/Snake.java:[15,59] incompatible types: cannot infer type arguments for com.dgphoenix.casino.common.util.Pair<>
[ERROR]     reason: no instance(s) of type variable(s) K,V exist so that com.dgphoenix.casino.common.util.Pair<K,V> conforms to com.abs.casino.common.util.Pair<java.lang.Double,java.lang.Double>
[ERROR] /Users/alexb/Documents/Dev/Dev_new/mp-server/games/clashofthegods-math/src/main/java/com/betsoft/casino/mp/clashofthegods/model/math/enemies/LizardTwo.java:[11,8] getAdditionalWeaponKilledTable() in com.betsoft.casino.mp.clashofthegods.model.math.enemies.AbstractEnemyData cannot implement getAdditionalWeaponKilledTable() in com.betsoft.casino.mp.clashofthegods.model.math.enemies.IEnemyData
[ERROR]   return type java.util.HashMap<java.lang.Integer,java.util.List<com.abs.casino.common.util.Triple<java.lang.Integer,java.lang.Integer,java.lang.Double>>> is not compatible with java.util.HashMap<java.lang.Integer,java.util.List<com.dgphoenix.casino.common.util.Triple<java.lang.Integer,java.lang.Integer,java.lang.Double>>>
[ERROR] /Users/alexb/Documents/Dev/Dev_new/mp-server/games/clashofthegods-math/src/main/java/com/betsoft/casino/mp/clashofthegods/model/math/enemies/LizardTwo.java:[15,62] incompatible types: cannot infer type arguments for com.dgphoenix.casino.common.util.Pair<>
[ERROR]     reason: no instance(s) of type variable(s) K,V exist so that com.dgphoenix.casino.common.util.Pair<K,V> conforms to com.abs.casino.common.util.Pair<java.lang.Double,java.lang.Double>
[ERROR] /Users/alexb/Documents/Dev/Dev_new/mp-server/games/clashofthegods-math/src/main/java/com/betsoft/casino/mp/clashofthegods/model/math/enemies/LizardTwo.java:[16,59] incompatible types: cannot infer type arguments for com.dgphoenix.casino.common.util.Pair<>
[ERROR]     reason: no instance(s) of type variable(s) K,V exist so that com.dgphoenix.casino.common.util.Pair<K,V> conforms to com.abs.casino.common.util.Pair<java.lang.Double,java.lang.Double>
[ERROR] /Users/alexb/Documents/Dev/Dev_new/mp-server/games/clashofthegods-math/src/main/java/com/betsoft/casino/mp/clashofthegods/model/math/enemies/Lizard.java:[10,8] getAdditionalWeaponKilledTable() in com.betsoft.casino.mp.clashofthegods.model.math.enemies.AbstractEnemyData cannot implement getAdditionalWeaponKilledTable() in com.betsoft.casino.mp.clashofthegods.model.math.enemies.IEnemyData
[ERROR]   return type java.util.HashMap<java.lang.Integer,java.util.List<com.abs.casino.common.util.Triple<java.lang.Integer,java.lang.Integer,java.lang.Double>>> is not compatible with java.util.HashMap<java.lang.Integer,java.util.List<com.dgphoenix.casino.common.util.Triple<java.lang.Integer,java.lang.Integer,java.lang.Double>>>
[ERROR] /Users/alexb/Documents/Dev/Dev_new/mp-server/games/clashofthegods-math/src/main/java/com/betsoft/casino/mp/clashofthegods/model/math/enemies/Lizard.java:[15,62] incompatible types: cannot infer type arguments for com.dgphoenix.casino.common.util.Pair<>
[ERROR]     reason: no instance(s) of type variable(s) K,V exist so that com.dgphoenix.casino.common.util.Pair<K,V> conforms to com.abs.casino.common.util.Pair<java.lang.Double,java.lang.Double>
[ERROR] /Users/alexb/Documents/Dev/Dev_new/mp-server/games/clashofthegods-math/src/main/java/com/betsoft/casino/mp/clashofthegods/model/math/enemies/Lizard.java:[16,59] incompatible types: cannot infer type arguments for com.dgphoenix.casino.common.util.Pair<>
[ERROR]     reason: no instance(s) of type variable(s) K,V exist so that com.dgphoenix.casino.common.util.Pair<K,V> conforms to com.abs.casino.common.util.Pair<java.lang.Double,java.lang.Double>
[ERROR] /Users/alexb/Documents/Dev/Dev_new/mp-server/games/clashofthegods-math/src/main/java/com/betsoft/casino/mp/clashofthegods/model/math/enemies/GoldenDragon.java:[10,8] getAdditionalWeaponKilledTable() in com.betsoft.casino.mp.clashofthegods.model.math.enemies.AbstractEnemyData cannot implement getAdditionalWeaponKilledTable() in com.betsoft.casino.mp.clashofthegods.model.math.enemies.IEnemyData
[ERROR]   return type java.util.HashMap<java.lang.Integer,java.util.List<com.abs.casino.common.util.Triple<java.lang.Integer,java.lang.Integer,java.lang.Double>>> is not compatible with java.util.HashMap<java.lang.Integer,java.util.List<com.dgphoenix.casino.common.util.Triple<java.lang.Integer,java.lang.Integer,java.lang.Double>>>
[ERROR] /Users/alexb/Documents/Dev/Dev_new/mp-server/games/clashofthegods-math/src/main/java/com/betsoft/casino/mp/clashofthegods/model/math/enemies/GoldenDragon.java:[15,62] incompatible types: cannot infer type arguments for com.dgphoenix.casino.common.util.Pair<>
[ERROR]     reason: no instance(s) of type variable(s) K,V exist so that com.dgphoenix.casino.common.util.Pair<K,V> conforms to com.abs.casino.common.util.Pair<java.lang.Double,java.lang.Double>
[ERROR] /Users/alexb/Documents/Dev/Dev_new/mp-server/games/clashofthegods-math/src/main/java/com/betsoft/casino/mp/clashofthegods/model/math/enemies/GoldenDragon.java:[16,59] incompatible types: cannot infer type arguments for com.dgphoenix.casino.common.util.Pair<>
[ERROR]     reason: no instance(s) of type variable(s) K,V exist so that com.dgphoenix.casino.common.util.Pair<K,V> conforms to com.abs.casino.common.util.Pair<java.lang.Double,java.lang.Double>
[ERROR] /Users/alexb/Documents/Dev/Dev_new/mp-server/games/clashofthegods-math/src/main/java/com/betsoft/casino/mp/clashofthegods/model/math/enemies/LizardOne.java:[11,8] getAdditionalWeaponKilledTable() in com.betsoft.casino.mp.clashofthegods.model.math.enemies.AbstractEnemyData cannot implement getAdditionalWeaponKilledTable() in com.betsoft.casino.mp.clashofthegods.model.math.enemies.IEnemyData
[ERROR]   return type java.util.HashMap<java.lang.Integer,java.util.List<com.abs.casino.common.util.Triple<java.lang.Integer,java.lang.Integer,java.lang.Double>>> is not compatible with java.util.HashMap<java.lang.Integer,java.util.List<com.dgphoenix.casino.common.util.Triple<java.lang.Integer,java.lang.Integer,java.lang.Double>>>
[ERROR] /Users/alexb/Documents/Dev/Dev_new/mp-server/games/clashofthegods-math/src/main/java/com/betsoft/casino/mp/clashofthegods/model/math/enemies/EvilSpiritOne.java:[11,8] getAdditionalWeaponKilledTable() in com.betsoft.casino.mp.clashofthegods.model.math.enemies.AbstractEnemyData cannot implement getAdditionalWeaponKilledTable() in com.betsoft.casino.mp.clashofthegods.model.math.enemies.IEnemyData
[ERROR]   return type java.util.HashMap<java.lang.Integer,java.util.List<com.abs.casino.common.util.Triple<java.lang.Integer,java.lang.Integer,java.lang.Double>>> is not compatible with java.util.HashMap<java.lang.Integer,java.util.List<com.dgphoenix.casino.common.util.Triple<java.lang.Integer,java.lang.Integer,java.lang.Double>>>
[ERROR] /Users/alexb/Documents/Dev/Dev_new/mp-server/games/clashofthegods-math/src/main/java/com/betsoft/casino/mp/clashofthegods/model/math/enemies/DragonFlyRed.java:[11,8] getAdditionalWeaponKilledTable() in com.betsoft.casino.mp.clashofthegods.model.math.enemies.AbstractEnemyData cannot implement getAdditionalWeaponKilledTable() in com.betsoft.casino.mp.clashofthegods.model.math.enemies.IEnemyData
[ERROR]   return type java.util.HashMap<java.lang.Integer,java.util.List<com.abs.casino.common.util.Triple<java.lang.Integer,java.lang.Integer,java.lang.Double>>> is not compatible with java.util.HashMap<java.lang.Integer,java.util.List<com.dgphoenix.casino.common.util.Triple<java.lang.Integer,java.lang.Integer,java.lang.Double>>>
[ERROR] /Users/alexb/Documents/Dev/Dev_new/mp-server/games/clashofthegods-math/src/main/java/com/betsoft/casino/mp/clashofthegods/model/math/enemies/DragonFlyGreen.java:[11,8] getAdditionalWeaponKilledTable() in com.betsoft.casino.mp.clashofthegods.model.math.enemies.AbstractEnemyData cannot implement getAdditionalWeaponKilledTable() in com.betsoft.casino.mp.clashofthegods.model.math.enemies.IEnemyData
[ERROR]   return type java.util.HashMap<java.lang.Integer,java.util.List<com.abs.casino.common.util.Triple<java.lang.Integer,java.lang.Integer,java.lang.Double>>> is not compatible with java.util.HashMap<java.lang.Integer,java.util.List<com.dgphoenix.casino.common.util.Triple<java.lang.Integer,java.lang.Integer,java.lang.Double>>>
[ERROR] /Users/alexb/Documents/Dev/Dev_new/mp-server/games/clashofthegods-math/src/main/java/com/betsoft/casino/mp/clashofthegods/model/math/enemies/BeetleTwo.java:[11,8] getAdditionalWeaponKilledTable() in com.betsoft.casino.mp.clashofthegods.model.math.enemies.AbstractEnemyData cannot implement getAdditionalWeaponKilledTable() in com.betsoft.casino.mp.clashofthegods.model.math.enemies.IEnemyData
[ERROR]   return type java.util.HashMap<java.lang.Integer,java.util.List<com.abs.casino.common.util.Triple<java.lang.Integer,java.lang.Integer,java.lang.Double>>> is not compatible with java.util.HashMap<java.lang.Integer,java.util.List<com.dgphoenix.casino.common.util.Triple<java.lang.Integer,java.lang.Integer,java.lang.Double>>>
[ERROR] /Users/alexb/Documents/Dev/Dev_new/mp-server/games/clashofthegods-math/src/main/java/com/betsoft/casino/mp/clashofthegods/model/math/enemies/Tiger.java:[11,8] getAdditionalWeaponKilledTable() in com.betsoft.casino.mp.clashofthegods.model.math.enemies.AbstractEnemyData cannot implement getAdditionalWeaponKilledTable() in com.betsoft.casino.mp.clashofthegods.model.math.enemies.IEnemyData
[ERROR]   return type java.util.HashMap<java.lang.Integer,java.util.List<com.abs.casino.common.util.Triple<java.lang.Integer,java.lang.Integer,java.lang.Double>>> is not compatible with java.util.HashMap<java.lang.Integer,java.util.List<com.dgphoenix.casino.common.util.Triple<java.lang.Integer,java.lang.Integer,java.lang.Double>>>
[ERROR] /Users/alexb/Documents/Dev/Dev_new/mp-server/games/clashofthegods-math/src/main/java/com/betsoft/casino/mp/clashofthegods/model/math/enemies/Spirit.java:[8,8] getAdditionalWeaponKilledTable() in com.betsoft.casino.mp.clashofthegods.model.math.enemies.AbstractEnemyData cannot implement getAdditionalWeaponKilledTable() in com.betsoft.casino.mp.clashofthegods.model.math.enemies.IEnemyData
[ERROR]   return type java.util.HashMap<java.lang.Integer,java.util.List<com.abs.casino.common.util.Triple<java.lang.Integer,java.lang.Integer,java.lang.Double>>> is not compatible with java.util.HashMap<java.lang.Integer,java.util.List<com.dgphoenix.casino.common.util.Triple<java.lang.Integer,java.lang.Integer,java.lang.Double>>>
[ERROR] /Users/alexb/Documents/Dev/Dev_new/mp-server/games/clashofthegods-math/src/main/java/com/betsoft/casino/mp/clashofthegods/model/math/enemies/EvilSpiritTwo.java:[11,8] getAdditionalWeaponKilledTable() in com.betsoft.casino.mp.clashofthegods.model.math.enemies.AbstractEnemyData cannot implement getAdditionalWeaponKilledTable() in com.betsoft.casino.mp.clashofthegods.model.math.enemies.IEnemyData
[ERROR]   return type java.util.HashMap<java.lang.Integer,java.util.List<com.abs.casino.common.util.Triple<java.lang.Integer,java.lang.Integer,java.lang.Double>>> is not compatible with java.util.HashMap<java.lang.Integer,java.util.List<com.dgphoenix.casino.common.util.Triple<java.lang.Integer,java.lang.Integer,java.lang.Double>>>
[ERROR] /Users/alexb/Documents/Dev/Dev_new/mp-server/games/clashofthegods-math/src/main/java/com/betsoft/casino/mp/clashofthegods/model/math/enemies/Phoenix.java:[9,8] getAdditionalWeaponKilledTable() in com.betsoft.casino.mp.clashofthegods.model.math.enemies.AbstractEnemyData cannot implement getAdditionalWeaponKilledTable() in com.betsoft.casino.mp.clashofthegods.model.math.enemies.IEnemyData
[ERROR]   return type java.util.HashMap<java.lang.Integer,java.util.List<com.abs.casino.common.util.Triple<java.lang.Integer,java.lang.Integer,java.lang.Double>>> is not compatible with java.util.HashMap<java.lang.Integer,java.util.List<com.dgphoenix.casino.common.util.Triple<java.lang.Integer,java.lang.Integer,java.lang.Double>>>
[ERROR] /Users/alexb/Documents/Dev/Dev_new/mp-server/games/clashofthegods-math/src/main/java/com/betsoft/casino/mp/clashofthegods/model/math/enemies/Lantern.java:[11,8] getAdditionalWeaponKilledTable() in com.betsoft.casino.mp.clashofthegods.model.math.enemies.AbstractEnemyData cannot implement getAdditionalWeaponKilledTable() in com.betsoft.casino.mp.clashofthegods.model.math.enemies.IEnemyData
[ERROR]   return type java.util.HashMap<java.lang.Integer,java.util.List<com.abs.casino.common.util.Triple<java.lang.Integer,java.lang.Integer,java.lang.Double>>> is not compatible with java.util.HashMap<java.lang.Integer,java.util.List<com.dgphoenix.casino.common.util.Triple<java.lang.Integer,java.lang.Integer,java.lang.Double>>>
[ERROR] /Users/alexb/Documents/Dev/Dev_new/mp-server/games/clashofthegods-math/src/main/java/com/betsoft/casino/mp/clashofthegods/model/math/enemies/BeetleOne.java:[11,8] getAdditionalWeaponKilledTable() in com.betsoft.casino.mp.clashofthegods.model.math.enemies.AbstractEnemyData cannot implement getAdditionalWeaponKilledTable() in com.betsoft.casino.mp.clashofthegods.model.math.enemies.IEnemyData
[ERROR]   return type java.util.HashMap<java.lang.Integer,java.util.List<com.abs.casino.common.util.Triple<java.lang.Integer,java.lang.Integer,java.lang.Double>>> is not compatible with java.util.HashMap<java.lang.Integer,java.util.List<com.dgphoenix.casino.common.util.Triple<java.lang.Integer,java.lang.Integer,java.lang.Double>>>
[ERROR] /Users/alexb/Documents/Dev/Dev_new/mp-server/games/clashofthegods-math/src/main/java/com/betsoft/casino/mp/clashofthegods/model/math/enemies/Boss.java:[8,8] getAdditionalWeaponKilledTable() in com.betsoft.casino.mp.clashofthegods.model.math.enemies.AbstractEnemyData cannot implement getAdditionalWeaponKilledTable() in com.betsoft.casino.mp.clashofthegods.model.math.enemies.IEnemyData
[ERROR]   return type java.util.HashMap<java.lang.Integer,java.util.List<com.abs.casino.common.util.Triple<java.lang.Integer,java.lang.Integer,java.lang.Double>>> is not compatible with java.util.HashMap<java.lang.Integer,java.util.List<com.dgphoenix.casino.common.util.Triple<java.lang.Integer,java.lang.Integer,java.lang.Double>>>
[ERROR] /Users/alexb/Documents/Dev/Dev_new/mp-server/games/clashofthegods-math/src/main/java/com/betsoft/casino/mp/clashofthegods/model/math/enemies/EvilSpirit.java:[10,8] getAdditionalWeaponKilledTable() in com.betsoft.casino.mp.clashofthegods.model.math.enemies.AbstractEnemyData cannot implement getAdditionalWeaponKilledTable() in com.betsoft.casino.mp.clashofthegods.model.math.enemies.IEnemyData
[ERROR]   return type java.util.HashMap<java.lang.Integer,java.util.List<com.abs.casino.common.util.Triple<java.lang.Integer,java.lang.Integer,java.lang.Double>>> is not compatible with java.util.HashMap<java.lang.Integer,java.util.List<com.dgphoenix.casino.common.util.Triple<java.lang.Integer,java.lang.Integer,java.lang.Double>>>
[ERROR] /Users/alexb/Documents/Dev/Dev_new/mp-server/games/clashofthegods-math/src/main/java/com/betsoft/casino/mp/clashofthegods/model/math/enemies/SilverDragon.java:[10,8] getAdditionalWeaponKilledTable() in com.betsoft.casino.mp.clashofthegods.model.math.enemies.AbstractEnemyData cannot implement getAdditionalWeaponKilledTable() in com.betsoft.casino.mp.clashofthegods.model.math.enemies.IEnemyData
[ERROR]   return type java.util.HashMap<java.lang.Integer,java.util.List<com.abs.casino.common.util.Triple<java.lang.Integer,java.lang.Integer,java.lang.Double>>> is not compatible with java.util.HashMap<java.lang.Integer,java.util.List<com.dgphoenix.casino.common.util.Triple<java.lang.Integer,java.lang.Integer,java.lang.Double>>>
[ERROR] /Users/alexb/Documents/Dev/Dev_new/mp-server/games/clashofthegods-math/src/main/java/com/betsoft/casino/mp/clashofthegods/model/math/enemies/SilverDragon.java:[14,62] incompatible types: cannot infer type arguments for com.dgphoenix.casino.common.util.Pair<>
[ERROR]     reason: no instance(s) of type variable(s) K,V exist so that com.dgphoenix.casino.common.util.Pair<K,V> conforms to com.abs.casino.common.util.Pair<java.lang.Double,java.lang.Double>
[ERROR] /Users/alexb/Documents/Dev/Dev_new/mp-server/games/clashofthegods-math/src/main/java/com/betsoft/casino/mp/clashofthegods/model/math/enemies/SilverDragon.java:[15,59] incompatible types: cannot infer type arguments for com.dgphoenix.casino.common.util.Pair<>
[ERROR]     reason: no instance(s) of type variable(s) K,V exist so that com.dgphoenix.casino.common.util.Pair<K,V> conforms to com.abs.casino.common.util.Pair<java.lang.Double,java.lang.Double>
[ERROR] -> [Help 1]
[ERROR] 
[ERROR] To see the full stack trace of the errors, re-run Maven with the -e switch.
[ERROR] Re-run Maven using the -X switch to enable full debug logging.
[ERROR] 
[ERROR] For more information about the errors and possible solutions, please read the following articles:
[ERROR] [Help 1] http://cwiki.apache.org/confluence/display/MAVEN/MojoFailureException
[ERROR] 
[ERROR] After correcting the problems, you can resume the build with the command
[ERROR]   mvn <args> -rf :clashofthegods-math
[END] cotg_compile rc=1
