[2026-02-28T07:22:22Z] START STEP01
[2026-02-28T07:22:22Z] START STEP01
[2026-02-28T07:22:22Z] DIR gs-server/common
[2026-02-28T07:22:22Z] DIR gs-server/common
[2026-02-28T07:22:22Z] CMD mvn -DskipTests install
[2026-02-28T07:22:22Z] CMD mvn -DskipTests install
[INFO] Scanning for projects...
[INFO] 
[INFO] ------------------< com.dgphoenix.casino:gsn-common >-------------------
[INFO] Building gsn-common 1.0-SNAPSHOT
[INFO]   from pom.xml
[INFO] --------------------------------[ jar ]---------------------------------
[INFO] 
[INFO] --- enforcer:3.0.0-M1:enforce (enforce-banned-dependencies) @ gsn-common ---
[INFO] 
[INFO] --- resources:3.3.1:resources (default-resources) @ gsn-common ---
[INFO] Copying 58 resources from src/main/resources to target/classes
[INFO] 
[INFO] --- compiler:2.5.1:compile (default-compile) @ gsn-common ---
[INFO] Compiling 195 source files to /Users/alexb/Documents/Dev/Dev_new/gs-server/common/target/classes
[INFO] -------------------------------------------------------------
[ERROR] COMPILATION ERROR : 
[INFO] -------------------------------------------------------------
[ERROR] /Users/alexb/Documents/Dev/Dev_new/gs-server/common/src/main/java/com/dgphoenix/casino/common/transactiondata/ITransactionDataStorageHelper.java:[11,4] error: cannot find symbol
[ERROR]   symbol:   class ITransactionData
  location: interface ITransactionDataStorageHelper
/Users/alexb/Documents/Dev/Dev_new/gs-server/common/src/main/java/com/dgphoenix/casino/common/transactiondata/ITransactionDataStorageHelper.java:[13,42] error: cannot find symbol
[ERROR]   symbol:   class ITransactionData
  location: interface ITransactionDataStorageHelper
/Users/alexb/Documents/Dev/Dev_new/gs-server/common/src/main/java/com/dgphoenix/casino/common/transactiondata/TransactionData.java:[42,79] error: cannot find symbol
[ERROR]   symbol: class ITransactionData
/Users/alexb/Documents/Dev/Dev_new/gs-server/common/src/main/java/com/dgphoenix/casino/common/transactiondata/ITransactionDataPersister.java:[13,77] error: cannot find symbol
[ERROR]   symbol: class ITransactionData
/Users/alexb/Documents/Dev/Dev_new/gs-server/common/src/main/java/com/dgphoenix/casino/common/transactiondata/ITransactionDataPersister.java:[18,17] error: cannot find symbol
[ERROR]   symbol:   class ITransactionData
  location: interface ITransactionDataPersister
/Users/alexb/Documents/Dev/Dev_new/gs-server/common/src/main/java/com/dgphoenix/casino/common/transactiondata/ITransactionDataPersister.java:[20,4] error: cannot find symbol
[ERROR]   symbol:   class ITransactionData
  location: interface ITransactionDataPersister
/Users/alexb/Documents/Dev/Dev_new/gs-server/common/src/main/java/com/dgphoenix/casino/common/transactiondata/ITransactionDataPersister.java:[24,19] error: cannot find symbol
[ERROR]   symbol:   class ITransactionData
  location: interface ITransactionDataPersister
/Users/alexb/Documents/Dev/Dev_new/gs-server/common/src/main/java/com/dgphoenix/casino/common/transactiondata/ITransactionDataPersister.java:[28,23] error: cannot find symbol
[ERROR]   symbol:   class ITransactionData
  location: interface ITransactionDataPersister
/Users/alexb/Documents/Dev/Dev_new/gs-server/common/src/main/java/com/dgphoenix/casino/common/transactiondata/ITransactionDataPersister.java:[30,24] error: cannot find symbol
[ERROR]   symbol:   class ITransactionData
  location: interface ITransactionDataPersister
/Users/alexb/Documents/Dev/Dev_new/gs-server/common/src/main/java/com/dgphoenix/casino/common/transactiondata/ITransactionDataPersister.java:[32,35] error: cannot find symbol
[ERROR]   symbol:   class ITransactionData
  location: interface ITransactionDataPersister
/Users/alexb/Documents/Dev/Dev_new/gs-server/common/src/main/java/com/dgphoenix/casino/common/transactiondata/ITransactionDataPersister.java:[34,22] error: cannot find symbol
[ERROR]   symbol:   class ITransactionData
  location: interface ITransactionDataPersister
/Users/alexb/Documents/Dev/Dev_new/gs-server/common/src/main/java/com/dgphoenix/casino/common/transactiondata/ITransactionDataPersister.java:[36,24] error: cannot find symbol
[ERROR]   symbol:   class ITransactionData
  location: interface ITransactionDataPersister
/Users/alexb/Documents/Dev/Dev_new/gs-server/common/src/main/java/com/dgphoenix/casino/common/transactiondata/ITransactionDataPersister.java:[38,32] error: cannot find symbol
[ERROR]   symbol:   class ITransactionData
  location: interface ITransactionDataPersister
/Users/alexb/Documents/Dev/Dev_new/gs-server/common/src/main/java/com/dgphoenix/casino/common/transactiondata/ITransactionDataPersister.java:[40,23] error: cannot find symbol
[ERROR]   symbol:   class ITransactionData
  location: interface ITransactionDataPersister
/Users/alexb/Documents/Dev/Dev_new/gs-server/common/src/main/java/com/dgphoenix/casino/common/transactiondata/ITransactionDataPersister.java:[44,26] error: cannot find symbol
[ERROR]   symbol:   class ITransactionData
  location: interface ITransactionDataPersister
/Users/alexb/Documents/Dev/Dev_new/gs-server/common/src/main/java/com/dgphoenix/casino/common/transactiondata/ITransactionDataCreator.java:[8,4] error: cannot find symbol
[ERROR]   symbol:   class ITransactionData
  location: interface ITransactionDataCreator
/Users/alexb/Documents/Dev/Dev_new/gs-server/common/src/main/java/com/dgphoenix/casino/common/transactiondata/TransactionDataFactory.java:[36,11] error: cannot find symbol
[ERROR]   symbol:   class ITransactionData
  location: class TransactionDataFactory
/Users/alexb/Documents/Dev/Dev_new/gs-server/common/src/main/java/com/dgphoenix/casino/common/transactiondata/TransactionDataFactory.java:[45,49] error: cannot find symbol
[ERROR]   symbol:   class ITransactionData
  location: class TransactionDataFactory
/Users/alexb/Documents/Dev/Dev_new/gs-server/common/src/main/java/com/dgphoenix/casino/common/transactiondata/TransactionDataInvalidatedListener.java:[8,20] error: cannot find symbol
[ERROR]   symbol:   class ITransactionData
  location: interface TransactionDataInvalidatedListener
/Users/alexb/Documents/Dev/Dev_new/gs-server/common/src/main/java/com/dgphoenix/casino/common/transactiondata/ITransactionDataProcessor.java:[8,80] error: cannot find symbol
[INFO] 20 errors 
[INFO] -------------------------------------------------------------
[INFO] ------------------------------------------------------------------------
[INFO] BUILD FAILURE
[INFO] ------------------------------------------------------------------------
[INFO] Total time:  1.219 s
[INFO] Finished at: 2026-02-28T07:22:24Z
[INFO] ------------------------------------------------------------------------
[ERROR] Failed to execute goal org.apache.maven.plugins:maven-compiler-plugin:2.5.1:compile (default-compile) on project gsn-common: Compilation failure: Compilation failure: 
[ERROR] /Users/alexb/Documents/Dev/Dev_new/gs-server/common/src/main/java/com/dgphoenix/casino/common/transactiondata/ITransactionDataStorageHelper.java:[11,4] error: cannot find symbol
[ERROR]   symbol:   class ITransactionData
[ERROR]   location: interface ITransactionDataStorageHelper
[ERROR] /Users/alexb/Documents/Dev/Dev_new/gs-server/common/src/main/java/com/dgphoenix/casino/common/transactiondata/ITransactionDataStorageHelper.java:[13,42] error: cannot find symbol
[ERROR]   symbol:   class ITransactionData
[ERROR]   location: interface ITransactionDataStorageHelper
[ERROR] /Users/alexb/Documents/Dev/Dev_new/gs-server/common/src/main/java/com/dgphoenix/casino/common/transactiondata/TransactionData.java:[42,79] error: cannot find symbol
[ERROR]   symbol: class ITransactionData
[ERROR] /Users/alexb/Documents/Dev/Dev_new/gs-server/common/src/main/java/com/dgphoenix/casino/common/transactiondata/ITransactionDataPersister.java:[13,77] error: cannot find symbol
[ERROR]   symbol: class ITransactionData
[ERROR] /Users/alexb/Documents/Dev/Dev_new/gs-server/common/src/main/java/com/dgphoenix/casino/common/transactiondata/ITransactionDataPersister.java:[18,17] error: cannot find symbol
[ERROR]   symbol:   class ITransactionData
[ERROR]   location: interface ITransactionDataPersister
[ERROR] /Users/alexb/Documents/Dev/Dev_new/gs-server/common/src/main/java/com/dgphoenix/casino/common/transactiondata/ITransactionDataPersister.java:[20,4] error: cannot find symbol
[ERROR]   symbol:   class ITransactionData
[ERROR]   location: interface ITransactionDataPersister
[ERROR] /Users/alexb/Documents/Dev/Dev_new/gs-server/common/src/main/java/com/dgphoenix/casino/common/transactiondata/ITransactionDataPersister.java:[24,19] error: cannot find symbol
[ERROR]   symbol:   class ITransactionData
[ERROR]   location: interface ITransactionDataPersister
[ERROR] /Users/alexb/Documents/Dev/Dev_new/gs-server/common/src/main/java/com/dgphoenix/casino/common/transactiondata/ITransactionDataPersister.java:[28,23] error: cannot find symbol
[ERROR]   symbol:   class ITransactionData
[ERROR]   location: interface ITransactionDataPersister
[ERROR] /Users/alexb/Documents/Dev/Dev_new/gs-server/common/src/main/java/com/dgphoenix/casino/common/transactiondata/ITransactionDataPersister.java:[30,24] error: cannot find symbol
[ERROR]   symbol:   class ITransactionData
[ERROR]   location: interface ITransactionDataPersister
[ERROR] /Users/alexb/Documents/Dev/Dev_new/gs-server/common/src/main/java/com/dgphoenix/casino/common/transactiondata/ITransactionDataPersister.java:[32,35] error: cannot find symbol
[ERROR]   symbol:   class ITransactionData
[ERROR]   location: interface ITransactionDataPersister
[ERROR] /Users/alexb/Documents/Dev/Dev_new/gs-server/common/src/main/java/com/dgphoenix/casino/common/transactiondata/ITransactionDataPersister.java:[34,22] error: cannot find symbol
[ERROR]   symbol:   class ITransactionData
[ERROR]   location: interface ITransactionDataPersister
[ERROR] /Users/alexb/Documents/Dev/Dev_new/gs-server/common/src/main/java/com/dgphoenix/casino/common/transactiondata/ITransactionDataPersister.java:[36,24] error: cannot find symbol
[ERROR]   symbol:   class ITransactionData
[ERROR]   location: interface ITransactionDataPersister
[ERROR] /Users/alexb/Documents/Dev/Dev_new/gs-server/common/src/main/java/com/dgphoenix/casino/common/transactiondata/ITransactionDataPersister.java:[38,32] error: cannot find symbol
[ERROR]   symbol:   class ITransactionData
[ERROR]   location: interface ITransactionDataPersister
[ERROR] /Users/alexb/Documents/Dev/Dev_new/gs-server/common/src/main/java/com/dgphoenix/casino/common/transactiondata/ITransactionDataPersister.java:[40,23] error: cannot find symbol
[ERROR]   symbol:   class ITransactionData
[ERROR]   location: interface ITransactionDataPersister
[ERROR] /Users/alexb/Documents/Dev/Dev_new/gs-server/common/src/main/java/com/dgphoenix/casino/common/transactiondata/ITransactionDataPersister.java:[44,26] error: cannot find symbol
[ERROR]   symbol:   class ITransactionData
[ERROR]   location: interface ITransactionDataPersister
[ERROR] /Users/alexb/Documents/Dev/Dev_new/gs-server/common/src/main/java/com/dgphoenix/casino/common/transactiondata/ITransactionDataCreator.java:[8,4] error: cannot find symbol
[ERROR]   symbol:   class ITransactionData
[ERROR]   location: interface ITransactionDataCreator
[ERROR] /Users/alexb/Documents/Dev/Dev_new/gs-server/common/src/main/java/com/dgphoenix/casino/common/transactiondata/TransactionDataFactory.java:[36,11] error: cannot find symbol
[ERROR]   symbol:   class ITransactionData
[ERROR]   location: class TransactionDataFactory
[ERROR] /Users/alexb/Documents/Dev/Dev_new/gs-server/common/src/main/java/com/dgphoenix/casino/common/transactiondata/TransactionDataFactory.java:[45,49] error: cannot find symbol
[ERROR]   symbol:   class ITransactionData
[ERROR]   location: class TransactionDataFactory
[ERROR] /Users/alexb/Documents/Dev/Dev_new/gs-server/common/src/main/java/com/dgphoenix/casino/common/transactiondata/TransactionDataInvalidatedListener.java:[8,20] error: cannot find symbol
[ERROR]   symbol:   class ITransactionData
[ERROR]   location: interface TransactionDataInvalidatedListener
[ERROR] /Users/alexb/Documents/Dev/Dev_new/gs-server/common/src/main/java/com/dgphoenix/casino/common/transactiondata/ITransactionDataProcessor.java:[8,80] error: cannot find symbol
[ERROR] -> [Help 1]
[ERROR] 
[ERROR] To see the full stack trace of the errors, re-run Maven with the -e switch.
[ERROR] Re-run Maven using the -X switch to enable full debug logging.
[ERROR] 
[ERROR] For more information about the errors and possible solutions, please read the following articles:
[ERROR] [Help 1] http://cwiki.apache.org/confluence/display/MAVEN/MojoFailureException
[2026-02-28T07:22:24Z] FAIL STEP01 rc=1
[2026-02-28T07:22:24Z] FAIL STEP01 rc=1
