[INFO] Scanning for projects...
[INFO] 
[INFO] -------------------< com.betsoft.casino.mp:mp-kafka >-------------------
[INFO] Building Kafka interfaces 1.0.0-SNAPSHOT
[INFO]   from pom.xml
[INFO] --------------------------------[ jar ]---------------------------------
[WARNING] The POM for com.betsoft.casino.mp:core-interfaces:jar:1.0.0-SNAPSHOT is missing, no dependency information available
[INFO] ------------------------------------------------------------------------
[INFO] BUILD FAILURE
[INFO] ------------------------------------------------------------------------
[INFO] Total time:  2.357 s
[INFO] Finished at: 2026-02-27T01:03:27Z
[INFO] ------------------------------------------------------------------------
[ERROR] Failed to execute goal on project mp-kafka: Could not resolve dependencies for project com.betsoft.casino.mp:mp-kafka:jar:1.0.0-SNAPSHOT
[ERROR] dependency: com.betsoft.casino.mp:core-interfaces:jar:1.0.0-SNAPSHOT (compile)
[ERROR] 	Could not find artifact com.betsoft.casino.mp:core-interfaces:jar:1.0.0-SNAPSHOT
[ERROR] 
[ERROR] -> [Help 1]
[ERROR] 
[ERROR] To see the full stack trace of the errors, re-run Maven with the -e switch.
[ERROR] Re-run Maven using the -X switch to enable full debug logging.
[ERROR] 
[ERROR] For more information about the errors and possible solutions, please read the following articles:
[ERROR] [Help 1] http://cwiki.apache.org/confluence/display/MAVEN/DependencyResolutionException
