[2026-02-28T10:36:18Z] START STEP01
[2026-02-28T10:36:18Z] START STEP01
[2026-02-28T10:36:18Z] DIR gs-server/common
[2026-02-28T10:36:18Z] DIR gs-server/common
[2026-02-28T10:36:18Z] CMD mvn -DskipTests install
[2026-02-28T10:36:18Z] CMD mvn -DskipTests install
[INFO] Scanning for projects...
[INFO] 
[INFO] ------------------< com.dgphoenix.casino:gsn-common >-------------------
[INFO] Building gsn-common 1.0-SNAPSHOT
[INFO]   from pom.xml
[INFO] --------------------------------[ jar ]---------------------------------
[INFO] 
[INFO] --- enforcer:3.0.0-M1:enforce (enforce-banned-dependencies) @ gsn-common ---
[INFO] 
[INFO] --- resources:3.3.1:resources (default-resources) @ gsn-common ---
[INFO] Copying 58 resources from src/main/resources to target/classes
[INFO] 
[INFO] --- compiler:2.5.1:compile (default-compile) @ gsn-common ---
[INFO] Compiling 234 source files to /Users/alexb/Documents/Dev/Dev_new/gs-server/common/target/classes
[INFO] 
[INFO] --- resources:3.3.1:testResources (default-testResources) @ gsn-common ---
[INFO] Copying 1 resource from src/test/resources to target/test-classes
[INFO] 
[INFO] --- compiler:2.5.1:testCompile (default-testCompile) @ gsn-common ---
[INFO] Nothing to compile - all classes are up to date
[INFO] 
[INFO] --- surefire:2.19.1:test (default-test) @ gsn-common ---
[INFO] Tests are skipped.
[INFO] 
[INFO] --- jar:2.6:jar (default-jar) @ gsn-common ---
[INFO] Building jar: /Users/alexb/Documents/Dev/Dev_new/gs-server/common/target/gsn-common-1.0-SNAPSHOT.jar
[INFO] 
[INFO] --- install:3.1.2:install (default-install) @ gsn-common ---
[INFO] Installing /Users/alexb/Documents/Dev/Dev_new/gs-server/common/pom.xml to /Users/alexb/.m2/repository/com/dgphoenix/casino/gsn-common/1.0-SNAPSHOT/gsn-common-1.0-SNAPSHOT.pom
[INFO] Installing /Users/alexb/Documents/Dev/Dev_new/gs-server/common/target/gsn-common-1.0-SNAPSHOT.jar to /Users/alexb/.m2/repository/com/dgphoenix/casino/gsn-common/1.0-SNAPSHOT/gsn-common-1.0-SNAPSHOT.jar
[INFO] ------------------------------------------------------------------------
[INFO] BUILD SUCCESS
[INFO] ------------------------------------------------------------------------
[INFO] Total time:  5.426 s
[INFO] Finished at: 2026-02-28T10:36:25Z
[INFO] ------------------------------------------------------------------------
[2026-02-28T10:36:25Z] PASS STEP01 rc=0
[2026-02-28T10:36:25Z] PASS STEP01 rc=0
[2026-02-28T10:36:25Z] START STEP02
[2026-02-28T10:36:25Z] START STEP02
[2026-02-28T10:36:25Z] DIR gs-server/common-wallet
[2026-02-28T10:36:25Z] DIR gs-server/common-wallet
[2026-02-28T10:36:25Z] CMD mvn -DskipTests install
[2026-02-28T10:36:25Z] CMD mvn -DskipTests install
[INFO] Scanning for projects...
[INFO] 
[INFO] -----------------< com.dgphoenix.casino:common-wallet >-----------------
[INFO] Building common-wallet 1.0.67
[INFO]   from pom.xml
[INFO] --------------------------------[ jar ]---------------------------------
[INFO] 
[INFO] --- enforcer:3.0.0-M1:enforce (enforce-banned-dependencies) @ common-wallet ---
[INFO] 
[INFO] --- resources:3.3.1:resources (default-resources) @ common-wallet ---
[INFO] skip non existing resourceDirectory /Users/alexb/Documents/Dev/Dev_new/gs-server/common-wallet/src/main/resources
[INFO] 
[INFO] --- compiler:2.5.1:compile (default-compile) @ common-wallet ---
[INFO] Compiling 12 source files to /Users/alexb/Documents/Dev/Dev_new/gs-server/common-wallet/target/classes
[INFO] 
[INFO] --- resources:3.3.1:testResources (default-testResources) @ common-wallet ---
[INFO] Copying 108 resources from src/test/resources to target/test-classes
[INFO] 
[INFO] --- compiler:2.5.1:testCompile (default-testCompile) @ common-wallet ---
[INFO] Compiling 4 source files to /Users/alexb/Documents/Dev/Dev_new/gs-server/common-wallet/target/test-classes
[INFO] 
[INFO] --- surefire:2.19.1:test (default-test) @ common-wallet ---
[INFO] Tests are skipped.
[INFO] 
[INFO] --- jar:2.6:jar (default-jar) @ common-wallet ---
[INFO] Building jar: /Users/alexb/Documents/Dev/Dev_new/gs-server/common-wallet/target/common-wallet-1.0.67.jar
[INFO] 
[INFO] --- install:3.1.2:install (default-install) @ common-wallet ---
[INFO] Installing /Users/alexb/Documents/Dev/Dev_new/gs-server/common-wallet/pom.xml to /Users/alexb/.m2/repository/com/dgphoenix/casino/common-wallet/1.0.67/common-wallet-1.0.67.pom
[INFO] Installing /Users/alexb/Documents/Dev/Dev_new/gs-server/common-wallet/target/common-wallet-1.0.67.jar to /Users/alexb/.m2/repository/com/dgphoenix/casino/common-wallet/1.0.67/common-wallet-1.0.67.jar
[INFO] ------------------------------------------------------------------------
[INFO] BUILD SUCCESS
[INFO] ------------------------------------------------------------------------
[INFO] Total time:  1.692 s
[INFO] Finished at: 2026-02-28T10:36:27Z
[INFO] ------------------------------------------------------------------------
[2026-02-28T10:36:27Z] PASS STEP02 rc=0
[2026-02-28T10:36:27Z] PASS STEP02 rc=0
[2026-02-28T10:36:27Z] START STEP03
[2026-02-28T10:36:27Z] START STEP03
[2026-02-28T10:36:27Z] DIR gs-server/sb-utils
[2026-02-28T10:36:27Z] DIR gs-server/sb-utils
[2026-02-28T10:36:27Z] CMD mvn -DskipTests install
[2026-02-28T10:36:27Z] CMD mvn -DskipTests install
[INFO] Scanning for projects...
[INFO] 
[INFO] ---------------< com.dgphoenix.casino:utils-restricted >----------------
[INFO] Building utils-restricted 1.1.0
[INFO]   from pom.xml
[INFO] --------------------------------[ jar ]---------------------------------
[INFO] 
[INFO] --- enforcer:3.0.0-M1:enforce (enforce-banned-dependencies) @ utils-restricted ---
[INFO] 
[INFO] --- resources:3.1.0:resources (default-resources) @ utils-restricted ---
[INFO] Using 'UTF-8' encoding to copy filtered resources.
[INFO] Copying 1 resource
[INFO] 
[INFO] --- compiler:2.5.1:compile (default-compile) @ utils-restricted ---
[INFO] Compiling 200 source files to /Users/alexb/Documents/Dev/Dev_new/gs-server/sb-utils/target/classes
[INFO] 
[INFO] --- resources:3.1.0:testResources (default-testResources) @ utils-restricted ---
[INFO] Using 'UTF-8' encoding to copy filtered resources.
[INFO] skip non existing resourceDirectory /Users/alexb/Documents/Dev/Dev_new/gs-server/sb-utils/src/test/resources
[INFO] 
[INFO] --- compiler:2.5.1:testCompile (default-testCompile) @ utils-restricted ---
[INFO] Compiling 19 source files to /Users/alexb/Documents/Dev/Dev_new/gs-server/sb-utils/target/test-classes
[INFO] 
[INFO] --- surefire:2.19.1:test (default-test) @ utils-restricted ---
[INFO] Tests are skipped.
[INFO] 
[INFO] --- jar:2.6:jar (default-jar) @ utils-restricted ---
[INFO] Building jar: /Users/alexb/Documents/Dev/Dev_new/gs-server/sb-utils/target/utils-restricted.jar
[INFO] 
[INFO] >>> source:2.4:jar (default) > generate-sources @ utils-restricted >>>
[INFO] 
[INFO] --- enforcer:3.0.0-M1:enforce (enforce-banned-dependencies) @ utils-restricted ---
[INFO] 
[INFO] <<< source:2.4:jar (default) < generate-sources @ utils-restricted <<<
[INFO] 
[INFO] 
[INFO] --- source:2.4:jar (default) @ utils-restricted ---
[INFO] 
[INFO] --- install:3.1.2:install (default-install) @ utils-restricted ---
[INFO] Installing /Users/alexb/Documents/Dev/Dev_new/gs-server/sb-utils/pom.xml to /Users/alexb/.m2/repository/com/dgphoenix/casino/utils-restricted/1.1.0/utils-restricted-1.1.0.pom
[INFO] Installing /Users/alexb/Documents/Dev/Dev_new/gs-server/sb-utils/target/utils-restricted.jar to /Users/alexb/.m2/repository/com/dgphoenix/casino/utils-restricted/1.1.0/utils-restricted-1.1.0.jar
[INFO] Installing /Users/alexb/Documents/Dev/Dev_new/gs-server/sb-utils/target/utils-restricted-sources.jar to /Users/alexb/.m2/repository/com/dgphoenix/casino/utils-restricted/1.1.0/utils-restricted-1.1.0-sources.jar
[INFO] ------------------------------------------------------------------------
[INFO] BUILD SUCCESS
[INFO] ------------------------------------------------------------------------
[INFO] Total time:  3.560 s
[INFO] Finished at: 2026-02-28T10:36:31Z
[INFO] ------------------------------------------------------------------------
[2026-02-28T10:36:31Z] PASS STEP03 rc=0
[2026-02-28T10:36:31Z] PASS STEP03 rc=0
[2026-02-28T10:36:31Z] START STEP04
[2026-02-28T10:36:31Z] START STEP04
[2026-02-28T10:36:31Z] DIR gs-server/common-promo
[2026-02-28T10:36:31Z] DIR gs-server/common-promo
[2026-02-28T10:36:31Z] CMD mvn -DskipTests install
[2026-02-28T10:36:31Z] CMD mvn -DskipTests install
[INFO] Scanning for projects...
[INFO] 
[INFO] -----------------< com.dgphoenix.casino:common-promo >------------------
[INFO] Building common-promo 1.1.0
[INFO]   from pom.xml
[INFO] --------------------------------[ jar ]---------------------------------
[INFO] 
[INFO] --- enforcer:3.0.0-M1:enforce (enforce-banned-dependencies) @ common-promo ---
[INFO] 
[INFO] --- resources:3.1.0:resources (default-resources) @ common-promo ---
[INFO] Using 'UTF-8' encoding to copy filtered resources.
[INFO] skip non existing resourceDirectory /Users/alexb/Documents/Dev/Dev_new/gs-server/common-promo/src/main/resources
[INFO] 
[INFO] --- compiler:2.5.1:compile (default-compile) @ common-promo ---
[INFO] Compiling 54 source files to /Users/alexb/Documents/Dev/Dev_new/gs-server/common-promo/target/classes
[INFO] 
[INFO] --- resources:3.1.0:testResources (default-testResources) @ common-promo ---
[INFO] Using 'UTF-8' encoding to copy filtered resources.
[INFO] Copying 6 resources
[INFO] 
[INFO] --- compiler:2.5.1:testCompile (default-testCompile) @ common-promo ---
[INFO] Compiling 2 source files to /Users/alexb/Documents/Dev/Dev_new/gs-server/common-promo/target/test-classes
[INFO] 
[INFO] --- surefire:2.19.1:test (default-test) @ common-promo ---
[INFO] Tests are skipped.
[INFO] 
[INFO] --- jar:2.6:jar (default-jar) @ common-promo ---
[INFO] Building jar: /Users/alexb/Documents/Dev/Dev_new/gs-server/common-promo/target/common-promo.jar
[INFO] 
[INFO] >>> source:2.4:jar (default) > generate-sources @ common-promo >>>
[INFO] 
[INFO] --- enforcer:3.0.0-M1:enforce (enforce-banned-dependencies) @ common-promo ---
[INFO] 
[INFO] <<< source:2.4:jar (default) < generate-sources @ common-promo <<<
[INFO] 
[INFO] 
[INFO] --- source:2.4:jar (default) @ common-promo ---
[INFO] 
[INFO] --- install:3.1.2:install (default-install) @ common-promo ---
[INFO] Installing /Users/alexb/Documents/Dev/Dev_new/gs-server/common-promo/pom.xml to /Users/alexb/.m2/repository/com/dgphoenix/casino/common-promo/1.1.0/common-promo-1.1.0.pom
[INFO] Installing /Users/alexb/Documents/Dev/Dev_new/gs-server/common-promo/target/common-promo.jar to /Users/alexb/.m2/repository/com/dgphoenix/casino/common-promo/1.1.0/common-promo-1.1.0.jar
[INFO] Installing /Users/alexb/Documents/Dev/Dev_new/gs-server/common-promo/target/common-promo-sources.jar to /Users/alexb/.m2/repository/com/dgphoenix/casino/common-promo/1.1.0/common-promo-1.1.0-sources.jar
[INFO] ------------------------------------------------------------------------
[INFO] BUILD SUCCESS
[INFO] ------------------------------------------------------------------------
[INFO] Total time:  1.594 s
[INFO] Finished at: 2026-02-28T10:36:33Z
[INFO] ------------------------------------------------------------------------
[2026-02-28T10:36:34Z] PASS STEP04 rc=0
[2026-02-28T10:36:34Z] PASS STEP04 rc=0
[2026-02-28T10:36:34Z] START STEP05
[2026-02-28T10:36:34Z] START STEP05
[2026-02-28T10:36:34Z] DIR gs-server/cassandra-cache/common-persisters
[2026-02-28T10:36:34Z] DIR gs-server/cassandra-cache/common-persisters
[2026-02-28T10:36:34Z] CMD mvn -DskipTests install
[2026-02-28T10:36:34Z] CMD mvn -DskipTests install
[INFO] Scanning for projects...
[INFO] 
[INFO] -------------< com.dgphoenix.casino:gsn-common-persisters >-------------
[INFO] Building gsn-common-persisters 1.0
[INFO]   from pom.xml
[INFO] --------------------------------[ jar ]---------------------------------
[INFO] 
[INFO] --- enforcer:3.0.0-M1:enforce (enforce-banned-dependencies) @ gsn-common-persisters ---
[INFO] 
[INFO] --- resources:3.3.1:resources (default-resources) @ gsn-common-persisters ---
[INFO] skip non existing resourceDirectory /Users/alexb/Documents/Dev/Dev_new/gs-server/cassandra-cache/common-persisters/src/main/resources
[INFO] 
[INFO] --- compiler:2.5.1:compile (default-compile) @ gsn-common-persisters ---
[INFO] Compiling 14 source files to /Users/alexb/Documents/Dev/Dev_new/gs-server/cassandra-cache/common-persisters/target/classes
[INFO] 
[INFO] --- resources:3.3.1:testResources (default-testResources) @ gsn-common-persisters ---
[INFO] skip non existing resourceDirectory /Users/alexb/Documents/Dev/Dev_new/gs-server/cassandra-cache/common-persisters/src/test/resources
[INFO] 
[INFO] --- compiler:2.5.1:testCompile (default-testCompile) @ gsn-common-persisters ---
[INFO] Compiling 2 source files to /Users/alexb/Documents/Dev/Dev_new/gs-server/cassandra-cache/common-persisters/target/test-classes
[INFO] 
[INFO] --- surefire:2.19.1:test (default-test) @ gsn-common-persisters ---
[INFO] Tests are skipped.
[INFO] 
[INFO] --- jar:2.6:jar (default-jar) @ gsn-common-persisters ---
[INFO] Building jar: /Users/alexb/Documents/Dev/Dev_new/gs-server/cassandra-cache/common-persisters/target/gsn-common-persisters-1.0.jar
[INFO] 
[INFO] >>> source:2.4:jar (default) > generate-sources @ gsn-common-persisters >>>
[INFO] 
[INFO] --- enforcer:3.0.0-M1:enforce (enforce-banned-dependencies) @ gsn-common-persisters ---
[INFO] 
[INFO] <<< source:2.4:jar (default) < generate-sources @ gsn-common-persisters <<<
[INFO] 
[INFO] 
[INFO] --- source:2.4:jar (default) @ gsn-common-persisters ---
[INFO] Building jar: /Users/alexb/Documents/Dev/Dev_new/gs-server/cassandra-cache/common-persisters/target/gsn-common-persisters-1.0-sources.jar
[INFO] 
[INFO] --- install:3.1.2:install (default-install) @ gsn-common-persisters ---
[INFO] Installing /Users/alexb/Documents/Dev/Dev_new/gs-server/cassandra-cache/common-persisters/pom.xml to /Users/alexb/.m2/repository/com/dgphoenix/casino/gsn-common-persisters/1.0/gsn-common-persisters-1.0.pom
[INFO] Installing /Users/alexb/Documents/Dev/Dev_new/gs-server/cassandra-cache/common-persisters/target/gsn-common-persisters-1.0.jar to /Users/alexb/.m2/repository/com/dgphoenix/casino/gsn-common-persisters/1.0/gsn-common-persisters-1.0.jar
[INFO] Installing /Users/alexb/Documents/Dev/Dev_new/gs-server/cassandra-cache/common-persisters/target/gsn-common-persisters-1.0-sources.jar to /Users/alexb/.m2/repository/com/dgphoenix/casino/gsn-common-persisters/1.0/gsn-common-persisters-1.0-sources.jar
[INFO] ------------------------------------------------------------------------
[INFO] BUILD SUCCESS
[INFO] ------------------------------------------------------------------------
[INFO] Total time:  3.088 s
[INFO] Finished at: 2026-02-28T10:36:37Z
[INFO] ------------------------------------------------------------------------
[2026-02-28T10:36:37Z] PASS STEP05 rc=0
[2026-02-28T10:36:37Z] PASS STEP05 rc=0
[2026-02-28T10:36:37Z] START STEP06
[2026-02-28T10:36:37Z] START STEP06
[2026-02-28T10:36:37Z] DIR gs-server/game-server/common-gs
[2026-02-28T10:36:37Z] DIR gs-server/game-server/common-gs
[2026-02-28T10:36:37Z] CMD mvn -DskipTests -Dcluster.properties=local/local-machine.properties install
[2026-02-28T10:36:37Z] CMD mvn -DskipTests -Dcluster.properties=local/local-machine.properties install
[INFO] Scanning for projects...
[INFO] 
[INFO] -----------------< com.dgphoenix.casino:gsn-common-gs >-----------------
[INFO] Building gsn-common-gs 1.0
[INFO]   from pom.xml
[INFO] --------------------------------[ jar ]---------------------------------
[INFO] 
[INFO] --- dependency:2.8:copy (default) @ gsn-common-gs ---
[INFO] Configured Artifact: javax.xml.bind:jaxb-api:2.2.7:jar
[INFO] Configured Artifact: javax.xml.ws:jaxws-api:2.2.9:jar
[INFO] javax.xml.bind:jaxb-api:2.2.7:jar already exists in /Users/alexb/Documents/Dev/Dev_new/gs-server/game-server/common-gs/target/endorsed
[INFO] javax.xml.ws:jaxws-api:2.2.9:jar already exists in /Users/alexb/Documents/Dev/Dev_new/gs-server/game-server/common-gs/target/endorsed
[INFO] 
[INFO] --- enforcer:3.0.0-M1:enforce (enforce-banned-dependencies) @ gsn-common-gs ---
[INFO] 
[INFO] --- properties:1.0.0:read-project-properties (default) @ gsn-common-gs ---
[INFO] 
[INFO] --- resources:3.1.0:resources (default-resources) @ gsn-common-gs ---
[INFO] Using 'UTF-8' encoding to copy filtered resources.
[INFO] Copying 5 resources
[INFO] 
[INFO] --- compiler:2.5.1:compile (default-compile) @ gsn-common-gs ---
[INFO] Compiling 520 source files to /Users/alexb/Documents/Dev/Dev_new/gs-server/game-server/common-gs/target/classes
[INFO] 
[INFO] --- compiler:2.5.1:compile (compile-generated-sources) @ gsn-common-gs ---
[INFO] Compiling 512 source files to /Users/alexb/Documents/Dev/Dev_new/gs-server/game-server/common-gs/target/classes
[INFO] 
[INFO] --- resources:3.1.0:testResources (default-testResources) @ gsn-common-gs ---
[INFO] Using 'UTF-8' encoding to copy filtered resources.
[INFO] Copying 22 resources
[INFO] 
[INFO] --- compiler:2.5.1:testCompile (default-testCompile) @ gsn-common-gs ---
[INFO] Compiling 17 source files to /Users/alexb/Documents/Dev/Dev_new/gs-server/game-server/common-gs/target/test-classes
[INFO] 
[INFO] --- surefire:2.19.1:test (default-test) @ gsn-common-gs ---
[INFO] Tests are skipped.
[INFO] 
[INFO] --- jar:2.6:jar (default-jar) @ gsn-common-gs ---
[INFO] Building jar: /Users/alexb/Documents/Dev/Dev_new/gs-server/game-server/common-gs/target/gsn-common-gs-1.0.jar
[INFO] 
[INFO] --- install:3.1.2:install (default-install) @ gsn-common-gs ---
[INFO] Installing /Users/alexb/Documents/Dev/Dev_new/gs-server/game-server/common-gs/pom.xml to /Users/alexb/.m2/repository/com/dgphoenix/casino/gsn-common-gs/1.0/gsn-common-gs-1.0.pom
[INFO] Installing /Users/alexb/Documents/Dev/Dev_new/gs-server/game-server/common-gs/target/gsn-common-gs-1.0.jar to /Users/alexb/.m2/repository/com/dgphoenix/casino/gsn-common-gs/1.0/gsn-common-gs-1.0.jar
[INFO] ------------------------------------------------------------------------
[INFO] BUILD SUCCESS
[INFO] ------------------------------------------------------------------------
[INFO] Total time:  8.615 s
[INFO] Finished at: 2026-02-28T10:36:47Z
[INFO] ------------------------------------------------------------------------
[2026-02-28T10:36:47Z] PASS STEP06 rc=0
[2026-02-28T10:36:47Z] PASS STEP06 rc=0
[2026-02-28T10:36:47Z] START STEP07
[2026-02-28T10:36:47Z] START STEP07
[2026-02-28T10:36:47Z] DIR gs-server/game-server/web-gs
[2026-02-28T10:36:47Z] DIR gs-server/game-server/web-gs
[2026-02-28T10:36:47Z] CMD mvn -DskipTests -Dcluster.properties=local/local-machine.properties install
[2026-02-28T10:36:47Z] CMD mvn -DskipTests -Dcluster.properties=local/local-machine.properties install
[INFO] Scanning for projects...
[WARNING] 
[WARNING] Some problems were encountered while building the effective model for com.dgphoenix.casino:gsn-web-gs:war:1.89.0
[WARNING] 'version' contains an expression but should be a constant. @ com.dgphoenix.casino:gsn-web-gs:${current.version}, /Users/alexb/Documents/Dev/Dev_new/gs-server/game-server/web-gs/pom.xml, line 13, column 14
[WARNING] 
[WARNING] It is highly recommended to fix these problems because they threaten the stability of your build.
[WARNING] 
[WARNING] For this reason, future Maven versions might no longer support building such malformed projects.
[WARNING] 
[INFO] 
[INFO] ------------------< com.dgphoenix.casino:gsn-web-gs >-------------------
[INFO] Building gsn-web-gs 1.89.0
[INFO]   from pom.xml
[INFO] --------------------------------[ war ]---------------------------------
[INFO] 
[INFO] --- enforcer:3.0.0-M1:enforce (enforce-banned-dependencies) @ gsn-web-gs ---
[INFO] 
[INFO] --- properties:1.0.0:read-project-properties (default) @ gsn-web-gs ---
[INFO] 
[INFO] --- resources:2.6:resources (default-resources) @ gsn-web-gs ---
[INFO] Using 'UTF-8' encoding to copy filtered resources.
[INFO] Copying 43 resources
[INFO] 
[INFO] --- resources:2.6:resources (gs-resources) @ gsn-web-gs ---
[WARNING]  Parameter 'resources' is read-only, must not be used in configuration
[INFO] Using 'UTF-8' encoding to copy filtered resources.
[INFO] Copying 43 resources
[INFO] Copying 59 resources to /Users/alexb/Documents/Dev/Dev_new/gs-server/game-server/web-gs/target/static/css
[INFO] skip non existing resourceDirectory /Users/alexb/Documents/Dev/Dev_new/gs-server/game-server/web-gs/src/main/webapp/css_nucleus
[INFO] Copying 104 resources to /Users/alexb/Documents/Dev/Dev_new/gs-server/game-server/web-gs/target/static/js
[INFO] Copying 501 resources to /Users/alexb/Documents/Dev/Dev_new/gs-server/game-server/web-gs/target/static/images
[INFO] skip non existing resourceDirectory /Users/alexb/Documents/Dev/Dev_new/gs-server/game-server/web-gs/src/main/webapp/images_nucleus
[INFO] 
[INFO] --- compiler:2.5.1:compile (default-compile) @ gsn-web-gs ---
[INFO] Compiling 295 source files to /Users/alexb/Documents/Dev/Dev_new/gs-server/game-server/web-gs/target/classes
[INFO] 
[INFO] --- jetty-jspc:9.4.3.v20170317:jspc (jspc) @ gsn-web-gs ---
[INFO] Logging initialized @4476ms to org.eclipse.jetty.util.log.Slf4jLog
[INFO] Compiling gamehistoryXMLV2.jsp,jvmdetect.jsp,popup/popup.jsp,popup/language.jsp,version.jsp,localized_games.jsp,tools/walletsManagerShowData.jsp,tools/banksList.jsp,tools/pendingOperations.jsp,tools/addBattlegroundGames.jsp,tools/bankEndpoints.jsp,tools/api/service.jsp,tools/editBattlegroundChrashGameFolder.jsp,tools/setStubAccountBalance.jsp,tools/subCasinoInfo.jsp,tools/bankProperties.jsp,tools/walletsManager.jsp,checkURL.jsp,defaultstlobby.jsp,config/stub/bonus/frbWin.jsp,config/stub/bonus/accountinfoGBP.jsp,config/stub/bonus/release.jsp,config/stub/bonus/auth.jsp,config/stub/bonus/frbWinError.jsp,config/stub/bonus/frbWinHash.jsp,config/stub/bonus/accountinfo.jsp,config/stub/status.jsp,config/stub/balance.jsp,config/stub/jwt_stub.jsp,config/stub/reality_check_info.jsp,config/stub/refund_error.jsp,config/stub/wager_error_315.jsp,config/stub/cwv3/refund.jsp,config/stub/cwv3/auth.jsp,config/stub/cwv3/wager.jsp,config/stub/status_error.jsp,config/stub/wager_301_error.jsp,config/stub/wager_error_314.jsp,config/stub/wager_error_300.jsp,config/stub/wager_error_316.jsp,config/stub/wager_error.jsp,config/stub/wager_bad_win.jsp,config/stub/wager_if_bet_error.jsp,config/stub/wager_bad_bet.jsp,config/stub/refund.jsp,config/stub/wager_bet_win_different_balance.jsp,config/stub/wager_if_negativebet_error.jsp,config/stub/auth.jsp,config/stub/wager_error_323.jsp,config/stub/wager_error_322.jsp,config/stub/wager_if_win_error.jsp,config/stub/wager_311_error.jsp,config/stub/tournaments/winners_ok.jsp,config/stub/tournaments/winners_error_403.jsp,config/stub/tournaments/winners_error_400.jsp,config/stub/tournaments/winners_invalid_response.jsp,config/stub/tournaments/winners_error_500.jsp,config/stub/wager_sleep.jsp,config/stub/wager.jsp,config/stub/cwv3_long/refund.jsp,config/stub/cwv3_long/auth.jsp,config/stub/cwv3_long/wager.jsp,stlobbies/tournaments/tournament.jsp,free/mp/template.jsp,real/mp/template.jsp,help2.jsp,gsroundhistory.jsp,gossip/popup.jsp,gamelist.jsp,standlobby.jsp,checkStatus.jsp,frb/frbPopup.jsp,handhistory.jsp,cdn/info.jsp,cdn/speedTest.jsp,support/metrics/index.jsp,support/currentCurrencyRates2.jsp,support/autoFrbLists.jsp,support/bankInfo/propertyResult.jsp,support/bankInfo/propertyForm.jsp,support/configuration/fieldProperties.jsp,support/configuration/mapProperties.jsp,support/configuration/serverConfiguration.jsp,support/EditTemplateProperty.jsp,support/version.jsp,support/listExteralIdsByBank.jsp,support/error.jsp,support/reinitFrBonusClient.jsp,support/cacheviewer.jsp,support/getGameSession.jsp,support/setIdGeneratorStartValue.jsp,support/modernizationRunbook.jsp,support/createSubCasino.jsp,support/cache/background/view.jsp,support/cache/background/reset.jsp,support/cache/bank/acs/acsConfig.jsp,support/cache/bank/common/bankInfo.jsp,support/cache/bank/common/addGame.jsp,support/cache/bank/common/banksList.jsp,support/cache/bank/common/loadAllBanks.jsp,support/cache/bank/common/subcasinoSelect.jsp,support/cache/bank/common/newBankNSubCasino.jsp,support/cache/bank/common/banksNSubCasinos.jsp,support/cache/bank/common/editGame.jsp,support/cache/bank/common/addSubcasino.jsp,support/cache/bank/common/subcasinoList.jsp,support/cache/bank/common/properties.jsp,support/cache/bank/common/subCasinoInfo.jsp,support/cache/bank/common/systemInfo.jsp,support/cache/bank/common/addFreeBank.jsp,support/cache/bank/common/removeBank.jsp,support/cache/bank/common/addBank.jsp,support/cache/bank/common/scheduleCronTask.jsp,support/cache/bank/properties/set_post_property.jsp,support/cache/bank/properties/languageTable.jsp,support/cache/bank/properties/edit/languageTable.jsp,support/cache/bank/properties/edit/editProperties.jsp,support/cache/bank/properties/edit/allBanks.jsp,support/cache/bank/properties/edit/bankLangTable.jsp,support/cache/bank/properties/editProperties.jsp,support/cache/domain/domainList.jsp,support/cache/domain/gameList.jsp,support/checkPersisters.jsp,support/precheckPendingDataArchiving.jsp,support/updateFrbGames.jsp,support/import-base-game-info.jsp,support/updateCaches.jsp,support/setProperty.jsp,support/showcassandra_account-ext.jsp,support/health/ping.jsp,support/health/check.jsp,support/encoderutil.jsp,support/correctedCurrency.jsp,support/getRounds.jsp,support/configPortal.jsp,support/reinitWalletManager.jsp,support/showGamesDetailsProp3.jsp,support/clearLastHand.jsp,support/reinitCurrencyRateMultipliers.jsp,support/convertCurrency.jsp,support/showGamesDetailsProp2.jsp,support/supporthistory.jsp,support/getPendingFRBWin.jsp,support/removeWalletForAccount.jsp,support/currentCurrencyRates.jsp,support/script/addCurrRate.jsp,support/script/addCurrRateShort.jsp,support/GameConfig/getGamesConfigByBanks.jsp,support/export-base-game-info.jsp,support/exportImportCoins.jsp,support/viewWallets.jsp,support/sleeper.jsp,support/saveIcon.jsp,support/currencyBank.jsp,support/listGameIds.jsp,support/reinitFrBonusWinManager.jsp,support/logoutPlayers.jsp,support/resetAllStubBalances.jsp,support/getMassAwardRestrictions.jsp,support/showAPIIssues.jsp,support/showcassandra_account.jsp,support/handleOfflineCreditInRounds.jsp,support/reinitGamesList.jsp,support/getSessionError.jsp,support/cancelMassFRBonusAward.jsp,support/index.jsp,support/updateIcon.jsp,support/copyLanguages.jsp,support/bonusexp.jsp,support/walletInfo.jsp,support/initGames.jsp,support/templateManager/getTemplates.jsp,support/templateManager/GameTemplate.jsp,support/templateManager/cloneTemplate.jsp,support/templateManager/setProperty.jsp,support/templateManager/compareTemplates.jsp,support/templateManager/ClusterList.jsp,support/templateManager/invalidateBgi.jsp,support/templateManager/index.jsp,support/modernizationDocs.jsp,support/isShutDown.jsp,support/deleteForbiddenCurrenciesProp.jsp,support/rouletteInternalLimits.jsp,support/setlimits.jsp,support/showBanksDetailsProp.jsp,support/langTools.jsp,support/viewFRBCoin.jsp,support/setup_replaceurl_pm_st.jsp,support/getAccountInfo.jsp,support/bankReleaseReport.jsp,support/currencyFractionsConfig.jsp,support/getBanksWithGame2.jsp,support/clusterHosts.jsp,support/customGameList.jsp,support/disableGames.jsp,support/games/getGameInfos.jsp,support/games/listExteralIdsByBank.jsp,support/games/829_step2_AddGameInfo.jsp,support/games/829_FixTemplate.jsp,support/games/getLasthands.jsp,support/games/getGameInfoTemplates.jsp,support/games/829_step1_AddGameInfoTemplate.jsp,support/games/gameClientGeneration.jsp,support/getCdnSettingsCsv.jsp,support/currency/switchToInternalRatesExtractor.jsp,support/currency/showBrokenRates.jsp,support/currency/forceUpdateRate.jsp,support/currency/initRatesConfig.jsp,support/prepareToShutdown.jsp,support/copyBankV3.jsp,support/gameBankConfig/GameClass.jsp,support/gameBankConfig/removeGame.jsp,support/gameBankConfig/editGameForm.jsp,support/gameBankConfig/compareBanksGames.jsp,support/gameBankConfig/applyGame.jsp,support/gameBankConfig/deleteGameForm.jsp,support/gameBankConfig/gameConfig.jsp,support/logViewer.jsp,support/reinitBonusClient.jsp,support/finishRounds.jsp,getVersion.jsp,templates/main.jsp,empty.jsp,checkServerId.jsp,register.jsp,error_pages/error.jsp,error_pages/loc/loginerror_s.jsp,error_pages/loc/gamedisablederror.jsp,error_pages/loc/loadingerror.jsp,error_pages/loc/sessionerror.jsp,error_pages/loc/gamestartederror.jsp,error_pages/loc/disconnecterror.jsp,error_pages/error_eurobet.jsp,error_pages/loginerror_s.jsp,error_pages/gamedisablederror.jsp,error_pages/loadingerror.jsp,error_pages/gameserver_notfound_error.jsp,error_pages/errorXml.jsp,error_pages/incorrect_parameters_error.jsp,error_pages/error_header_si.jsp,error_pages/game_in_maintenance_mode.jsp,error_pages/reuse_launch_url_error.jsp,error_pages/sessionerror.jsp,error_pages/history_not_found.jsp,error_pages/mq/error.jsp,error_pages/mq/fatal_error_808.jsp,error_pages/mq/fatal_error_821.jsp,error_pages/mq/fatal_error_843.jsp,error_pages/mq/fatal_error_30429.jsp,error_pages/mq/fatal_error_856.jsp,error_pages/mq/fatal_error_864.jsp,error_pages/mq/fatal_error_859.jsp,error_pages/mq/fatal_error_867.jsp,error_pages/mq/fatal_error_866.jsp,error_pages/mq/fatal_error_862.jsp,error_pages/mq/fatal_error_863.jsp,error_pages/mq/fatal_error_875.jsp,error_pages/mq/fatal_error_838.jsp,error_pages/mq/fatal_error_829.jsp,error_pages/mq/fatal_error.jsp,error_pages/mq/fatal_error_779.jsp,error_pages/error_footer.jsp,error_pages/errorJSON.jsp,error_pages/gamestartederror.jsp,error_pages/disconnecterror.jsp,error_pages/error_ptpt.jsp,error_pages/gameinfo_error.jsp,error_pages/error_header.jsp,error_pages/ng_maintenance_mode.jsp,getFlash.jsp,vabs/VabEngine/EngineHeader.jsp,vabs/VabEngine/VabParameters.jsp,vabs/show.jsp,logout.jsp,gamehistory.jsp,mp-stub/template.jsp,mp-stub/room.jsp,wallet_http_stat.jsp,gameSessionHistory.jsp,gamehistoryXML.jsp from includes=**/*.jsp, **/*.jspx excludes=webscripts/**
[INFO] At least one JAR was scanned for TLDs yet contained no TLDs. Enable debug logging for this logger for a complete list of JARs that were scanned but no TLDs were found in them. Skipping unneeded JARs during scanning can improve startup time and JSP compilation time.
[INFO] ------------------------------------------------------------------------
[INFO] BUILD FAILURE
[INFO] ------------------------------------------------------------------------
[INFO] Total time:  4.876 s
[INFO] Finished at: 2026-02-28T10:36:52Z
[INFO] ------------------------------------------------------------------------
[ERROR] Failed to execute goal org.eclipse.jetty:jetty-jspc-maven-plugin:9.4.3.v20170317:jspc (jspc) on project gsn-web-gs: Failure processing jsps: org.apache.jasper.JasperException: Unable to compile class for JSP: 
[ERROR] 
[ERROR] An error occurred at line: [15] in the generated java file: [/Users/alexb/Documents/Dev/Dev_new/gs-server/game-server/web-gs/target/generated-jsps/org/apache/jsp/support/viewWallets_jsp.java]
[ERROR] Only a type can be imported. com.dgphoenix.casino.common.transactiondata.TrackingStatus resolves to a package
[ERROR] 
[ERROR] An error occurred at line: [16] in the generated java file: [/Users/alexb/Documents/Dev/Dev_new/gs-server/game-server/web-gs/target/generated-jsps/org/apache/jsp/support/viewWallets_jsp.java]
[ERROR] Only a type can be imported. com.dgphoenix.casino.common.transactiondata.TrackingState resolves to a package
[ERROR] 
[ERROR] An error occurred at line: [17] in the generated java file: [/Users/alexb/Documents/Dev/Dev_new/gs-server/game-server/web-gs/target/generated-jsps/org/apache/jsp/support/viewWallets_jsp.java]
[ERROR] Only a type can be imported. com.dgphoenix.casino.common.transactiondata.TrackingInfo resolves to a package
[ERROR] 
[ERROR] An error occurred at line: [24] in the generated java file: [/Users/alexb/Documents/Dev/Dev_new/gs-server/game-server/web-gs/target/generated-jsps/org/apache/jsp/support/viewWallets_jsp.java]
[ERROR] Only a type can be imported. com.dgphoenix.casino.common.cache.data.payment.bonus.CommonFRBonusWin resolves to a package
[ERROR] 
[ERROR] An error occurred at line: [34] in the generated java file: [/Users/alexb/Documents/Dev/Dev_new/gs-server/game-server/web-gs/target/generated-jsps/org/apache/jsp/support/viewWallets_jsp.java]
[ERROR] Only a type can be imported. com.dgphoenix.casino.common.cache.data.payment.frb.FRBWinOperationStatus resolves to a package
[ERROR] 
[ERROR] An error occurred at line: 38 in the jsp file: /support/viewWallets.jsp
[ERROR] TrackingStatus cannot be resolved to a type
[ERROR] 35:     private class GsWithTransactions {
[ERROR] 36: 
[ERROR] 37:         public final int gameServerId;
[ERROR] 38:         public final Map<TrackingStatus, List<ITransactionData>> transactionsDataByStatusMap = new EnumMap<>(TrackingStatus.class);
[ERROR] 39:         public final Map<TrackingStatus, List<ITransactionData>> transactionsDataWithFRBByStatusMap = new EnumMap<>(TrackingStatus.class);
[ERROR] 40:         public final Map<TrackingStatus, List<ITransactionData>> transactionsDataWithPaymentTransactionByStatusMap = new EnumMap<>(TrackingStatus.class);
[ERROR] 41: 
[ERROR] 
[ERROR] 
[ERROR] An error occurred at line: 38 in the jsp file: /support/viewWallets.jsp
[ERROR] TrackingStatus cannot be resolved to a type
[ERROR] 35:     private class GsWithTransactions {
[ERROR] 36: 
[ERROR] 37:         public final int gameServerId;
[ERROR] 38:         public final Map<TrackingStatus, List<ITransactionData>> transactionsDataByStatusMap = new EnumMap<>(TrackingStatus.class);
[ERROR] 39:         public final Map<TrackingStatus, List<ITransactionData>> transactionsDataWithFRBByStatusMap = new EnumMap<>(TrackingStatus.class);
[ERROR] 40:         public final Map<TrackingStatus, List<ITransactionData>> transactionsDataWithPaymentTransactionByStatusMap = new EnumMap<>(TrackingStatus.class);
[ERROR] 41: 
[ERROR] 
[ERROR] 
[ERROR] An error occurred at line: 39 in the jsp file: /support/viewWallets.jsp
[ERROR] TrackingStatus cannot be resolved to a type
[ERROR] 36: 
[ERROR] 37:         public final int gameServerId;
[ERROR] 38:         public final Map<TrackingStatus, List<ITransactionData>> transactionsDataByStatusMap = new EnumMap<>(TrackingStatus.class);
[ERROR] 39:         public final Map<TrackingStatus, List<ITransactionData>> transactionsDataWithFRBByStatusMap = new EnumMap<>(TrackingStatus.class);
[ERROR] 40:         public final Map<TrackingStatus, List<ITransactionData>> transactionsDataWithPaymentTransactionByStatusMap = new EnumMap<>(TrackingStatus.class);
[ERROR] 41: 
[ERROR] 42:         public GsWithTransactions(int gameServerId) {
[ERROR] 
[ERROR] 
[ERROR] An error occurred at line: 39 in the jsp file: /support/viewWallets.jsp
[ERROR] TrackingStatus cannot be resolved to a type
[ERROR] 36: 
[ERROR] 37:         public final int gameServerId;
[ERROR] 38:         public final Map<TrackingStatus, List<ITransactionData>> transactionsDataByStatusMap = new EnumMap<>(TrackingStatus.class);
[ERROR] 39:         public final Map<TrackingStatus, List<ITransactionData>> transactionsDataWithFRBByStatusMap = new EnumMap<>(TrackingStatus.class);
[ERROR] 40:         public final Map<TrackingStatus, List<ITransactionData>> transactionsDataWithPaymentTransactionByStatusMap = new EnumMap<>(TrackingStatus.class);
[ERROR] 41: 
[ERROR] 42:         public GsWithTransactions(int gameServerId) {
[ERROR] 
[ERROR] 
[ERROR] An error occurred at line: 40 in the jsp file: /support/viewWallets.jsp
[ERROR] TrackingStatus cannot be resolved to a type
[ERROR] 37:         public final int gameServerId;
[ERROR] 38:         public final Map<TrackingStatus, List<ITransactionData>> transactionsDataByStatusMap = new EnumMap<>(TrackingStatus.class);
[ERROR] 39:         public final Map<TrackingStatus, List<ITransactionData>> transactionsDataWithFRBByStatusMap = new EnumMap<>(TrackingStatus.class);
[ERROR] 40:         public final Map<TrackingStatus, List<ITransactionData>> transactionsDataWithPaymentTransactionByStatusMap = new EnumMap<>(TrackingStatus.class);
[ERROR] 41: 
[ERROR] 42:         public GsWithTransactions(int gameServerId) {
[ERROR] 43:             this.gameServerId = gameServerId;
[ERROR] 
[ERROR] 
[ERROR] An error occurred at line: 40 in the jsp file: /support/viewWallets.jsp
[ERROR] TrackingStatus cannot be resolved to a type
[ERROR] 37:         public final int gameServerId;
[ERROR] 38:         public final Map<TrackingStatus, List<ITransactionData>> transactionsDataByStatusMap = new EnumMap<>(TrackingStatus.class);
[ERROR] 39:         public final Map<TrackingStatus, List<ITransactionData>> transactionsDataWithFRBByStatusMap = new EnumMap<>(TrackingStatus.class);
[ERROR] 40:         public final Map<TrackingStatus, List<ITransactionData>> transactionsDataWithPaymentTransactionByStatusMap = new EnumMap<>(TrackingStatus.class);
[ERROR] 41: 
[ERROR] 42:         public GsWithTransactions(int gameServerId) {
[ERROR] 43:             this.gameServerId = gameServerId;
[ERROR] 
[ERROR] 
[ERROR] An error occurred at line: 51 in the jsp file: /support/viewWallets.jsp
[ERROR] CommonFRBonusWin cannot be resolved to a type
[ERROR] 48:     private boolean hasFrbWin(ITransactionData transactionData) {
[ERROR] 49:         FRBonusWin frbWin = transactionData.getFrbWin();
[ERROR] 50:         if (frbWin != null) {
[ERROR] 51:             Map<String, CommonFRBonusWin> frBonusWins = frbWin.getFRBonusWins();
[ERROR] 52: 
[ERROR] 53:             if (frBonusWins != null) {
[ERROR] 54:                 for (CommonFRBonusWin frBonusWin : frBonusWins.values()) {
[ERROR] 
[ERROR] 
[ERROR] An error occurred at line: 54 in the jsp file: /support/viewWallets.jsp
[ERROR] CommonFRBonusWin cannot be resolved to a type
[ERROR] 51:             Map<String, CommonFRBonusWin> frBonusWins = frbWin.getFRBonusWins();
[ERROR] 52: 
[ERROR] 53:             if (frBonusWins != null) {
[ERROR] 54:                 for (CommonFRBonusWin frBonusWin : frBonusWins.values()) {
[ERROR] 55:                     if (frBonusWin != null) {
[ERROR] 56:                         return true;
[ERROR] 57:                     }
[ERROR] 
[ERROR] 
[ERROR] An error occurred at line: 91 in the jsp file: /support/viewWallets.jsp
[ERROR] CommonFRBonusWin cannot be resolved to a type
[ERROR] 88:         if (generalFRBWin != null) {
[ERROR] 89:             frbWinStringBuilder.append("<b> FrbWin [accountId=").append(generalFRBWin.getAccountId()).append("] FrbWins:</b><br>");
[ERROR] 90: 
[ERROR] 91:             Map<String, CommonFRBonusWin> frBonusWins = generalFRBWin.getFRBonusWins();
[ERROR] 92:             if (frBonusWins != null) {
[ERROR] 93:                 for (CommonFRBonusWin frBonusWin : frBonusWins.values()) {
[ERROR] 94:                     frbWinStringBuilder.append("<div name='").append(frBonusWin.getGameId()).append("FRB").append("'> <b>GameId=").append(frBonusWin.getGameId()).append(":</b>").
[ERROR] 
[ERROR] 
[ERROR] An error occurred at line: 93 in the jsp file: /support/viewWallets.jsp
[ERROR] CommonFRBonusWin cannot be resolved to a type
[ERROR] 90: 
[ERROR] 91:             Map<String, CommonFRBonusWin> frBonusWins = generalFRBWin.getFRBonusWins();
[ERROR] 92:             if (frBonusWins != null) {
[ERROR] 93:                 for (CommonFRBonusWin frBonusWin : frBonusWins.values()) {
[ERROR] 94:                     frbWinStringBuilder.append("<div name='").append(frBonusWin.getGameId()).append("FRB").append("'> <b>GameId=").append(frBonusWin.getGameId()).append(":</b>").
[ERROR] 95:                             append(replacePendingStatusOnTrackButton(frBonusWin.toString(), generalFRBWin.getAccountId(), frBonusWin.getGameId(), true)).append("</div>");
[ERROR] 96:                 }
[ERROR] 
[ERROR] 
[ERROR] An error occurred at line: 143 in the jsp file: /support/viewWallets.jsp
[ERROR] TrackingState cannot be resolved to a type
[ERROR] 140:                 SessionHelper.getInstance().openSession();
[ERROR] 141:                 ITransactionData transactionData = SessionHelper.getInstance().getTransactionData();
[ERROR] 142: 
[ERROR] 143:                 TrackingState trackingState = transactionData.getTrackingState();
[ERROR] 144:                 if (trackingState.getStatus() == TrackingStatus.PENDING) {
[ERROR] 145:                     trackingState.setStatus(TrackingStatus.TRACKING);
[ERROR] 146:                     transactionData.updateTrackingState(trackingState.getGameServerId());
[ERROR] 
[ERROR] 
[ERROR] An error occurred at line: 144 in the jsp file: /support/viewWallets.jsp
[ERROR] TrackingStatus.PENDING cannot be resolved to a type
[ERROR] 141:                 ITransactionData transactionData = SessionHelper.getInstance().getTransactionData();
[ERROR] 142: 
[ERROR] 143:                 TrackingState trackingState = transactionData.getTrackingState();
[ERROR] 144:                 if (trackingState.getStatus() == TrackingStatus.PENDING) {
[ERROR] 145:                     trackingState.setStatus(TrackingStatus.TRACKING);
[ERROR] 146:                     transactionData.updateTrackingState(trackingState.getGameServerId());
[ERROR] 147:                 }
[ERROR] 
[ERROR] 
[ERROR] An error occurred at line: 145 in the jsp file: /support/viewWallets.jsp
[ERROR] TrackingStatus.TRACKING cannot be resolved to a type
[ERROR] 142: 
[ERROR] 143:                 TrackingState trackingState = transactionData.getTrackingState();
[ERROR] 144:                 if (trackingState.getStatus() == TrackingStatus.PENDING) {
[ERROR] 145:                     trackingState.setStatus(TrackingStatus.TRACKING);
[ERROR] 146:                     transactionData.updateTrackingState(trackingState.getGameServerId());
[ERROR] 147:                 }
[ERROR] 148: 
[ERROR] 
[ERROR] 
[ERROR] An error occurred at line: 152 in the jsp file: /support/viewWallets.jsp
[ERROR] CommonFRBonusWin cannot be resolved to a type
[ERROR] 149:                 if (isFRB) {
[ERROR] 150:                     FRBonusWin generalFRBWin = transactionData.getFrbWin();
[ERROR] 151:                     if (generalFRBWin != null) {
[ERROR] 152:                         CommonFRBonusWin frbWin = generalFRBWin.getFRBWin(gameId);
[ERROR] 153:                         if (frbWin != null) {
[ERROR] 154:                             FRBWinOperation operation = frbWin.getOperation();
[ERROR] 155:                             if (operation != null) {
[ERROR] 
[ERROR] 
[ERROR] An error occurred at line: 156 in the jsp file: /support/viewWallets.jsp
[ERROR] FRBWinOperationStatus.FAIL cannot be resolved to a type
[ERROR] 153:                         if (frbWin != null) {
[ERROR] 154:                             FRBWinOperation operation = frbWin.getOperation();
[ERROR] 155:                             if (operation != null) {
[ERROR] 156:                                 operation.setExternalStatus(FRBWinOperationStatus.FAIL);
[ERROR] 157:                             }
[ERROR] 158:                         }
[ERROR] 159:                     }
[ERROR] 
[ERROR] 
[ERROR] An error occurred at line: 201 in the jsp file: /support/viewWallets.jsp
[ERROR] TrackingStatus cannot be resolved to a type
[ERROR] 198:     for (Integer gameServerId : gameServersIds) {
[ERROR] 199:         GsWithTransactions gsWithTransactions = new GsWithTransactions(gameServerId);
[ERROR] 200: 
[ERROR] 201:         for (TrackingStatus trackingStatus : TrackingStatus.values()) {
[ERROR] 202:             gsWithTransactions.transactionsDataByStatusMap.put(trackingStatus, new ArrayList<ITransactionData>());
[ERROR] 203:             gsWithTransactions.transactionsDataWithFRBByStatusMap.put(trackingStatus, new ArrayList<ITransactionData>());
[ERROR] 204:             gsWithTransactions.transactionsDataWithPaymentTransactionByStatusMap.put(trackingStatus, new ArrayList<ITransactionData>());
[ERROR] 
[ERROR] 
[ERROR] An error occurred at line: 201 in the jsp file: /support/viewWallets.jsp
[ERROR] TrackingStatus cannot be resolved
[ERROR] 198:     for (Integer gameServerId : gameServersIds) {
[ERROR] 199:         GsWithTransactions gsWithTransactions = new GsWithTransactions(gameServerId);
[ERROR] 200: 
[ERROR] 201:         for (TrackingStatus trackingStatus : TrackingStatus.values()) {
[ERROR] 202:             gsWithTransactions.transactionsDataByStatusMap.put(trackingStatus, new ArrayList<ITransactionData>());
[ERROR] 203:             gsWithTransactions.transactionsDataWithFRBByStatusMap.put(trackingStatus, new ArrayList<ITransactionData>());
[ERROR] 204:             gsWithTransactions.transactionsDataWithPaymentTransactionByStatusMap.put(trackingStatus, new ArrayList<ITransactionData>());
[ERROR] 
[ERROR] 
[ERROR] An error occurred at line: 202 in the jsp file: /support/viewWallets.jsp
[ERROR] transactionsDataByStatusMap cannot be resolved or is not a field
[ERROR] 199:         GsWithTransactions gsWithTransactions = new GsWithTransactions(gameServerId);
[ERROR] 200: 
[ERROR] 201:         for (TrackingStatus trackingStatus : TrackingStatus.values()) {
[ERROR] 202:             gsWithTransactions.transactionsDataByStatusMap.put(trackingStatus, new ArrayList<ITransactionData>());
[ERROR] 203:             gsWithTransactions.transactionsDataWithFRBByStatusMap.put(trackingStatus, new ArrayList<ITransactionData>());
[ERROR] 204:             gsWithTransactions.transactionsDataWithPaymentTransactionByStatusMap.put(trackingStatus, new ArrayList<ITransactionData>());
[ERROR] 205:         }
[ERROR] 
[ERROR] 
[ERROR] An error occurred at line: 203 in the jsp file: /support/viewWallets.jsp
[ERROR] transactionsDataWithFRBByStatusMap cannot be resolved or is not a field
[ERROR] 200: 
[ERROR] 201:         for (TrackingStatus trackingStatus : TrackingStatus.values()) {
[ERROR] 202:             gsWithTransactions.transactionsDataByStatusMap.put(trackingStatus, new ArrayList<ITransactionData>());
[ERROR] 203:             gsWithTransactions.transactionsDataWithFRBByStatusMap.put(trackingStatus, new ArrayList<ITransactionData>());
[ERROR] 204:             gsWithTransactions.transactionsDataWithPaymentTransactionByStatusMap.put(trackingStatus, new ArrayList<ITransactionData>());
[ERROR] 205:         }
[ERROR] 206: 
[ERROR] 
[ERROR] 
[ERROR] An error occurred at line: 204 in the jsp file: /support/viewWallets.jsp
[ERROR] transactionsDataWithPaymentTransactionByStatusMap cannot be resolved or is not a field
[ERROR] 201:         for (TrackingStatus trackingStatus : TrackingStatus.values()) {
[ERROR] 202:             gsWithTransactions.transactionsDataByStatusMap.put(trackingStatus, new ArrayList<ITransactionData>());
[ERROR] 203:             gsWithTransactions.transactionsDataWithFRBByStatusMap.put(trackingStatus, new ArrayList<ITransactionData>());
[ERROR] 204:             gsWithTransactions.transactionsDataWithPaymentTransactionByStatusMap.put(trackingStatus, new ArrayList<ITransactionData>());
[ERROR] 205:         }
[ERROR] 206: 
[ERROR] 207:         for (TrackingStatus trackingStatus : TrackingStatus.values()) {
[ERROR] 
[ERROR] 
[ERROR] An error occurred at line: 207 in the jsp file: /support/viewWallets.jsp
[ERROR] TrackingStatus cannot be resolved to a type
[ERROR] 204:             gsWithTransactions.transactionsDataWithPaymentTransactionByStatusMap.put(trackingStatus, new ArrayList<ITransactionData>());
[ERROR] 205:         }
[ERROR] 206: 
[ERROR] 207:         for (TrackingStatus trackingStatus : TrackingStatus.values()) {
[ERROR] 208:             for (Pair<String, Pair<TrackingState, TrackingInfo>> trackingInfoPair :
[ERROR] 209:                     transactionDataPersister.getTrackingInfo(trackingStatus, gameServerId)) {
[ERROR] 210:                 try {
[ERROR] 
[ERROR] 
[ERROR] An error occurred at line: 207 in the jsp file: /support/viewWallets.jsp
[ERROR] TrackingStatus cannot be resolved
[ERROR] 204:             gsWithTransactions.transactionsDataWithPaymentTransactionByStatusMap.put(trackingStatus, new ArrayList<ITransactionData>());
[ERROR] 205:         }
[ERROR] 206: 
[ERROR] 207:         for (TrackingStatus trackingStatus : TrackingStatus.values()) {
[ERROR] 208:             for (Pair<String, Pair<TrackingState, TrackingInfo>> trackingInfoPair :
[ERROR] 209:                     transactionDataPersister.getTrackingInfo(trackingStatus, gameServerId)) {
[ERROR] 210:                 try {
[ERROR] 
[ERROR] 
[ERROR] An error occurred at line: 208 in the jsp file: /support/viewWallets.jsp
[ERROR] TrackingState cannot be resolved to a type
[ERROR] 205:         }
[ERROR] 206: 
[ERROR] 207:         for (TrackingStatus trackingStatus : TrackingStatus.values()) {
[ERROR] 208:             for (Pair<String, Pair<TrackingState, TrackingInfo>> trackingInfoPair :
[ERROR] 209:                     transactionDataPersister.getTrackingInfo(trackingStatus, gameServerId)) {
[ERROR] 210:                 try {
[ERROR] 211:                     String lockId = trackingInfoPair.getKey();
[ERROR] 
[ERROR] 
[ERROR] An error occurred at line: 208 in the jsp file: /support/viewWallets.jsp
[ERROR] TrackingInfo cannot be resolved to a type
[ERROR] 205:         }
[ERROR] 206: 
[ERROR] 207:         for (TrackingStatus trackingStatus : TrackingStatus.values()) {
[ERROR] 208:             for (Pair<String, Pair<TrackingState, TrackingInfo>> trackingInfoPair :
[ERROR] 209:                     transactionDataPersister.getTrackingInfo(trackingStatus, gameServerId)) {
[ERROR] 210:                 try {
[ERROR] 211:                     String lockId = trackingInfoPair.getKey();
[ERROR] 
[ERROR] 
[ERROR] An error occurred at line: 214 in the jsp file: /support/viewWallets.jsp
[ERROR] TrackingStatus.ONLINE cannot be resolved to a type
[ERROR] 211:                     String lockId = trackingInfoPair.getKey();
[ERROR] 212:                     ITransactionData transactionData = transactionDataPersister.getFromDB(lockId);
[ERROR] 213: 
[ERROR] 214:                     if (transactionData.getPaymentTransaction() == null || trackingStatus == TrackingStatus.ONLINE) {
[ERROR] 215:                         gsWithTransactions.transactionsDataByStatusMap.get(trackingStatus).add(transactionData);
[ERROR] 216:                     }
[ERROR] 217: 
[ERROR] 
[ERROR] 
[ERROR] An error occurred at line: 215 in the jsp file: /support/viewWallets.jsp
[ERROR] transactionsDataByStatusMap cannot be resolved or is not a field
[ERROR] 212:                     ITransactionData transactionData = transactionDataPersister.getFromDB(lockId);
[ERROR] 213: 
[ERROR] 214:                     if (transactionData.getPaymentTransaction() == null || trackingStatus == TrackingStatus.ONLINE) {
[ERROR] 215:                         gsWithTransactions.transactionsDataByStatusMap.get(trackingStatus).add(transactionData);
[ERROR] 216:                     }
[ERROR] 217: 
[ERROR] 218:                     if (transactionData.getPaymentTransaction() != null) {
[ERROR] 
[ERROR] 
[ERROR] An error occurred at line: 219 in the jsp file: /support/viewWallets.jsp
[ERROR] TrackingStatus.ONLINE cannot be resolved to a type
[ERROR] 216:                     }
[ERROR] 217: 
[ERROR] 218:                     if (transactionData.getPaymentTransaction() != null) {
[ERROR] 219:                         if (trackingStatus == TrackingStatus.ONLINE) {
[ERROR] 220:                             gsWithTransactions.transactionsDataWithPaymentTransactionByStatusMap.get(TrackingStatus.TRACKING).add(transactionData);
[ERROR] 221:                         } else {
[ERROR] 222:                             gsWithTransactions.transactionsDataWithPaymentTransactionByStatusMap.get(trackingStatus).add(transactionData);
[ERROR] 
[ERROR] 
[ERROR] An error occurred at line: 220 in the jsp file: /support/viewWallets.jsp
[ERROR] transactionsDataWithPaymentTransactionByStatusMap cannot be resolved or is not a field
[ERROR] 217: 
[ERROR] 218:                     if (transactionData.getPaymentTransaction() != null) {
[ERROR] 219:                         if (trackingStatus == TrackingStatus.ONLINE) {
[ERROR] 220:                             gsWithTransactions.transactionsDataWithPaymentTransactionByStatusMap.get(TrackingStatus.TRACKING).add(transactionData);
[ERROR] 221:                         } else {
[ERROR] 222:                             gsWithTransactions.transactionsDataWithPaymentTransactionByStatusMap.get(trackingStatus).add(transactionData);
[ERROR] 223:                         }
[ERROR] 
[ERROR] 
[ERROR] An error occurred at line: 220 in the jsp file: /support/viewWallets.jsp
[ERROR] TrackingStatus.TRACKING cannot be resolved to a type
[ERROR] 217: 
[ERROR] 218:                     if (transactionData.getPaymentTransaction() != null) {
[ERROR] 219:                         if (trackingStatus == TrackingStatus.ONLINE) {
[ERROR] 220:                             gsWithTransactions.transactionsDataWithPaymentTransactionByStatusMap.get(TrackingStatus.TRACKING).add(transactionData);
[ERROR] 221:                         } else {
[ERROR] 222:                             gsWithTransactions.transactionsDataWithPaymentTransactionByStatusMap.get(trackingStatus).add(transactionData);
[ERROR] 223:                         }
[ERROR] 
[ERROR] 
[ERROR] An error occurred at line: 222 in the jsp file: /support/viewWallets.jsp
[ERROR] transactionsDataWithPaymentTransactionByStatusMap cannot be resolved or is not a field
[ERROR] 219:                         if (trackingStatus == TrackingStatus.ONLINE) {
[ERROR] 220:                             gsWithTransactions.transactionsDataWithPaymentTransactionByStatusMap.get(TrackingStatus.TRACKING).add(transactionData);
[ERROR] 221:                         } else {
[ERROR] 222:                             gsWithTransactions.transactionsDataWithPaymentTransactionByStatusMap.get(trackingStatus).add(transactionData);
[ERROR] 223:                         }
[ERROR] 224:                     }
[ERROR] 225: 
[ERROR] 
[ERROR] 
[ERROR] An error occurred at line: 227 in the jsp file: /support/viewWallets.jsp
[ERROR] transactionsDataWithFRBByStatusMap cannot be resolved or is not a field
[ERROR] 224:                     }
[ERROR] 225: 
[ERROR] 226:                     if (hasFrbWin(transactionData)) {
[ERROR] 227:                         gsWithTransactions.transactionsDataWithFRBByStatusMap.get(trackingStatus).add(transactionData);
[ERROR] 228:                     }
[ERROR] 229: 
[ERROR] 230:                 } catch (Exception ignored) {
[ERROR] 
[ERROR] 
[ERROR] An error occurred at line: 250 in the jsp file: /support/viewWallets.jsp
[ERROR] transactionsDataByStatusMap cannot be resolved or is not a field
[ERROR] 247:     int totalPendingFRB = 0;
[ERROR] 248: 
[ERROR] 249:     for (GsWithTransactions gameServerWithTransactions : gameServersWithTransactions) {
[ERROR] 250:         totalOnline += gameServerWithTransactions.transactionsDataByStatusMap.get(TrackingStatus.ONLINE).size();
[ERROR] 251:         totalTrackingWallets += gameServerWithTransactions.transactionsDataByStatusMap.get(TrackingStatus.TRACKING).size();
[ERROR] 252:         totalPendingWallets += gameServerWithTransactions.transactionsDataByStatusMap.get(TrackingStatus.PENDING).size();
[ERROR] 253:         totalTrackingPaymentTransactions += gameServerWithTransactions.transactionsDataWithPaymentTransactionByStatusMap.get(TrackingStatus.TRACKING).size();
[ERROR] 
[ERROR] 
[ERROR] An error occurred at line: 250 in the jsp file: /support/viewWallets.jsp
[ERROR] TrackingStatus.ONLINE cannot be resolved to a type
[ERROR] 247:     int totalPendingFRB = 0;
[ERROR] 248: 
[ERROR] 249:     for (GsWithTransactions gameServerWithTransactions : gameServersWithTransactions) {
[ERROR] 250:         totalOnline += gameServerWithTransactions.transactionsDataByStatusMap.get(TrackingStatus.ONLINE).size();
[ERROR] 251:         totalTrackingWallets += gameServerWithTransactions.transactionsDataByStatusMap.get(TrackingStatus.TRACKING).size();
[ERROR] 252:         totalPendingWallets += gameServerWithTransactions.transactionsDataByStatusMap.get(TrackingStatus.PENDING).size();
[ERROR] 253:         totalTrackingPaymentTransactions += gameServerWithTransactions.transactionsDataWithPaymentTransactionByStatusMap.get(TrackingStatus.TRACKING).size();
[ERROR] 
[ERROR] 
[ERROR] An error occurred at line: 251 in the jsp file: /support/viewWallets.jsp
[ERROR] transactionsDataByStatusMap cannot be resolved or is not a field
[ERROR] 248: 
[ERROR] 249:     for (GsWithTransactions gameServerWithTransactions : gameServersWithTransactions) {
[ERROR] 250:         totalOnline += gameServerWithTransactions.transactionsDataByStatusMap.get(TrackingStatus.ONLINE).size();
[ERROR] 251:         totalTrackingWallets += gameServerWithTransactions.transactionsDataByStatusMap.get(TrackingStatus.TRACKING).size();
[ERROR] 252:         totalPendingWallets += gameServerWithTransactions.transactionsDataByStatusMap.get(TrackingStatus.PENDING).size();
[ERROR] 253:         totalTrackingPaymentTransactions += gameServerWithTransactions.transactionsDataWithPaymentTransactionByStatusMap.get(TrackingStatus.TRACKING).size();
[ERROR] 254:         totalPendingWithPaymentTransactions += gameServerWithTransactions.transactionsDataWithPaymentTransactionByStatusMap.get(TrackingStatus.PENDING).size();
[ERROR] 
[ERROR] 
[ERROR] An error occurred at line: 251 in the jsp file: /support/viewWallets.jsp
[ERROR] TrackingStatus.TRACKING cannot be resolved to a type
[ERROR] 248: 
[ERROR] 249:     for (GsWithTransactions gameServerWithTransactions : gameServersWithTransactions) {
[ERROR] 250:         totalOnline += gameServerWithTransactions.transactionsDataByStatusMap.get(TrackingStatus.ONLINE).size();
[ERROR] 251:         totalTrackingWallets += gameServerWithTransactions.transactionsDataByStatusMap.get(TrackingStatus.TRACKING).size();
[ERROR] 252:         totalPendingWallets += gameServerWithTransactions.transactionsDataByStatusMap.get(TrackingStatus.PENDING).size();
[ERROR] 253:         totalTrackingPaymentTransactions += gameServerWithTransactions.transactionsDataWithPaymentTransactionByStatusMap.get(TrackingStatus.TRACKING).size();
[ERROR] 254:         totalPendingWithPaymentTransactions += gameServerWithTransactions.transactionsDataWithPaymentTransactionByStatusMap.get(TrackingStatus.PENDING).size();
[ERROR] 
[ERROR] 
[ERROR] An error occurred at line: 252 in the jsp file: /support/viewWallets.jsp
[ERROR] transactionsDataByStatusMap cannot be resolved or is not a field
[ERROR] 249:     for (GsWithTransactions gameServerWithTransactions : gameServersWithTransactions) {
[ERROR] 250:         totalOnline += gameServerWithTransactions.transactionsDataByStatusMap.get(TrackingStatus.ONLINE).size();
[ERROR] 251:         totalTrackingWallets += gameServerWithTransactions.transactionsDataByStatusMap.get(TrackingStatus.TRACKING).size();
[ERROR] 252:         totalPendingWallets += gameServerWithTransactions.transactionsDataByStatusMap.get(TrackingStatus.PENDING).size();
[ERROR] 253:         totalTrackingPaymentTransactions += gameServerWithTransactions.transactionsDataWithPaymentTransactionByStatusMap.get(TrackingStatus.TRACKING).size();
[ERROR] 254:         totalPendingWithPaymentTransactions += gameServerWithTransactions.transactionsDataWithPaymentTransactionByStatusMap.get(TrackingStatus.PENDING).size();
[ERROR] 255:         totalTrackingFRB += gameServerWithTransactions.transactionsDataWithFRBByStatusMap.get(TrackingStatus.TRACKING).size();
[ERROR] 
[ERROR] 
[ERROR] An error occurred at line: 252 in the jsp file: /support/viewWallets.jsp
[ERROR] TrackingStatus.PENDING cannot be resolved to a type
[ERROR] 249:     for (GsWithTransactions gameServerWithTransactions : gameServersWithTransactions) {
[ERROR] 250:         totalOnline += gameServerWithTransactions.transactionsDataByStatusMap.get(TrackingStatus.ONLINE).size();
[ERROR] 251:         totalTrackingWallets += gameServerWithTransactions.transactionsDataByStatusMap.get(TrackingStatus.TRACKING).size();
[ERROR] 252:         totalPendingWallets += gameServerWithTransactions.transactionsDataByStatusMap.get(TrackingStatus.PENDING).size();
[ERROR] 253:         totalTrackingPaymentTransactions += gameServerWithTransactions.transactionsDataWithPaymentTransactionByStatusMap.get(TrackingStatus.TRACKING).size();
[ERROR] 254:         totalPendingWithPaymentTransactions += gameServerWithTransactions.transactionsDataWithPaymentTransactionByStatusMap.get(TrackingStatus.PENDING).size();
[ERROR] 255:         totalTrackingFRB += gameServerWithTransactions.transactionsDataWithFRBByStatusMap.get(TrackingStatus.TRACKING).size();
[ERROR] 
[ERROR] 
[ERROR] An error occurred at line: 253 in the jsp file: /support/viewWallets.jsp
[ERROR] transactionsDataWithPaymentTransactionByStatusMap cannot be resolved or is not a field
[ERROR] 250:         totalOnline += gameServerWithTransactions.transactionsDataByStatusMap.get(TrackingStatus.ONLINE).size();
[ERROR] 251:         totalTrackingWallets += gameServerWithTransactions.transactionsDataByStatusMap.get(TrackingStatus.TRACKING).size();
[ERROR] 252:         totalPendingWallets += gameServerWithTransactions.transactionsDataByStatusMap.get(TrackingStatus.PENDING).size();
[ERROR] 253:         totalTrackingPaymentTransactions += gameServerWithTransactions.transactionsDataWithPaymentTransactionByStatusMap.get(TrackingStatus.TRACKING).size();
[ERROR] 254:         totalPendingWithPaymentTransactions += gameServerWithTransactions.transactionsDataWithPaymentTransactionByStatusMap.get(TrackingStatus.PENDING).size();
[ERROR] 255:         totalTrackingFRB += gameServerWithTransactions.transactionsDataWithFRBByStatusMap.get(TrackingStatus.TRACKING).size();
[ERROR] 256:         totalPendingFRB += gameServerWithTransactions.transactionsDataWithFRBByStatusMap.get(TrackingStatus.PENDING).size();
[ERROR] 
[ERROR] 
[ERROR] An error occurred at line: 253 in the jsp file: /support/viewWallets.jsp
[ERROR] TrackingStatus.TRACKING cannot be resolved to a type
[ERROR] 250:         totalOnline += gameServerWithTransactions.transactionsDataByStatusMap.get(TrackingStatus.ONLINE).size();
[ERROR] 251:         totalTrackingWallets += gameServerWithTransactions.transactionsDataByStatusMap.get(TrackingStatus.TRACKING).size();
[ERROR] 252:         totalPendingWallets += gameServerWithTransactions.transactionsDataByStatusMap.get(TrackingStatus.PENDING).size();
[ERROR] 253:         totalTrackingPaymentTransactions += gameServerWithTransactions.transactionsDataWithPaymentTransactionByStatusMap.get(TrackingStatus.TRACKING).size();
[ERROR] 254:         totalPendingWithPaymentTransactions += gameServerWithTransactions.transactionsDataWithPaymentTransactionByStatusMap.get(TrackingStatus.PENDING).size();
[ERROR] 255:         totalTrackingFRB += gameServerWithTransactions.transactionsDataWithFRBByStatusMap.get(TrackingStatus.TRACKING).size();
[ERROR] 256:         totalPendingFRB += gameServerWithTransactions.transactionsDataWithFRBByStatusMap.get(TrackingStatus.PENDING).size();
[ERROR] 
[ERROR] 
[ERROR] An error occurred at line: 254 in the jsp file: /support/viewWallets.jsp
[ERROR] transactionsDataWithPaymentTransactionByStatusMap cannot be resolved or is not a field
[ERROR] 251:         totalTrackingWallets += gameServerWithTransactions.transactionsDataByStatusMap.get(TrackingStatus.TRACKING).size();
[ERROR] 252:         totalPendingWallets += gameServerWithTransactions.transactionsDataByStatusMap.get(TrackingStatus.PENDING).size();
[ERROR] 253:         totalTrackingPaymentTransactions += gameServerWithTransactions.transactionsDataWithPaymentTransactionByStatusMap.get(TrackingStatus.TRACKING).size();
[ERROR] 254:         totalPendingWithPaymentTransactions += gameServerWithTransactions.transactionsDataWithPaymentTransactionByStatusMap.get(TrackingStatus.PENDING).size();
[ERROR] 255:         totalTrackingFRB += gameServerWithTransactions.transactionsDataWithFRBByStatusMap.get(TrackingStatus.TRACKING).size();
[ERROR] 256:         totalPendingFRB += gameServerWithTransactions.transactionsDataWithFRBByStatusMap.get(TrackingStatus.PENDING).size();
[ERROR] 257:     }
[ERROR] 
[ERROR] 
[ERROR] An error occurred at line: 254 in the jsp file: /support/viewWallets.jsp
[ERROR] TrackingStatus.PENDING cannot be resolved to a type
[ERROR] 251:         totalTrackingWallets += gameServerWithTransactions.transactionsDataByStatusMap.get(TrackingStatus.TRACKING).size();
[ERROR] 252:         totalPendingWallets += gameServerWithTransactions.transactionsDataByStatusMap.get(TrackingStatus.PENDING).size();
[ERROR] 253:         totalTrackingPaymentTransactions += gameServerWithTransactions.transactionsDataWithPaymentTransactionByStatusMap.get(TrackingStatus.TRACKING).size();
[ERROR] 254:         totalPendingWithPaymentTransactions += gameServerWithTransactions.transactionsDataWithPaymentTransactionByStatusMap.get(TrackingStatus.PENDING).size();
[ERROR] 255:         totalTrackingFRB += gameServerWithTransactions.transactionsDataWithFRBByStatusMap.get(TrackingStatus.TRACKING).size();
[ERROR] 256:         totalPendingFRB += gameServerWithTransactions.transactionsDataWithFRBByStatusMap.get(TrackingStatus.PENDING).size();
[ERROR] 257:     }
[ERROR] 
[ERROR] 
[ERROR] An error occurred at line: 255 in the jsp file: /support/viewWallets.jsp
[ERROR] transactionsDataWithFRBByStatusMap cannot be resolved or is not a field
[ERROR] 252:         totalPendingWallets += gameServerWithTransactions.transactionsDataByStatusMap.get(TrackingStatus.PENDING).size();
[ERROR] 253:         totalTrackingPaymentTransactions += gameServerWithTransactions.transactionsDataWithPaymentTransactionByStatusMap.get(TrackingStatus.TRACKING).size();
[ERROR] 254:         totalPendingWithPaymentTransactions += gameServerWithTransactions.transactionsDataWithPaymentTransactionByStatusMap.get(TrackingStatus.PENDING).size();
[ERROR] 255:         totalTrackingFRB += gameServerWithTransactions.transactionsDataWithFRBByStatusMap.get(TrackingStatus.TRACKING).size();
[ERROR] 256:         totalPendingFRB += gameServerWithTransactions.transactionsDataWithFRBByStatusMap.get(TrackingStatus.PENDING).size();
[ERROR] 257:     }
[ERROR] 258:     /////////////////////////////
[ERROR] 
[ERROR] 
[ERROR] An error occurred at line: 255 in the jsp file: /support/viewWallets.jsp
[ERROR] TrackingStatus.TRACKING cannot be resolved to a type
[ERROR] 252:         totalPendingWallets += gameServerWithTransactions.transactionsDataByStatusMap.get(TrackingStatus.PENDING).size();
[ERROR] 253:         totalTrackingPaymentTransactions += gameServerWithTransactions.transactionsDataWithPaymentTransactionByStatusMap.get(TrackingStatus.TRACKING).size();
[ERROR] 254:         totalPendingWithPaymentTransactions += gameServerWithTransactions.transactionsDataWithPaymentTransactionByStatusMap.get(TrackingStatus.PENDING).size();
[ERROR] 255:         totalTrackingFRB += gameServerWithTransactions.transactionsDataWithFRBByStatusMap.get(TrackingStatus.TRACKING).size();
[ERROR] 256:         totalPendingFRB += gameServerWithTransactions.transactionsDataWithFRBByStatusMap.get(TrackingStatus.PENDING).size();
[ERROR] 257:     }
[ERROR] 258:     /////////////////////////////
[ERROR] 
[ERROR] 
[ERROR] An error occurred at line: 256 in the jsp file: /support/viewWallets.jsp
[ERROR] transactionsDataWithFRBByStatusMap cannot be resolved or is not a field
[ERROR] 253:         totalTrackingPaymentTransactions += gameServerWithTransactions.transactionsDataWithPaymentTransactionByStatusMap.get(TrackingStatus.TRACKING).size();
[ERROR] 254:         totalPendingWithPaymentTransactions += gameServerWithTransactions.transactionsDataWithPaymentTransactionByStatusMap.get(TrackingStatus.PENDING).size();
[ERROR] 255:         totalTrackingFRB += gameServerWithTransactions.transactionsDataWithFRBByStatusMap.get(TrackingStatus.TRACKING).size();
[ERROR] 256:         totalPendingFRB += gameServerWithTransactions.transactionsDataWithFRBByStatusMap.get(TrackingStatus.PENDING).size();
[ERROR] 257:     }
[ERROR] 258:     /////////////////////////////
[ERROR] 259: 
[ERROR] 
[ERROR] 
[ERROR] An error occurred at line: 256 in the jsp file: /support/viewWallets.jsp
[ERROR] TrackingStatus.PENDING cannot be resolved to a type
[ERROR] 253:         totalTrackingPaymentTransactions += gameServerWithTransactions.transactionsDataWithPaymentTransactionByStatusMap.get(TrackingStatus.TRACKING).size();
[ERROR] 254:         totalPendingWithPaymentTransactions += gameServerWithTransactions.transactionsDataWithPaymentTransactionByStatusMap.get(TrackingStatus.PENDING).size();
[ERROR] 255:         totalTrackingFRB += gameServerWithTransactions.transactionsDataWithFRBByStatusMap.get(TrackingStatus.TRACKING).size();
[ERROR] 256:         totalPendingFRB += gameServerWithTransactions.transactionsDataWithFRBByStatusMap.get(TrackingStatus.PENDING).size();
[ERROR] 257:     }
[ERROR] 258:     /////////////////////////////
[ERROR] 259: 
[ERROR] 
[ERROR] 
[ERROR] An error occurred at line: 349 in the jsp file: /support/viewWallets.jsp
[ERROR] TrackingStatus.ONLINE cannot be resolved to a type
[ERROR] 346:         <td><%=serverWithTransactions.gameServerId%>
[ERROR] 347:         </td>
[ERROR] 348:         <td>
[ERROR] 349:             <a href="javascript:redirect('<%=serverWithTransactions.gameServerId%>', '<%=TrackingStatus.ONLINE%>')">
[ERROR] 350:                 <%=serverWithTransactions.transactionsDataByStatusMap.get(TrackingStatus.ONLINE).size()%>
[ERROR] 351:             </a>
[ERROR] 352:         </td>
[ERROR] 
[ERROR] 
[ERROR] An error occurred at line: 350 in the jsp file: /support/viewWallets.jsp
[ERROR] transactionsDataByStatusMap cannot be resolved or is not a field
[ERROR] 347:         </td>
[ERROR] 348:         <td>
[ERROR] 349:             <a href="javascript:redirect('<%=serverWithTransactions.gameServerId%>', '<%=TrackingStatus.ONLINE%>')">
[ERROR] 350:                 <%=serverWithTransactions.transactionsDataByStatusMap.get(TrackingStatus.ONLINE).size()%>
[ERROR] 351:             </a>
[ERROR] 352:         </td>
[ERROR] 353:         <td>
[ERROR] 
[ERROR] 
[ERROR] An error occurred at line: 350 in the jsp file: /support/viewWallets.jsp
[ERROR] TrackingStatus.ONLINE cannot be resolved to a type
[ERROR] 347:         </td>
[ERROR] 348:         <td>
[ERROR] 349:             <a href="javascript:redirect('<%=serverWithTransactions.gameServerId%>', '<%=TrackingStatus.ONLINE%>')">
[ERROR] 350:                 <%=serverWithTransactions.transactionsDataByStatusMap.get(TrackingStatus.ONLINE).size()%>
[ERROR] 351:             </a>
[ERROR] 352:         </td>
[ERROR] 353:         <td>
[ERROR] 
[ERROR] 
[ERROR] An error occurred at line: 354 in the jsp file: /support/viewWallets.jsp
[ERROR] TrackingStatus.TRACKING cannot be resolved to a type
[ERROR] 351:             </a>
[ERROR] 352:         </td>
[ERROR] 353:         <td>
[ERROR] 354:             <a href="javascript:redirect('<%=serverWithTransactions.gameServerId%>', '<%=TrackingStatus.TRACKING%>')">
[ERROR] 355:                 <%=serverWithTransactions.transactionsDataByStatusMap.get(TrackingStatus.TRACKING).size()%>
[ERROR] 356:             </a>
[ERROR] 357:         </td>
[ERROR] 
[ERROR] 
[ERROR] An error occurred at line: 355 in the jsp file: /support/viewWallets.jsp
[ERROR] transactionsDataByStatusMap cannot be resolved or is not a field
[ERROR] 352:         </td>
[ERROR] 353:         <td>
[ERROR] 354:             <a href="javascript:redirect('<%=serverWithTransactions.gameServerId%>', '<%=TrackingStatus.TRACKING%>')">
[ERROR] 355:                 <%=serverWithTransactions.transactionsDataByStatusMap.get(TrackingStatus.TRACKING).size()%>
[ERROR] 356:             </a>
[ERROR] 357:         </td>
[ERROR] 358:         <td>
[ERROR] 
[ERROR] 
[ERROR] An error occurred at line: 355 in the jsp file: /support/viewWallets.jsp
[ERROR] TrackingStatus.TRACKING cannot be resolved to a type
[ERROR] 352:         </td>
[ERROR] 353:         <td>
[ERROR] 354:             <a href="javascript:redirect('<%=serverWithTransactions.gameServerId%>', '<%=TrackingStatus.TRACKING%>')">
[ERROR] 355:                 <%=serverWithTransactions.transactionsDataByStatusMap.get(TrackingStatus.TRACKING).size()%>
[ERROR] 356:             </a>
[ERROR] 357:         </td>
[ERROR] 358:         <td>
[ERROR] 
[ERROR] 
[ERROR] An error occurred at line: 359 in the jsp file: /support/viewWallets.jsp
[ERROR] TrackingStatus.PENDING cannot be resolved to a type
[ERROR] 356:             </a>
[ERROR] 357:         </td>
[ERROR] 358:         <td>
[ERROR] 359:             <a href="javascript:redirect('<%=serverWithTransactions.gameServerId%>', '<%=TrackingStatus.PENDING%>')">
[ERROR] 360:                 <%=serverWithTransactions.transactionsDataByStatusMap.get(TrackingStatus.PENDING).size()%>
[ERROR] 361:             </a>
[ERROR] 362:         </td>
[ERROR] 
[ERROR] 
[ERROR] An error occurred at line: 360 in the jsp file: /support/viewWallets.jsp
[ERROR] transactionsDataByStatusMap cannot be resolved or is not a field
[ERROR] 357:         </td>
[ERROR] 358:         <td>
[ERROR] 359:             <a href="javascript:redirect('<%=serverWithTransactions.gameServerId%>', '<%=TrackingStatus.PENDING%>')">
[ERROR] 360:                 <%=serverWithTransactions.transactionsDataByStatusMap.get(TrackingStatus.PENDING).size()%>
[ERROR] 361:             </a>
[ERROR] 362:         </td>
[ERROR] 363:         <td>
[ERROR] 
[ERROR] 
[ERROR] An error occurred at line: 360 in the jsp file: /support/viewWallets.jsp
[ERROR] TrackingStatus.PENDING cannot be resolved to a type
[ERROR] 357:         </td>
[ERROR] 358:         <td>
[ERROR] 359:             <a href="javascript:redirect('<%=serverWithTransactions.gameServerId%>', '<%=TrackingStatus.PENDING%>')">
[ERROR] 360:                 <%=serverWithTransactions.transactionsDataByStatusMap.get(TrackingStatus.PENDING).size()%>
[ERROR] 361:             </a>
[ERROR] 362:         </td>
[ERROR] 363:         <td>
[ERROR] 
[ERROR] 
[ERROR] An error occurred at line: 364 in the jsp file: /support/viewWallets.jsp
[ERROR] TrackingStatus.TRACKING cannot be resolved to a type
[ERROR] 361:             </a>
[ERROR] 362:         </td>
[ERROR] 363:         <td>
[ERROR] 364:             <a href="javascript:redirect('<%=serverWithTransactions.gameServerId%>', '<%=TrackingStatus.TRACKING%>', 'false', 'true')">
[ERROR] 365:                 <%=serverWithTransactions.transactionsDataWithPaymentTransactionByStatusMap.get(TrackingStatus.TRACKING).size()%>
[ERROR] 366:             </a>
[ERROR] 367:         </td>
[ERROR] 
[ERROR] 
[ERROR] An error occurred at line: 365 in the jsp file: /support/viewWallets.jsp
[ERROR] transactionsDataWithPaymentTransactionByStatusMap cannot be resolved or is not a field
[ERROR] 362:         </td>
[ERROR] 363:         <td>
[ERROR] 364:             <a href="javascript:redirect('<%=serverWithTransactions.gameServerId%>', '<%=TrackingStatus.TRACKING%>', 'false', 'true')">
[ERROR] 365:                 <%=serverWithTransactions.transactionsDataWithPaymentTransactionByStatusMap.get(TrackingStatus.TRACKING).size()%>
[ERROR] 366:             </a>
[ERROR] 367:         </td>
[ERROR] 368:         <td>
[ERROR] 
[ERROR] 
[ERROR] An error occurred at line: 365 in the jsp file: /support/viewWallets.jsp
[ERROR] TrackingStatus.TRACKING cannot be resolved to a type
[ERROR] 362:         </td>
[ERROR] 363:         <td>
[ERROR] 364:             <a href="javascript:redirect('<%=serverWithTransactions.gameServerId%>', '<%=TrackingStatus.TRACKING%>', 'false', 'true')">
[ERROR] 365:                 <%=serverWithTransactions.transactionsDataWithPaymentTransactionByStatusMap.get(TrackingStatus.TRACKING).size()%>
[ERROR] 366:             </a>
[ERROR] 367:         </td>
[ERROR] 368:         <td>
[ERROR] 
[ERROR] 
[ERROR] An error occurred at line: 369 in the jsp file: /support/viewWallets.jsp
[ERROR] TrackingStatus.PENDING cannot be resolved to a type
[ERROR] 366:             </a>
[ERROR] 367:         </td>
[ERROR] 368:         <td>
[ERROR] 369:             <a href="javascript:redirect('<%=serverWithTransactions.gameServerId%>', '<%=TrackingStatus.PENDING%>', 'false', 'true')">
[ERROR] 370:                 <%=serverWithTransactions.transactionsDataWithPaymentTransactionByStatusMap.get(TrackingStatus.PENDING).size()%>
[ERROR] 371:             </a>
[ERROR] 372:         </td>
[ERROR] 
[ERROR] 
[ERROR] An error occurred at line: 370 in the jsp file: /support/viewWallets.jsp
[ERROR] transactionsDataWithPaymentTransactionByStatusMap cannot be resolved or is not a field
[ERROR] 367:         </td>
[ERROR] 368:         <td>
[ERROR] 369:             <a href="javascript:redirect('<%=serverWithTransactions.gameServerId%>', '<%=TrackingStatus.PENDING%>', 'false', 'true')">
[ERROR] 370:                 <%=serverWithTransactions.transactionsDataWithPaymentTransactionByStatusMap.get(TrackingStatus.PENDING).size()%>
[ERROR] 371:             </a>
[ERROR] 372:         </td>
[ERROR] 373:         <td>
[ERROR] 
[ERROR] 
[ERROR] An error occurred at line: 370 in the jsp file: /support/viewWallets.jsp
[ERROR] TrackingStatus.PENDING cannot be resolved to a type
[ERROR] 367:         </td>
[ERROR] 368:         <td>
[ERROR] 369:             <a href="javascript:redirect('<%=serverWithTransactions.gameServerId%>', '<%=TrackingStatus.PENDING%>', 'false', 'true')">
[ERROR] 370:                 <%=serverWithTransactions.transactionsDataWithPaymentTransactionByStatusMap.get(TrackingStatus.PENDING).size()%>
[ERROR] 371:             </a>
[ERROR] 372:         </td>
[ERROR] 373:         <td>
[ERROR] 
[ERROR] 
[ERROR] An error occurred at line: 374 in the jsp file: /support/viewWallets.jsp
[ERROR] TrackingStatus.TRACKING cannot be resolved to a type
[ERROR] 371:             </a>
[ERROR] 372:         </td>
[ERROR] 373:         <td>
[ERROR] 374:             <a href="javascript:redirect('<%=serverWithTransactions.gameServerId%>', '<%=TrackingStatus.TRACKING%>', 'true')">
[ERROR] 375:                 <%=serverWithTransactions.transactionsDataWithFRBByStatusMap.get(TrackingStatus.TRACKING).size()%>
[ERROR] 376:             </a>
[ERROR] 377:         </td>
[ERROR] 
[ERROR] 
[ERROR] An error occurred at line: 375 in the jsp file: /support/viewWallets.jsp
[ERROR] transactionsDataWithFRBByStatusMap cannot be resolved or is not a field
[ERROR] 372:         </td>
[ERROR] 373:         <td>
[ERROR] 374:             <a href="javascript:redirect('<%=serverWithTransactions.gameServerId%>', '<%=TrackingStatus.TRACKING%>', 'true')">
[ERROR] 375:                 <%=serverWithTransactions.transactionsDataWithFRBByStatusMap.get(TrackingStatus.TRACKING).size()%>
[ERROR] 376:             </a>
[ERROR] 377:         </td>
[ERROR] 378:         <td>
[ERROR] 
[ERROR] 
[ERROR] An error occurred at line: 375 in the jsp file: /support/viewWallets.jsp
[ERROR] TrackingStatus.TRACKING cannot be resolved to a type
[ERROR] 372:         </td>
[ERROR] 373:         <td>
[ERROR] 374:             <a href="javascript:redirect('<%=serverWithTransactions.gameServerId%>', '<%=TrackingStatus.TRACKING%>', 'true')">
[ERROR] 375:                 <%=serverWithTransactions.transactionsDataWithFRBByStatusMap.get(TrackingStatus.TRACKING).size()%>
[ERROR] 376:             </a>
[ERROR] 377:         </td>
[ERROR] 378:         <td>
[ERROR] 
[ERROR] 
[ERROR] An error occurred at line: 379 in the jsp file: /support/viewWallets.jsp
[ERROR] TrackingStatus.PENDING cannot be resolved to a type
[ERROR] 376:             </a>
[ERROR] 377:         </td>
[ERROR] 378:         <td>
[ERROR] 379:             <a href="javascript:redirect('<%=serverWithTransactions.gameServerId%>', '<%=TrackingStatus.PENDING%>', 'true')">
[ERROR] 380:                 <%=serverWithTransactions.transactionsDataWithFRBByStatusMap.get(TrackingStatus.PENDING).size()%>
[ERROR] 381:             </a>
[ERROR] 382:         </td>
[ERROR] 
[ERROR] 
[ERROR] An error occurred at line: 380 in the jsp file: /support/viewWallets.jsp
[ERROR] transactionsDataWithFRBByStatusMap cannot be resolved or is not a field
[ERROR] 377:         </td>
[ERROR] 378:         <td>
[ERROR] 379:             <a href="javascript:redirect('<%=serverWithTransactions.gameServerId%>', '<%=TrackingStatus.PENDING%>', 'true')">
[ERROR] 380:                 <%=serverWithTransactions.transactionsDataWithFRBByStatusMap.get(TrackingStatus.PENDING).size()%>
[ERROR] 381:             </a>
[ERROR] 382:         </td>
[ERROR] 383:     </tr>
[ERROR] 
[ERROR] 
[ERROR] An error occurred at line: 380 in the jsp file: /support/viewWallets.jsp
[ERROR] TrackingStatus.PENDING cannot be resolved to a type
[ERROR] 377:         </td>
[ERROR] 378:         <td>
[ERROR] 379:             <a href="javascript:redirect('<%=serverWithTransactions.gameServerId%>', '<%=TrackingStatus.PENDING%>', 'true')">
[ERROR] 380:                 <%=serverWithTransactions.transactionsDataWithFRBByStatusMap.get(TrackingStatus.PENDING).size()%>
[ERROR] 381:             </a>
[ERROR] 382:         </td>
[ERROR] 383:     </tr>
[ERROR] 
[ERROR] 
[ERROR] An error occurred at line: 419 in the jsp file: /support/viewWallets.jsp
[ERROR] TrackingStatus cannot be resolved to a type
[ERROR] 416: 
[ERROR] 417:             if (!StringUtils.isTrimmedEmpty(gameServerIdAsString) && !StringUtils.isTrimmedEmpty(trackingStatusAsString)) {
[ERROR] 418:                 Integer gameServerId = Integer.valueOf(gameServerIdAsString);
[ERROR] 419:                 TrackingStatus trackingStatus = TrackingStatus.valueOf(trackingStatusAsString);
[ERROR] 420: 
[ERROR] 421:                 Iterator<ITransactionData> iterator;
[ERROR] 422:                 if (!StringUtils.isTrimmedEmpty(hasFRB) && hasFRB.equals("true")) {
[ERROR] 
[ERROR] 
[ERROR] An error occurred at line: 419 in the jsp file: /support/viewWallets.jsp
[ERROR] TrackingStatus cannot be resolved
[ERROR] 416: 
[ERROR] 417:             if (!StringUtils.isTrimmedEmpty(gameServerIdAsString) && !StringUtils.isTrimmedEmpty(trackingStatusAsString)) {
[ERROR] 418:                 Integer gameServerId = Integer.valueOf(gameServerIdAsString);
[ERROR] 419:                 TrackingStatus trackingStatus = TrackingStatus.valueOf(trackingStatusAsString);
[ERROR] 420: 
[ERROR] 421:                 Iterator<ITransactionData> iterator;
[ERROR] 422:                 if (!StringUtils.isTrimmedEmpty(hasFRB) && hasFRB.equals("true")) {
[ERROR] 
[ERROR] 
[ERROR] An error occurred at line: 423 in the jsp file: /support/viewWallets.jsp
[ERROR] transactionsDataWithFRBByStatusMap cannot be resolved or is not a field
[ERROR] 420: 
[ERROR] 421:                 Iterator<ITransactionData> iterator;
[ERROR] 422:                 if (!StringUtils.isTrimmedEmpty(hasFRB) && hasFRB.equals("true")) {
[ERROR] 423:                     iterator = gameServersWithTransactions.get(gameServerId - 1).transactionsDataWithFRBByStatusMap.get(trackingStatus).iterator();
[ERROR] 424: 
[ERROR] 425:                 } else if (!StringUtils.isTrimmedEmpty(hasPT) && hasPT.equals("true")) {
[ERROR] 426:                     iterator = gameServersWithTransactions.get(gameServerId - 1).transactionsDataWithPaymentTransactionByStatusMap.get(trackingStatus).iterator();
[ERROR] 
[ERROR] 
[ERROR] An error occurred at line: 426 in the jsp file: /support/viewWallets.jsp
[ERROR] transactionsDataWithPaymentTransactionByStatusMap cannot be resolved or is not a field
[ERROR] 423:                     iterator = gameServersWithTransactions.get(gameServerId - 1).transactionsDataWithFRBByStatusMap.get(trackingStatus).iterator();
[ERROR] 424: 
[ERROR] 425:                 } else if (!StringUtils.isTrimmedEmpty(hasPT) && hasPT.equals("true")) {
[ERROR] 426:                     iterator = gameServersWithTransactions.get(gameServerId - 1).transactionsDataWithPaymentTransactionByStatusMap.get(trackingStatus).iterator();
[ERROR] 427: 
[ERROR] 428:                 } else {
[ERROR] 429:                     iterator = gameServersWithTransactions.get(gameServerId - 1).transactionsDataByStatusMap.get(trackingStatus).iterator();
[ERROR] 
[ERROR] 
[ERROR] An error occurred at line: 429 in the jsp file: /support/viewWallets.jsp
[ERROR] transactionsDataByStatusMap cannot be resolved or is not a field
[ERROR] 426:                     iterator = gameServersWithTransactions.get(gameServerId - 1).transactionsDataWithPaymentTransactionByStatusMap.get(trackingStatus).iterator();
[ERROR] 427: 
[ERROR] 428:                 } else {
[ERROR] 429:                     iterator = gameServersWithTransactions.get(gameServerId - 1).transactionsDataByStatusMap.get(trackingStatus).iterator();
[ERROR] 430:                 }
[ERROR] 431: 
[ERROR] 432:                 while (iterator.hasNext()) {
[ERROR] 
[ERROR] 
[ERROR] Stacktrace:
[ERROR] -> [Help 1]
[ERROR] 
[ERROR] To see the full stack trace of the errors, re-run Maven with the -e switch.
[ERROR] Re-run Maven using the -X switch to enable full debug logging.
[ERROR] 
[ERROR] For more information about the errors and possible solutions, please read the following articles:
[ERROR] [Help 1] http://cwiki.apache.org/confluence/display/MAVEN/MojoExecutionException
[2026-02-28T10:36:52Z] FAIL STEP07 rc=1
[2026-02-28T10:36:52Z] FAIL STEP07 rc=1
