[INFO] Scanning for projects...
[INFO] 
[INFO] -----------------< com.dgphoenix.casino:gsn-common-gs >-----------------
[INFO] Building gsn-common-gs 1.0
[INFO]   from pom.xml
[INFO] --------------------------------[ jar ]---------------------------------
[INFO] 
[INFO] --- dependency:2.8:copy (default) @ gsn-common-gs ---
[INFO] Configured Artifact: javax.xml.bind:jaxb-api:2.2.7:jar
[INFO] Configured Artifact: javax.xml.ws:jaxws-api:2.2.9:jar
[INFO] javax.xml.bind:jaxb-api:2.2.7:jar already exists in /Users/alexb/Documents/Dev/Dev_new/gs-server/game-server/common-gs/target/endorsed
[INFO] javax.xml.ws:jaxws-api:2.2.9:jar already exists in /Users/alexb/Documents/Dev/Dev_new/gs-server/game-server/common-gs/target/endorsed
[INFO] 
[INFO] --- enforcer:3.0.0-M1:enforce (enforce-banned-dependencies) @ gsn-common-gs ---
[INFO] 
[INFO] --- properties:1.0.0:read-project-properties (default) @ gsn-common-gs ---
[INFO] 
[INFO] --- resources:3.1.0:resources (default-resources) @ gsn-common-gs ---
[INFO] Using 'UTF-8' encoding to copy filtered resources.
[INFO] Copying 5 resources
[INFO] 
[INFO] --- compiler:2.5.1:compile (default-compile) @ gsn-common-gs ---
[INFO] Compiling 316 source files to /Users/alexb/Documents/Dev/Dev_new/gs-server/game-server/common-gs/target/classes
[INFO] -------------------------------------------------------------
[ERROR] COMPILATION ERROR : 
[INFO] -------------------------------------------------------------
[ERROR] /Users/alexb/Documents/Dev/Dev_new/gs-server/game-server/common-gs/src/main/java/com/dgphoenix/casino/promo/messages/handlers/IMessageHandler.java:[4,65] error: package com.dgphoenix.casino.common.promo.messages.client.requests does not exist
[ERROR] /Users/alexb/Documents/Dev/Dev_new/gs-server/game-server/common-gs/src/main/java/com/dgphoenix/casino/promo/messages/handlers/IMessageHandler.java:[10,43] error: cannot find symbol
[ERROR]   symbol: class ClientRequest
/Users/alexb/Documents/Dev/Dev_new/gs-server/game-server/common-gs/src/main/java/com/dgphoenix/casino/promo/messages/handlers/NotificationsShownProcessor.java:[4,65] error: package com.dgphoenix.casino.common.promo.messages.client.requests does not exist
[ERROR] /Users/alexb/Documents/Dev/Dev_new/gs-server/game-server/common-gs/src/main/java/com/dgphoenix/casino/promo/messages/handlers/NotificationsShownProcessor.java:[6,66] error: package com.dgphoenix.casino.common.promo.messages.server.responses does not exist
[ERROR] /Users/alexb/Documents/Dev/Dev_new/gs-server/game-server/common-gs/src/main/java/com/dgphoenix/casino/promo/messages/handlers/AbstractMessageHandler.java:[4,65] error: package com.dgphoenix.casino.common.promo.messages.client.requests does not exist
[ERROR] /Users/alexb/Documents/Dev/Dev_new/gs-server/game-server/common-gs/src/main/java/com/dgphoenix/casino/promo/messages/handlers/AbstractMessageHandler.java:[11,55] error: cannot find symbol
[ERROR]   symbol: class ClientRequest
/Users/alexb/Documents/Dev/Dev_new/gs-server/game-server/common-gs/src/main/java/com/dgphoenix/casino/promo/messages/handlers/NotificationsShownProcessor.java:[31,72] error: cannot find symbol
[ERROR]   symbol: class NotificationsShown
/Users/alexb/Documents/Dev/Dev_new/gs-server/game-server/common-gs/src/main/java/com/dgphoenix/casino/promo/messages/handlers/NotificationsShownProcessor.java:[43,34] error: cannot find symbol
[ERROR]   symbol:   class NotificationsShown
  location: class NotificationsShownProcessor
/Users/alexb/Documents/Dev/Dev_new/gs-server/game-server/common-gs/src/main/java/com/dgphoenix/casino/promo/messages/handlers/GetPromoMessagesProcessor.java:[6,66] error: package com.dgphoenix.casino.common.promo.messages.server.responses does not exist
[ERROR] /Users/alexb/Documents/Dev/Dev_new/gs-server/game-server/common-gs/src/main/java/com/dgphoenix/casino/promo/messages/handlers/GetPromoMessagesProcessor.java:[7,66] error: package com.dgphoenix.casino.common.promo.messages.server.responses does not exist
[ERROR] /Users/alexb/Documents/Dev/Dev_new/gs-server/game-server/common-gs/src/main/java/com/dgphoenix/casino/promo/messages/handlers/GetPromoNotificationsProcessor.java:[7,66] error: package com.dgphoenix.casino.common.promo.messages.server.responses does not exist
[ERROR] /Users/alexb/Documents/Dev/Dev_new/gs-server/game-server/common-gs/src/main/java/com/dgphoenix/casino/promo/messages/handlers/NotificationShownHandler.java:[4,65] error: package com.dgphoenix.casino.common.promo.messages.client.requests does not exist
[ERROR] /Users/alexb/Documents/Dev/Dev_new/gs-server/game-server/common-gs/src/main/java/com/dgphoenix/casino/promo/messages/handlers/NotificationShownHandler.java:[6,66] error: package com.dgphoenix.casino.common.promo.messages.server.responses does not exist
[ERROR] /Users/alexb/Documents/Dev/Dev_new/gs-server/game-server/common-gs/src/main/java/com/dgphoenix/casino/promo/messages/handlers/NotificationShownHandler.java:[23,69] error: cannot find symbol
[ERROR]   symbol: class NotificationShown
/Users/alexb/Documents/Dev/Dev_new/gs-server/game-server/common-gs/src/main/java/com/dgphoenix/casino/promo/messages/handlers/NotificationShownHandler.java:[32,34] error: cannot find symbol
[ERROR]   symbol:   class NotificationShown
  location: class NotificationShownHandler
/Users/alexb/Documents/Dev/Dev_new/gs-server/game-server/common-gs/src/main/java/com/dgphoenix/casino/promo/messages/handlers/PromoEnterProcessor.java:[12,65] error: package com.dgphoenix.casino.common.promo.messages.client.requests does not exist
[ERROR] /Users/alexb/Documents/Dev/Dev_new/gs-server/game-server/common-gs/src/main/java/com/dgphoenix/casino/promo/messages/handlers/PromoEnterProcessor.java:[13,66] error: package com.dgphoenix.casino.common.promo.messages.server.responses does not exist
[ERROR] /Users/alexb/Documents/Dev/Dev_new/gs-server/game-server/common-gs/src/main/java/com/dgphoenix/casino/promo/messages/handlers/PromoEnterProcessor.java:[37,64] error: cannot find symbol
[ERROR]   symbol: class PromoEnter
/Users/alexb/Documents/Dev/Dev_new/gs-server/game-server/common-gs/src/main/java/com/dgphoenix/casino/promo/messages/handlers/PromoEnterProcessor.java:[54,34] error: cannot find symbol
[ERROR]   symbol:   class PromoEnter
  location: class PromoEnterProcessor
/Users/alexb/Documents/Dev/Dev_new/gs-server/game-server/common-gs/src/main/java/com/dgphoenix/casino/promo/messages/handlers/PromoEnterProcessor.java:[100,12] error: cannot find symbol
[INFO] 20 errors 
[INFO] -------------------------------------------------------------
[INFO] ------------------------------------------------------------------------
[INFO] BUILD FAILURE
[INFO] ------------------------------------------------------------------------
[INFO] Total time:  6.017 s
[INFO] Finished at: 2026-02-27T13:47:59Z
[INFO] ------------------------------------------------------------------------
[ERROR] Failed to execute goal org.apache.maven.plugins:maven-compiler-plugin:2.5.1:compile (default-compile) on project gsn-common-gs: Compilation failure: Compilation failure: 
[ERROR] /Users/alexb/Documents/Dev/Dev_new/gs-server/game-server/common-gs/src/main/java/com/dgphoenix/casino/promo/messages/handlers/IMessageHandler.java:[4,65] error: package com.dgphoenix.casino.common.promo.messages.client.requests does not exist
[ERROR] /Users/alexb/Documents/Dev/Dev_new/gs-server/game-server/common-gs/src/main/java/com/dgphoenix/casino/promo/messages/handlers/IMessageHandler.java:[10,43] error: cannot find symbol
[ERROR]   symbol: class ClientRequest
[ERROR] /Users/alexb/Documents/Dev/Dev_new/gs-server/game-server/common-gs/src/main/java/com/dgphoenix/casino/promo/messages/handlers/NotificationsShownProcessor.java:[4,65] error: package com.dgphoenix.casino.common.promo.messages.client.requests does not exist
[ERROR] /Users/alexb/Documents/Dev/Dev_new/gs-server/game-server/common-gs/src/main/java/com/dgphoenix/casino/promo/messages/handlers/NotificationsShownProcessor.java:[6,66] error: package com.dgphoenix.casino.common.promo.messages.server.responses does not exist
[ERROR] /Users/alexb/Documents/Dev/Dev_new/gs-server/game-server/common-gs/src/main/java/com/dgphoenix/casino/promo/messages/handlers/AbstractMessageHandler.java:[4,65] error: package com.dgphoenix.casino.common.promo.messages.client.requests does not exist
[ERROR] /Users/alexb/Documents/Dev/Dev_new/gs-server/game-server/common-gs/src/main/java/com/dgphoenix/casino/promo/messages/handlers/AbstractMessageHandler.java:[11,55] error: cannot find symbol
[ERROR]   symbol: class ClientRequest
[ERROR] /Users/alexb/Documents/Dev/Dev_new/gs-server/game-server/common-gs/src/main/java/com/dgphoenix/casino/promo/messages/handlers/NotificationsShownProcessor.java:[31,72] error: cannot find symbol
[ERROR]   symbol: class NotificationsShown
[ERROR] /Users/alexb/Documents/Dev/Dev_new/gs-server/game-server/common-gs/src/main/java/com/dgphoenix/casino/promo/messages/handlers/NotificationsShownProcessor.java:[43,34] error: cannot find symbol
[ERROR]   symbol:   class NotificationsShown
[ERROR]   location: class NotificationsShownProcessor
[ERROR] /Users/alexb/Documents/Dev/Dev_new/gs-server/game-server/common-gs/src/main/java/com/dgphoenix/casino/promo/messages/handlers/GetPromoMessagesProcessor.java:[6,66] error: package com.dgphoenix.casino.common.promo.messages.server.responses does not exist
[ERROR] /Users/alexb/Documents/Dev/Dev_new/gs-server/game-server/common-gs/src/main/java/com/dgphoenix/casino/promo/messages/handlers/GetPromoMessagesProcessor.java:[7,66] error: package com.dgphoenix.casino.common.promo.messages.server.responses does not exist
[ERROR] /Users/alexb/Documents/Dev/Dev_new/gs-server/game-server/common-gs/src/main/java/com/dgphoenix/casino/promo/messages/handlers/GetPromoNotificationsProcessor.java:[7,66] error: package com.dgphoenix.casino.common.promo.messages.server.responses does not exist
[ERROR] /Users/alexb/Documents/Dev/Dev_new/gs-server/game-server/common-gs/src/main/java/com/dgphoenix/casino/promo/messages/handlers/NotificationShownHandler.java:[4,65] error: package com.dgphoenix.casino.common.promo.messages.client.requests does not exist
[ERROR] /Users/alexb/Documents/Dev/Dev_new/gs-server/game-server/common-gs/src/main/java/com/dgphoenix/casino/promo/messages/handlers/NotificationShownHandler.java:[6,66] error: package com.dgphoenix.casino.common.promo.messages.server.responses does not exist
[ERROR] /Users/alexb/Documents/Dev/Dev_new/gs-server/game-server/common-gs/src/main/java/com/dgphoenix/casino/promo/messages/handlers/NotificationShownHandler.java:[23,69] error: cannot find symbol
[ERROR]   symbol: class NotificationShown
[ERROR] /Users/alexb/Documents/Dev/Dev_new/gs-server/game-server/common-gs/src/main/java/com/dgphoenix/casino/promo/messages/handlers/NotificationShownHandler.java:[32,34] error: cannot find symbol
[ERROR]   symbol:   class NotificationShown
[ERROR]   location: class NotificationShownHandler
[ERROR] /Users/alexb/Documents/Dev/Dev_new/gs-server/game-server/common-gs/src/main/java/com/dgphoenix/casino/promo/messages/handlers/PromoEnterProcessor.java:[12,65] error: package com.dgphoenix.casino.common.promo.messages.client.requests does not exist
[ERROR] /Users/alexb/Documents/Dev/Dev_new/gs-server/game-server/common-gs/src/main/java/com/dgphoenix/casino/promo/messages/handlers/PromoEnterProcessor.java:[13,66] error: package com.dgphoenix.casino.common.promo.messages.server.responses does not exist
[ERROR] /Users/alexb/Documents/Dev/Dev_new/gs-server/game-server/common-gs/src/main/java/com/dgphoenix/casino/promo/messages/handlers/PromoEnterProcessor.java:[37,64] error: cannot find symbol
[ERROR]   symbol: class PromoEnter
[ERROR] /Users/alexb/Documents/Dev/Dev_new/gs-server/game-server/common-gs/src/main/java/com/dgphoenix/casino/promo/messages/handlers/PromoEnterProcessor.java:[54,34] error: cannot find symbol
[ERROR]   symbol:   class PromoEnter
[ERROR]   location: class PromoEnterProcessor
[ERROR] /Users/alexb/Documents/Dev/Dev_new/gs-server/game-server/common-gs/src/main/java/com/dgphoenix/casino/promo/messages/handlers/PromoEnterProcessor.java:[100,12] error: cannot find symbol
[ERROR] -> [Help 1]
[ERROR] 
[ERROR] To see the full stack trace of the errors, re-run Maven with the -e switch.
[ERROR] Re-run Maven using the -X switch to enable full debug logging.
[ERROR] 
[ERROR] For more information about the errors and possible solutions, please read the following articles:
[ERROR] [Help 1] http://cwiki.apache.org/confluence/display/MAVEN/MojoFailureException
