[INFO] Scanning for projects...
[INFO] 
[INFO] ------------------< com.dgphoenix.casino:gsn-common >-------------------
[INFO] Building gsn-common 1.0-SNAPSHOT
[INFO]   from pom.xml
[INFO] --------------------------------[ jar ]---------------------------------
[INFO] 
[INFO] --- enforcer:3.0.0-M1:enforce (enforce-banned-dependencies) @ gsn-common ---
[INFO] 
[INFO] --- resources:3.3.1:resources (default-resources) @ gsn-common ---
[INFO] Copying 58 resources from src/main/resources to target/classes
[INFO] 
[INFO] --- compiler:2.5.1:compile (default-compile) @ gsn-common ---
[INFO] Compiling 131 source files to /Users/alexb/Documents/Dev/Dev_new/gs-server/common/target/classes
[INFO] 
[INFO] --- resources:3.3.1:testResources (default-testResources) @ gsn-common ---
[INFO] Copying 1 resource from src/test/resources to target/test-classes
[INFO] 
[INFO] --- compiler:2.5.1:testCompile (default-testCompile) @ gsn-common ---
[INFO] Nothing to compile - all classes are up to date
[INFO] 
[INFO] --- surefire:2.19.1:test (default-test) @ gsn-common ---
[INFO] Tests are skipped.
[INFO] 
[INFO] --- jar:2.6:jar (default-jar) @ gsn-common ---
[INFO] Building jar: /Users/alexb/Documents/Dev/Dev_new/gs-server/common/target/gsn-common-1.0-SNAPSHOT.jar
[INFO] 
[INFO] --- install:3.1.2:install (default-install) @ gsn-common ---
[INFO] Installing /Users/alexb/Documents/Dev/Dev_new/gs-server/common/pom.xml to /Users/alexb/.m2/repository/com/dgphoenix/casino/gsn-common/1.0-SNAPSHOT/gsn-common-1.0-SNAPSHOT.pom
[INFO] Installing /Users/alexb/Documents/Dev/Dev_new/gs-server/common/target/gsn-common-1.0-SNAPSHOT.jar to /Users/alexb/.m2/repository/com/dgphoenix/casino/gsn-common/1.0-SNAPSHOT/gsn-common-1.0-SNAPSHOT.jar
[INFO] ------------------------------------------------------------------------
[INFO] BUILD SUCCESS
[INFO] ------------------------------------------------------------------------
[INFO] Total time:  2.195 s
[INFO] Finished at: 2026-02-27T13:37:06Z
[INFO] ------------------------------------------------------------------------
