==== STEP01 START 2026-02-27 13:51:50 ====
DIR: /Users/alexb/Documents/Dev/Dev_new/gs-server/common
CMD: mvn -DskipTests install
==== STEP01 END 2026-02-27 13:51:53 EXIT=0 RESULT=PASS ====
STEP01 RESULT=PASS
==== STEP02 START 2026-02-27 13:51:53 ====
DIR: /Users/alexb/Documents/Dev/Dev_new/gs-server/common-wallet
CMD: mvn -DskipTests install
==== STEP02 END 2026-02-27 13:51:56 EXIT=0 RESULT=PASS ====
STEP02 RESULT=PASS
==== STEP03 START 2026-02-27 13:51:56 ====
DIR: /Users/alexb/Documents/Dev/Dev_new/gs-server/sb-utils
CMD: mvn -DskipTests install
==== STEP03 END 2026-02-27 13:52:00 EXIT=0 RESULT=PASS ====
STEP03 RESULT=PASS
==== STEP04 START 2026-02-27 13:52:00 ====
DIR: /Users/alexb/Documents/Dev/Dev_new/gs-server/common-promo
CMD: mvn -DskipTests install
==== STEP04 END 2026-02-27 13:52:02 EXIT=0 RESULT=PASS ====
STEP04 RESULT=PASS
==== STEP05 START 2026-02-27 13:52:02 ====
DIR: /Users/alexb/Documents/Dev/Dev_new/gs-server/cassandra-cache/common-persisters
CMD: mvn -DskipTests install
==== STEP05 END 2026-02-27 13:52:05 EXIT=0 RESULT=PASS ====
STEP05 RESULT=PASS
==== STEP06 START 2026-02-27 13:52:05 ====
DIR: /Users/alexb/Documents/Dev/Dev_new/gs-server/game-server/common-gs
CMD: mvn -Dcluster.properties=local/local-machine.properties -DskipTests install
==== STEP06 END 2026-02-27 13:52:12 EXIT=1 RESULT=FAIL ====
STEP06 RESULT=FAIL
==== STEP07 START 2026-02-27 13:52:12 ====
DIR: /Users/alexb/Documents/Dev/Dev_new/gs-server/game-server/web-gs
CMD: mvn -Dcluster.properties=local/local-machine.properties -DskipTests package
==== STEP07 END 2026-02-27 13:52:25 EXIT=0 RESULT=PASS ====
STEP07 RESULT=PASS
==== STEP08 START 2026-02-27 13:52:25 ====
DIR: /Users/alexb/Documents/Dev/Dev_new/mp-server/persistance
CMD: mvn -DskipTests install
==== STEP08 END 2026-02-27 13:52:28 EXIT=0 RESULT=PASS ====
STEP08 RESULT=PASS
==== STEP09 START 2026-02-27 13:52:28 ====
DIR: /Users/alexb/Documents/Dev/Dev_new
CMD: node gs-server/deploy/scripts/refactor-onboard.mjs smoke
==== STEP09 END 2026-02-27 13:53:50 EXIT=2 RESULT=FAIL ====
STEP09 RESULT=FAIL
