[2026-03-03T06:04:45Z] START cotg-consumer
[2026-03-03T06:04:45Z] DIR mp-server/games/clashofthegods
[2026-03-03T06:04:45Z] CMD mvn -DskipTests install
[INFO] Scanning for projects...
[INFO] 
[INFO] ----------------< com.betsoft.casino.mp:clashofthegods >----------------
[INFO] Building Max Quest: Clash of the Gods 1.0.0-SNAPSHOT
[INFO]   from pom.xml
[INFO] --------------------------------[ jar ]---------------------------------
[INFO] 
[INFO] --- resources:3.0.2:resources (default-resources) @ clashofthegods ---
[INFO] Using 'UTF-8' encoding to copy filtered resources.
[INFO] skip non existing resourceDirectory /Users/alexb/Documents/Dev/Dev_new/mp-server/games/clashofthegods/src/main/resources
[INFO] 
[INFO] --- compiler:3.6.0:compile (default-compile) @ clashofthegods ---
[INFO] Nothing to compile - all classes are up to date
[INFO] 
[INFO] --- resources:3.0.2:testResources (default-testResources) @ clashofthegods ---
[INFO] Using 'UTF-8' encoding to copy filtered resources.
[INFO] Copying 1 resource
[INFO] 
[INFO] --- compiler:3.6.0:testCompile (default-testCompile) @ clashofthegods ---
[INFO] Nothing to compile - all classes are up to date
[INFO] 
[INFO] --- surefire:2.19.1:test (default-test) @ clashofthegods ---
[INFO] Tests are skipped.
[INFO] 
[INFO] --- jar:3.0.2:jar (default-jar) @ clashofthegods ---
[INFO] 
[INFO] --- install:2.5.2:install (default-install) @ clashofthegods ---
[INFO] Installing /Users/alexb/Documents/Dev/Dev_new/mp-server/games/clashofthegods/target/clashofthegods-1.0.0-SNAPSHOT.jar to /Users/alexb/.m2/repository/com/betsoft/casino/mp/clashofthegods/1.0.0-SNAPSHOT/clashofthegods-1.0.0-SNAPSHOT.jar
[INFO] Installing /Users/alexb/Documents/Dev/Dev_new/mp-server/games/clashofthegods/pom.xml to /Users/alexb/.m2/repository/com/betsoft/casino/mp/clashofthegods/1.0.0-SNAPSHOT/clashofthegods-1.0.0-SNAPSHOT.pom
[INFO] ------------------------------------------------------------------------
[INFO] BUILD SUCCESS
[INFO] ------------------------------------------------------------------------
[INFO] Total time:  1.938 s
[INFO] Finished at: 2026-03-03T06:04:48Z
[INFO] ------------------------------------------------------------------------
[2026-03-03T06:04:48Z] PASS cotg-consumer rc=0
