[2026-03-03T08:32:59Z] START web
[2026-03-03T08:32:59Z] DIR mp-server
[2026-03-03T08:32:59Z] CMD mvn -DskipTests -pl web -am compile
[INFO] Scanning for projects...
[WARNING] 
[WARNING] Some problems were encountered while building the effective model for com.betsoft.casino:mp-bots:jar:1.0.0-SNAPSHOT
[WARNING] 'build.plugins.plugin.version' for org.springframework.boot:spring-boot-maven-plugin is missing. @ line 236, column 21
[WARNING] 
[WARNING] It is highly recommended to fix these problems because they threaten the stability of your build.
[WARNING] 
[WARNING] For this reason, future Maven versions might no longer support building such malformed projects.
[WARNING] 
[WARNING] The project com.betsoft.casino:mp-casino:pom:1.0.0-SNAPSHOT uses prerequisites which is only intended for maven-plugin projects but not for non maven-plugin projects. For such purposes you should use the maven-enforcer-plugin. See https://maven.apache.org/enforcer/enforcer-rules/requireMavenVersion.html
[INFO] ------------------------------------------------------------------------
[INFO] Reactor Build Order:
[INFO] 
[INFO] Tektosyne                                                          [jar]
[INFO] mp-casino                                                          [pom]
[INFO] Casino MP Games core interfaces                                    [jar]
[INFO] Casino MP Games                                                    [pom]
[INFO] MP Common Games                                                    [jar]
[INFO] Max Quest: Crash. Math model                                       [jar]
[INFO] Max Quest: Crash                                                   [jar]
[INFO] Max Quest: Max Blast Champions Model data                          [jar]
[INFO] Max Quest: Max Blast Champions                                     [jar]
[INFO] Casino MP Games core                                               [jar]
[INFO] Pirates math model                                                 [jar]
[INFO] Pirates: Dead Mans Cove                                            [jar]
[INFO] Max Quest: Amazon. Math model                                      [jar]
[INFO] Max Quest: Amazon                                                  [jar]
[INFO] Pirates common math model                                          [jar]
[INFO] Pirates: POV                                                       [jar]
[INFO] Pirates: DMC                                                       [jar]
[INFO] MQ: Revenge of Ra. Math model                                      [jar]
[INFO] MQ: Revenge of Ra                                                  [jar]
[INFO] Max Quest: Dragonstone. Math model                                 [jar]
[INFO] Max Quest: Dragonstone                                             [jar]
[INFO] Max Quest: Clash of the Gods. Math model                           [jar]
[INFO] Max Quest: Clash of the Gods                                       [jar]
[INFO] Max Quest: BG Dragonstone. Math model                              [jar]
[INFO] Max Quest: BG Dragonstone                                          [jar]
[INFO] Max Quest: Mission Amazon. Math model                              [jar]
[INFO] Max Quest: Mission Amazon                                          [jar]
[INFO] BG Max Quest: Mission Amazon. Math model                           [jar]
[INFO] BG Max Quest: Mission Amazon                                       [jar]
[INFO] Max Quest: Sector X. Math model                                    [jar]
[INFO] Max Quest: Sector X                                                [jar]
[INFO] BG Max Quest: Sector X. Math model                                 [jar]
[INFO] BG Max Quest: Sector X                                             [jar]
[INFO] Casino MP Games persistance layer                                  [jar]
[INFO] Kafka interfaces                                                   [jar]
[INFO] mp-bots                                                            [jar]
[INFO] Casino MP Games Web                                                [war]
[INFO] 
[INFO] ----------------------< org.kynosarges:tektosyne >----------------------
[INFO] Building Tektosyne 6.0.1-BSG                                      [1/37]
[INFO]   from tektosyne/pom.xml
[INFO] --------------------------------[ jar ]---------------------------------
[INFO] 
[INFO] --- resources:3.3.1:resources (default-resources) @ tektosyne ---
[INFO] skip non existing resourceDirectory /Users/alexb/Documents/Dev/Dev_new/mp-server/tektosyne/src/main/resources
[INFO] 
[INFO] --- compiler:3.6.0:compile (default-compile) @ tektosyne ---
[INFO] Changes detected - recompiling the module!
[INFO] Compiling 62 source files to /Users/alexb/Documents/Dev/Dev_new/mp-server/tektosyne/target/classes
[INFO] 
[INFO] --------------------< com.betsoft.casino:mp-casino >--------------------
[INFO] Building mp-casino 1.0.0-SNAPSHOT                                 [2/37]
[INFO]   from pom.xml
[INFO] --------------------------------[ pom ]---------------------------------
[INFO] 
[INFO] ---------------< com.betsoft.casino.mp:core-interfaces >----------------
[INFO] Building Casino MP Games core interfaces 1.0.0-SNAPSHOT           [3/37]
[INFO]   from core-interfaces/pom.xml
[INFO] --------------------------------[ jar ]---------------------------------
[INFO] 
[INFO] --- resources:3.0.2:resources (default-resources) @ core-interfaces ---
[INFO] Using 'UTF-8' encoding to copy filtered resources.
[INFO] skip non existing resourceDirectory /Users/alexb/Documents/Dev/Dev_new/mp-server/core-interfaces/src/main/resources
[INFO] 
[INFO] --- compiler:3.6.0:compile (default-compile) @ core-interfaces ---
[INFO] Nothing to compile - all classes are up to date
[INFO] 
[INFO] --------------------< com.betsoft.casino.mp:games >---------------------
[INFO] Building Casino MP Games 1.0.0-SNAPSHOT                           [4/37]
[INFO]   from games/pom.xml
[INFO] --------------------------------[ pom ]---------------------------------
[INFO] 
[INFO] ---------------< com.betsoft.casino.mp:mp-common-games >----------------
[INFO] Building MP Common Games 1.0.0-SNAPSHOT                           [5/37]
[INFO]   from games/common-games/pom.xml
[INFO] --------------------------------[ jar ]---------------------------------
[INFO] 
[INFO] --- resources:3.0.2:resources (default-resources) @ mp-common-games ---
[INFO] Using 'UTF-8' encoding to copy filtered resources.
[INFO] Copying 100 resources
[INFO] 
[INFO] --- compiler:3.6.0:compile (default-compile) @ mp-common-games ---
[INFO] Nothing to compile - all classes are up to date
[INFO] 
[INFO] --------------< com.betsoft.casino.mp:maxcrashgame-math >---------------
[INFO] Building Max Quest: Crash. Math model 1.0.0-SNAPSHOT              [6/37]
[INFO]   from games/maxcrashgame-math/pom.xml
[INFO] --------------------------------[ jar ]---------------------------------
[INFO] 
[INFO] --- resources:3.0.2:resources (default-resources) @ maxcrashgame-math ---
[INFO] Using 'UTF-8' encoding to copy filtered resources.
[INFO] skip non existing resourceDirectory /Users/alexb/Documents/Dev/Dev_new/mp-server/games/maxcrashgame-math/src/main/resources
[INFO] 
[INFO] --- compiler:3.6.0:compile (default-compile) @ maxcrashgame-math ---
[INFO] Nothing to compile - all classes are up to date
[INFO] 
[INFO] -----------------< com.betsoft.casino.mp:maxcrashgame >-----------------
[INFO] Building Max Quest: Crash 1.0.0-SNAPSHOT                          [7/37]
[INFO]   from games/maxcrashgame/pom.xml
[INFO] --------------------------------[ jar ]---------------------------------
[INFO] 
[INFO] --- resources:3.0.2:resources (default-resources) @ maxcrashgame ---
[INFO] Using 'UTF-8' encoding to copy filtered resources.
[INFO] skip non existing resourceDirectory /Users/alexb/Documents/Dev/Dev_new/mp-server/games/maxcrashgame/src/main/resources
[INFO] 
[INFO] --- compiler:3.6.0:compile (default-compile) @ maxcrashgame ---
[INFO] Nothing to compile - all classes are up to date
[INFO] 
[INFO] ----------< com.betsoft.casino.mp:bg_maxblastchampions-math >-----------
[INFO] Building Max Quest: Max Blast Champions Model data 1.0.0-SNAPSHOT [8/37]
[INFO]   from games/bg_maxblastchampions-math/pom.xml
[INFO] --------------------------------[ jar ]---------------------------------
[INFO] 
[INFO] --- resources:3.0.2:resources (default-resources) @ bg_maxblastchampions-math ---
[INFO] Using 'UTF-8' encoding to copy filtered resources.
[INFO] skip non existing resourceDirectory /Users/alexb/Documents/Dev/Dev_new/mp-server/games/bg_maxblastchampions-math/src/main/resources
[INFO] 
[INFO] --- compiler:3.6.0:compile (default-compile) @ bg_maxblastchampions-math ---
[INFO] Nothing to compile - all classes are up to date
[INFO] 
[INFO] -------------< com.betsoft.casino.mp:bg_maxblastchampions >-------------
[INFO] Building Max Quest: Max Blast Champions 1.0.0-SNAPSHOT            [9/37]
[INFO]   from games/bg_maxblastchampions/pom.xml
[INFO] --------------------------------[ jar ]---------------------------------
[INFO] 
[INFO] --- resources:3.0.2:resources (default-resources) @ bg_maxblastchampions ---
[INFO] Using 'UTF-8' encoding to copy filtered resources.
[INFO] skip non existing resourceDirectory /Users/alexb/Documents/Dev/Dev_new/mp-server/games/bg_maxblastchampions/src/main/resources
[INFO] 
[INFO] --- compiler:3.6.0:compile (default-compile) @ bg_maxblastchampions ---
[INFO] Nothing to compile - all classes are up to date
[INFO] 
[INFO] ---------------------< com.betsoft.casino.mp:core >---------------------
[INFO] Building Casino MP Games core 1.0.0-SNAPSHOT                     [10/37]
[INFO]   from core/pom.xml
[INFO] --------------------------------[ jar ]---------------------------------
[INFO] 
[INFO] --- resources:3.0.2:resources (default-resources) @ core ---
[INFO] Using 'UTF-8' encoding to copy filtered resources.
[INFO] Copying 28 resources
[INFO] 
[INFO] --- compiler:3.6.0:compile (default-compile) @ core ---
[INFO] Nothing to compile - all classes are up to date
[INFO] 
[INFO] -----------------< com.betsoft.casino.mp:pirates-math >-----------------
[INFO] Building Pirates math model 1.0.0-SNAPSHOT                       [11/37]
[INFO]   from games/pirates-math/pom.xml
[INFO] --------------------------------[ jar ]---------------------------------
[INFO] 
[INFO] --- resources:3.0.2:resources (default-resources) @ pirates-math ---
[INFO] Using 'UTF-8' encoding to copy filtered resources.
[INFO] skip non existing resourceDirectory /Users/alexb/Documents/Dev/Dev_new/mp-server/games/pirates-math/src/main/resources
[INFO] 
[INFO] --- compiler:3.6.0:compile (default-compile) @ pirates-math ---
[INFO] Nothing to compile - all classes are up to date
[INFO] 
[INFO] -------------------< com.betsoft.casino.mp:pirates >--------------------
[INFO] Building Pirates: Dead Mans Cove 1.0.0-SNAPSHOT                  [12/37]
[INFO]   from games/pirates/pom.xml
[INFO] --------------------------------[ jar ]---------------------------------
[INFO] 
[INFO] --- resources:3.0.2:resources (default-resources) @ pirates ---
[INFO] Using 'UTF-8' encoding to copy filtered resources.
[INFO] skip non existing resourceDirectory /Users/alexb/Documents/Dev/Dev_new/mp-server/games/pirates/src/main/resources
[INFO] 
[INFO] --- compiler:3.6.0:compile (default-compile) @ pirates ---
[INFO] Nothing to compile - all classes are up to date
[INFO] 
[INFO] -----------------< com.betsoft.casino.mp:amazon-math >------------------
[INFO] Building Max Quest: Amazon. Math model 1.0.0-SNAPSHOT            [13/37]
[INFO]   from games/amazon-math/pom.xml
[INFO] --------------------------------[ jar ]---------------------------------
[INFO] 
[INFO] --- resources:3.0.2:resources (default-resources) @ amazon-math ---
[INFO] Using 'UTF-8' encoding to copy filtered resources.
[INFO] skip non existing resourceDirectory /Users/alexb/Documents/Dev/Dev_new/mp-server/games/amazon-math/src/main/resources
[INFO] 
[INFO] --- compiler:3.6.0:compile (default-compile) @ amazon-math ---
[INFO] Nothing to compile - all classes are up to date
[INFO] 
[INFO] --------------------< com.betsoft.casino.mp:amazon >--------------------
[INFO] Building Max Quest: Amazon 1.0.0-SNAPSHOT                        [14/37]
[INFO]   from games/amazon/pom.xml
[INFO] --------------------------------[ jar ]---------------------------------
[INFO] 
[INFO] --- resources:3.0.2:resources (default-resources) @ amazon ---
[INFO] Using 'UTF-8' encoding to copy filtered resources.
[INFO] skip non existing resourceDirectory /Users/alexb/Documents/Dev/Dev_new/mp-server/games/amazon/src/main/resources
[INFO] 
[INFO] --- compiler:3.6.0:compile (default-compile) @ amazon ---
[INFO] Nothing to compile - all classes are up to date
[INFO] 
[INFO] -------------< com.betsoft.casino.mp:pirates-common-math >--------------
[INFO] Building Pirates common math model 1.0.0-SNAPSHOT                [15/37]
[INFO]   from games/pirates-common-math/pom.xml
[INFO] --------------------------------[ jar ]---------------------------------
[INFO] 
[INFO] --- resources:3.0.2:resources (default-resources) @ pirates-common-math ---
[INFO] Using 'UTF-8' encoding to copy filtered resources.
[INFO] skip non existing resourceDirectory /Users/alexb/Documents/Dev/Dev_new/mp-server/games/pirates-common-math/src/main/resources
[INFO] 
[INFO] --- compiler:3.6.0:compile (default-compile) @ pirates-common-math ---
[INFO] Nothing to compile - all classes are up to date
[INFO] 
[INFO] ------------------< com.betsoft.casino.mp:piratespov >------------------
[INFO] Building Pirates: POV 1.0.0-SNAPSHOT                             [16/37]
[INFO]   from games/piratespov/pom.xml
[INFO] --------------------------------[ jar ]---------------------------------
[INFO] 
[INFO] --- resources:3.0.2:resources (default-resources) @ piratespov ---
[INFO] Using 'UTF-8' encoding to copy filtered resources.
[INFO] skip non existing resourceDirectory /Users/alexb/Documents/Dev/Dev_new/mp-server/games/piratespov/src/main/resources
[INFO] 
[INFO] --- compiler:3.6.0:compile (default-compile) @ piratespov ---
[INFO] Nothing to compile - all classes are up to date
[INFO] 
[INFO] ------------------< com.betsoft.casino.mp:piratesdmc >------------------
[INFO] Building Pirates: DMC 1.0.0-SNAPSHOT                             [17/37]
[INFO]   from games/piratesdmc/pom.xml
[INFO] --------------------------------[ jar ]---------------------------------
[INFO] 
[INFO] --- resources:3.0.2:resources (default-resources) @ piratesdmc ---
[INFO] Using 'UTF-8' encoding to copy filtered resources.
[INFO] skip non existing resourceDirectory /Users/alexb/Documents/Dev/Dev_new/mp-server/games/piratesdmc/src/main/resources
[INFO] 
[INFO] --- compiler:3.6.0:compile (default-compile) @ piratesdmc ---
[INFO] Nothing to compile - all classes are up to date
[INFO] 
[INFO] ---------------< com.betsoft.casino.mp:revengeofra-math >---------------
[INFO] Building MQ: Revenge of Ra. Math model 1.0.0-SNAPSHOT            [18/37]
[INFO]   from games/revengeofra-math/pom.xml
[INFO] --------------------------------[ jar ]---------------------------------
[INFO] 
[INFO] --- resources:3.0.2:resources (default-resources) @ revengeofra-math ---
[INFO] Using 'UTF-8' encoding to copy filtered resources.
[INFO] skip non existing resourceDirectory /Users/alexb/Documents/Dev/Dev_new/mp-server/games/revengeofra-math/src/main/resources
[INFO] 
[INFO] --- compiler:3.6.0:compile (default-compile) @ revengeofra-math ---
[INFO] Nothing to compile - all classes are up to date
[INFO] 
[INFO] -----------------< com.betsoft.casino.mp:revengeofra >------------------
[INFO] Building MQ: Revenge of Ra 1.0.0-SNAPSHOT                        [19/37]
[INFO]   from games/revengeofra/pom.xml
[INFO] --------------------------------[ jar ]---------------------------------
[INFO] 
[INFO] --- resources:3.0.2:resources (default-resources) @ revengeofra ---
[INFO] Using 'UTF-8' encoding to copy filtered resources.
[INFO] skip non existing resourceDirectory /Users/alexb/Documents/Dev/Dev_new/mp-server/games/revengeofra/src/main/resources
[INFO] 
[INFO] --- compiler:3.6.0:compile (default-compile) @ revengeofra ---
[INFO] Nothing to compile - all classes are up to date
[INFO] 
[INFO] ---------------< com.betsoft.casino.mp:dragonstone-math >---------------
[INFO] Building Max Quest: Dragonstone. Math model 1.0.0-SNAPSHOT       [20/37]
[INFO]   from games/dragonstone-math/pom.xml
[INFO] --------------------------------[ jar ]---------------------------------
[INFO] 
[INFO] --- resources:3.0.2:resources (default-resources) @ dragonstone-math ---
[INFO] Using 'UTF-8' encoding to copy filtered resources.
[INFO] skip non existing resourceDirectory /Users/alexb/Documents/Dev/Dev_new/mp-server/games/dragonstone-math/src/main/resources
[INFO] 
[INFO] --- compiler:3.6.0:compile (default-compile) @ dragonstone-math ---
[INFO] Nothing to compile - all classes are up to date
[INFO] 
[INFO] -----------------< com.betsoft.casino.mp:dragonstone >------------------
[INFO] Building Max Quest: Dragonstone 1.0.0-SNAPSHOT                   [21/37]
[INFO]   from games/dragonstone/pom.xml
[INFO] --------------------------------[ jar ]---------------------------------
[INFO] 
[INFO] --- resources:3.0.2:resources (default-resources) @ dragonstone ---
[INFO] Using 'UTF-8' encoding to copy filtered resources.
[INFO] skip non existing resourceDirectory /Users/alexb/Documents/Dev/Dev_new/mp-server/games/dragonstone/src/main/resources
[INFO] 
[INFO] --- compiler:3.6.0:compile (default-compile) @ dragonstone ---
[INFO] Nothing to compile - all classes are up to date
[INFO] 
[INFO] -------------< com.betsoft.casino.mp:clashofthegods-math >--------------
[INFO] Building Max Quest: Clash of the Gods. Math model 1.0.0-SNAPSHOT [22/37]
[INFO]   from games/clashofthegods-math/pom.xml
[INFO] --------------------------------[ jar ]---------------------------------
[INFO] 
[INFO] --- resources:3.0.2:resources (default-resources) @ clashofthegods-math ---
[INFO] Using 'UTF-8' encoding to copy filtered resources.
[INFO] skip non existing resourceDirectory /Users/alexb/Documents/Dev/Dev_new/mp-server/games/clashofthegods-math/src/main/resources
[INFO] 
[INFO] --- compiler:3.6.0:compile (default-compile) @ clashofthegods-math ---
[INFO] Nothing to compile - all classes are up to date
[INFO] 
[INFO] ----------------< com.betsoft.casino.mp:clashofthegods >----------------
[INFO] Building Max Quest: Clash of the Gods 1.0.0-SNAPSHOT             [23/37]
[INFO]   from games/clashofthegods/pom.xml
[INFO] --------------------------------[ jar ]---------------------------------
[INFO] 
[INFO] --- resources:3.0.2:resources (default-resources) @ clashofthegods ---
[INFO] Using 'UTF-8' encoding to copy filtered resources.
[INFO] skip non existing resourceDirectory /Users/alexb/Documents/Dev/Dev_new/mp-server/games/clashofthegods/src/main/resources
[INFO] 
[INFO] --- compiler:3.6.0:compile (default-compile) @ clashofthegods ---
[INFO] Nothing to compile - all classes are up to date
[INFO] 
[INFO] -------------< com.betsoft.casino.mp:bg_dragonstone-math >--------------
[INFO] Building Max Quest: BG Dragonstone. Math model 1.0.0-SNAPSHOT    [24/37]
[INFO]   from games/bg_dragonstone-math/pom.xml
[INFO] --------------------------------[ jar ]---------------------------------
[INFO] 
[INFO] --- resources:3.0.2:resources (default-resources) @ bg_dragonstone-math ---
[INFO] Using 'UTF-8' encoding to copy filtered resources.
[INFO] skip non existing resourceDirectory /Users/alexb/Documents/Dev/Dev_new/mp-server/games/bg_dragonstone-math/src/main/resources
[INFO] 
[INFO] --- compiler:3.6.0:compile (default-compile) @ bg_dragonstone-math ---
[INFO] Nothing to compile - all classes are up to date
[INFO] 
[INFO] ----------------< com.betsoft.casino.mp:bg_dragonstone >----------------
[INFO] Building Max Quest: BG Dragonstone 1.0.0-SNAPSHOT                [25/37]
[INFO]   from games/bg_dragonstone/pom.xml
[INFO] --------------------------------[ jar ]---------------------------------
[INFO] 
[INFO] --- resources:3.0.2:resources (default-resources) @ bg_dragonstone ---
[INFO] Using 'UTF-8' encoding to copy filtered resources.
[INFO] skip non existing resourceDirectory /Users/alexb/Documents/Dev/Dev_new/mp-server/games/bg_dragonstone/src/main/resources
[INFO] 
[INFO] --- compiler:3.6.0:compile (default-compile) @ bg_dragonstone ---
[INFO] Nothing to compile - all classes are up to date
[INFO] 
[INFO] --------------< com.betsoft.casino.mp:missionamazon-math >--------------
[INFO] Building Max Quest: Mission Amazon. Math model 1.0.0-SNAPSHOT    [26/37]
[INFO]   from games/missionamazon-math/pom.xml
[INFO] --------------------------------[ jar ]---------------------------------
[INFO] 
[INFO] --- resources:3.0.2:resources (default-resources) @ missionamazon-math ---
[INFO] Using 'UTF-8' encoding to copy filtered resources.
[INFO] skip non existing resourceDirectory /Users/alexb/Documents/Dev/Dev_new/mp-server/games/missionamazon-math/src/main/resources
[INFO] 
[INFO] --- compiler:3.6.0:compile (default-compile) @ missionamazon-math ---
[INFO] Nothing to compile - all classes are up to date
[INFO] 
[INFO] ----------------< com.betsoft.casino.mp:missionamazon >-----------------
[INFO] Building Max Quest: Mission Amazon 1.0.0-SNAPSHOT                [27/37]
[INFO]   from games/missionamazon/pom.xml
[INFO] --------------------------------[ jar ]---------------------------------
[INFO] 
[INFO] --- resources:3.0.2:resources (default-resources) @ missionamazon ---
[INFO] Using 'UTF-8' encoding to copy filtered resources.
[INFO] skip non existing resourceDirectory /Users/alexb/Documents/Dev/Dev_new/mp-server/games/missionamazon/src/main/resources
[INFO] 
[INFO] --- compiler:3.6.0:compile (default-compile) @ missionamazon ---
[INFO] Nothing to compile - all classes are up to date
[INFO] 
[INFO] ------------< com.betsoft.casino.mp:bg_missionamazon-math >-------------
[INFO] Building BG Max Quest: Mission Amazon. Math model 1.0.0-SNAPSHOT [28/37]
[INFO]   from games/bg_missionamazon-math/pom.xml
[INFO] --------------------------------[ jar ]---------------------------------
[INFO] 
[INFO] --- resources:3.0.2:resources (default-resources) @ bg_missionamazon-math ---
[INFO] Using 'UTF-8' encoding to copy filtered resources.
[INFO] skip non existing resourceDirectory /Users/alexb/Documents/Dev/Dev_new/mp-server/games/bg_missionamazon-math/src/main/resources
[INFO] 
[INFO] --- compiler:3.6.0:compile (default-compile) @ bg_missionamazon-math ---
[INFO] Nothing to compile - all classes are up to date
[INFO] 
[INFO] ---------------< com.betsoft.casino.mp:bg_missionamazon >---------------
[INFO] Building BG Max Quest: Mission Amazon 1.0.0-SNAPSHOT             [29/37]
[INFO]   from games/bg_missionamazon/pom.xml
[INFO] --------------------------------[ jar ]---------------------------------
[INFO] 
[INFO] --- resources:3.0.2:resources (default-resources) @ bg_missionamazon ---
[INFO] Using 'UTF-8' encoding to copy filtered resources.
[INFO] skip non existing resourceDirectory /Users/alexb/Documents/Dev/Dev_new/mp-server/games/bg_missionamazon/src/main/resources
[INFO] 
[INFO] --- compiler:3.6.0:compile (default-compile) @ bg_missionamazon ---
[INFO] Nothing to compile - all classes are up to date
[INFO] 
[INFO] -----------------< com.betsoft.casino.mp:sectorx-math >-----------------
[INFO] Building Max Quest: Sector X. Math model 1.0.0-SNAPSHOT          [30/37]
[INFO]   from games/sectorx-math/pom.xml
[INFO] --------------------------------[ jar ]---------------------------------
[INFO] 
[INFO] --- resources:3.0.2:resources (default-resources) @ sectorx-math ---
[INFO] Using 'UTF-8' encoding to copy filtered resources.
[INFO] skip non existing resourceDirectory /Users/alexb/Documents/Dev/Dev_new/mp-server/games/sectorx-math/src/main/resources
[INFO] 
[INFO] --- compiler:3.6.0:compile (default-compile) @ sectorx-math ---
[INFO] Nothing to compile - all classes are up to date
[INFO] 
[INFO] -------------------< com.betsoft.casino.mp:sectorx >--------------------
[INFO] Building Max Quest: Sector X 1.0.0-SNAPSHOT                      [31/37]
[INFO]   from games/sectorx/pom.xml
[INFO] --------------------------------[ jar ]---------------------------------
[INFO] 
[INFO] --- resources:3.0.2:resources (default-resources) @ sectorx ---
[INFO] Using 'UTF-8' encoding to copy filtered resources.
[INFO] skip non existing resourceDirectory /Users/alexb/Documents/Dev/Dev_new/mp-server/games/sectorx/src/main/resources
[INFO] 
[INFO] --- compiler:3.6.0:compile (default-compile) @ sectorx ---
[INFO] Nothing to compile - all classes are up to date
[INFO] 
[INFO] ---------------< com.betsoft.casino.mp:bg_sectorx-math >----------------
[INFO] Building BG Max Quest: Sector X. Math model 1.0.0-SNAPSHOT       [32/37]
[INFO]   from games/bg_sectorx-math/pom.xml
[INFO] --------------------------------[ jar ]---------------------------------
[INFO] 
[INFO] --- resources:3.0.2:resources (default-resources) @ bg_sectorx-math ---
[INFO] Using 'UTF-8' encoding to copy filtered resources.
[INFO] skip non existing resourceDirectory /Users/alexb/Documents/Dev/Dev_new/mp-server/games/bg_sectorx-math/src/main/resources
[INFO] 
[INFO] --- compiler:3.6.0:compile (default-compile) @ bg_sectorx-math ---
[INFO] Nothing to compile - all classes are up to date
[INFO] 
[INFO] ------------------< com.betsoft.casino.mp:bg_sectorx >------------------
[INFO] Building BG Max Quest: Sector X 1.0.0-SNAPSHOT                   [33/37]
[INFO]   from games/bg_sectorx/pom.xml
[INFO] --------------------------------[ jar ]---------------------------------
[INFO] 
[INFO] --- resources:3.0.2:resources (default-resources) @ bg_sectorx ---
[INFO] Using 'UTF-8' encoding to copy filtered resources.
[INFO] skip non existing resourceDirectory /Users/alexb/Documents/Dev/Dev_new/mp-server/games/bg_sectorx/src/main/resources
[INFO] 
[INFO] --- compiler:3.6.0:compile (default-compile) @ bg_sectorx ---
[INFO] Nothing to compile - all classes are up to date
[INFO] 
[INFO] -----------------< com.betsoft.casino.mp:persistance >------------------
[INFO] Building Casino MP Games persistance layer 1.0.0-SNAPSHOT        [34/37]
[INFO]   from persistance/pom.xml
[INFO] --------------------------------[ jar ]---------------------------------
[INFO] 
[INFO] --- resources:3.0.2:resources (default-resources) @ persistance ---
[INFO] Using 'UTF-8' encoding to copy filtered resources.
[INFO] Copying 2 resources
[INFO] 
[INFO] --- compiler:3.6.0:compile (default-compile) @ persistance ---
[INFO] Nothing to compile - all classes are up to date
[INFO] 
[INFO] -------------------< com.betsoft.casino.mp:mp-kafka >-------------------
[INFO] Building Kafka interfaces 1.0.0-SNAPSHOT                         [35/37]
[INFO]   from kafka/pom.xml
[INFO] --------------------------------[ jar ]---------------------------------
[INFO] 
[INFO] --- resources:3.0.2:resources (default-resources) @ mp-kafka ---
[INFO] Using 'UTF-8' encoding to copy filtered resources.
[INFO] skip non existing resourceDirectory /Users/alexb/Documents/Dev/Dev_new/mp-server/kafka/src/main/resources
[INFO] 
[INFO] --- compiler:3.6.0:compile (default-compile) @ mp-kafka ---
[INFO] Changes detected - recompiling the module!
[INFO] Compiling 146 source files to /Users/alexb/Documents/Dev/Dev_new/mp-server/kafka/target/classes
[INFO] 
[INFO] ---------------------< com.betsoft.casino:mp-bots >---------------------
[INFO] Building mp-bots 1.0.0-SNAPSHOT                                  [36/37]
[INFO]   from bots/pom.xml
[INFO] --------------------------------[ jar ]---------------------------------
[INFO] 
[INFO] --- dependency:3.7.0:sources (default) @ mp-bots ---
[WARNING]  Goal 'sources' is deprecated: in favor of resolve-sources goal and will be removed in a future version
