[2026-02-28T15:21:23Z] START STEP01
[2026-02-28T15:21:23Z] START STEP01
[2026-02-28T15:21:23Z] DIR gs-server/common
[2026-02-28T15:21:23Z] DIR gs-server/common
[2026-02-28T15:21:23Z] CMD mvn -DskipTests install
[2026-02-28T15:21:23Z] CMD mvn -DskipTests install
[INFO] Scanning for projects...
[INFO] 
[INFO] ------------------< com.dgphoenix.casino:gsn-common >-------------------
[INFO] Building gsn-common 1.0-SNAPSHOT
[INFO]   from pom.xml
[INFO] --------------------------------[ jar ]---------------------------------
[INFO] 
[INFO] --- enforcer:3.0.0-M1:enforce (enforce-banned-dependencies) @ gsn-common ---
[INFO] 
[INFO] --- resources:3.3.1:resources (default-resources) @ gsn-common ---
[INFO] Copying 58 resources from src/main/resources to target/classes
[INFO] 
[INFO] --- compiler:2.5.1:compile (default-compile) @ gsn-common ---
[INFO] Compiling 236 source files to /Users/alexb/Documents/Dev/Dev_new/gs-server/common/target/classes
[INFO] 
[INFO] --- resources:3.3.1:testResources (default-testResources) @ gsn-common ---
[INFO] Copying 1 resource from src/test/resources to target/test-classes
[INFO] 
[INFO] --- compiler:2.5.1:testCompile (default-testCompile) @ gsn-common ---
[INFO] Nothing to compile - all classes are up to date
[INFO] 
[INFO] --- surefire:2.19.1:test (default-test) @ gsn-common ---
[INFO] Tests are skipped.
[INFO] 
[INFO] --- jar:2.6:jar (default-jar) @ gsn-common ---
[INFO] Building jar: /Users/alexb/Documents/Dev/Dev_new/gs-server/common/target/gsn-common-1.0-SNAPSHOT.jar
[INFO] 
[INFO] --- install:3.1.2:install (default-install) @ gsn-common ---
[INFO] Installing /Users/alexb/Documents/Dev/Dev_new/gs-server/common/pom.xml to /Users/alexb/.m2/repository/com/dgphoenix/casino/gsn-common/1.0-SNAPSHOT/gsn-common-1.0-SNAPSHOT.pom
[INFO] Installing /Users/alexb/Documents/Dev/Dev_new/gs-server/common/target/gsn-common-1.0-SNAPSHOT.jar to /Users/alexb/.m2/repository/com/dgphoenix/casino/gsn-common/1.0-SNAPSHOT/gsn-common-1.0-SNAPSHOT.jar
[INFO] ------------------------------------------------------------------------
[INFO] BUILD SUCCESS
[INFO] ------------------------------------------------------------------------
[INFO] Total time:  3.039 s
[INFO] Finished at: 2026-02-28T15:21:26Z
[INFO] ------------------------------------------------------------------------
[2026-02-28T15:21:26Z] PASS STEP01 rc=0
[2026-02-28T15:21:26Z] PASS STEP01 rc=0
[2026-02-28T15:21:26Z] START STEP02
[2026-02-28T15:21:26Z] START STEP02
[2026-02-28T15:21:26Z] DIR gs-server/common-wallet
[2026-02-28T15:21:26Z] DIR gs-server/common-wallet
[2026-02-28T15:21:26Z] CMD mvn -DskipTests install
[2026-02-28T15:21:26Z] CMD mvn -DskipTests install
[INFO] Scanning for projects...
[INFO] 
[INFO] -----------------< com.dgphoenix.casino:common-wallet >-----------------
[INFO] Building common-wallet 1.0.67
[INFO]   from pom.xml
[INFO] --------------------------------[ jar ]---------------------------------
[INFO] 
[INFO] --- enforcer:3.0.0-M1:enforce (enforce-banned-dependencies) @ common-wallet ---
[INFO] 
[INFO] --- resources:3.3.1:resources (default-resources) @ common-wallet ---
[INFO] skip non existing resourceDirectory /Users/alexb/Documents/Dev/Dev_new/gs-server/common-wallet/src/main/resources
[INFO] 
[INFO] --- compiler:2.5.1:compile (default-compile) @ common-wallet ---
[INFO] Compiling 11 source files to /Users/alexb/Documents/Dev/Dev_new/gs-server/common-wallet/target/classes
[INFO] -------------------------------------------------------------
[ERROR] COMPILATION ERROR : 
[INFO] -------------------------------------------------------------
[ERROR] /Users/alexb/Documents/Dev/Dev_new/gs-server/common-wallet/src/main/java/com/dgphoenix/casino/payment/wallet/client/v2/AbstractCWClient.java:[37,4] error: method does not override or implement a method from a supertype
[ERROR] /Users/alexb/Documents/Dev/Dev_new/gs-server/common-wallet/src/main/java/com/dgphoenix/casino/payment/wallet/client/v2/AbstractCWClient.java:[46,32] error: cannot find symbol
[ERROR]   symbol:   variable CommonWalletErrors
  location: class AbstractCWClient
/Users/alexb/Documents/Dev/Dev_new/gs-server/common-wallet/src/main/java/com/dgphoenix/casino/payment/wallet/client/v2/AbstractCWClient.java:[48,42] error: package CommonWalletErrors does not exist
[ERROR] /Users/alexb/Documents/Dev/Dev_new/gs-server/common-wallet/src/main/java/com/dgphoenix/casino/payment/wallet/client/v2/AbstractCWClient.java:[49,42] error: package CommonWalletErrors does not exist
[ERROR] /Users/alexb/Documents/Dev/Dev_new/gs-server/common-wallet/src/main/java/com/dgphoenix/casino/payment/wallet/client/v2/AbstractCWClient.java:[50,42] error: package CommonWalletErrors does not exist
[ERROR] /Users/alexb/Documents/Dev/Dev_new/gs-server/common-wallet/src/main/java/com/dgphoenix/casino/payment/wallet/client/v2/AbstractCWClient.java:[51,42] error: package CommonWalletErrors does not exist
[ERROR] /Users/alexb/Documents/Dev/Dev_new/gs-server/common-wallet/src/main/java/com/dgphoenix/casino/payment/wallet/client/v2/AbstractCWClient.java:[52,42] error: package CommonWalletErrors does not exist
[ERROR] /Users/alexb/Documents/Dev/Dev_new/gs-server/common-wallet/src/main/java/com/dgphoenix/casino/payment/wallet/client/v2/AbstractCWClient.java:[53,42] error: package CommonWalletErrors does not exist
[ERROR] /Users/alexb/Documents/Dev/Dev_new/gs-server/common-wallet/src/main/java/com/dgphoenix/casino/payment/wallet/client/v2/AbstractCWClient.java:[54,42] error: package CommonWalletErrors does not exist
[ERROR] /Users/alexb/Documents/Dev/Dev_new/gs-server/common-wallet/src/main/java/com/dgphoenix/casino/payment/wallet/client/v2/AbstractCWClient.java:[55,42] error: package CommonWalletErrors does not exist
[ERROR] /Users/alexb/Documents/Dev/Dev_new/gs-server/common-wallet/src/main/java/com/dgphoenix/casino/payment/wallet/client/v2/AbstractCWClient.java:[56,42] error: package CommonWalletErrors does not exist
[ERROR] /Users/alexb/Documents/Dev/Dev_new/gs-server/common-wallet/src/main/java/com/dgphoenix/casino/payment/wallet/client/v2/AbstractCWClient.java:[57,42] error: package CommonWalletErrors does not exist
[ERROR] /Users/alexb/Documents/Dev/Dev_new/gs-server/common-wallet/src/main/java/com/dgphoenix/casino/payment/wallet/client/v2/AbstractCWClient.java:[58,42] error: package CommonWalletErrors does not exist
[ERROR] /Users/alexb/Documents/Dev/Dev_new/gs-server/common-wallet/src/main/java/com/dgphoenix/casino/payment/wallet/client/v2/RESTCWClient.java:[37,7] error: RESTCWClient is not abstract and does not override abstract method setWalletHelper(IWalletHelper) in ICommonWalletClient
[ERROR] /Users/alexb/Documents/Dev/Dev_new/gs-server/common-wallet/src/main/java/com/dgphoenix/casino/payment/wallet/client/v2/RESTCWClient.java:[157,57] error: package CommonWalletErrors does not exist
[ERROR] /Users/alexb/Documents/Dev/Dev_new/gs-server/common-wallet/src/main/java/com/dgphoenix/casino/payment/wallet/client/v3/RESTCWClient.java:[23,7] error: RESTCWClient is not abstract and does not override abstract method setWalletHelper(IWalletHelper) in ICommonWalletClient
[ERROR] /Users/alexb/Documents/Dev/Dev_new/gs-server/common-wallet/src/main/java/com/dgphoenix/casino/payment/wallet/client/v4/RESTCWClient.java:[34,7] error: RESTCWClient is not abstract and does not override abstract method setWalletHelper(IWalletHelper) in ICommonWalletClient
[ERROR] /Users/alexb/Documents/Dev/Dev_new/gs-server/common-wallet/src/main/java/com/dgphoenix/casino/payment/wallet/client/v4/RESTCWClient.java:[65,61] error: package CommonWalletErrors does not exist
[ERROR] /Users/alexb/Documents/Dev/Dev_new/gs-server/common-wallet/src/main/java/com/dgphoenix/casino/payment/wallet/AbstractWalletProtocolManager.java:[60,4] error: method does not override or implement a method from a supertype
[ERROR] /Users/alexb/Documents/Dev/Dev_new/gs-server/common-wallet/src/main/java/com/dgphoenix/casino/payment/wallet/client/v4/CustomRESTCWClient.java:[61,4] error: method does not override or implement a method from a supertype
[INFO] 20 errors 
[INFO] -------------------------------------------------------------
[INFO] ------------------------------------------------------------------------
[INFO] BUILD FAILURE
[INFO] ------------------------------------------------------------------------
[INFO] Total time:  1.170 s
[INFO] Finished at: 2026-02-28T15:21:28Z
[INFO] ------------------------------------------------------------------------
[ERROR] Failed to execute goal org.apache.maven.plugins:maven-compiler-plugin:2.5.1:compile (default-compile) on project common-wallet: Compilation failure: Compilation failure: 
[ERROR] /Users/alexb/Documents/Dev/Dev_new/gs-server/common-wallet/src/main/java/com/dgphoenix/casino/payment/wallet/client/v2/AbstractCWClient.java:[37,4] error: method does not override or implement a method from a supertype
[ERROR] /Users/alexb/Documents/Dev/Dev_new/gs-server/common-wallet/src/main/java/com/dgphoenix/casino/payment/wallet/client/v2/AbstractCWClient.java:[46,32] error: cannot find symbol
[ERROR]   symbol:   variable CommonWalletErrors
[ERROR]   location: class AbstractCWClient
[ERROR] /Users/alexb/Documents/Dev/Dev_new/gs-server/common-wallet/src/main/java/com/dgphoenix/casino/payment/wallet/client/v2/AbstractCWClient.java:[48,42] error: package CommonWalletErrors does not exist
[ERROR] /Users/alexb/Documents/Dev/Dev_new/gs-server/common-wallet/src/main/java/com/dgphoenix/casino/payment/wallet/client/v2/AbstractCWClient.java:[49,42] error: package CommonWalletErrors does not exist
[ERROR] /Users/alexb/Documents/Dev/Dev_new/gs-server/common-wallet/src/main/java/com/dgphoenix/casino/payment/wallet/client/v2/AbstractCWClient.java:[50,42] error: package CommonWalletErrors does not exist
[ERROR] /Users/alexb/Documents/Dev/Dev_new/gs-server/common-wallet/src/main/java/com/dgphoenix/casino/payment/wallet/client/v2/AbstractCWClient.java:[51,42] error: package CommonWalletErrors does not exist
[ERROR] /Users/alexb/Documents/Dev/Dev_new/gs-server/common-wallet/src/main/java/com/dgphoenix/casino/payment/wallet/client/v2/AbstractCWClient.java:[52,42] error: package CommonWalletErrors does not exist
[ERROR] /Users/alexb/Documents/Dev/Dev_new/gs-server/common-wallet/src/main/java/com/dgphoenix/casino/payment/wallet/client/v2/AbstractCWClient.java:[53,42] error: package CommonWalletErrors does not exist
[ERROR] /Users/alexb/Documents/Dev/Dev_new/gs-server/common-wallet/src/main/java/com/dgphoenix/casino/payment/wallet/client/v2/AbstractCWClient.java:[54,42] error: package CommonWalletErrors does not exist
[ERROR] /Users/alexb/Documents/Dev/Dev_new/gs-server/common-wallet/src/main/java/com/dgphoenix/casino/payment/wallet/client/v2/AbstractCWClient.java:[55,42] error: package CommonWalletErrors does not exist
[ERROR] /Users/alexb/Documents/Dev/Dev_new/gs-server/common-wallet/src/main/java/com/dgphoenix/casino/payment/wallet/client/v2/AbstractCWClient.java:[56,42] error: package CommonWalletErrors does not exist
[ERROR] /Users/alexb/Documents/Dev/Dev_new/gs-server/common-wallet/src/main/java/com/dgphoenix/casino/payment/wallet/client/v2/AbstractCWClient.java:[57,42] error: package CommonWalletErrors does not exist
[ERROR] /Users/alexb/Documents/Dev/Dev_new/gs-server/common-wallet/src/main/java/com/dgphoenix/casino/payment/wallet/client/v2/AbstractCWClient.java:[58,42] error: package CommonWalletErrors does not exist
[ERROR] /Users/alexb/Documents/Dev/Dev_new/gs-server/common-wallet/src/main/java/com/dgphoenix/casino/payment/wallet/client/v2/RESTCWClient.java:[37,7] error: RESTCWClient is not abstract and does not override abstract method setWalletHelper(IWalletHelper) in ICommonWalletClient
[ERROR] /Users/alexb/Documents/Dev/Dev_new/gs-server/common-wallet/src/main/java/com/dgphoenix/casino/payment/wallet/client/v2/RESTCWClient.java:[157,57] error: package CommonWalletErrors does not exist
[ERROR] /Users/alexb/Documents/Dev/Dev_new/gs-server/common-wallet/src/main/java/com/dgphoenix/casino/payment/wallet/client/v3/RESTCWClient.java:[23,7] error: RESTCWClient is not abstract and does not override abstract method setWalletHelper(IWalletHelper) in ICommonWalletClient
[ERROR] /Users/alexb/Documents/Dev/Dev_new/gs-server/common-wallet/src/main/java/com/dgphoenix/casino/payment/wallet/client/v4/RESTCWClient.java:[34,7] error: RESTCWClient is not abstract and does not override abstract method setWalletHelper(IWalletHelper) in ICommonWalletClient
[ERROR] /Users/alexb/Documents/Dev/Dev_new/gs-server/common-wallet/src/main/java/com/dgphoenix/casino/payment/wallet/client/v4/RESTCWClient.java:[65,61] error: package CommonWalletErrors does not exist
[ERROR] /Users/alexb/Documents/Dev/Dev_new/gs-server/common-wallet/src/main/java/com/dgphoenix/casino/payment/wallet/AbstractWalletProtocolManager.java:[60,4] error: method does not override or implement a method from a supertype
[ERROR] /Users/alexb/Documents/Dev/Dev_new/gs-server/common-wallet/src/main/java/com/dgphoenix/casino/payment/wallet/client/v4/CustomRESTCWClient.java:[61,4] error: method does not override or implement a method from a supertype
[ERROR] -> [Help 1]
[ERROR] 
[ERROR] To see the full stack trace of the errors, re-run Maven with the -e switch.
[ERROR] Re-run Maven using the -X switch to enable full debug logging.
[ERROR] 
[ERROR] For more information about the errors and possible solutions, please read the following articles:
[ERROR] [Help 1] http://cwiki.apache.org/confluence/display/MAVEN/MojoFailureException
[2026-02-28T15:21:28Z] FAIL STEP02 rc=1
[2026-02-28T15:21:28Z] FAIL STEP02 rc=1
