[2026-02-28T15:06:39Z] START STEP01
[2026-02-28T15:06:39Z] START STEP01
[2026-02-28T15:06:39Z] DIR gs-server/common
[2026-02-28T15:06:39Z] DIR gs-server/common
[2026-02-28T15:06:39Z] CMD mvn -DskipTests install
[2026-02-28T15:06:39Z] CMD mvn -DskipTests install
[INFO] Scanning for projects...
[INFO] 
[INFO] ------------------< com.dgphoenix.casino:gsn-common >-------------------
[INFO] Building gsn-common 1.0-SNAPSHOT
[INFO]   from pom.xml
[INFO] --------------------------------[ jar ]---------------------------------
[INFO] 
[INFO] --- enforcer:3.0.0-M1:enforce (enforce-banned-dependencies) @ gsn-common ---
[INFO] 
[INFO] --- resources:3.3.1:resources (default-resources) @ gsn-common ---
[INFO] Copying 58 resources from src/main/resources to target/classes
[INFO] 
[INFO] --- compiler:2.5.1:compile (default-compile) @ gsn-common ---
[INFO] Compiling 262 source files to /Users/alexb/Documents/Dev/Dev_new/gs-server/common/target/classes
[INFO] -------------------------------------------------------------
[ERROR] COMPILATION ERROR : 
[INFO] -------------------------------------------------------------
[ERROR] /Users/alexb/Documents/Dev/Dev_new/gs-server/common/src/main/java/com/dgphoenix/casino/common/cache/data/game/BankMiniGameInfo.java:[41,97] error: incompatible types: bad type in conditional expression
[ERROR]     inference variable T has incompatible bounds
      equality constraints: ICoin
      lower bounds: Coin
  where T is a type-variable:
    T extends Object declared in method <T>unmodifiableList(List<? extends T>)
/Users/alexb/Documents/Dev/Dev_new/gs-server/common/src/main/java/com/dgphoenix/casino/common/cache/data/game/BankMiniGameInfo.java:[43,82] error: incompatible types: List<com.abs.casino.common.cache.data.bank.ICoin> cannot be converted to List<com.dgphoenix.casino.common.cache.data.bank.ICoin>
[ERROR] /Users/alexb/Documents/Dev/Dev_new/gs-server/common/src/main/java/com/dgphoenix/casino/common/cache/data/game/BaseGameInfo.java:[48,108] error: type argument Coin is not within bounds of type-variable COIN
[ERROR]   where COIN is a type-variable:
    COIN extends ICoin declared in interface IBaseGameInfo
/Users/alexb/Documents/Dev/Dev_new/gs-server/common/src/main/java/com/dgphoenix/casino/common/cache/data/game/BaseGameInfoTemplate.java:[479,59] error: incomparable types: com.abs.casino.common.cache.data.game.Html5PcVersionMode and com.dgphoenix.casino.common.cache.data.game.Html5PcVersionMode
[ERROR] /Users/alexb/Documents/Dev/Dev_new/gs-server/common/src/main/java/com/dgphoenix/casino/common/cache/BaseGameCache.java:[157,55] error: incompatible types: Limit cannot be converted to ILimit
[ERROR] /Users/alexb/Documents/Dev/Dev_new/gs-server/common/src/main/java/com/dgphoenix/casino/common/cache/AbstractLazyLoadingExportableCache.java:[35,114] error: incompatible types: <anonymous com.dgphoenix.casino.common.web.statistics.IStatisticsGetter> cannot be converted to com.abs.casino.common.web.statistics.IStatisticsGetter
[INFO] 6 errors 
[INFO] -------------------------------------------------------------
[INFO] ------------------------------------------------------------------------
[INFO] BUILD FAILURE
[INFO] ------------------------------------------------------------------------
[INFO] Total time:  2.852 s
[INFO] Finished at: 2026-02-28T15:06:42Z
[INFO] ------------------------------------------------------------------------
[ERROR] Failed to execute goal org.apache.maven.plugins:maven-compiler-plugin:2.5.1:compile (default-compile) on project gsn-common: Compilation failure: Compilation failure: 
[ERROR] /Users/alexb/Documents/Dev/Dev_new/gs-server/common/src/main/java/com/dgphoenix/casino/common/cache/data/game/BankMiniGameInfo.java:[41,97] error: incompatible types: bad type in conditional expression
[ERROR]     inference variable T has incompatible bounds
[ERROR]       equality constraints: ICoin
[ERROR]       lower bounds: Coin
[ERROR]   where T is a type-variable:
[ERROR]     T extends Object declared in method <T>unmodifiableList(List<? extends T>)
[ERROR] /Users/alexb/Documents/Dev/Dev_new/gs-server/common/src/main/java/com/dgphoenix/casino/common/cache/data/game/BankMiniGameInfo.java:[43,82] error: incompatible types: List<com.abs.casino.common.cache.data.bank.ICoin> cannot be converted to List<com.dgphoenix.casino.common.cache.data.bank.ICoin>
[ERROR] /Users/alexb/Documents/Dev/Dev_new/gs-server/common/src/main/java/com/dgphoenix/casino/common/cache/data/game/BaseGameInfo.java:[48,108] error: type argument Coin is not within bounds of type-variable COIN
[ERROR]   where COIN is a type-variable:
[ERROR]     COIN extends ICoin declared in interface IBaseGameInfo
[ERROR] /Users/alexb/Documents/Dev/Dev_new/gs-server/common/src/main/java/com/dgphoenix/casino/common/cache/data/game/BaseGameInfoTemplate.java:[479,59] error: incomparable types: com.abs.casino.common.cache.data.game.Html5PcVersionMode and com.dgphoenix.casino.common.cache.data.game.Html5PcVersionMode
[ERROR] /Users/alexb/Documents/Dev/Dev_new/gs-server/common/src/main/java/com/dgphoenix/casino/common/cache/BaseGameCache.java:[157,55] error: incompatible types: Limit cannot be converted to ILimit
[ERROR] /Users/alexb/Documents/Dev/Dev_new/gs-server/common/src/main/java/com/dgphoenix/casino/common/cache/AbstractLazyLoadingExportableCache.java:[35,114] error: incompatible types: <anonymous com.dgphoenix.casino.common.web.statistics.IStatisticsGetter> cannot be converted to com.abs.casino.common.web.statistics.IStatisticsGetter
[ERROR] -> [Help 1]
[ERROR] 
[ERROR] To see the full stack trace of the errors, re-run Maven with the -e switch.
[ERROR] Re-run Maven using the -X switch to enable full debug logging.
[ERROR] 
[ERROR] For more information about the errors and possible solutions, please read the following articles:
[ERROR] [Help 1] http://cwiki.apache.org/confluence/display/MAVEN/MojoFailureException
[2026-02-28T15:06:42Z] FAIL STEP01 rc=1
[2026-02-28T15:06:42Z] FAIL STEP01 rc=1
