[2026-02-28T20:53:48Z] START STEP01
[2026-02-28T20:53:48Z] START STEP01
[2026-02-28T20:53:48Z] DIR gs-server/common
[2026-02-28T20:53:48Z] DIR gs-server/common
[2026-02-28T20:53:48Z] CMD mvn -DskipTests install
[2026-02-28T20:53:48Z] CMD mvn -DskipTests install
[INFO] Scanning for projects...
[INFO] 
[INFO] ------------------< com.dgphoenix.casino:gsn-common >-------------------
[INFO] Building gsn-common 1.0-SNAPSHOT
[INFO]   from pom.xml
[INFO] --------------------------------[ jar ]---------------------------------
[INFO] 
[INFO] --- enforcer:3.0.0-M1:enforce (enforce-banned-dependencies) @ gsn-common ---
[INFO] 
[INFO] --- resources:3.3.1:resources (default-resources) @ gsn-common ---
[INFO] Copying 58 resources from src/main/resources to target/classes
[INFO] 
[INFO] --- compiler:2.5.1:compile (default-compile) @ gsn-common ---
[INFO] Compiling 284 source files to /Users/alexb/Documents/Dev/Dev_new_fasttrack/gs-server/common/target/classes
[INFO] -------------------------------------------------------------
[ERROR] COMPILATION ERROR : 
[INFO] -------------------------------------------------------------
[ERROR] /Users/alexb/Documents/Dev/Dev_new_fasttrack/gs-server/common/src/main/java/com/dgphoenix/casino/common/DomainSessionFactory.java:[4,33] error: cannot find symbol
[ERROR]   symbol:   class ILockManager
  location: package com.abs.casino.common.lock
/Users/alexb/Documents/Dev/Dev_new_fasttrack/gs-server/common/src/main/java/com/dgphoenix/casino/common/DomainSessionFactory.java:[13,18] error: cannot find symbol
[ERROR]   symbol:   class ILockManager
  location: class DomainSessionFactory
/Users/alexb/Documents/Dev/Dev_new_fasttrack/gs-server/common/src/main/java/com/dgphoenix/casino/common/transactiondata/ITransactionDataPersister.java:[4,33] error: cannot find symbol
[ERROR]   symbol:   class LockingInfo
  location: package com.abs.casino.common.lock
/Users/alexb/Documents/Dev/Dev_new_fasttrack/gs-server/common/src/main/java/com/dgphoenix/casino/common/DomainSessionFactory.java:[18,32] error: cannot find symbol
[ERROR]   symbol:   class ILockManager
  location: class DomainSessionFactory
/Users/alexb/Documents/Dev/Dev_new_fasttrack/gs-server/common/src/main/java/com/dgphoenix/casino/common/DomainSession.java:[7,33] error: cannot find symbol
[ERROR]   symbol:   class ILockManager
  location: package com.abs.casino.common.lock
/Users/alexb/Documents/Dev/Dev_new_fasttrack/gs-server/common/src/main/java/com/dgphoenix/casino/common/DomainSession.java:[8,33] error: cannot find symbol
[ERROR]   symbol:   class LockingInfo
  location: package com.abs.casino.common.lock
/Users/alexb/Documents/Dev/Dev_new_fasttrack/gs-server/common/src/main/java/com/dgphoenix/casino/common/transactiondata/ITransactionDataPersister.java:[21,25] error: cannot find symbol
[ERROR]   symbol:   class LockingInfo
  location: interface ITransactionDataPersister
/Users/alexb/Documents/Dev/Dev_new_fasttrack/gs-server/common/src/main/java/com/dgphoenix/casino/common/DomainSession.java:[26,12] error: cannot find symbol
[ERROR]   symbol:   class LockingInfo
  location: class DomainSession
/Users/alexb/Documents/Dev/Dev_new_fasttrack/gs-server/common/src/main/java/com/dgphoenix/casino/common/DomainSession.java:[29,18] error: cannot find symbol
[ERROR]   symbol:   class ILockManager
  location: class DomainSession
/Users/alexb/Documents/Dev/Dev_new_fasttrack/gs-server/common/src/main/java/com/dgphoenix/casino/common/DomainSession.java:[49,25] error: cannot find symbol
[ERROR]   symbol:   class ILockManager
  location: class DomainSession
/Users/alexb/Documents/Dev/Dev_new_fasttrack/gs-server/common/src/main/java/com/dgphoenix/casino/common/DomainSession.java:[66,11] error: cannot find symbol
[ERROR]   symbol:   class LockingInfo
  location: class DomainSession
/Users/alexb/Documents/Dev/Dev_new_fasttrack/gs-server/common/src/main/java/com/dgphoenix/casino/common/cache/data/server/ServerCoordinatorInfoProvider.java:[9,24] error: cannot find symbol
[ERROR]   symbol:   class ServerInfo
  location: interface ServerCoordinatorInfoProvider
/Users/alexb/Documents/Dev/Dev_new_fasttrack/gs-server/common/src/main/java/com/dgphoenix/casino/common/cache/data/server/ServerCoordinatorInfoProvider.java:[10,24] error: cannot find symbol
[ERROR]   symbol:   class ServerInfo
  location: interface ServerCoordinatorInfoProvider
/Users/alexb/Documents/Dev/Dev_new_fasttrack/gs-server/common/src/main/java/com/dgphoenix/casino/common/cache/LoadBalancerCache.java:[6,28] error: cannot find symbol
[ERROR]   symbol:   class ILoadBalancer
  location: package com.abs.casino.common
/Users/alexb/Documents/Dev/Dev_new_fasttrack/gs-server/common/src/main/java/com/dgphoenix/casino/common/cache/LoadBalancerCache.java:[25,86] error: cannot find symbol
[INFO] 15 errors 
[INFO] -------------------------------------------------------------
[INFO] ------------------------------------------------------------------------
[INFO] BUILD FAILURE
[INFO] ------------------------------------------------------------------------
[INFO] Total time:  2.118 s
[INFO] Finished at: 2026-02-28T20:53:51Z
[INFO] ------------------------------------------------------------------------
[ERROR] Failed to execute goal org.apache.maven.plugins:maven-compiler-plugin:2.5.1:compile (default-compile) on project gsn-common: Compilation failure: Compilation failure: 
[ERROR] /Users/alexb/Documents/Dev/Dev_new_fasttrack/gs-server/common/src/main/java/com/dgphoenix/casino/common/DomainSessionFactory.java:[4,33] error: cannot find symbol
[ERROR]   symbol:   class ILockManager
[ERROR]   location: package com.abs.casino.common.lock
[ERROR] /Users/alexb/Documents/Dev/Dev_new_fasttrack/gs-server/common/src/main/java/com/dgphoenix/casino/common/DomainSessionFactory.java:[13,18] error: cannot find symbol
[ERROR]   symbol:   class ILockManager
[ERROR]   location: class DomainSessionFactory
[ERROR] /Users/alexb/Documents/Dev/Dev_new_fasttrack/gs-server/common/src/main/java/com/dgphoenix/casino/common/transactiondata/ITransactionDataPersister.java:[4,33] error: cannot find symbol
[ERROR]   symbol:   class LockingInfo
[ERROR]   location: package com.abs.casino.common.lock
[ERROR] /Users/alexb/Documents/Dev/Dev_new_fasttrack/gs-server/common/src/main/java/com/dgphoenix/casino/common/DomainSessionFactory.java:[18,32] error: cannot find symbol
[ERROR]   symbol:   class ILockManager
[ERROR]   location: class DomainSessionFactory
[ERROR] /Users/alexb/Documents/Dev/Dev_new_fasttrack/gs-server/common/src/main/java/com/dgphoenix/casino/common/DomainSession.java:[7,33] error: cannot find symbol
[ERROR]   symbol:   class ILockManager
[ERROR]   location: package com.abs.casino.common.lock
[ERROR] /Users/alexb/Documents/Dev/Dev_new_fasttrack/gs-server/common/src/main/java/com/dgphoenix/casino/common/DomainSession.java:[8,33] error: cannot find symbol
[ERROR]   symbol:   class LockingInfo
[ERROR]   location: package com.abs.casino.common.lock
[ERROR] /Users/alexb/Documents/Dev/Dev_new_fasttrack/gs-server/common/src/main/java/com/dgphoenix/casino/common/transactiondata/ITransactionDataPersister.java:[21,25] error: cannot find symbol
[ERROR]   symbol:   class LockingInfo
[ERROR]   location: interface ITransactionDataPersister
[ERROR] /Users/alexb/Documents/Dev/Dev_new_fasttrack/gs-server/common/src/main/java/com/dgphoenix/casino/common/DomainSession.java:[26,12] error: cannot find symbol
[ERROR]   symbol:   class LockingInfo
[ERROR]   location: class DomainSession
[ERROR] /Users/alexb/Documents/Dev/Dev_new_fasttrack/gs-server/common/src/main/java/com/dgphoenix/casino/common/DomainSession.java:[29,18] error: cannot find symbol
[ERROR]   symbol:   class ILockManager
[ERROR]   location: class DomainSession
[ERROR] /Users/alexb/Documents/Dev/Dev_new_fasttrack/gs-server/common/src/main/java/com/dgphoenix/casino/common/DomainSession.java:[49,25] error: cannot find symbol
[ERROR]   symbol:   class ILockManager
[ERROR]   location: class DomainSession
[ERROR] /Users/alexb/Documents/Dev/Dev_new_fasttrack/gs-server/common/src/main/java/com/dgphoenix/casino/common/DomainSession.java:[66,11] error: cannot find symbol
[ERROR]   symbol:   class LockingInfo
[ERROR]   location: class DomainSession
[ERROR] /Users/alexb/Documents/Dev/Dev_new_fasttrack/gs-server/common/src/main/java/com/dgphoenix/casino/common/cache/data/server/ServerCoordinatorInfoProvider.java:[9,24] error: cannot find symbol
[ERROR]   symbol:   class ServerInfo
[ERROR]   location: interface ServerCoordinatorInfoProvider
[ERROR] /Users/alexb/Documents/Dev/Dev_new_fasttrack/gs-server/common/src/main/java/com/dgphoenix/casino/common/cache/data/server/ServerCoordinatorInfoProvider.java:[10,24] error: cannot find symbol
[ERROR]   symbol:   class ServerInfo
[ERROR]   location: interface ServerCoordinatorInfoProvider
[ERROR] /Users/alexb/Documents/Dev/Dev_new_fasttrack/gs-server/common/src/main/java/com/dgphoenix/casino/common/cache/LoadBalancerCache.java:[6,28] error: cannot find symbol
[ERROR]   symbol:   class ILoadBalancer
[ERROR]   location: package com.abs.casino.common
[ERROR] /Users/alexb/Documents/Dev/Dev_new_fasttrack/gs-server/common/src/main/java/com/dgphoenix/casino/common/cache/LoadBalancerCache.java:[25,86] error: cannot find symbol
[ERROR] -> [Help 1]
[ERROR] 
[ERROR] To see the full stack trace of the errors, re-run Maven with the -e switch.
[ERROR] Re-run Maven using the -X switch to enable full debug logging.
[ERROR] 
[ERROR] For more information about the errors and possible solutions, please read the following articles:
[ERROR] [Help 1] http://cwiki.apache.org/confluence/display/MAVEN/MojoFailureException
[2026-02-28T20:53:51Z] FAIL STEP01 rc=1
[2026-02-28T20:53:51Z] FAIL STEP01 rc=1
