[2026-02-28T20:54:41Z] START STEP01
[2026-02-28T20:54:41Z] START STEP01
[2026-02-28T20:54:41Z] DIR gs-server/common
[2026-02-28T20:54:41Z] DIR gs-server/common
[2026-02-28T20:54:41Z] CMD mvn -DskipTests install
[2026-02-28T20:54:41Z] CMD mvn -DskipTests install
[INFO] Scanning for projects...
[INFO] 
[INFO] ------------------< com.dgphoenix.casino:gsn-common >-------------------
[INFO] Building gsn-common 1.0-SNAPSHOT
[INFO]   from pom.xml
[INFO] --------------------------------[ jar ]---------------------------------
[INFO] 
[INFO] --- enforcer:3.0.0-M1:enforce (enforce-banned-dependencies) @ gsn-common ---
[INFO] 
[INFO] --- resources:3.3.1:resources (default-resources) @ gsn-common ---
[INFO] Copying 58 resources from src/main/resources to target/classes
[INFO] 
[INFO] --- compiler:2.5.1:compile (default-compile) @ gsn-common ---
[INFO] Compiling 245 source files to /Users/alexb/Documents/Dev/Dev_new_fasttrack/gs-server/common/target/classes
[INFO] 
[INFO] --- resources:3.3.1:testResources (default-testResources) @ gsn-common ---
[INFO] Copying 1 resource from src/test/resources to target/test-classes
[INFO] 
[INFO] --- compiler:2.5.1:testCompile (default-testCompile) @ gsn-common ---
[INFO] Compiling 12 source files to /Users/alexb/Documents/Dev/Dev_new_fasttrack/gs-server/common/target/test-classes
[INFO] -------------------------------------------------------------
[ERROR] COMPILATION ERROR : 
[INFO] -------------------------------------------------------------
[ERROR] /Users/alexb/Documents/Dev/Dev_new_fasttrack/gs-server/common/src/test/java/com/abs/casino/common/util/StringIdGeneratorTest.java:[5,46] error: cannot find symbol
[ERROR]   symbol:   class StringIdGenerator
  location: package com.dgphoenix.casino.common.util.string
/Users/alexb/Documents/Dev/Dev_new_fasttrack/gs-server/common/src/test/java/com/abs/casino/common/util/AccountIdGeneratorTest.java:[3,39] error: cannot find symbol
[INFO] 2 errors 
[INFO] -------------------------------------------------------------
[INFO] ------------------------------------------------------------------------
[INFO] BUILD FAILURE
[INFO] ------------------------------------------------------------------------
[INFO] Total time:  4.337 s
[INFO] Finished at: 2026-02-28T20:54:47Z
[INFO] ------------------------------------------------------------------------
[ERROR] Failed to execute goal org.apache.maven.plugins:maven-compiler-plugin:2.5.1:testCompile (default-testCompile) on project gsn-common: Compilation failure: Compilation failure: 
[ERROR] /Users/alexb/Documents/Dev/Dev_new_fasttrack/gs-server/common/src/test/java/com/abs/casino/common/util/StringIdGeneratorTest.java:[5,46] error: cannot find symbol
[ERROR]   symbol:   class StringIdGenerator
[ERROR]   location: package com.dgphoenix.casino.common.util.string
[ERROR] /Users/alexb/Documents/Dev/Dev_new_fasttrack/gs-server/common/src/test/java/com/abs/casino/common/util/AccountIdGeneratorTest.java:[3,39] error: cannot find symbol
[ERROR] -> [Help 1]
[ERROR] 
[ERROR] To see the full stack trace of the errors, re-run Maven with the -e switch.
[ERROR] Re-run Maven using the -X switch to enable full debug logging.
[ERROR] 
[ERROR] For more information about the errors and possible solutions, please read the following articles:
[ERROR] [Help 1] http://cwiki.apache.org/confluence/display/MAVEN/MojoFailureException
[2026-02-28T20:54:47Z] FAIL STEP01 rc=1
[2026-02-28T20:54:47Z] FAIL STEP01 rc=1
