[2026-02-28T20:56:26Z] START STEP01
[2026-02-28T20:56:26Z] START STEP01
[2026-02-28T20:56:26Z] DIR gs-server/common
[2026-02-28T20:56:26Z] DIR gs-server/common
[2026-02-28T20:56:26Z] CMD mvn -DskipTests install
[2026-02-28T20:56:26Z] CMD mvn -DskipTests install
[INFO] Scanning for projects...
[INFO] 
[INFO] ------------------< com.dgphoenix.casino:gsn-common >-------------------
[INFO] Building gsn-common 1.0-SNAPSHOT
[INFO]   from pom.xml
[INFO] --------------------------------[ jar ]---------------------------------
[INFO] 
[INFO] --- enforcer:3.0.0-M1:enforce (enforce-banned-dependencies) @ gsn-common ---
[INFO] 
[INFO] --- resources:3.3.1:resources (default-resources) @ gsn-common ---
[INFO] Copying 58 resources from src/main/resources to target/classes
[INFO] 
[INFO] --- compiler:2.5.1:compile (default-compile) @ gsn-common ---
[INFO] Compiling 245 source files to /Users/alexb/Documents/Dev/Dev_new_fasttrack/gs-server/common/target/classes
[INFO] 
[INFO] --- resources:3.3.1:testResources (default-testResources) @ gsn-common ---
[INFO] Copying 1 resource from src/test/resources to target/test-classes
[INFO] 
[INFO] --- compiler:2.5.1:testCompile (default-testCompile) @ gsn-common ---
[INFO] Compiling 12 source files to /Users/alexb/Documents/Dev/Dev_new_fasttrack/gs-server/common/target/test-classes
[INFO] 
[INFO] --- surefire:2.19.1:test (default-test) @ gsn-common ---
[INFO] Tests are skipped.
[INFO] 
[INFO] --- jar:2.6:jar (default-jar) @ gsn-common ---
[INFO] Building jar: /Users/alexb/Documents/Dev/Dev_new_fasttrack/gs-server/common/target/gsn-common-1.0-SNAPSHOT.jar
[INFO] 
[INFO] --- install:3.1.2:install (default-install) @ gsn-common ---
[INFO] Installing /Users/alexb/Documents/Dev/Dev_new_fasttrack/gs-server/common/pom.xml to /Users/alexb/.m2/repository/com/dgphoenix/casino/gsn-common/1.0-SNAPSHOT/gsn-common-1.0-SNAPSHOT.pom
[INFO] Installing /Users/alexb/Documents/Dev/Dev_new_fasttrack/gs-server/common/target/gsn-common-1.0-SNAPSHOT.jar to /Users/alexb/.m2/repository/com/dgphoenix/casino/gsn-common/1.0-SNAPSHOT/gsn-common-1.0-SNAPSHOT.jar
[INFO] ------------------------------------------------------------------------
[INFO] BUILD SUCCESS
[INFO] ------------------------------------------------------------------------
[INFO] Total time:  4.935 s
[INFO] Finished at: 2026-02-28T20:56:32Z
[INFO] ------------------------------------------------------------------------
[2026-02-28T20:56:32Z] PASS STEP01 rc=0
[2026-02-28T20:56:32Z] PASS STEP01 rc=0
[2026-02-28T20:56:32Z] START STEP02
[2026-02-28T20:56:32Z] START STEP02
[2026-02-28T20:56:32Z] DIR gs-server/common-wallet
[2026-02-28T20:56:32Z] DIR gs-server/common-wallet
[2026-02-28T20:56:32Z] CMD mvn -DskipTests install
[2026-02-28T20:56:32Z] CMD mvn -DskipTests install
[INFO] Scanning for projects...
[INFO] 
[INFO] -----------------< com.dgphoenix.casino:common-wallet >-----------------
[INFO] Building common-wallet 1.0.67
[INFO]   from pom.xml
[INFO] --------------------------------[ jar ]---------------------------------
[INFO] 
[INFO] --- enforcer:3.0.0-M1:enforce (enforce-banned-dependencies) @ common-wallet ---
[INFO] 
[INFO] --- resources:3.3.1:resources (default-resources) @ common-wallet ---
[INFO] skip non existing resourceDirectory /Users/alexb/Documents/Dev/Dev_new_fasttrack/gs-server/common-wallet/src/main/resources
[INFO] 
[INFO] --- compiler:2.5.1:compile (default-compile) @ common-wallet ---
[INFO] Compiling 13 source files to /Users/alexb/Documents/Dev/Dev_new_fasttrack/gs-server/common-wallet/target/classes
[INFO] -------------------------------------------------------------
[ERROR] COMPILATION ERROR : 
[INFO] -------------------------------------------------------------
[ERROR] /Users/alexb/Documents/Dev/Dev_new_fasttrack/gs-server/common-wallet/src/main/java/com/dgphoenix/casino/payment/wallet/AbstractWalletProtocolManager.java:[92,50] error: cannot find symbol
[ERROR]   symbol:   variable WalletPersister
  location: class AbstractWalletProtocolManager<T,V>
  where T,V are type-variables:
    T extends IWallet declared in class AbstractWalletProtocolManager
    V extends IWalletOperation declared in class AbstractWalletProtocolManager
/Users/alexb/Documents/Dev/Dev_new_fasttrack/gs-server/common-wallet/src/main/java/com/dgphoenix/casino/payment/wallet/AbstractWalletProtocolManager.java:[99,12] error: cannot find symbol
[ERROR]   symbol:   variable WalletPersister
  location: class AbstractWalletProtocolManager<T,V>
  where T,V are type-variables:
    T extends IWallet declared in class AbstractWalletProtocolManager
    V extends IWalletOperation declared in class AbstractWalletProtocolManager
/Users/alexb/Documents/Dev/Dev_new_fasttrack/gs-server/common-wallet/src/main/java/com/dgphoenix/casino/payment/wallet/AbstractWalletProtocolManager.java:[299,28] error: cannot find symbol
[ERROR]   symbol:   variable WalletPersister
  location: class AbstractWalletProtocolManager<T,V>
  where T,V are type-variables:
    T extends IWallet declared in class AbstractWalletProtocolManager
    V extends IWalletOperation declared in class AbstractWalletProtocolManager
/Users/alexb/Documents/Dev/Dev_new_fasttrack/gs-server/common-wallet/src/main/java/com/dgphoenix/casino/payment/wallet/AbstractWalletProtocolManager.java:[302,24] error: cannot find symbol
[ERROR]   symbol:   variable WalletPersister
  location: class AbstractWalletProtocolManager<T,V>
  where T,V are type-variables:
    T extends IWallet declared in class AbstractWalletProtocolManager
    V extends IWalletOperation declared in class AbstractWalletProtocolManager
/Users/alexb/Documents/Dev/Dev_new_fasttrack/gs-server/common-wallet/src/main/java/com/dgphoenix/casino/payment/wallet/AbstractWalletProtocolManager.java:[313,24] error: cannot find symbol
[ERROR]   symbol:   variable WalletPersister
  location: class AbstractWalletProtocolManager<T,V>
  where T,V are type-variables:
    T extends IWallet declared in class AbstractWalletProtocolManager
    V extends IWalletOperation declared in class AbstractWalletProtocolManager
/Users/alexb/Documents/Dev/Dev_new_fasttrack/gs-server/common-wallet/src/main/java/com/dgphoenix/casino/payment/wallet/CommonWalletManager.java:[661,46] error: cannot find symbol
[ERROR]   symbol:   variable WalletPersister
  location: class CommonWalletManager
/Users/alexb/Documents/Dev/Dev_new_fasttrack/gs-server/common-wallet/src/main/java/com/dgphoenix/casino/payment/wallet/CommonWalletManager.java:[687,46] error: cannot find symbol
[INFO] 7 errors 
[INFO] -------------------------------------------------------------
[INFO] ------------------------------------------------------------------------
[INFO] BUILD FAILURE
[INFO] ------------------------------------------------------------------------
[INFO] Total time:  2.018 s
[INFO] Finished at: 2026-02-28T20:56:35Z
[INFO] ------------------------------------------------------------------------
[ERROR] Failed to execute goal org.apache.maven.plugins:maven-compiler-plugin:2.5.1:compile (default-compile) on project common-wallet: Compilation failure: Compilation failure: 
[ERROR] /Users/alexb/Documents/Dev/Dev_new_fasttrack/gs-server/common-wallet/src/main/java/com/dgphoenix/casino/payment/wallet/AbstractWalletProtocolManager.java:[92,50] error: cannot find symbol
[ERROR]   symbol:   variable WalletPersister
[ERROR]   location: class AbstractWalletProtocolManager<T,V>
[ERROR]   where T,V are type-variables:
[ERROR]     T extends IWallet declared in class AbstractWalletProtocolManager
[ERROR]     V extends IWalletOperation declared in class AbstractWalletProtocolManager
[ERROR] /Users/alexb/Documents/Dev/Dev_new_fasttrack/gs-server/common-wallet/src/main/java/com/dgphoenix/casino/payment/wallet/AbstractWalletProtocolManager.java:[99,12] error: cannot find symbol
[ERROR]   symbol:   variable WalletPersister
[ERROR]   location: class AbstractWalletProtocolManager<T,V>
[ERROR]   where T,V are type-variables:
[ERROR]     T extends IWallet declared in class AbstractWalletProtocolManager
[ERROR]     V extends IWalletOperation declared in class AbstractWalletProtocolManager
[ERROR] /Users/alexb/Documents/Dev/Dev_new_fasttrack/gs-server/common-wallet/src/main/java/com/dgphoenix/casino/payment/wallet/AbstractWalletProtocolManager.java:[299,28] error: cannot find symbol
[ERROR]   symbol:   variable WalletPersister
[ERROR]   location: class AbstractWalletProtocolManager<T,V>
[ERROR]   where T,V are type-variables:
[ERROR]     T extends IWallet declared in class AbstractWalletProtocolManager
[ERROR]     V extends IWalletOperation declared in class AbstractWalletProtocolManager
[ERROR] /Users/alexb/Documents/Dev/Dev_new_fasttrack/gs-server/common-wallet/src/main/java/com/dgphoenix/casino/payment/wallet/AbstractWalletProtocolManager.java:[302,24] error: cannot find symbol
[ERROR]   symbol:   variable WalletPersister
[ERROR]   location: class AbstractWalletProtocolManager<T,V>
[ERROR]   where T,V are type-variables:
[ERROR]     T extends IWallet declared in class AbstractWalletProtocolManager
[ERROR]     V extends IWalletOperation declared in class AbstractWalletProtocolManager
[ERROR] /Users/alexb/Documents/Dev/Dev_new_fasttrack/gs-server/common-wallet/src/main/java/com/dgphoenix/casino/payment/wallet/AbstractWalletProtocolManager.java:[313,24] error: cannot find symbol
[ERROR]   symbol:   variable WalletPersister
[ERROR]   location: class AbstractWalletProtocolManager<T,V>
[ERROR]   where T,V are type-variables:
[ERROR]     T extends IWallet declared in class AbstractWalletProtocolManager
[ERROR]     V extends IWalletOperation declared in class AbstractWalletProtocolManager
[ERROR] /Users/alexb/Documents/Dev/Dev_new_fasttrack/gs-server/common-wallet/src/main/java/com/dgphoenix/casino/payment/wallet/CommonWalletManager.java:[661,46] error: cannot find symbol
[ERROR]   symbol:   variable WalletPersister
[ERROR]   location: class CommonWalletManager
[ERROR] /Users/alexb/Documents/Dev/Dev_new_fasttrack/gs-server/common-wallet/src/main/java/com/dgphoenix/casino/payment/wallet/CommonWalletManager.java:[687,46] error: cannot find symbol
[ERROR] -> [Help 1]
[ERROR] 
[ERROR] To see the full stack trace of the errors, re-run Maven with the -e switch.
[ERROR] Re-run Maven using the -X switch to enable full debug logging.
[ERROR] 
[ERROR] For more information about the errors and possible solutions, please read the following articles:
[ERROR] [Help 1] http://cwiki.apache.org/confluence/display/MAVEN/MojoFailureException
[2026-02-28T20:56:35Z] FAIL STEP02 rc=1
[2026-02-28T20:56:35Z] FAIL STEP02 rc=1
