[INFO] Scanning for projects...
[WARNING] 
[WARNING] Some problems were encountered while building the effective model for com.betsoft.casino:mp-bots:jar:1.0.0-SNAPSHOT
[WARNING] 'build.plugins.plugin.version' for org.springframework.boot:spring-boot-maven-plugin is missing. @ line 236, column 21
[WARNING] 
[WARNING] It is highly recommended to fix these problems because they threaten the stability of your build.
[WARNING] 
[WARNING] For this reason, future Maven versions might no longer support building such malformed projects.
[WARNING] 
[WARNING] The project com.betsoft.casino:mp-casino:pom:1.0.0-SNAPSHOT uses prerequisites which is only intended for maven-plugin projects but not for non maven-plugin projects. For such purposes you should use the maven-enforcer-plugin. See https://maven.apache.org/enforcer/enforcer-rules/requireMavenVersion.html
[INFO] ------------------------------------------------------------------------
[INFO] Reactor Build Order:
[INFO] 
[INFO] Tektosyne                                                          [jar]
[INFO] mp-casino                                                          [pom]
[INFO] Casino MP Games core interfaces                                    [jar]
[INFO] Casino MP Games                                                    [pom]
[INFO] MP Common Games                                                    [jar]
[INFO] Max Quest: Crash. Math model                                       [jar]
[INFO] Max Quest: Crash                                                   [jar]
[INFO] Max Quest: Max Blast Champions Model data                          [jar]
[INFO] Max Quest: Max Blast Champions                                     [jar]
[INFO] Casino MP Games core                                               [jar]
[INFO] Casino MP Games persistance layer                                  [jar]
[INFO] 
[INFO] ----------------------< org.kynosarges:tektosyne >----------------------
[INFO] Building Tektosyne 6.0.1-BSG                                      [1/11]
[INFO]   from tektosyne/pom.xml
[INFO] --------------------------------[ jar ]---------------------------------
[INFO] 
[INFO] --- resources:3.3.1:resources (default-resources) @ tektosyne ---
[INFO] skip non existing resourceDirectory /Users/alexb/Documents/Dev/Dev_new/mp-server/tektosyne/src/main/resources
[INFO] 
[INFO] --- compiler:3.6.0:compile (default-compile) @ tektosyne ---
[INFO] Changes detected - recompiling the module!
[INFO] Compiling 62 source files to /Users/alexb/Documents/Dev/Dev_new/mp-server/tektosyne/target/classes
[INFO] 
[INFO] --- resources:3.3.1:testResources (default-testResources) @ tektosyne ---
[INFO] skip non existing resourceDirectory /Users/alexb/Documents/Dev/Dev_new/mp-server/tektosyne/src/test/resources
[INFO] 
[INFO] --- compiler:3.6.0:testCompile (default-testCompile) @ tektosyne ---
[INFO] Nothing to compile - all classes are up to date
[INFO] 
[INFO] --- surefire:3.2.5:test (default-test) @ tektosyne ---
[INFO] Tests are skipped.
[INFO] 
[INFO] --- jar:3.4.1:jar (default-jar) @ tektosyne ---
[INFO] Building jar: /Users/alexb/Documents/Dev/Dev_new/mp-server/tektosyne/target/tektosyne-6.0.1-BSG.jar
[INFO] 
[INFO] --------------------< com.betsoft.casino:mp-casino >--------------------
[INFO] Building mp-casino 1.0.0-SNAPSHOT                                 [2/11]
[INFO]   from pom.xml
[INFO] --------------------------------[ pom ]---------------------------------
[INFO] 
[INFO] ---------------< com.betsoft.casino.mp:core-interfaces >----------------
[INFO] Building Casino MP Games core interfaces 1.0.0-SNAPSHOT           [3/11]
[INFO]   from core-interfaces/pom.xml
[INFO] --------------------------------[ jar ]---------------------------------
[INFO] 
[INFO] --- resources:3.0.2:resources (default-resources) @ core-interfaces ---
[INFO] Using 'UTF-8' encoding to copy filtered resources.
[INFO] skip non existing resourceDirectory /Users/alexb/Documents/Dev/Dev_new/mp-server/core-interfaces/src/main/resources
[INFO] 
[INFO] --- compiler:3.6.0:compile (default-compile) @ core-interfaces ---
[INFO] Nothing to compile - all classes are up to date
[INFO] 
[INFO] --- resources:3.0.2:testResources (default-testResources) @ core-interfaces ---
[INFO] Using 'UTF-8' encoding to copy filtered resources.
[INFO] skip non existing resourceDirectory /Users/alexb/Documents/Dev/Dev_new/mp-server/core-interfaces/src/test/resources
[INFO] 
[INFO] --- compiler:3.6.0:testCompile (default-testCompile) @ core-interfaces ---
[INFO] No sources to compile
[INFO] 
[INFO] --- surefire:2.19.1:test (default-test) @ core-interfaces ---
[INFO] Tests are skipped.
[INFO] 
[INFO] --- jar:3.0.2:jar (default-jar) @ core-interfaces ---
[INFO] 
[INFO] --------------------< com.betsoft.casino.mp:games >---------------------
[INFO] Building Casino MP Games 1.0.0-SNAPSHOT                           [4/11]
[INFO]   from games/pom.xml
[INFO] --------------------------------[ pom ]---------------------------------
[INFO] 
[INFO] ---------------< com.betsoft.casino.mp:mp-common-games >----------------
[INFO] Building MP Common Games 1.0.0-SNAPSHOT                           [5/11]
[INFO]   from games/common-games/pom.xml
[INFO] --------------------------------[ jar ]---------------------------------
[INFO] 
[INFO] --- resources:3.0.2:resources (default-resources) @ mp-common-games ---
[INFO] Using 'UTF-8' encoding to copy filtered resources.
[INFO] Copying 100 resources
[INFO] 
[INFO] --- compiler:3.6.0:compile (default-compile) @ mp-common-games ---
[INFO] Nothing to compile - all classes are up to date
[INFO] 
[INFO] --- resources:3.0.2:testResources (default-testResources) @ mp-common-games ---
[INFO] Using 'UTF-8' encoding to copy filtered resources.
[INFO] Copying 7 resources
[INFO] 
[INFO] --- compiler:3.6.0:testCompile (default-testCompile) @ mp-common-games ---
[INFO] Nothing to compile - all classes are up to date
[INFO] 
[INFO] --- surefire:2.19.1:test (default-test) @ mp-common-games ---
[INFO] Tests are skipped.
[INFO] 
[INFO] --- jar:3.0.2:jar (default-jar) @ mp-common-games ---
[INFO] Building jar: /Users/alexb/Documents/Dev/Dev_new/mp-server/games/common-games/target/mp-common-games-1.0.0-SNAPSHOT.jar
[INFO] 
[INFO] --------------< com.betsoft.casino.mp:maxcrashgame-math >---------------
[INFO] Building Max Quest: Crash. Math model 1.0.0-SNAPSHOT              [6/11]
[INFO]   from games/maxcrashgame-math/pom.xml
[INFO] --------------------------------[ jar ]---------------------------------
[INFO] 
[INFO] --- resources:3.0.2:resources (default-resources) @ maxcrashgame-math ---
[INFO] Using 'UTF-8' encoding to copy filtered resources.
[INFO] skip non existing resourceDirectory /Users/alexb/Documents/Dev/Dev_new/mp-server/games/maxcrashgame-math/src/main/resources
[INFO] 
[INFO] --- compiler:3.6.0:compile (default-compile) @ maxcrashgame-math ---
[INFO] Nothing to compile - all classes are up to date
[INFO] 
[INFO] --- resources:3.0.2:testResources (default-testResources) @ maxcrashgame-math ---
[INFO] Using 'UTF-8' encoding to copy filtered resources.
[INFO] skip non existing resourceDirectory /Users/alexb/Documents/Dev/Dev_new/mp-server/games/maxcrashgame-math/src/test/resources
[INFO] 
[INFO] --- compiler:3.6.0:testCompile (default-testCompile) @ maxcrashgame-math ---
[INFO] Nothing to compile - all classes are up to date
[INFO] 
[INFO] --- surefire:2.19.1:test (default-test) @ maxcrashgame-math ---
[INFO] Tests are skipped.
[INFO] 
[INFO] --- jar:3.0.2:jar (default-jar) @ maxcrashgame-math ---
[INFO] 
[INFO] -----------------< com.betsoft.casino.mp:maxcrashgame >-----------------
[INFO] Building Max Quest: Crash 1.0.0-SNAPSHOT                          [7/11]
[INFO]   from games/maxcrashgame/pom.xml
[INFO] --------------------------------[ jar ]---------------------------------
[INFO] 
[INFO] --- resources:3.0.2:resources (default-resources) @ maxcrashgame ---
[INFO] Using 'UTF-8' encoding to copy filtered resources.
[INFO] skip non existing resourceDirectory /Users/alexb/Documents/Dev/Dev_new/mp-server/games/maxcrashgame/src/main/resources
[INFO] 
[INFO] --- compiler:3.6.0:compile (default-compile) @ maxcrashgame ---
[INFO] Nothing to compile - all classes are up to date
[INFO] 
[INFO] --- resources:3.0.2:testResources (default-testResources) @ maxcrashgame ---
[INFO] Using 'UTF-8' encoding to copy filtered resources.
[INFO] Copying 1 resource
[INFO] 
[INFO] --- compiler:3.6.0:testCompile (default-testCompile) @ maxcrashgame ---
[INFO] Nothing to compile - all classes are up to date
[INFO] 
[INFO] --- surefire:2.19.1:test (default-test) @ maxcrashgame ---
[INFO] Tests are skipped.
[INFO] 
[INFO] --- jar:3.0.2:jar (default-jar) @ maxcrashgame ---
[INFO] 
[INFO] ----------< com.betsoft.casino.mp:bg_maxblastchampions-math >-----------
[INFO] Building Max Quest: Max Blast Champions Model data 1.0.0-SNAPSHOT [8/11]
[INFO]   from games/bg_maxblastchampions-math/pom.xml
[INFO] --------------------------------[ jar ]---------------------------------
[INFO] 
[INFO] --- resources:3.0.2:resources (default-resources) @ bg_maxblastchampions-math ---
[INFO] Using 'UTF-8' encoding to copy filtered resources.
[INFO] skip non existing resourceDirectory /Users/alexb/Documents/Dev/Dev_new/mp-server/games/bg_maxblastchampions-math/src/main/resources
[INFO] 
[INFO] --- compiler:3.6.0:compile (default-compile) @ bg_maxblastchampions-math ---
[INFO] Nothing to compile - all classes are up to date
[INFO] 
[INFO] --- resources:3.0.2:testResources (default-testResources) @ bg_maxblastchampions-math ---
[INFO] Using 'UTF-8' encoding to copy filtered resources.
[INFO] skip non existing resourceDirectory /Users/alexb/Documents/Dev/Dev_new/mp-server/games/bg_maxblastchampions-math/src/test/resources
[INFO] 
[INFO] --- compiler:3.6.0:testCompile (default-testCompile) @ bg_maxblastchampions-math ---
[INFO] Nothing to compile - all classes are up to date
[INFO] 
[INFO] --- surefire:2.19.1:test (default-test) @ bg_maxblastchampions-math ---
[INFO] Tests are skipped.
[INFO] 
[INFO] --- jar:3.0.2:jar (default-jar) @ bg_maxblastchampions-math ---
[INFO] 
[INFO] -------------< com.betsoft.casino.mp:bg_maxblastchampions >-------------
[INFO] Building Max Quest: Max Blast Champions 1.0.0-SNAPSHOT            [9/11]
[INFO]   from games/bg_maxblastchampions/pom.xml
[INFO] --------------------------------[ jar ]---------------------------------
[INFO] 
[INFO] --- resources:3.0.2:resources (default-resources) @ bg_maxblastchampions ---
[INFO] Using 'UTF-8' encoding to copy filtered resources.
[INFO] skip non existing resourceDirectory /Users/alexb/Documents/Dev/Dev_new/mp-server/games/bg_maxblastchampions/src/main/resources
[INFO] 
[INFO] --- compiler:3.6.0:compile (default-compile) @ bg_maxblastchampions ---
[INFO] Nothing to compile - all classes are up to date
[INFO] 
[INFO] --- resources:3.0.2:testResources (default-testResources) @ bg_maxblastchampions ---
[INFO] Using 'UTF-8' encoding to copy filtered resources.
[INFO] Copying 1 resource
[INFO] 
[INFO] --- compiler:3.6.0:testCompile (default-testCompile) @ bg_maxblastchampions ---
[INFO] No sources to compile
[INFO] 
[INFO] --- surefire:2.19.1:test (default-test) @ bg_maxblastchampions ---
[INFO] Tests are skipped.
[INFO] 
[INFO] --- jar:3.0.2:jar (default-jar) @ bg_maxblastchampions ---
[INFO] 
[INFO] ---------------------< com.betsoft.casino.mp:core >---------------------
[INFO] Building Casino MP Games core 1.0.0-SNAPSHOT                     [10/11]
[INFO]   from core/pom.xml
[INFO] --------------------------------[ jar ]---------------------------------
[INFO] 
[INFO] --- resources:3.0.2:resources (default-resources) @ core ---
[INFO] Using 'UTF-8' encoding to copy filtered resources.
[INFO] Copying 28 resources
[INFO] 
[INFO] --- compiler:3.6.0:compile (default-compile) @ core ---
[INFO] Nothing to compile - all classes are up to date
[INFO] 
[INFO] --- resources:3.0.2:testResources (default-testResources) @ core ---
[INFO] Using 'UTF-8' encoding to copy filtered resources.
[INFO] skip non existing resourceDirectory /Users/alexb/Documents/Dev/Dev_new/mp-server/core/src/test/resources
[INFO] 
[INFO] --- compiler:3.6.0:testCompile (default-testCompile) @ core ---
[INFO] Nothing to compile - all classes are up to date
[INFO] 
[INFO] --- surefire:2.19.1:test (default-test) @ core ---
[INFO] Tests are skipped.
[INFO] 
[INFO] --- jar:3.0.2:jar (default-jar) @ core ---
[INFO] Building jar: /Users/alexb/Documents/Dev/Dev_new/mp-server/core/target/core-1.0.0-SNAPSHOT.jar
[INFO] 
[INFO] -----------------< com.betsoft.casino.mp:persistance >------------------
[INFO] Building Casino MP Games persistance layer 1.0.0-SNAPSHOT        [11/11]
[INFO]   from persistance/pom.xml
[INFO] --------------------------------[ jar ]---------------------------------
[INFO] 
[INFO] --- resources:3.0.2:resources (default-resources) @ persistance ---
[INFO] Using 'UTF-8' encoding to copy filtered resources.
[INFO] Copying 2 resources
[INFO] 
[INFO] --- compiler:3.6.0:compile (default-compile) @ persistance ---
[INFO] Nothing to compile - all classes are up to date
[INFO] 
[INFO] --- resources:3.0.2:testResources (default-testResources) @ persistance ---
[INFO] Using 'UTF-8' encoding to copy filtered resources.
[INFO] Copying 1 resource
[INFO] 
[INFO] --- compiler:3.6.0:testCompile (default-testCompile) @ persistance ---
[INFO] No sources to compile
[INFO] 
[INFO] --- surefire:2.19.1:test (default-test) @ persistance ---
[INFO] Tests are skipped.
[INFO] 
[INFO] --- jar:3.0.2:jar (default-jar) @ persistance ---
[INFO] Building jar: /Users/alexb/Documents/Dev/Dev_new/mp-server/persistance/target/persistance-1.0.0-SNAPSHOT.jar
[INFO] ------------------------------------------------------------------------
[INFO] Reactor Summary:
[INFO] 
[INFO] Tektosyne 6.0.1-BSG ................................ SUCCESS [  2.014 s]
[INFO] mp-casino 1.0.0-SNAPSHOT ........................... SUCCESS [  0.000 s]
[INFO] Casino MP Games core interfaces 1.0.0-SNAPSHOT ..... SUCCESS [  0.737 s]
[INFO] Casino MP Games 1.0.0-SNAPSHOT ..................... SUCCESS [  0.001 s]
[INFO] MP Common Games 1.0.0-SNAPSHOT ..................... SUCCESS [  1.102 s]
[INFO] Max Quest: Crash. Math model 1.0.0-SNAPSHOT ........ SUCCESS [  0.031 s]
[INFO] Max Quest: Crash 1.0.0-SNAPSHOT .................... SUCCESS [  0.055 s]
[INFO] Max Quest: Max Blast Champions Model data 1.0.0-SNAPSHOT SUCCESS [  0.034 s]
[INFO] Max Quest: Max Blast Champions 1.0.0-SNAPSHOT ...... SUCCESS [  0.031 s]
[INFO] Casino MP Games core 1.0.0-SNAPSHOT ................ SUCCESS [  0.341 s]
[INFO] Casino MP Games persistance layer 1.0.0-SNAPSHOT ... SUCCESS [  0.301 s]
[INFO] ------------------------------------------------------------------------
[INFO] BUILD SUCCESS
[INFO] ------------------------------------------------------------------------
[INFO] Total time:  4.951 s
[INFO] Finished at: 2026-02-27T00:39:09Z
[INFO] ------------------------------------------------------------------------
