timestamp_utc=2026-02-24T12:56:00Z
container=refactor-c1-refactor-1
table_list=/Users/alexb/Documents/Dev/Dev_new/docs/phase7/cassandra/critical-tables.txt
limit=1

== rcasinoscks.accountcf ==

 key   | jcn                                                                                                                                                                                                                                                                                                                                                                                                                                                                                                                                                                                                                                                                                                                                                         | scn
-------+-------------------------------------------------------------------------------------------------------------------------------------------------------------------------------------------------------------------------------------------------------------------------------------------------------------------------------------------------------------------------------------------------------------------------------------------------------------------------------------------------------------------------------------------------------------------------------------------------------------------------------------------------------------------------------------------------------------------------------------------------------------+--------------------------------------------------------------------------------------------------------------------------------------------------------------------------------------------------------------------------------------------------------
 40962 | {"id":40962,"nickName":"bav_game_session_001","externalId":"bav_game_session_001","bankId":6274,"subCasinoId":507,"balance":65754,"freeBalance":0,"guest":false,"locked":false,"registerTime":1770713766126,"lastLoginTime":1771508772615,"currency":{"code":"USD","symbol":"$","basicCurrency":null,"minimalFraction":null},"currentGameServer":1,"finsoftSessionId":null,"smartLiveOperator":null,"accountUseId":null,"agentId":null,"email":null,"firstName":null,"lastName":null,"password":null,"sessionKey":null,"gameSettings":null,"frbMassAwardIdsList":null,"bonusMassAwardIdsList":null,"countryCode":"US","sendNewsletters":false,"lastActivityTime":1770713766126,"testUser":true,"unjContributionFractionalPart":0.0,"currencyFraction":null} | 0x0382c0026261765f67616d655f73657373696f6e5f3030b16261765f67616d655f73657373696f6e5f3030b1823101fb00000000000100da00000000000000000000eeb18fb6c43387de9ab1c73301000000015553c4822480800180800080808080808000808055d300eeb18fb6c43301000000000000000000

(1 rows)
status=PASS

== rcasinoscks.accountcf_ext ==

 bankid | extid                | accountid
--------+----------------------+-----------
   6274 | bav_game_session_001 |     40962

(1 rows)
status=PASS

== rcasinoscks.frbonuscf ==

 frbonusid | expdate       | extfrbonusid                    | jcn                                                                                                                                                                                                                                                                                                                                                                                                                                                                                      | scn
-----------+---------------+---------------------------------+------------------------------------------------------------------------------------------------------------------------------------------------------------------------------------------------------------------------------------------------------------------------------------------------------------------------------------------------------------------------------------------------------------------------------------------------------------------------------------------+--------------------------------------------------------------------------------------------------------------------------------------------------------------------
    204807 | 1774051200000 | 6274+CM-FRB-1771505308909-83450 | {"id":204807,"accountId":40962,"bankId":6274,"extId":"CM-FRB-1771505308909-83450","description":null,"comment":null,"gameIds":"838","betSum":0,"timeAwarded":1771505308978,"endTime":null,"status":"ACTIVE","internal":false,"massAwardId":null,"lastUpdateDate":0,"roundsLeft":5,"rounds":5,"winSum":0,"startDate":1771505280000,"expirationDate":1774137540000,"dateOfFirstUse":null,"freeRoundValidity":null,"frbTableRoundChips":10,"version":0,"coinValue":null,"maxWinLimit":null} | 0x0387c00c82c0028231434d2d4652422d313737313530353330383930392d38333435b080803833b800b2aac7afc733004143544956c50000000505000180908bdf8e6701c0f6b3ada26700000a000000

(1 rows)
status=PASS

== rcasinoscks.paymenttransactioncf2 ==

 bucket | startdate | key | extid | jcn | scn | transactionid
--------+-----------+-----+-------+-----+-----+---------------


(0 rows)
status=PASS

== rcasinoks.gamesessioncf ==

 gsid   | accid | bcr | bets | bid  | bonst | bonus | bonusbet | bonuswin | cltype | contribjp | contribjp_json                 | curr | day           | dblupi | dblupp | dbluprc | enbbalance | enterdate | et            | extid                | fraction | frbonst | frbonus | gameid | income | lang | lbid | mdl  | nb | nextid | payout | pcr | previd | promoids | rc | real | st            | stbalance | stbbalance | unjid | unjsc | unjsw
--------+-------+-----+------+------+-------+-------+----------+----------+--------+-----------+--------------------------------+------+---------------+--------+--------+---------+------------+-----------+---------------+----------------------+----------+---------+---------+--------+--------+------+------+------+----+--------+--------+-----+--------+----------+----+------+---------------+-----------+------------+-------+-------+-------
 204802 | 40962 |   0 |    0 | 6274 |  null |    -1 |        0 |        0 |  FLASH |      0x00 | {"_class":"java.util.HashMap"} |  USD | 1770854399999 |      0 |      0 |       0 |          0 |        -1 | 1770808015302 | bav_game_session_001 |     null |    null |      -1 |    838 |      0 | null |    0 | null |  0 | 204803 |      0 |   0 | 122882 |     null |  0 | True | 1770806987737 |    100000 |          0 |  null |     0 |     0

(1 rows)
status=PASS

summary_status=READY
summary_pass=5
summary_fail=0
