[INFO] Scanning for projects...
[INFO] 
[INFO] -----------------< com.dgphoenix.casino:gsn-common-gs >-----------------
[INFO] Building gsn-common-gs 1.0
[INFO]   from pom.xml
[INFO] --------------------------------[ jar ]---------------------------------
[INFO] 
[INFO] --- dependency:2.8:copy (default) @ gsn-common-gs ---
[INFO] Configured Artifact: javax.xml.bind:jaxb-api:2.2.7:jar
[INFO] Configured Artifact: javax.xml.ws:jaxws-api:2.2.9:jar
[INFO] javax.xml.bind:jaxb-api:2.2.7:jar already exists in /Users/alexb/Documents/Dev/Dev_new/gs-server/game-server/common-gs/target/endorsed
[INFO] javax.xml.ws:jaxws-api:2.2.9:jar already exists in /Users/alexb/Documents/Dev/Dev_new/gs-server/game-server/common-gs/target/endorsed
[INFO] 
[INFO] --- enforcer:3.0.0-M1:enforce (enforce-banned-dependencies) @ gsn-common-gs ---
[INFO] 
[INFO] --- properties:1.0.0:read-project-properties (default) @ gsn-common-gs ---
[INFO] 
[INFO] --- resources:3.1.0:resources (default-resources) @ gsn-common-gs ---
[INFO] Using 'UTF-8' encoding to copy filtered resources.
[INFO] Copying 5 resources
[INFO] 
[INFO] --- compiler:2.5.1:compile (default-compile) @ gsn-common-gs ---
[INFO] Compiling 368 source files to /Users/alexb/Documents/Dev/Dev_new/gs-server/game-server/common-gs/target/classes
[INFO] 
[INFO] --- compiler:2.5.1:compile (compile-generated-sources) @ gsn-common-gs ---
[INFO] Compiling 368 source files to /Users/alexb/Documents/Dev/Dev_new/gs-server/game-server/common-gs/target/classes
[INFO] 
[INFO] --- resources:3.1.0:testResources (default-testResources) @ gsn-common-gs ---
[INFO] Using 'UTF-8' encoding to copy filtered resources.
[INFO] Copying 22 resources
[INFO] 
[INFO] --- compiler:2.5.1:testCompile (default-testCompile) @ gsn-common-gs ---
[INFO] Compiling 16 source files to /Users/alexb/Documents/Dev/Dev_new/gs-server/game-server/common-gs/target/test-classes
[INFO] -------------------------------------------------------------
[ERROR] COMPILATION ERROR : 
[INFO] -------------------------------------------------------------
[ERROR] /Users/alexb/Documents/Dev/Dev_new/gs-server/game-server/common-gs/src/test/java/com/dgphoenix/casino/GeoIpTest.java:[8,12] error: cannot find symbol
[ERROR]   symbol:   class GeoIp
  location: class GeoIpTest
/Users/alexb/Documents/Dev/Dev_new/gs-server/game-server/common-gs/src/test/java/com/dgphoenix/casino/gs/managers/payment/bonus/CreationBonusHelperTest.java:[46,12] error: cannot find symbol
[ERROR]   symbol:   class CreationBonusHelper
  location: class CreationBonusHelperTest
/Users/alexb/Documents/Dev/Dev_new/gs-server/game-server/common-gs/src/test/java/com/dgphoenix/casino/gs/socket/mq/MQServiceHandlerTest.java:[29,12] error: cannot find symbol
[ERROR]   symbol:   class TournamentBuyInHelper
  location: class MQServiceHandlerTest
/Users/alexb/Documents/Dev/Dev_new/gs-server/game-server/common-gs/src/test/java/com/dgphoenix/casino/gs/socket/mq/MQServiceHandlerTest.java:[38,12] error: cannot find symbol
[ERROR]   symbol:   class MQServiceHandler
  location: class MQServiceHandlerTest
/Users/alexb/Documents/Dev/Dev_new/gs-server/game-server/common-gs/src/test/java/com/dgphoenix/casino/gs/managers/payment/currency/CurrencyManagerTest.java:[33,12] error: cannot find symbol
[ERROR]   symbol:   class CurrencyRatesManager
  location: class CurrencyManagerTest
/Users/alexb/Documents/Dev/Dev_new/gs-server/game-server/common-gs/src/test/java/com/dgphoenix/casino/gs/managers/payment/currency/CurrencyManagerTest.java:[46,12] error: cannot find symbol
[INFO] 6 errors 
[INFO] -------------------------------------------------------------
[INFO] ------------------------------------------------------------------------
[INFO] BUILD FAILURE
[INFO] ------------------------------------------------------------------------
[INFO] Total time:  36.035 s
[INFO] Finished at: 2026-02-27T17:28:54Z
[INFO] ------------------------------------------------------------------------
[ERROR] Failed to execute goal org.apache.maven.plugins:maven-compiler-plugin:2.5.1:testCompile (default-testCompile) on project gsn-common-gs: Compilation failure: Compilation failure: 
[ERROR] /Users/alexb/Documents/Dev/Dev_new/gs-server/game-server/common-gs/src/test/java/com/dgphoenix/casino/GeoIpTest.java:[8,12] error: cannot find symbol
[ERROR]   symbol:   class GeoIp
[ERROR]   location: class GeoIpTest
[ERROR] /Users/alexb/Documents/Dev/Dev_new/gs-server/game-server/common-gs/src/test/java/com/dgphoenix/casino/gs/managers/payment/bonus/CreationBonusHelperTest.java:[46,12] error: cannot find symbol
[ERROR]   symbol:   class CreationBonusHelper
[ERROR]   location: class CreationBonusHelperTest
[ERROR] /Users/alexb/Documents/Dev/Dev_new/gs-server/game-server/common-gs/src/test/java/com/dgphoenix/casino/gs/socket/mq/MQServiceHandlerTest.java:[29,12] error: cannot find symbol
[ERROR]   symbol:   class TournamentBuyInHelper
[ERROR]   location: class MQServiceHandlerTest
[ERROR] /Users/alexb/Documents/Dev/Dev_new/gs-server/game-server/common-gs/src/test/java/com/dgphoenix/casino/gs/socket/mq/MQServiceHandlerTest.java:[38,12] error: cannot find symbol
[ERROR]   symbol:   class MQServiceHandler
[ERROR]   location: class MQServiceHandlerTest
[ERROR] /Users/alexb/Documents/Dev/Dev_new/gs-server/game-server/common-gs/src/test/java/com/dgphoenix/casino/gs/managers/payment/currency/CurrencyManagerTest.java:[33,12] error: cannot find symbol
[ERROR]   symbol:   class CurrencyRatesManager
[ERROR]   location: class CurrencyManagerTest
[ERROR] /Users/alexb/Documents/Dev/Dev_new/gs-server/game-server/common-gs/src/test/java/com/dgphoenix/casino/gs/managers/payment/currency/CurrencyManagerTest.java:[46,12] error: cannot find symbol
[ERROR] -> [Help 1]
[ERROR] 
[ERROR] To see the full stack trace of the errors, re-run Maven with the -e switch.
[ERROR] Re-run Maven using the -X switch to enable full debug logging.
[ERROR] 
[ERROR] For more information about the errors and possible solutions, please read the following articles:
[ERROR] [Help 1] http://cwiki.apache.org/confluence/display/MAVEN/MojoFailureException
