[INFO] Scanning for projects...
[INFO] 
[INFO] -----------------< com.dgphoenix.casino:common-wallet >-----------------
[INFO] Building common-wallet 1.0.67
[INFO]   from pom.xml
[INFO] --------------------------------[ jar ]---------------------------------
[INFO] 
[INFO] --- enforcer:3.0.0-M1:enforce (enforce-banned-dependencies) @ common-wallet ---
[INFO] 
[INFO] --- resources:3.3.1:resources (default-resources) @ common-wallet ---
[INFO] skip non existing resourceDirectory /Users/alexb/Documents/Dev/Dev_new/gs-server/common-wallet/src/main/resources
[INFO] 
[INFO] --- compiler:2.5.1:compile (default-compile) @ common-wallet ---
[INFO] Compiling 11 source files to /Users/alexb/Documents/Dev/Dev_new/gs-server/common-wallet/target/classes
[INFO] 
[INFO] --- resources:3.3.1:testResources (default-testResources) @ common-wallet ---
[INFO] Copying 108 resources from src/test/resources to target/test-classes
[INFO] 
[INFO] --- compiler:2.5.1:testCompile (default-testCompile) @ common-wallet ---
[INFO] Compiling 4 source files to /Users/alexb/Documents/Dev/Dev_new/gs-server/common-wallet/target/test-classes
[INFO] -------------------------------------------------------------
[ERROR] COMPILATION ERROR : 
[INFO] -------------------------------------------------------------
[ERROR] /Users/alexb/Documents/Dev/Dev_new/gs-server/common-wallet/src/test/java/com/dgphoenix/casino/payment/wallet/client/v4/CanexCWClientTest.java:[49,17] error: CanexCWClient(long,CustomRestTemplate) has protected access in CanexCWClient
[ERROR] /Users/alexb/Documents/Dev/Dev_new/gs-server/common-wallet/src/test/java/com/dgphoenix/casino/payment/wallet/client/v4/CanexCWClientTest.java:[55,32] error: REQUEST_TYPE has protected access in CanexCWClient
[ERROR] /Users/alexb/Documents/Dev/Dev_new/gs-server/common-wallet/src/test/java/com/dgphoenix/casino/payment/wallet/client/v4/CanexCWClientTest.java:[56,14] error: doRequest(Map<String,String>,String,long,long) has protected access in CanexCWClient
[INFO] 3 errors 
[INFO] -------------------------------------------------------------
[INFO] ------------------------------------------------------------------------
[INFO] BUILD FAILURE
[INFO] ------------------------------------------------------------------------
[INFO] Total time:  3.355 s
[INFO] Finished at: 2026-02-27T17:26:10Z
[INFO] ------------------------------------------------------------------------
[ERROR] Failed to execute goal org.apache.maven.plugins:maven-compiler-plugin:2.5.1:testCompile (default-testCompile) on project common-wallet: Compilation failure: Compilation failure: 
[ERROR] /Users/alexb/Documents/Dev/Dev_new/gs-server/common-wallet/src/test/java/com/dgphoenix/casino/payment/wallet/client/v4/CanexCWClientTest.java:[49,17] error: CanexCWClient(long,CustomRestTemplate) has protected access in CanexCWClient
[ERROR] /Users/alexb/Documents/Dev/Dev_new/gs-server/common-wallet/src/test/java/com/dgphoenix/casino/payment/wallet/client/v4/CanexCWClientTest.java:[55,32] error: REQUEST_TYPE has protected access in CanexCWClient
[ERROR] /Users/alexb/Documents/Dev/Dev_new/gs-server/common-wallet/src/test/java/com/dgphoenix/casino/payment/wallet/client/v4/CanexCWClientTest.java:[56,14] error: doRequest(Map<String,String>,String,long,long) has protected access in CanexCWClient
[ERROR] -> [Help 1]
[ERROR] 
[ERROR] To see the full stack trace of the errors, re-run Maven with the -e switch.
[ERROR] Re-run Maven using the -X switch to enable full debug logging.
[ERROR] 
[ERROR] For more information about the errors and possible solutions, please read the following articles:
[ERROR] [Help 1] http://cwiki.apache.org/confluence/display/MAVEN/MojoFailureException
