[INFO] Scanning for projects...
[INFO] 
[INFO] -----------------< com.dgphoenix.casino:gsn-common-gs >-----------------
[INFO] Building gsn-common-gs 1.0
[INFO]   from pom.xml
[INFO] --------------------------------[ jar ]---------------------------------
[INFO] 
[INFO] --- dependency:2.8:copy (default) @ gsn-common-gs ---
[INFO] Configured Artifact: javax.xml.bind:jaxb-api:2.2.7:jar
[INFO] Configured Artifact: javax.xml.ws:jaxws-api:2.2.9:jar
[INFO] javax.xml.bind:jaxb-api:2.2.7:jar already exists in /Users/alexb/Documents/Dev/Dev_new/gs-server/game-server/common-gs/target/endorsed
[INFO] javax.xml.ws:jaxws-api:2.2.9:jar already exists in /Users/alexb/Documents/Dev/Dev_new/gs-server/game-server/common-gs/target/endorsed
[INFO] 
[INFO] --- enforcer:3.0.0-M1:enforce (enforce-banned-dependencies) @ gsn-common-gs ---
[INFO] 
[INFO] --- properties:1.0.0:read-project-properties (default) @ gsn-common-gs ---
[INFO] 
[INFO] --- resources:3.1.0:resources (default-resources) @ gsn-common-gs ---
[INFO] Using 'UTF-8' encoding to copy filtered resources.
[INFO] Copying 5 resources
[INFO] 
[INFO] --- compiler:2.5.1:compile (default-compile) @ gsn-common-gs ---
[INFO] Compiling 15 source files to /Users/alexb/Documents/Dev/Dev_new/gs-server/game-server/common-gs/target/classes
[INFO] -------------------------------------------------------------
[ERROR] COMPILATION ERROR : 
[INFO] -------------------------------------------------------------
[ERROR] /Users/alexb/Documents/Dev/Dev_new/gs-server/game-server/common-gs/src/main/java/com/dgphoenix/casino/transactiondata/BasicTransactionDataStorageHelper.java:[30,0] error: cannot find symbol
[ERROR]   symbol:   static PROTOCOL_VERSION
  location: class
/Users/alexb/Documents/Dev/Dev_new/gs-server/game-server/common-gs/src/main/java/com/dgphoenix/casino/gs/socket/mq/MQServiceHandler.java:[2092,93] error: incompatible types: com.dgphoenix.casino.common.client.canex.request.onlineplayer.GetOnlinePlayersResponse cannot be converted to com.abs.casino.common.client.canex.request.onlineplayer.GetOnlinePlayersResponse
[ERROR] /Users/alexb/Documents/Dev/Dev_new/gs-server/game-server/common-gs/src/main/java/com/dgphoenix/casino/transactiondata/BasicTransactionDataStorageHelper.java:[240,53] error: cannot find symbol
[ERROR]   symbol:   variable PROTOCOL_VERSION
  location: class BasicTransactionDataStorageHelper.CassandraSerializeHelper<T>
  where T is a type-variable:
    T extends Object declared in class BasicTransactionDataStorageHelper.CassandraSerializeHelper
/Users/alexb/Documents/Dev/Dev_new/gs-server/game-server/common-gs/src/main/java/com/dgphoenix/casino/transactiondata/BasicTransactionDataStorageHelper.java:[245,88] error: cannot find symbol
[INFO] 4 errors 
[INFO] -------------------------------------------------------------
[INFO] ------------------------------------------------------------------------
[INFO] BUILD FAILURE
[INFO] ------------------------------------------------------------------------
[INFO] Total time:  4.558 s
[INFO] Finished at: 2026-02-26T09:42:25Z
[INFO] ------------------------------------------------------------------------
[ERROR] Failed to execute goal org.apache.maven.plugins:maven-compiler-plugin:2.5.1:compile (default-compile) on project gsn-common-gs: Compilation failure: Compilation failure: 
[ERROR] /Users/alexb/Documents/Dev/Dev_new/gs-server/game-server/common-gs/src/main/java/com/dgphoenix/casino/transactiondata/BasicTransactionDataStorageHelper.java:[30,0] error: cannot find symbol
[ERROR]   symbol:   static PROTOCOL_VERSION
[ERROR]   location: class
[ERROR] /Users/alexb/Documents/Dev/Dev_new/gs-server/game-server/common-gs/src/main/java/com/dgphoenix/casino/gs/socket/mq/MQServiceHandler.java:[2092,93] error: incompatible types: com.dgphoenix.casino.common.client.canex.request.onlineplayer.GetOnlinePlayersResponse cannot be converted to com.abs.casino.common.client.canex.request.onlineplayer.GetOnlinePlayersResponse
[ERROR] /Users/alexb/Documents/Dev/Dev_new/gs-server/game-server/common-gs/src/main/java/com/dgphoenix/casino/transactiondata/BasicTransactionDataStorageHelper.java:[240,53] error: cannot find symbol
[ERROR]   symbol:   variable PROTOCOL_VERSION
[ERROR]   location: class BasicTransactionDataStorageHelper.CassandraSerializeHelper<T>
[ERROR]   where T is a type-variable:
[ERROR]     T extends Object declared in class BasicTransactionDataStorageHelper.CassandraSerializeHelper
[ERROR] /Users/alexb/Documents/Dev/Dev_new/gs-server/game-server/common-gs/src/main/java/com/dgphoenix/casino/transactiondata/BasicTransactionDataStorageHelper.java:[245,88] error: cannot find symbol
[ERROR] -> [Help 1]
[ERROR] 
[ERROR] To see the full stack trace of the errors, re-run Maven with the -e switch.
[ERROR] Re-run Maven using the -X switch to enable full debug logging.
[ERROR] 
[ERROR] For more information about the errors and possible solutions, please read the following articles:
[ERROR] [Help 1] http://cwiki.apache.org/confluence/display/MAVEN/MojoFailureException
