[2026-02-28T13:26:05Z] START STEP01
[2026-02-28T13:26:05Z] START STEP01
[2026-02-28T13:26:05Z] DIR gs-server/common
[2026-02-28T13:26:05Z] DIR gs-server/common
[2026-02-28T13:26:05Z] CMD mvn -DskipTests install
[2026-02-28T13:26:05Z] CMD mvn -DskipTests install
[INFO] Scanning for projects...
[INFO] 
[INFO] ------------------< com.dgphoenix.casino:gsn-common >-------------------
[INFO] Building gsn-common 1.0-SNAPSHOT
[INFO]   from pom.xml
[INFO] --------------------------------[ jar ]---------------------------------
[INFO] 
[INFO] --- enforcer:3.0.0-M1:enforce (enforce-banned-dependencies) @ gsn-common ---
[INFO] 
[INFO] --- resources:3.3.1:resources (default-resources) @ gsn-common ---
[INFO] Copying 58 resources from src/main/resources to target/classes
[INFO] 
[INFO] --- compiler:2.5.1:compile (default-compile) @ gsn-common ---
[INFO] Compiling 237 source files to /Users/alexb/Documents/Dev/Dev_new/gs-server/common/target/classes
[INFO] -------------------------------------------------------------
[ERROR] COMPILATION ERROR : 
[INFO] -------------------------------------------------------------
[ERROR] /Users/alexb/Documents/Dev/Dev_new/gs-server/common/src/main/java/com/dgphoenix/casino/common/cache/data/bonus/PromoBonus.java:[4,33] error: cannot find symbol
[ERROR]   symbol:   class ConcurrentHashSet
  location: package com.abs.casino.common.util
/Users/alexb/Documents/Dev/Dev_new/gs-server/common/src/main/java/com/dgphoenix/casino/common/exception/WalletException.java:[4,48] error: cannot find symbol
[ERROR]   symbol:   class CWError
  location: package com.abs.casino.gs.managers.payment.wallet
/Users/alexb/Documents/Dev/Dev_new/gs-server/common/src/main/java/com/dgphoenix/casino/common/exception/WalletException.java:[14,12] error: cannot find symbol
[ERROR]   symbol:   class CWError
  location: class WalletException
/Users/alexb/Documents/Dev/Dev_new/gs-server/common/src/main/java/com/dgphoenix/casino/common/exception/WalletException.java:[38,74] error: cannot find symbol
[ERROR]   symbol:   class CWError
  location: class WalletException
/Users/alexb/Documents/Dev/Dev_new/gs-server/common/src/main/java/com/dgphoenix/casino/common/exception/WalletException.java:[51,27] error: cannot find symbol
[ERROR]   symbol:   class CWError
  location: class WalletException
/Users/alexb/Documents/Dev/Dev_new/gs-server/common/src/main/java/com/dgphoenix/casino/common/exception/WalletException.java:[88,11] error: cannot find symbol
[INFO] 6 errors 
[INFO] -------------------------------------------------------------
[INFO] ------------------------------------------------------------------------
[INFO] BUILD FAILURE
[INFO] ------------------------------------------------------------------------
[INFO] Total time:  2.513 s
[INFO] Finished at: 2026-02-28T13:26:09Z
[INFO] ------------------------------------------------------------------------
[ERROR] Failed to execute goal org.apache.maven.plugins:maven-compiler-plugin:2.5.1:compile (default-compile) on project gsn-common: Compilation failure: Compilation failure: 
[ERROR] /Users/alexb/Documents/Dev/Dev_new/gs-server/common/src/main/java/com/dgphoenix/casino/common/cache/data/bonus/PromoBonus.java:[4,33] error: cannot find symbol
[ERROR]   symbol:   class ConcurrentHashSet
[ERROR]   location: package com.abs.casino.common.util
[ERROR] /Users/alexb/Documents/Dev/Dev_new/gs-server/common/src/main/java/com/dgphoenix/casino/common/exception/WalletException.java:[4,48] error: cannot find symbol
[ERROR]   symbol:   class CWError
[ERROR]   location: package com.abs.casino.gs.managers.payment.wallet
[ERROR] /Users/alexb/Documents/Dev/Dev_new/gs-server/common/src/main/java/com/dgphoenix/casino/common/exception/WalletException.java:[14,12] error: cannot find symbol
[ERROR]   symbol:   class CWError
[ERROR]   location: class WalletException
[ERROR] /Users/alexb/Documents/Dev/Dev_new/gs-server/common/src/main/java/com/dgphoenix/casino/common/exception/WalletException.java:[38,74] error: cannot find symbol
[ERROR]   symbol:   class CWError
[ERROR]   location: class WalletException
[ERROR] /Users/alexb/Documents/Dev/Dev_new/gs-server/common/src/main/java/com/dgphoenix/casino/common/exception/WalletException.java:[51,27] error: cannot find symbol
[ERROR]   symbol:   class CWError
[ERROR]   location: class WalletException
[ERROR] /Users/alexb/Documents/Dev/Dev_new/gs-server/common/src/main/java/com/dgphoenix/casino/common/exception/WalletException.java:[88,11] error: cannot find symbol
[ERROR] -> [Help 1]
[ERROR] 
[ERROR] To see the full stack trace of the errors, re-run Maven with the -e switch.
[ERROR] Re-run Maven using the -X switch to enable full debug logging.
[ERROR] 
[ERROR] For more information about the errors and possible solutions, please read the following articles:
[ERROR] [Help 1] http://cwiki.apache.org/confluence/display/MAVEN/MojoFailureException
[2026-02-28T13:26:09Z] FAIL STEP01 rc=1
[2026-02-28T13:26:09Z] FAIL STEP01 rc=1
