[2026-02-28T10:59:03Z] START STEP01
[2026-02-28T10:59:03Z] START STEP01
[2026-02-28T10:59:03Z] DIR gs-server/common
[2026-02-28T10:59:03Z] DIR gs-server/common
[2026-02-28T10:59:03Z] CMD mvn -DskipTests install
[2026-02-28T10:59:03Z] CMD mvn -DskipTests install
[INFO] Scanning for projects...
[INFO] 
[INFO] ------------------< com.dgphoenix.casino:gsn-common >-------------------
[INFO] Building gsn-common 1.0-SNAPSHOT
[INFO]   from pom.xml
[INFO] --------------------------------[ jar ]---------------------------------
[INFO] 
[INFO] --- enforcer:3.0.0-M1:enforce (enforce-banned-dependencies) @ gsn-common ---
[INFO] 
[INFO] --- resources:3.3.1:resources (default-resources) @ gsn-common ---
[INFO] Copying 58 resources from src/main/resources to target/classes
[INFO] 
[INFO] --- compiler:2.5.1:compile (default-compile) @ gsn-common ---
[INFO] Compiling 228 source files to /Users/alexb/Documents/Dev/Dev_new/gs-server/common/target/classes
[INFO] -------------------------------------------------------------
[ERROR] COMPILATION ERROR : 
[INFO] -------------------------------------------------------------
[ERROR] /Users/alexb/Documents/Dev/Dev_new/gs-server/common/src/main/java/com/dgphoenix/casino/common/cache/data/payment/AbstractWalletOperation.java:[12,57] error: cannot find symbol
[ERROR]   symbol: class IWalletOperation
/Users/alexb/Documents/Dev/Dev_new/gs-server/common/src/main/java/com/dgphoenix/casino/common/cache/data/payment/WalletOperationInfo.java:[26,12] error: cannot find symbol
[ERROR]   symbol:   class WalletOperationType
  location: class WalletOperationInfo
/Users/alexb/Documents/Dev/Dev_new/gs-server/common/src/main/java/com/dgphoenix/casino/common/cache/data/payment/WalletOperationInfo.java:[27,12] error: cannot find symbol
[ERROR]   symbol:   class WalletOperationStatus
  location: class WalletOperationInfo
/Users/alexb/Documents/Dev/Dev_new/gs-server/common/src/main/java/com/dgphoenix/casino/common/cache/data/payment/WalletOperationInfo.java:[28,12] error: cannot find symbol
[ERROR]   symbol:   class WalletOperationStatus
  location: class WalletOperationInfo
/Users/alexb/Documents/Dev/Dev_new/gs-server/common/src/main/java/com/dgphoenix/casino/common/cache/data/payment/WalletOperationInfo.java:[42,31] error: cannot find symbol
[ERROR]   symbol:   class WalletOperationType
  location: class WalletOperationInfo
/Users/alexb/Documents/Dev/Dev_new/gs-server/common/src/main/java/com/dgphoenix/casino/common/cache/data/payment/WalletOperationInfo.java:[43,31] error: cannot find symbol
[ERROR]   symbol:   class WalletOperationStatus
  location: class WalletOperationInfo
/Users/alexb/Documents/Dev/Dev_new/gs-server/common/src/main/java/com/dgphoenix/casino/common/cache/data/payment/WalletOperationInfo.java:[44,31] error: cannot find symbol
[ERROR]   symbol:   class WalletOperationStatus
  location: class WalletOperationInfo
/Users/alexb/Documents/Dev/Dev_new/gs-server/common/src/main/java/com/dgphoenix/casino/common/cache/data/payment/WalletOperationInfo.java:[153,11] error: cannot find symbol
[ERROR]   symbol:   class WalletOperationType
  location: class WalletOperationInfo
/Users/alexb/Documents/Dev/Dev_new/gs-server/common/src/main/java/com/dgphoenix/casino/common/cache/data/payment/WalletOperationInfo.java:[157,24] error: cannot find symbol
[ERROR]   symbol:   class WalletOperationType
  location: class WalletOperationInfo
/Users/alexb/Documents/Dev/Dev_new/gs-server/common/src/main/java/com/dgphoenix/casino/common/cache/data/payment/WalletOperationInfo.java:[161,11] error: cannot find symbol
[ERROR]   symbol:   class WalletOperationStatus
  location: class WalletOperationInfo
/Users/alexb/Documents/Dev/Dev_new/gs-server/common/src/main/java/com/dgphoenix/casino/common/cache/data/payment/WalletOperationInfo.java:[165,34] error: cannot find symbol
[ERROR]   symbol:   class WalletOperationStatus
  location: class WalletOperationInfo
/Users/alexb/Documents/Dev/Dev_new/gs-server/common/src/main/java/com/dgphoenix/casino/common/cache/data/payment/WalletOperationInfo.java:[169,11] error: cannot find symbol
[ERROR]   symbol:   class WalletOperationStatus
  location: class WalletOperationInfo
/Users/alexb/Documents/Dev/Dev_new/gs-server/common/src/main/java/com/dgphoenix/casino/common/cache/data/payment/WalletOperationInfo.java:[173,34] error: cannot find symbol
[INFO] 13 errors 
[INFO] -------------------------------------------------------------
[INFO] ------------------------------------------------------------------------
[INFO] BUILD FAILURE
[INFO] ------------------------------------------------------------------------
[INFO] Total time:  2.500 s
[INFO] Finished at: 2026-02-28T10:59:07Z
[INFO] ------------------------------------------------------------------------
[ERROR] Failed to execute goal org.apache.maven.plugins:maven-compiler-plugin:2.5.1:compile (default-compile) on project gsn-common: Compilation failure: Compilation failure: 
[ERROR] /Users/alexb/Documents/Dev/Dev_new/gs-server/common/src/main/java/com/dgphoenix/casino/common/cache/data/payment/AbstractWalletOperation.java:[12,57] error: cannot find symbol
[ERROR]   symbol: class IWalletOperation
[ERROR] /Users/alexb/Documents/Dev/Dev_new/gs-server/common/src/main/java/com/dgphoenix/casino/common/cache/data/payment/WalletOperationInfo.java:[26,12] error: cannot find symbol
[ERROR]   symbol:   class WalletOperationType
[ERROR]   location: class WalletOperationInfo
[ERROR] /Users/alexb/Documents/Dev/Dev_new/gs-server/common/src/main/java/com/dgphoenix/casino/common/cache/data/payment/WalletOperationInfo.java:[27,12] error: cannot find symbol
[ERROR]   symbol:   class WalletOperationStatus
[ERROR]   location: class WalletOperationInfo
[ERROR] /Users/alexb/Documents/Dev/Dev_new/gs-server/common/src/main/java/com/dgphoenix/casino/common/cache/data/payment/WalletOperationInfo.java:[28,12] error: cannot find symbol
[ERROR]   symbol:   class WalletOperationStatus
[ERROR]   location: class WalletOperationInfo
[ERROR] /Users/alexb/Documents/Dev/Dev_new/gs-server/common/src/main/java/com/dgphoenix/casino/common/cache/data/payment/WalletOperationInfo.java:[42,31] error: cannot find symbol
[ERROR]   symbol:   class WalletOperationType
[ERROR]   location: class WalletOperationInfo
[ERROR] /Users/alexb/Documents/Dev/Dev_new/gs-server/common/src/main/java/com/dgphoenix/casino/common/cache/data/payment/WalletOperationInfo.java:[43,31] error: cannot find symbol
[ERROR]   symbol:   class WalletOperationStatus
[ERROR]   location: class WalletOperationInfo
[ERROR] /Users/alexb/Documents/Dev/Dev_new/gs-server/common/src/main/java/com/dgphoenix/casino/common/cache/data/payment/WalletOperationInfo.java:[44,31] error: cannot find symbol
[ERROR]   symbol:   class WalletOperationStatus
[ERROR]   location: class WalletOperationInfo
[ERROR] /Users/alexb/Documents/Dev/Dev_new/gs-server/common/src/main/java/com/dgphoenix/casino/common/cache/data/payment/WalletOperationInfo.java:[153,11] error: cannot find symbol
[ERROR]   symbol:   class WalletOperationType
[ERROR]   location: class WalletOperationInfo
[ERROR] /Users/alexb/Documents/Dev/Dev_new/gs-server/common/src/main/java/com/dgphoenix/casino/common/cache/data/payment/WalletOperationInfo.java:[157,24] error: cannot find symbol
[ERROR]   symbol:   class WalletOperationType
[ERROR]   location: class WalletOperationInfo
[ERROR] /Users/alexb/Documents/Dev/Dev_new/gs-server/common/src/main/java/com/dgphoenix/casino/common/cache/data/payment/WalletOperationInfo.java:[161,11] error: cannot find symbol
[ERROR]   symbol:   class WalletOperationStatus
[ERROR]   location: class WalletOperationInfo
[ERROR] /Users/alexb/Documents/Dev/Dev_new/gs-server/common/src/main/java/com/dgphoenix/casino/common/cache/data/payment/WalletOperationInfo.java:[165,34] error: cannot find symbol
[ERROR]   symbol:   class WalletOperationStatus
[ERROR]   location: class WalletOperationInfo
[ERROR] /Users/alexb/Documents/Dev/Dev_new/gs-server/common/src/main/java/com/dgphoenix/casino/common/cache/data/payment/WalletOperationInfo.java:[169,11] error: cannot find symbol
[ERROR]   symbol:   class WalletOperationStatus
[ERROR]   location: class WalletOperationInfo
[ERROR] /Users/alexb/Documents/Dev/Dev_new/gs-server/common/src/main/java/com/dgphoenix/casino/common/cache/data/payment/WalletOperationInfo.java:[173,34] error: cannot find symbol
[ERROR] -> [Help 1]
[ERROR] 
[ERROR] To see the full stack trace of the errors, re-run Maven with the -e switch.
[ERROR] Re-run Maven using the -X switch to enable full debug logging.
[ERROR] 
[ERROR] For more information about the errors and possible solutions, please read the following articles:
[ERROR] [Help 1] http://cwiki.apache.org/confluence/display/MAVEN/MojoFailureException
[2026-02-28T10:59:07Z] FAIL STEP01 rc=1
[2026-02-28T10:59:07Z] FAIL STEP01 rc=1
