[INFO] Scanning for projects...
[INFO] 
[INFO] -------------< com.dgphoenix.casino:gsn-cache-restricted >--------------
[INFO] Building gsn-cache-restricted 1.0-SNAPSHOT
[INFO]   from pom.xml
[INFO] --------------------------------[ jar ]---------------------------------
[INFO] 
[INFO] --- enforcer:3.0.0-M1:enforce (enforce-banned-dependencies) @ gsn-cache-restricted ---
[INFO] 
[INFO] --- resources:3.3.1:resources (default-resources) @ gsn-cache-restricted ---
[INFO] skip non existing resourceDirectory /Users/alexb/Documents/Dev/Dev_new/gs-server/cassandra-cache/cache/src/main/resources
[INFO] 
[INFO] --- compiler:2.5.1:compile (default-compile) @ gsn-cache-restricted ---
[INFO] Compiling 30 source files to /Users/alexb/Documents/Dev/Dev_new/gs-server/cassandra-cache/cache/target/classes
[INFO] -------------------------------------------------------------
[ERROR] COMPILATION ERROR : 
[INFO] -------------------------------------------------------------
[ERROR] /Users/alexb/Documents/Dev/Dev_new/gs-server/cassandra-cache/cache/src/main/java/com/dgphoenix/casino/cassandra/persist/engine/AbstractCassandraPersister.java:[3,52] error: cannot access ColumnIteratorCallback
[INFO] 1 error
[INFO] -------------------------------------------------------------
[INFO] ------------------------------------------------------------------------
[INFO] BUILD FAILURE
[INFO] ------------------------------------------------------------------------
[INFO] Total time:  1.114 s
[INFO] Finished at: 2026-03-01T09:33:04Z
[INFO] ------------------------------------------------------------------------
[ERROR] Failed to execute goal org.apache.maven.plugins:maven-compiler-plugin:2.5.1:compile (default-compile) on project gsn-cache-restricted: Compilation failure
[ERROR] /Users/alexb/Documents/Dev/Dev_new/gs-server/cassandra-cache/cache/src/main/java/com/dgphoenix/casino/cassandra/persist/engine/AbstractCassandraPersister.java:[3,52] error: cannot access ColumnIteratorCallback
[ERROR] 
[ERROR] -> [Help 1]
[ERROR] 
[ERROR] To see the full stack trace of the errors, re-run Maven with the -e switch.
[ERROR] Re-run Maven using the -X switch to enable full debug logging.
[ERROR] 
[ERROR] For more information about the errors and possible solutions, please read the following articles:
[ERROR] [Help 1] http://cwiki.apache.org/confluence/display/MAVEN/MojoFailureException
