[2026-03-01T11:11:54Z] START STEP01
[2026-03-01T11:11:54Z] DIR gs-server/common
[2026-03-01T11:11:54Z] START STEP01
[2026-03-01T11:11:54Z] DIR gs-server/common
[2026-03-01T11:11:55Z] CMD mvn -DskipTests install
[2026-03-01T11:11:55Z] CMD mvn -DskipTests install
[INFO] Scanning for projects...
[INFO] 
[INFO] ------------------< com.dgphoenix.casino:gsn-common >-------------------
[INFO] Building gsn-common 1.0-SNAPSHOT
[INFO]   from pom.xml
[INFO] --------------------------------[ jar ]---------------------------------
[INFO] 
[INFO] --- enforcer:3.0.0-M1:enforce (enforce-banned-dependencies) @ gsn-common ---
[INFO] 
[INFO] --- resources:3.3.1:resources (default-resources) @ gsn-common ---
[INFO] Copying 58 resources from src/main/resources to target/classes
[INFO] 
[INFO] --- compiler:2.5.1:compile (default-compile) @ gsn-common ---
[INFO] Compiling 342 source files to /Users/alexb/Documents/Dev/Dev_new/gs-server/common/target/classes
[INFO] 
[INFO] --- resources:3.3.1:testResources (default-testResources) @ gsn-common ---
[INFO] Copying 1 resource from src/test/resources to target/test-classes
[INFO] 
[INFO] --- compiler:2.5.1:testCompile (default-testCompile) @ gsn-common ---
[INFO] Nothing to compile - all classes are up to date
[INFO] 
[INFO] --- surefire:2.19.1:test (default-test) @ gsn-common ---
[INFO] Tests are skipped.
[INFO] 
[INFO] --- jar:2.6:jar (default-jar) @ gsn-common ---
[INFO] Building jar: /Users/alexb/Documents/Dev/Dev_new/gs-server/common/target/gsn-common-1.0-SNAPSHOT.jar
[INFO] 
[INFO] --- install:3.1.2:install (default-install) @ gsn-common ---
[INFO] Installing /Users/alexb/Documents/Dev/Dev_new/gs-server/common/pom.xml to /Users/alexb/.m2/repository/com/dgphoenix/casino/gsn-common/1.0-SNAPSHOT/gsn-common-1.0-SNAPSHOT.pom
[INFO] Installing /Users/alexb/Documents/Dev/Dev_new/gs-server/common/target/gsn-common-1.0-SNAPSHOT.jar to /Users/alexb/.m2/repository/com/dgphoenix/casino/gsn-common/1.0-SNAPSHOT/gsn-common-1.0-SNAPSHOT.jar
[INFO] ------------------------------------------------------------------------
[INFO] BUILD SUCCESS
[INFO] ------------------------------------------------------------------------
[INFO] Total time:  3.051 s
[INFO] Finished at: 2026-03-01T11:11:58Z
[INFO] ------------------------------------------------------------------------
[2026-03-01T11:11:58Z] PASS STEP01 rc=0
[2026-03-01T11:11:58Z] PASS STEP01 rc=0
[2026-03-01T11:11:58Z] START STEP02
[2026-03-01T11:11:58Z] START STEP02
[2026-03-01T11:11:58Z] DIR gs-server/common-wallet
[2026-03-01T11:11:58Z] DIR gs-server/common-wallet
[2026-03-01T11:11:58Z] CMD mvn -DskipTests install
[2026-03-01T11:11:58Z] CMD mvn -DskipTests install
[INFO] Scanning for projects...
[INFO] 
[INFO] -----------------< com.dgphoenix.casino:common-wallet >-----------------
[INFO] Building common-wallet 1.0.67
[INFO]   from pom.xml
[INFO] --------------------------------[ jar ]---------------------------------
[INFO] 
[INFO] --- enforcer:3.0.0-M1:enforce (enforce-banned-dependencies) @ common-wallet ---
[INFO] 
[INFO] --- resources:3.3.1:resources (default-resources) @ common-wallet ---
[INFO] skip non existing resourceDirectory /Users/alexb/Documents/Dev/Dev_new/gs-server/common-wallet/src/main/resources
[INFO] 
[INFO] --- compiler:2.5.1:compile (default-compile) @ common-wallet ---
[INFO] Compiling 13 source files to /Users/alexb/Documents/Dev/Dev_new/gs-server/common-wallet/target/classes
[INFO] -------------------------------------------------------------
[ERROR] COMPILATION ERROR : 
[INFO] -------------------------------------------------------------
[ERROR] /Users/alexb/Documents/Dev/Dev_new/gs-server/common-wallet/src/main/java/com/dgphoenix/casino/payment/wallet/client/v2/AbstractCWClient.java:[48,67] error: incompatible types: com.abs.casino.gs.managers.payment.wallet.CWError cannot be converted to com.dgphoenix.casino.gs.managers.payment.wallet.CWError
[ERROR] /Users/alexb/Documents/Dev/Dev_new/gs-server/common-wallet/src/main/java/com/dgphoenix/casino/payment/wallet/client/v2/RESTCWClient.java:[333,72] error: incompatible types: com.abs.casino.common.promo.PromoWinInfo cannot be converted to com.dgphoenix.casino.common.promo.PromoWinInfo
[ERROR] /Users/alexb/Documents/Dev/Dev_new/gs-server/common-wallet/src/main/java/com/dgphoenix/casino/payment/wallet/client/v3/RESTCWClient.java:[23,7] error: RESTCWClient is not abstract and does not override abstract method getExternalTransactionStatus(long,String,long,long,CommonWalletOperation) in ICommonWalletClient
[ERROR] /Users/alexb/Documents/Dev/Dev_new/gs-server/common-wallet/src/main/java/com/dgphoenix/casino/payment/wallet/client/v3/RESTCWClient.java:[75,4] error: method does not override or implement a method from a supertype
[ERROR] /Users/alexb/Documents/Dev/Dev_new/gs-server/common-wallet/src/main/java/com/dgphoenix/casino/payment/wallet/client/v3/RESTCWClient.java:[84,4] error: method does not override or implement a method from a supertype
[ERROR] /Users/alexb/Documents/Dev/Dev_new/gs-server/common-wallet/src/main/java/com/dgphoenix/casino/payment/wallet/client/v3/RESTCWClient.java:[202,4] error: method does not override or implement a method from a supertype
[ERROR] /Users/alexb/Documents/Dev/Dev_new/gs-server/common-wallet/src/main/java/com/dgphoenix/casino/payment/wallet/client/v3/RESTCWClient.java:[207,4] error: method does not override or implement a method from a supertype
[ERROR] /Users/alexb/Documents/Dev/Dev_new/gs-server/common-wallet/src/main/java/com/dgphoenix/casino/payment/wallet/client/v3/RESTCWClient.java:[240,43] error: reference to CLIENT_TYPE_PARAM is ambiguous
[ERROR]   both variable CLIENT_TYPE_PARAM in com.dgphoenix.casino.gs.managers.payment.wallet.v2.ICommonWalletClient and variable CLIENT_TYPE_PARAM in com.abs.casino.gs.managers.payment.wallet.v2.ICommonWalletClient match
/Users/alexb/Documents/Dev/Dev_new/gs-server/common-wallet/src/main/java/com/dgphoenix/casino/payment/wallet/client/v3/RESTCWClient.java:[244,23] error: reference to CLIENT_TYPE_PARAM is ambiguous
[ERROR]   both variable CLIENT_TYPE_PARAM in com.dgphoenix.casino.gs.managers.payment.wallet.v2.ICommonWalletClient and variable CLIENT_TYPE_PARAM in com.abs.casino.gs.managers.payment.wallet.v2.ICommonWalletClient match
/Users/alexb/Documents/Dev/Dev_new/gs-server/common-wallet/src/main/java/com/dgphoenix/casino/payment/wallet/client/v3/RESTCWClient.java:[249,26] error: reference to CLIENT_TYPE_PARAM is ambiguous
[ERROR]   both variable CLIENT_TYPE_PARAM in com.dgphoenix.casino.gs.managers.payment.wallet.v2.ICommonWalletClient and variable CLIENT_TYPE_PARAM in com.abs.casino.gs.managers.payment.wallet.v2.ICommonWalletClient match
/Users/alexb/Documents/Dev/Dev_new/gs-server/common-wallet/src/main/java/com/dgphoenix/casino/payment/wallet/client/v4/RESTCWClient.java:[35,7] error: RESTCWClient is not abstract and does not override abstract method getExternalTransactionStatus(long,String,long,long,CommonWalletOperation) in ICommonWalletClient
[ERROR] /Users/alexb/Documents/Dev/Dev_new/gs-server/common-wallet/src/main/java/com/dgphoenix/casino/payment/wallet/client/v4/RESTCWClient.java:[193,32] error: incomparable types: com.abs.casino.common.cache.data.payment.WalletOperationType and com.dgphoenix.casino.common.cache.data.payment.WalletOperationType
[ERROR] /Users/alexb/Documents/Dev/Dev_new/gs-server/common-wallet/src/main/java/com/dgphoenix/casino/payment/wallet/client/v4/RESTCWClient.java:[195,39] error: incomparable types: com.abs.casino.common.cache.data.payment.WalletOperationType and com.dgphoenix.casino.common.cache.data.payment.WalletOperationType
[ERROR] /Users/alexb/Documents/Dev/Dev_new/gs-server/common-wallet/src/main/java/com/dgphoenix/casino/payment/wallet/client/v4/RESTCWClient.java:[197,49] error: incomparable types: com.abs.casino.common.cache.data.payment.WalletOperationStatus and com.dgphoenix.casino.common.cache.data.payment.WalletOperationStatus
[ERROR] /Users/alexb/Documents/Dev/Dev_new/gs-server/common-wallet/src/main/java/com/dgphoenix/casino/payment/wallet/client/v4/RESTCWClient.java:[244,42] error: incompatible types: com.abs.casino.common.cache.data.account.AccountInfo cannot be converted to com.dgphoenix.casino.common.cache.data.account.AccountInfo
[ERROR] /Users/alexb/Documents/Dev/Dev_new/gs-server/common-wallet/src/main/java/com/dgphoenix/casino/payment/wallet/client/v4/RESTCWClient.java:[264,65] error: incompatible types: com.abs.casino.common.cache.data.account.AccountInfo cannot be converted to com.dgphoenix.casino.common.cache.data.account.AccountInfo
[ERROR] /Users/alexb/Documents/Dev/Dev_new/gs-server/common-wallet/src/main/java/com/dgphoenix/casino/payment/wallet/client/v4/StandartRESTCWClient.java:[13,7] error: cancelTransaction(long,String,long,long) in RESTCWClient cannot implement cancelTransaction(long,String,long,long) in ICommonWalletClient
[ERROR]   overridden method does not throw CommonException
/Users/alexb/Documents/Dev/Dev_new/gs-server/common-wallet/src/main/java/com/dgphoenix/casino/payment/wallet/AbstractWalletProtocolManager.java:[100,73] error: incompatible types: CommonWallet cannot be converted to IWallet
[ERROR] /Users/alexb/Documents/Dev/Dev_new/gs-server/common-wallet/src/main/java/com/dgphoenix/casino/payment/wallet/AbstractWalletProtocolManager.java:[143,54] error: incompatible types: com.dgphoenix.casino.common.cache.data.payment.WalletOperationStatus cannot be converted to com.abs.casino.common.cache.data.payment.WalletOperationStatus
[ERROR] /Users/alexb/Documents/Dev/Dev_new/gs-server/common-wallet/src/main/java/com/dgphoenix/casino/payment/wallet/AbstractWalletProtocolManager.java:[146,55] error: incompatible types: com.dgphoenix.casino.common.cache.data.bank.BankInfo cannot be converted to com.abs.casino.common.cache.data.bank.BankInfo
[ERROR] /Users/alexb/Documents/Dev/Dev_new/gs-server/common-wallet/src/main/java/com/dgphoenix/casino/payment/wallet/AbstractWalletProtocolManager.java:[152,94] error: incompatible types: com.dgphoenix.casino.gs.managers.payment.wallet.CommonWalletOperation cannot be converted to com.abs.casino.gs.managers.payment.wallet.CommonWalletOperation
[ERROR] /Users/alexb/Documents/Dev/Dev_new/gs-server/common-wallet/src/main/java/com/dgphoenix/casino/payment/wallet/AbstractWalletProtocolManager.java:[155,52] error: incompatible types: com.dgphoenix.casino.gs.managers.payment.wallet.CommonWalletOperation cannot be converted to com.abs.casino.gs.managers.payment.wallet.CommonWalletOperation
[ERROR] /Users/alexb/Documents/Dev/Dev_new/gs-server/common-wallet/src/main/java/com/dgphoenix/casino/payment/wallet/AbstractWalletProtocolManager.java:[158,50] error: incompatible types: CommonWalletOperation cannot be converted to IWalletOperation
[ERROR] /Users/alexb/Documents/Dev/Dev_new/gs-server/common-wallet/src/main/java/com/dgphoenix/casino/payment/wallet/AbstractWalletProtocolManager.java:[225,101] error: incompatible types: com.dgphoenix.casino.common.transactiondata.ITransactionData cannot be converted to com.abs.casino.common.transactiondata.ITransactionData
[ERROR] /Users/alexb/Documents/Dev/Dev_new/gs-server/common-wallet/src/main/java/com/dgphoenix/casino/payment/wallet/AbstractWalletProtocolManager.java:[298,76] error: incompatible types: com.dgphoenix.casino.gs.managers.payment.wallet.CommonGameWallet cannot be converted to com.abs.casino.gs.managers.payment.wallet.CommonGameWallet
[ERROR] /Users/alexb/Documents/Dev/Dev_new/gs-server/common-wallet/src/main/java/com/dgphoenix/casino/payment/wallet/AbstractWalletProtocolManager.java:[319,61] error: incompatible types: com.dgphoenix.casino.gs.managers.payment.wallet.CommonWallet cannot be converted to com.abs.casino.gs.managers.payment.wallet.CommonWallet
[ERROR] /Users/alexb/Documents/Dev/Dev_new/gs-server/common-wallet/src/main/java/com/dgphoenix/casino/payment/wallet/client/v4/StandardJsonCWClient.java:[20,7] error: cancelTransaction(long,String,long,long) in RESTCWClient cannot implement cancelTransaction(long,String,long,long) in ICommonWalletClient
[ERROR]   overridden method does not throw CommonException
/Users/alexb/Documents/Dev/Dev_new/gs-server/common-wallet/src/main/java/com/dgphoenix/casino/payment/wallet/client/v4/CustomRESTCWClient.java:[58,16] error: cancelTransaction(long,String,long,long) in CustomRESTCWClient cannot implement cancelTransaction(long,String,long,long) in ICommonWalletClient
[ERROR]   overridden method does not throw CommonException
/Users/alexb/Documents/Dev/Dev_new/gs-server/common-wallet/src/main/java/com/dgphoenix/casino/payment/wallet/client/v4/CustomRESTCWClient.java:[27,37] error: incompatible types: com.abs.casino.common.cache.data.bank.BankInfo cannot be converted to com.dgphoenix.casino.common.cache.data.bank.BankInfo
[ERROR] /Users/alexb/Documents/Dev/Dev_new/gs-server/common-wallet/src/main/java/com/dgphoenix/casino/payment/wallet/client/v4/CustomRESTCWClient.java:[37,4] error: method does not override or implement a method from a supertype
[ERROR] /Users/alexb/Documents/Dev/Dev_new/gs-server/common-wallet/src/main/java/com/dgphoenix/casino/payment/wallet/client/v4/CustomRESTCWClient.java:[42,4] error: method does not override or implement a method from a supertype
[ERROR] /Users/alexb/Documents/Dev/Dev_new/gs-server/common-wallet/src/main/java/com/dgphoenix/casino/payment/wallet/client/v4/CustomRESTCWClient.java:[47,4] error: method does not override or implement a method from a supertype
[ERROR] /Users/alexb/Documents/Dev/Dev_new/gs-server/common-wallet/src/main/java/com/dgphoenix/casino/payment/wallet/client/v4/CustomRESTCWClient.java:[49,45] error: incompatible types: com.dgphoenix.casino.common.cache.data.session.ClientType cannot be converted to com.abs.casino.common.cache.data.session.ClientType
[ERROR] /Users/alexb/Documents/Dev/Dev_new/gs-server/common-wallet/src/main/java/com/dgphoenix/casino/payment/wallet/client/v4/CustomRESTCWClient.java:[52,4] error: method does not override or implement a method from a supertype
[ERROR] /Users/alexb/Documents/Dev/Dev_new/gs-server/common-wallet/src/main/java/com/dgphoenix/casino/payment/wallet/client/v4/CustomRESTCWClient.java:[67,4] error: method does not override or implement a method from a supertype
[ERROR] /Users/alexb/Documents/Dev/Dev_new/gs-server/common-wallet/src/main/java/com/dgphoenix/casino/payment/wallet/client/v4/CustomRESTCWClient.java:[72,4] error: method does not override or implement a method from a supertype
[ERROR] /Users/alexb/Documents/Dev/Dev_new/gs-server/common-wallet/src/main/java/com/dgphoenix/casino/payment/wallet/client/v4/CustomRESTCWClient.java:[77,4] error: method does not override or implement a method from a supertype
[ERROR] /Users/alexb/Documents/Dev/Dev_new/gs-server/common-wallet/src/main/java/com/dgphoenix/casino/payment/wallet/client/v4/CustomRESTCWClient.java:[87,4] error: method does not override or implement a method from a supertype
[ERROR] /Users/alexb/Documents/Dev/Dev_new/gs-server/common-wallet/src/main/java/com/dgphoenix/casino/payment/wallet/client/v4/CustomRESTCWClient.java:[92,4] error: method does not override or implement a method from a supertype
[ERROR] /Users/alexb/Documents/Dev/Dev_new/gs-server/common-wallet/src/main/java/com/dgphoenix/casino/payment/wallet/client/v4/CustomRESTCWClient.java:[97,4] error: method does not override or implement a method from a supertype
[ERROR] /Users/alexb/Documents/Dev/Dev_new/gs-server/common-wallet/src/main/java/com/dgphoenix/casino/payment/wallet/client/v4/CustomRESTCWClient.java:[107,4] error: method does not override or implement a method from a supertype
[ERROR] /Users/alexb/Documents/Dev/Dev_new/gs-server/common-wallet/src/main/java/com/dgphoenix/casino/payment/wallet/client/v4/CustomRESTCWClient.java:[113,4] error: method does not override or implement a method from a supertype
[ERROR] /Users/alexb/Documents/Dev/Dev_new/gs-server/common-wallet/src/main/java/com/dgphoenix/casino/payment/wallet/client/v4/CustomRESTCWClient.java:[118,4] error: method does not override or implement a method from a supertype
[ERROR] /Users/alexb/Documents/Dev/Dev_new/gs-server/common-wallet/src/main/java/com/dgphoenix/casino/payment/wallet/client/v4/CustomRESTCWClient.java:[123,4] error: method does not override or implement a method from a supertype
[ERROR] /Users/alexb/Documents/Dev/Dev_new/gs-server/common-wallet/src/main/java/com/dgphoenix/casino/payment/wallet/client/v4/CanexCWClient.java:[46,7] error: cancelTransaction(long,String,long,long) in RESTCWClient cannot implement cancelTransaction(long,String,long,long) in ICommonWalletClient
[ERROR]   overridden method does not throw CommonException
/Users/alexb/Documents/Dev/Dev_new/gs-server/common-wallet/src/main/java/com/dgphoenix/casino/payment/wallet/client/v4/CanexCWClient.java:[212,19] error: pushRoomsPlayers(List<Room>) in CanexCWClient cannot implement pushRoomsPlayers(List<Room>) in IJsonCWClient
[ERROR]   overridden method does not throw CommonException
/Users/alexb/Documents/Dev/Dev_new/gs-server/common-wallet/src/main/java/com/dgphoenix/casino/payment/wallet/client/v4/CanexCWClient.java:[196,36] error: getOnlineStatus(List<String>) in CanexCWClient cannot implement getOnlineStatus(List<String>) in IJsonCWClient
[ERROR]   overridden method does not throw CommonException
/Users/alexb/Documents/Dev/Dev_new/gs-server/common-wallet/src/main/java/com/dgphoenix/casino/payment/wallet/client/v4/CanexCWClient.java:[180,30] error: getFriends(String,String) in CanexCWClient cannot implement getFriends(String,String) in IJsonCWClient
[ERROR]   overridden method does not throw CommonException
/Users/alexb/Documents/Dev/Dev_new/gs-server/common-wallet/src/main/java/com/dgphoenix/casino/payment/wallet/client/v4/CanexCWClient.java:[164,19] error: invitePlayersToPrivateRoom(List<String>,String) in CanexCWClient cannot implement invitePlayersToPrivateRoom(List<String>,String) in IJsonCWClient
[ERROR]   overridden method does not throw CommonException
/Users/alexb/Documents/Dev/Dev_new/gs-server/common-wallet/src/main/java/com/dgphoenix/casino/payment/wallet/client/v4/CanexCWClient.java:[150,19] error: updatePlayerStatusInPrivateRoom(PrivateRoom) in CanexCWClient cannot implement updatePlayerStatusInPrivateRoom(PrivateRoom) in IJsonCWClient
[ERROR]   overridden method does not throw CommonException
/Users/alexb/Documents/Dev/Dev_new/gs-server/common-wallet/src/main/java/com/dgphoenix/casino/payment/wallet/CommonWalletManager.java:[55,85] error: type argument CommonWalletOperation is not within bounds of type-variable V
[ERROR]   where V is a type-variable:
    V extends IWalletOperation declared in class AbstractWalletProtocolManager
/Users/alexb/Documents/Dev/Dev_new/gs-server/common-wallet/src/main/java/com/dgphoenix/casino/payment/wallet/CommonWalletManager.java:[118,45] error: incomparable types: com.abs.casino.common.cache.data.payment.WalletOperationStatus and com.dgphoenix.casino.common.cache.data.payment.WalletOperationStatus
[ERROR] /Users/alexb/Documents/Dev/Dev_new/gs-server/common-wallet/src/main/java/com/dgphoenix/casino/payment/wallet/CommonWalletManager.java:[199,65] error: incompatible types: com.dgphoenix.casino.common.cache.data.payment.WalletOperationStatus cannot be converted to com.abs.casino.common.cache.data.payment.WalletOperationStatus
[ERROR] /Users/alexb/Documents/Dev/Dev_new/gs-server/common-wallet/src/main/java/com/dgphoenix/casino/payment/wallet/CommonWalletManager.java:[236,65] error: incompatible types: com.dgphoenix.casino.common.cache.data.payment.WalletOperationStatus cannot be converted to com.abs.casino.common.cache.data.payment.WalletOperationStatus
[ERROR] /Users/alexb/Documents/Dev/Dev_new/gs-server/common-wallet/src/main/java/com/dgphoenix/casino/payment/wallet/CommonWalletManager.java:[238,105] error: incompatible types: com.dgphoenix.casino.common.transactiondata.ITransactionData cannot be converted to com.abs.casino.common.transactiondata.ITransactionData
[ERROR] /Users/alexb/Documents/Dev/Dev_new/gs-server/common-wallet/src/main/java/com/dgphoenix/casino/payment/wallet/CommonWalletManager.java:[240,55] error: incompatible types: com.dgphoenix.casino.common.cache.data.bank.BankInfo cannot be converted to com.abs.casino.common.cache.data.bank.BankInfo
[ERROR] /Users/alexb/Documents/Dev/Dev_new/gs-server/common-wallet/src/main/java/com/dgphoenix/casino/payment/wallet/CommonWalletManager.java:[245,69] error: incompatible types: com.abs.casino.gs.managers.payment.wallet.CWError cannot be converted to com.dgphoenix.casino.gs.managers.payment.wallet.CWError
[ERROR] /Users/alexb/Documents/Dev/Dev_new/gs-server/common-wallet/src/main/java/com/dgphoenix/casino/payment/wallet/CommonWalletManager.java:[248,65] error: incompatible types: com.dgphoenix.casino.gs.managers.payment.wallet.CWError cannot be converted to com.abs.casino.gs.managers.payment.wallet.CWError
[ERROR] /Users/alexb/Documents/Dev/Dev_new/gs-server/common-wallet/src/main/java/com/dgphoenix/casino/payment/wallet/CommonWalletManager.java:[339,59] error: incompatible types: com.dgphoenix.casino.common.transactiondata.ITransactionData cannot be converted to com.abs.casino.common.transactiondata.ITransactionData
[ERROR] /Users/alexb/Documents/Dev/Dev_new/gs-server/common-wallet/src/main/java/com/dgphoenix/casino/payment/wallet/CommonWalletManager.java:[343,58] error: incompatible types: com.abs.casino.gs.managers.payment.wallet.CWError cannot be converted to com.dgphoenix.casino.gs.managers.payment.wallet.CWError
[ERROR] /Users/alexb/Documents/Dev/Dev_new/gs-server/common-wallet/src/main/java/com/dgphoenix/casino/payment/wallet/CommonWalletManager.java:[350,59] error: incompatible types: com.dgphoenix.casino.common.cache.data.bank.BankInfo cannot be converted to com.abs.casino.common.cache.data.bank.BankInfo
[ERROR] /Users/alexb/Documents/Dev/Dev_new/gs-server/common-wallet/src/main/java/com/dgphoenix/casino/payment/wallet/CommonWalletManager.java:[369,51] error: incompatible types: com.dgphoenix.casino.common.transactiondata.ITransactionData cannot be converted to com.abs.casino.common.transactiondata.ITransactionData
[ERROR] /Users/alexb/Documents/Dev/Dev_new/gs-server/common-wallet/src/main/java/com/dgphoenix/casino/payment/wallet/CommonWalletManager.java:[391,61] error: incompatible types: com.dgphoenix.casino.common.cache.data.payment.WalletOperationStatus cannot be converted to com.abs.casino.common.cache.data.payment.WalletOperationStatus
[ERROR] /Users/alexb/Documents/Dev/Dev_new/gs-server/common-wallet/src/main/java/com/dgphoenix/casino/payment/wallet/CommonWalletManager.java:[393,101] error: incompatible types: com.dgphoenix.casino.common.transactiondata.ITransactionData cannot be converted to com.abs.casino.common.transactiondata.ITransactionData
[ERROR] /Users/alexb/Documents/Dev/Dev_new/gs-server/common-wallet/src/main/java/com/dgphoenix/casino/payment/wallet/CommonWalletManager.java:[439,61] error: incompatible types: bad type in conditional expression
[ERROR]     com.abs.casino.common.cache.data.session.GameSession cannot be converted to com.dgphoenix.casino.common.cache.data.session.GameSession
/Users/alexb/Documents/Dev/Dev_new/gs-server/common-wallet/src/main/java/com/dgphoenix/casino/payment/wallet/CommonWalletManager.java:[456,42] error: incomparable types: com.abs.casino.common.cache.data.payment.WalletOperationStatus and com.dgphoenix.casino.common.cache.data.payment.WalletOperationStatus
[ERROR] /Users/alexb/Documents/Dev/Dev_new/gs-server/common-wallet/src/main/java/com/dgphoenix/casino/payment/wallet/CommonWalletManager.java:[462,46] error: incomparable types: com.abs.casino.common.cache.data.payment.WalletOperationStatus and com.dgphoenix.casino.common.cache.data.payment.WalletOperationStatus
[ERROR] /Users/alexb/Documents/Dev/Dev_new/gs-server/common-wallet/src/main/java/com/dgphoenix/casino/payment/wallet/CommonWalletManager.java:[467,61] error: incompatible types: com.dgphoenix.casino.common.cache.data.payment.WalletOperationStatus cannot be converted to com.abs.casino.common.cache.data.payment.WalletOperationStatus
[ERROR] /Users/alexb/Documents/Dev/Dev_new/gs-server/common-wallet/src/main/java/com/dgphoenix/casino/payment/wallet/CommonWalletManager.java:[482,61] error: incompatible types: com.abs.casino.common.cache.data.session.GameSession cannot be converted to com.dgphoenix.casino.common.cache.data.session.GameSession
[ERROR] /Users/alexb/Documents/Dev/Dev_new/gs-server/common-wallet/src/main/java/com/dgphoenix/casino/payment/wallet/CommonWalletManager.java:[490,90] error: incompatible types: com.abs.casino.common.cache.data.payment.WalletOperationStatus cannot be converted to com.dgphoenix.casino.common.cache.data.payment.WalletOperationStatus
[ERROR] /Users/alexb/Documents/Dev/Dev_new/gs-server/common-wallet/src/main/java/com/dgphoenix/casino/payment/wallet/CommonWalletManager.java:[500,69] error: incompatible types: com.dgphoenix.casino.common.cache.data.payment.WalletOperationStatus cannot be converted to com.abs.casino.common.cache.data.payment.WalletOperationStatus
[ERROR] /Users/alexb/Documents/Dev/Dev_new/gs-server/common-wallet/src/main/java/com/dgphoenix/casino/payment/wallet/CommonWalletManager.java:[527,54] error: incomparable types: com.abs.casino.common.cache.data.payment.WalletOperationStatus and com.dgphoenix.casino.common.cache.data.payment.WalletOperationStatus
[ERROR] /Users/alexb/Documents/Dev/Dev_new/gs-server/common-wallet/src/main/java/com/dgphoenix/casino/payment/wallet/CommonWalletManager.java:[528,73] error: incompatible types: com.dgphoenix.casino.common.cache.data.payment.WalletOperationStatus cannot be converted to com.abs.casino.common.cache.data.payment.WalletOperationStatus
[ERROR] /Users/alexb/Documents/Dev/Dev_new/gs-server/common-wallet/src/main/java/com/dgphoenix/casino/payment/wallet/CommonWalletManager.java:[531,109] error: incompatible types: com.dgphoenix.casino.common.transactiondata.ITransactionData cannot be converted to com.abs.casino.common.transactiondata.ITransactionData
[ERROR] /Users/alexb/Documents/Dev/Dev_new/gs-server/common-wallet/src/main/java/com/dgphoenix/casino/payment/wallet/CommonWalletManager.java:[547,61] error: incompatible types: com.dgphoenix.casino.common.cache.data.payment.WalletOperationStatus cannot be converted to com.abs.casino.common.cache.data.payment.WalletOperationStatus
[ERROR] /Users/alexb/Documents/Dev/Dev_new/gs-server/common-wallet/src/main/java/com/dgphoenix/casino/payment/wallet/CommonWalletManager.java:[738,109] error: incompatible types: com.dgphoenix.casino.common.transactiondata.ITransactionData cannot be converted to com.abs.casino.common.transactiondata.ITransactionData
[ERROR] /Users/alexb/Documents/Dev/Dev_new/gs-server/common-wallet/src/main/java/com/dgphoenix/casino/payment/wallet/CommonWalletManager.java:[745,101] error: incompatible types: com.dgphoenix.casino.common.transactiondata.ITransactionData cannot be converted to com.abs.casino.common.transactiondata.ITransactionData
[ERROR] /Users/alexb/Documents/Dev/Dev_new/gs-server/common-wallet/src/main/java/com/dgphoenix/casino/payment/wallet/CommonWalletManager.java:[772,47] error: incomparable types: com.abs.casino.common.cache.data.payment.WalletOperationStatus and com.dgphoenix.casino.common.cache.data.payment.WalletOperationStatus
[ERROR] /Users/alexb/Documents/Dev/Dev_new/gs-server/common-wallet/src/main/java/com/dgphoenix/casino/payment/wallet/CommonWalletManager.java:[784,76] error: incomparable types: com.abs.casino.common.cache.data.payment.WalletOperationStatus and com.dgphoenix.casino.common.cache.data.payment.WalletOperationStatus
[ERROR] /Users/alexb/Documents/Dev/Dev_new/gs-server/common-wallet/src/main/java/com/dgphoenix/casino/payment/wallet/CommonWalletManager.java:[786,70] error: incompatible types: com.dgphoenix.casino.common.cache.data.payment.WalletOperationStatus cannot be converted to com.abs.casino.common.cache.data.payment.WalletOperationStatus
[ERROR] /Users/alexb/Documents/Dev/Dev_new/gs-server/common-wallet/src/main/java/com/dgphoenix/casino/payment/wallet/CommonWalletManager.java:[791,70] error: incompatible types: com.dgphoenix.casino.common.cache.data.payment.WalletOperationStatus cannot be converted to com.abs.casino.common.cache.data.payment.WalletOperationStatus
[ERROR] /Users/alexb/Documents/Dev/Dev_new/gs-server/common-wallet/src/main/java/com/dgphoenix/casino/payment/wallet/CommonWalletManager.java:[853,60] error: incompatible types: com.abs.casino.common.cache.data.account.LasthandInfo cannot be converted to com.dgphoenix.casino.common.cache.data.account.LasthandInfo
[ERROR] /Users/alexb/Documents/Dev/Dev_new/gs-server/common-wallet/src/main/java/com/dgphoenix/casino/payment/wallet/CommonWalletManager.java:[872,101] error: incompatible types: com.dgphoenix.casino.common.transactiondata.ITransactionData cannot be converted to com.abs.casino.common.transactiondata.ITransactionData
[ERROR] /Users/alexb/Documents/Dev/Dev_new/gs-server/common-wallet/src/main/java/com/dgphoenix/casino/payment/wallet/CommonWalletManager.java:[884,53] error: incompatible types: com.dgphoenix.casino.gs.managers.payment.wallet.CommonWalletOperation cannot be converted to com.abs.casino.gs.managers.payment.wallet.CommonWalletOperation
[ERROR] /Users/alexb/Documents/Dev/Dev_new/gs-server/common-wallet/src/main/java/com/dgphoenix/casino/payment/wallet/CommonWalletManager.java:[906,97] error: incompatible types: com.dgphoenix.casino.common.transactiondata.ITransactionData cannot be converted to com.abs.casino.common.transactiondata.ITransactionData
[ERROR] /Users/alexb/Documents/Dev/Dev_new/gs-server/common-wallet/src/main/java/com/dgphoenix/casino/payment/wallet/CommonWalletManager.java:[945,101] error: incompatible types: com.dgphoenix.casino.common.transactiondata.ITransactionData cannot be converted to com.abs.casino.common.transactiondata.ITransactionData
[ERROR] /Users/alexb/Documents/Dev/Dev_new/gs-server/common-wallet/src/main/java/com/dgphoenix/casino/payment/wallet/CommonWalletManager.java:[996,67] error: incompatible types: com.dgphoenix.casino.common.cache.data.payment.WalletOperationStatus cannot be converted to com.abs.casino.common.cache.data.payment.WalletOperationStatus
[ERROR] /Users/alexb/Documents/Dev/Dev_new/gs-server/common-wallet/src/main/java/com/dgphoenix/casino/payment/wallet/CommonWalletManager.java:[1005,60] error: incomparable types: com.abs.casino.common.cache.data.payment.WalletOperationStatus and com.dgphoenix.casino.common.cache.data.payment.WalletOperationStatus
[ERROR] /Users/alexb/Documents/Dev/Dev_new/gs-server/common-wallet/src/main/java/com/dgphoenix/casino/payment/wallet/CommonWalletManager.java:[1007,67] error: incomparable types: com.abs.casino.common.cache.data.payment.WalletOperationStatus and com.dgphoenix.casino.common.cache.data.payment.WalletOperationStatus
[ERROR] /Users/alexb/Documents/Dev/Dev_new/gs-server/common-wallet/src/main/java/com/dgphoenix/casino/payment/wallet/CommonWalletManager.java:[1061,25] error: incompatible types: com.dgphoenix.casino.common.cache.data.payment.WalletOperationStatus cannot be converted to com.abs.casino.common.cache.data.payment.WalletOperationStatus
[ERROR] /Users/alexb/Documents/Dev/Dev_new/gs-server/common-wallet/src/main/java/com/dgphoenix/casino/payment/wallet/CommonWalletManager.java:[1062,42] error: incomparable types: com.abs.casino.common.cache.data.payment.WalletOperationStatus and com.dgphoenix.casino.common.cache.data.payment.WalletOperationStatus
[ERROR] /Users/alexb/Documents/Dev/Dev_new/gs-server/common-wallet/src/main/java/com/dgphoenix/casino/payment/wallet/CommonWalletManager.java:[1063,46] error: incomparable types: com.abs.casino.common.cache.data.payment.WalletOperationStatus and com.dgphoenix.casino.common.cache.data.payment.WalletOperationStatus
[ERROR] /Users/alexb/Documents/Dev/Dev_new/gs-server/common-wallet/src/main/java/com/dgphoenix/casino/payment/wallet/CommonWalletManager.java:[1069,47] error: incompatible types: com.dgphoenix.casino.common.cache.data.bank.BankInfo cannot be converted to com.abs.casino.common.cache.data.bank.BankInfo
[ERROR] /Users/alexb/Documents/Dev/Dev_new/gs-server/common-wallet/src/main/java/com/dgphoenix/casino/payment/wallet/CommonWalletManager.java:[1074,86] error: incompatible types: com.dgphoenix.casino.gs.managers.payment.wallet.CommonWalletOperation cannot be converted to com.abs.casino.gs.managers.payment.wallet.CommonWalletOperation
[ERROR] /Users/alexb/Documents/Dev/Dev_new/gs-server/common-wallet/src/main/java/com/dgphoenix/casino/payment/wallet/CommonWalletManager.java:[1077,44] error: incompatible types: com.dgphoenix.casino.gs.managers.payment.wallet.CommonWalletOperation cannot be converted to com.abs.casino.gs.managers.payment.wallet.CommonWalletOperation
[ERROR] /Users/alexb/Documents/Dev/Dev_new/gs-server/common-wallet/src/main/java/com/dgphoenix/casino/payment/wallet/CommonWalletManager.java:[1080,42] error: incompatible types: CommonWalletOperation cannot be converted to IWalletOperation
[ERROR] /Users/alexb/Documents/Dev/Dev_new/gs-server/common-wallet/src/main/java/com/dgphoenix/casino/payment/wallet/CommonWalletManager.java:[1129,44] error: incompatible types: CommonWalletOperation cannot be converted to IWalletOperation
[ERROR] /Users/alexb/Documents/Dev/Dev_new/gs-server/common-wallet/src/main/java/com/dgphoenix/casino/payment/wallet/CommonWalletManager.java:[1132,52] error: incompatible types: com.dgphoenix.casino.common.cache.data.bank.BankInfo cannot be converted to com.abs.casino.common.cache.data.bank.BankInfo
[ERROR] /Users/alexb/Documents/Dev/Dev_new/gs-server/common-wallet/src/main/java/com/dgphoenix/casino/payment/wallet/client/v3/RESTPostCWClient.java:[3,7] error: cancelTransaction(long,String,long,long) in RESTCWClient cannot implement cancelTransaction(long,String,long,long) in ICommonWalletClient
[ERROR]   overridden method does not throw CommonException
/Users/alexb/Documents/Dev/Dev_new/gs-server/common-wallet/src/main/java/com/dgphoenix/casino/payment/wallet/client/v4/RESTPostCWClient.java:[3,7] error: cancelTransaction(long,String,long,long) in RESTCWClient cannot implement cancelTransaction(long,String,long,long) in ICommonWalletClient
[INFO] 100 errors 
[INFO] -------------------------------------------------------------
[INFO] ------------------------------------------------------------------------
[INFO] BUILD FAILURE
[INFO] ------------------------------------------------------------------------
[INFO] Total time:  1.211 s
[INFO] Finished at: 2026-03-01T11:12:00Z
[INFO] ------------------------------------------------------------------------
[ERROR] Failed to execute goal org.apache.maven.plugins:maven-compiler-plugin:2.5.1:compile (default-compile) on project common-wallet: Compilation failure: Compilation failure: 
[ERROR] /Users/alexb/Documents/Dev/Dev_new/gs-server/common-wallet/src/main/java/com/dgphoenix/casino/payment/wallet/client/v2/AbstractCWClient.java:[48,67] error: incompatible types: com.abs.casino.gs.managers.payment.wallet.CWError cannot be converted to com.dgphoenix.casino.gs.managers.payment.wallet.CWError
[ERROR] /Users/alexb/Documents/Dev/Dev_new/gs-server/common-wallet/src/main/java/com/dgphoenix/casino/payment/wallet/client/v2/RESTCWClient.java:[333,72] error: incompatible types: com.abs.casino.common.promo.PromoWinInfo cannot be converted to com.dgphoenix.casino.common.promo.PromoWinInfo
[ERROR] /Users/alexb/Documents/Dev/Dev_new/gs-server/common-wallet/src/main/java/com/dgphoenix/casino/payment/wallet/client/v3/RESTCWClient.java:[23,7] error: RESTCWClient is not abstract and does not override abstract method getExternalTransactionStatus(long,String,long,long,CommonWalletOperation) in ICommonWalletClient
[ERROR] /Users/alexb/Documents/Dev/Dev_new/gs-server/common-wallet/src/main/java/com/dgphoenix/casino/payment/wallet/client/v3/RESTCWClient.java:[75,4] error: method does not override or implement a method from a supertype
[ERROR] /Users/alexb/Documents/Dev/Dev_new/gs-server/common-wallet/src/main/java/com/dgphoenix/casino/payment/wallet/client/v3/RESTCWClient.java:[84,4] error: method does not override or implement a method from a supertype
[ERROR] /Users/alexb/Documents/Dev/Dev_new/gs-server/common-wallet/src/main/java/com/dgphoenix/casino/payment/wallet/client/v3/RESTCWClient.java:[202,4] error: method does not override or implement a method from a supertype
[ERROR] /Users/alexb/Documents/Dev/Dev_new/gs-server/common-wallet/src/main/java/com/dgphoenix/casino/payment/wallet/client/v3/RESTCWClient.java:[207,4] error: method does not override or implement a method from a supertype
[ERROR] /Users/alexb/Documents/Dev/Dev_new/gs-server/common-wallet/src/main/java/com/dgphoenix/casino/payment/wallet/client/v3/RESTCWClient.java:[240,43] error: reference to CLIENT_TYPE_PARAM is ambiguous
[ERROR]   both variable CLIENT_TYPE_PARAM in com.dgphoenix.casino.gs.managers.payment.wallet.v2.ICommonWalletClient and variable CLIENT_TYPE_PARAM in com.abs.casino.gs.managers.payment.wallet.v2.ICommonWalletClient match
[ERROR] /Users/alexb/Documents/Dev/Dev_new/gs-server/common-wallet/src/main/java/com/dgphoenix/casino/payment/wallet/client/v3/RESTCWClient.java:[244,23] error: reference to CLIENT_TYPE_PARAM is ambiguous
[ERROR]   both variable CLIENT_TYPE_PARAM in com.dgphoenix.casino.gs.managers.payment.wallet.v2.ICommonWalletClient and variable CLIENT_TYPE_PARAM in com.abs.casino.gs.managers.payment.wallet.v2.ICommonWalletClient match
[ERROR] /Users/alexb/Documents/Dev/Dev_new/gs-server/common-wallet/src/main/java/com/dgphoenix/casino/payment/wallet/client/v3/RESTCWClient.java:[249,26] error: reference to CLIENT_TYPE_PARAM is ambiguous
[ERROR]   both variable CLIENT_TYPE_PARAM in com.dgphoenix.casino.gs.managers.payment.wallet.v2.ICommonWalletClient and variable CLIENT_TYPE_PARAM in com.abs.casino.gs.managers.payment.wallet.v2.ICommonWalletClient match
[ERROR] /Users/alexb/Documents/Dev/Dev_new/gs-server/common-wallet/src/main/java/com/dgphoenix/casino/payment/wallet/client/v4/RESTCWClient.java:[35,7] error: RESTCWClient is not abstract and does not override abstract method getExternalTransactionStatus(long,String,long,long,CommonWalletOperation) in ICommonWalletClient
[ERROR] /Users/alexb/Documents/Dev/Dev_new/gs-server/common-wallet/src/main/java/com/dgphoenix/casino/payment/wallet/client/v4/RESTCWClient.java:[193,32] error: incomparable types: com.abs.casino.common.cache.data.payment.WalletOperationType and com.dgphoenix.casino.common.cache.data.payment.WalletOperationType
[ERROR] /Users/alexb/Documents/Dev/Dev_new/gs-server/common-wallet/src/main/java/com/dgphoenix/casino/payment/wallet/client/v4/RESTCWClient.java:[195,39] error: incomparable types: com.abs.casino.common.cache.data.payment.WalletOperationType and com.dgphoenix.casino.common.cache.data.payment.WalletOperationType
[ERROR] /Users/alexb/Documents/Dev/Dev_new/gs-server/common-wallet/src/main/java/com/dgphoenix/casino/payment/wallet/client/v4/RESTCWClient.java:[197,49] error: incomparable types: com.abs.casino.common.cache.data.payment.WalletOperationStatus and com.dgphoenix.casino.common.cache.data.payment.WalletOperationStatus
[ERROR] /Users/alexb/Documents/Dev/Dev_new/gs-server/common-wallet/src/main/java/com/dgphoenix/casino/payment/wallet/client/v4/RESTCWClient.java:[244,42] error: incompatible types: com.abs.casino.common.cache.data.account.AccountInfo cannot be converted to com.dgphoenix.casino.common.cache.data.account.AccountInfo
[ERROR] /Users/alexb/Documents/Dev/Dev_new/gs-server/common-wallet/src/main/java/com/dgphoenix/casino/payment/wallet/client/v4/RESTCWClient.java:[264,65] error: incompatible types: com.abs.casino.common.cache.data.account.AccountInfo cannot be converted to com.dgphoenix.casino.common.cache.data.account.AccountInfo
[ERROR] /Users/alexb/Documents/Dev/Dev_new/gs-server/common-wallet/src/main/java/com/dgphoenix/casino/payment/wallet/client/v4/StandartRESTCWClient.java:[13,7] error: cancelTransaction(long,String,long,long) in RESTCWClient cannot implement cancelTransaction(long,String,long,long) in ICommonWalletClient
[ERROR]   overridden method does not throw CommonException
[ERROR] /Users/alexb/Documents/Dev/Dev_new/gs-server/common-wallet/src/main/java/com/dgphoenix/casino/payment/wallet/AbstractWalletProtocolManager.java:[100,73] error: incompatible types: CommonWallet cannot be converted to IWallet
[ERROR] /Users/alexb/Documents/Dev/Dev_new/gs-server/common-wallet/src/main/java/com/dgphoenix/casino/payment/wallet/AbstractWalletProtocolManager.java:[143,54] error: incompatible types: com.dgphoenix.casino.common.cache.data.payment.WalletOperationStatus cannot be converted to com.abs.casino.common.cache.data.payment.WalletOperationStatus
[ERROR] /Users/alexb/Documents/Dev/Dev_new/gs-server/common-wallet/src/main/java/com/dgphoenix/casino/payment/wallet/AbstractWalletProtocolManager.java:[146,55] error: incompatible types: com.dgphoenix.casino.common.cache.data.bank.BankInfo cannot be converted to com.abs.casino.common.cache.data.bank.BankInfo
[ERROR] /Users/alexb/Documents/Dev/Dev_new/gs-server/common-wallet/src/main/java/com/dgphoenix/casino/payment/wallet/AbstractWalletProtocolManager.java:[152,94] error: incompatible types: com.dgphoenix.casino.gs.managers.payment.wallet.CommonWalletOperation cannot be converted to com.abs.casino.gs.managers.payment.wallet.CommonWalletOperation
[ERROR] /Users/alexb/Documents/Dev/Dev_new/gs-server/common-wallet/src/main/java/com/dgphoenix/casino/payment/wallet/AbstractWalletProtocolManager.java:[155,52] error: incompatible types: com.dgphoenix.casino.gs.managers.payment.wallet.CommonWalletOperation cannot be converted to com.abs.casino.gs.managers.payment.wallet.CommonWalletOperation
[ERROR] /Users/alexb/Documents/Dev/Dev_new/gs-server/common-wallet/src/main/java/com/dgphoenix/casino/payment/wallet/AbstractWalletProtocolManager.java:[158,50] error: incompatible types: CommonWalletOperation cannot be converted to IWalletOperation
[ERROR] /Users/alexb/Documents/Dev/Dev_new/gs-server/common-wallet/src/main/java/com/dgphoenix/casino/payment/wallet/AbstractWalletProtocolManager.java:[225,101] error: incompatible types: com.dgphoenix.casino.common.transactiondata.ITransactionData cannot be converted to com.abs.casino.common.transactiondata.ITransactionData
[ERROR] /Users/alexb/Documents/Dev/Dev_new/gs-server/common-wallet/src/main/java/com/dgphoenix/casino/payment/wallet/AbstractWalletProtocolManager.java:[298,76] error: incompatible types: com.dgphoenix.casino.gs.managers.payment.wallet.CommonGameWallet cannot be converted to com.abs.casino.gs.managers.payment.wallet.CommonGameWallet
[ERROR] /Users/alexb/Documents/Dev/Dev_new/gs-server/common-wallet/src/main/java/com/dgphoenix/casino/payment/wallet/AbstractWalletProtocolManager.java:[319,61] error: incompatible types: com.dgphoenix.casino.gs.managers.payment.wallet.CommonWallet cannot be converted to com.abs.casino.gs.managers.payment.wallet.CommonWallet
[ERROR] /Users/alexb/Documents/Dev/Dev_new/gs-server/common-wallet/src/main/java/com/dgphoenix/casino/payment/wallet/client/v4/StandardJsonCWClient.java:[20,7] error: cancelTransaction(long,String,long,long) in RESTCWClient cannot implement cancelTransaction(long,String,long,long) in ICommonWalletClient
[ERROR]   overridden method does not throw CommonException
[ERROR] /Users/alexb/Documents/Dev/Dev_new/gs-server/common-wallet/src/main/java/com/dgphoenix/casino/payment/wallet/client/v4/CustomRESTCWClient.java:[58,16] error: cancelTransaction(long,String,long,long) in CustomRESTCWClient cannot implement cancelTransaction(long,String,long,long) in ICommonWalletClient
[ERROR]   overridden method does not throw CommonException
[ERROR] /Users/alexb/Documents/Dev/Dev_new/gs-server/common-wallet/src/main/java/com/dgphoenix/casino/payment/wallet/client/v4/CustomRESTCWClient.java:[27,37] error: incompatible types: com.abs.casino.common.cache.data.bank.BankInfo cannot be converted to com.dgphoenix.casino.common.cache.data.bank.BankInfo
[ERROR] /Users/alexb/Documents/Dev/Dev_new/gs-server/common-wallet/src/main/java/com/dgphoenix/casino/payment/wallet/client/v4/CustomRESTCWClient.java:[37,4] error: method does not override or implement a method from a supertype
[ERROR] /Users/alexb/Documents/Dev/Dev_new/gs-server/common-wallet/src/main/java/com/dgphoenix/casino/payment/wallet/client/v4/CustomRESTCWClient.java:[42,4] error: method does not override or implement a method from a supertype
[ERROR] /Users/alexb/Documents/Dev/Dev_new/gs-server/common-wallet/src/main/java/com/dgphoenix/casino/payment/wallet/client/v4/CustomRESTCWClient.java:[47,4] error: method does not override or implement a method from a supertype
[ERROR] /Users/alexb/Documents/Dev/Dev_new/gs-server/common-wallet/src/main/java/com/dgphoenix/casino/payment/wallet/client/v4/CustomRESTCWClient.java:[49,45] error: incompatible types: com.dgphoenix.casino.common.cache.data.session.ClientType cannot be converted to com.abs.casino.common.cache.data.session.ClientType
[ERROR] /Users/alexb/Documents/Dev/Dev_new/gs-server/common-wallet/src/main/java/com/dgphoenix/casino/payment/wallet/client/v4/CustomRESTCWClient.java:[52,4] error: method does not override or implement a method from a supertype
[ERROR] /Users/alexb/Documents/Dev/Dev_new/gs-server/common-wallet/src/main/java/com/dgphoenix/casino/payment/wallet/client/v4/CustomRESTCWClient.java:[67,4] error: method does not override or implement a method from a supertype
[ERROR] /Users/alexb/Documents/Dev/Dev_new/gs-server/common-wallet/src/main/java/com/dgphoenix/casino/payment/wallet/client/v4/CustomRESTCWClient.java:[72,4] error: method does not override or implement a method from a supertype
[ERROR] /Users/alexb/Documents/Dev/Dev_new/gs-server/common-wallet/src/main/java/com/dgphoenix/casino/payment/wallet/client/v4/CustomRESTCWClient.java:[77,4] error: method does not override or implement a method from a supertype
[ERROR] /Users/alexb/Documents/Dev/Dev_new/gs-server/common-wallet/src/main/java/com/dgphoenix/casino/payment/wallet/client/v4/CustomRESTCWClient.java:[87,4] error: method does not override or implement a method from a supertype
[ERROR] /Users/alexb/Documents/Dev/Dev_new/gs-server/common-wallet/src/main/java/com/dgphoenix/casino/payment/wallet/client/v4/CustomRESTCWClient.java:[92,4] error: method does not override or implement a method from a supertype
[ERROR] /Users/alexb/Documents/Dev/Dev_new/gs-server/common-wallet/src/main/java/com/dgphoenix/casino/payment/wallet/client/v4/CustomRESTCWClient.java:[97,4] error: method does not override or implement a method from a supertype
[ERROR] /Users/alexb/Documents/Dev/Dev_new/gs-server/common-wallet/src/main/java/com/dgphoenix/casino/payment/wallet/client/v4/CustomRESTCWClient.java:[107,4] error: method does not override or implement a method from a supertype
[ERROR] /Users/alexb/Documents/Dev/Dev_new/gs-server/common-wallet/src/main/java/com/dgphoenix/casino/payment/wallet/client/v4/CustomRESTCWClient.java:[113,4] error: method does not override or implement a method from a supertype
[ERROR] /Users/alexb/Documents/Dev/Dev_new/gs-server/common-wallet/src/main/java/com/dgphoenix/casino/payment/wallet/client/v4/CustomRESTCWClient.java:[118,4] error: method does not override or implement a method from a supertype
[ERROR] /Users/alexb/Documents/Dev/Dev_new/gs-server/common-wallet/src/main/java/com/dgphoenix/casino/payment/wallet/client/v4/CustomRESTCWClient.java:[123,4] error: method does not override or implement a method from a supertype
[ERROR] /Users/alexb/Documents/Dev/Dev_new/gs-server/common-wallet/src/main/java/com/dgphoenix/casino/payment/wallet/client/v4/CanexCWClient.java:[46,7] error: cancelTransaction(long,String,long,long) in RESTCWClient cannot implement cancelTransaction(long,String,long,long) in ICommonWalletClient
[ERROR]   overridden method does not throw CommonException
[ERROR] /Users/alexb/Documents/Dev/Dev_new/gs-server/common-wallet/src/main/java/com/dgphoenix/casino/payment/wallet/client/v4/CanexCWClient.java:[212,19] error: pushRoomsPlayers(List<Room>) in CanexCWClient cannot implement pushRoomsPlayers(List<Room>) in IJsonCWClient
[ERROR]   overridden method does not throw CommonException
[ERROR] /Users/alexb/Documents/Dev/Dev_new/gs-server/common-wallet/src/main/java/com/dgphoenix/casino/payment/wallet/client/v4/CanexCWClient.java:[196,36] error: getOnlineStatus(List<String>) in CanexCWClient cannot implement getOnlineStatus(List<String>) in IJsonCWClient
[ERROR]   overridden method does not throw CommonException
[ERROR] /Users/alexb/Documents/Dev/Dev_new/gs-server/common-wallet/src/main/java/com/dgphoenix/casino/payment/wallet/client/v4/CanexCWClient.java:[180,30] error: getFriends(String,String) in CanexCWClient cannot implement getFriends(String,String) in IJsonCWClient
[ERROR]   overridden method does not throw CommonException
[ERROR] /Users/alexb/Documents/Dev/Dev_new/gs-server/common-wallet/src/main/java/com/dgphoenix/casino/payment/wallet/client/v4/CanexCWClient.java:[164,19] error: invitePlayersToPrivateRoom(List<String>,String) in CanexCWClient cannot implement invitePlayersToPrivateRoom(List<String>,String) in IJsonCWClient
[ERROR]   overridden method does not throw CommonException
[ERROR] /Users/alexb/Documents/Dev/Dev_new/gs-server/common-wallet/src/main/java/com/dgphoenix/casino/payment/wallet/client/v4/CanexCWClient.java:[150,19] error: updatePlayerStatusInPrivateRoom(PrivateRoom) in CanexCWClient cannot implement updatePlayerStatusInPrivateRoom(PrivateRoom) in IJsonCWClient
[ERROR]   overridden method does not throw CommonException
[ERROR] /Users/alexb/Documents/Dev/Dev_new/gs-server/common-wallet/src/main/java/com/dgphoenix/casino/payment/wallet/CommonWalletManager.java:[55,85] error: type argument CommonWalletOperation is not within bounds of type-variable V
[ERROR]   where V is a type-variable:
[ERROR]     V extends IWalletOperation declared in class AbstractWalletProtocolManager
[ERROR] /Users/alexb/Documents/Dev/Dev_new/gs-server/common-wallet/src/main/java/com/dgphoenix/casino/payment/wallet/CommonWalletManager.java:[118,45] error: incomparable types: com.abs.casino.common.cache.data.payment.WalletOperationStatus and com.dgphoenix.casino.common.cache.data.payment.WalletOperationStatus
[ERROR] /Users/alexb/Documents/Dev/Dev_new/gs-server/common-wallet/src/main/java/com/dgphoenix/casino/payment/wallet/CommonWalletManager.java:[199,65] error: incompatible types: com.dgphoenix.casino.common.cache.data.payment.WalletOperationStatus cannot be converted to com.abs.casino.common.cache.data.payment.WalletOperationStatus
[ERROR] /Users/alexb/Documents/Dev/Dev_new/gs-server/common-wallet/src/main/java/com/dgphoenix/casino/payment/wallet/CommonWalletManager.java:[236,65] error: incompatible types: com.dgphoenix.casino.common.cache.data.payment.WalletOperationStatus cannot be converted to com.abs.casino.common.cache.data.payment.WalletOperationStatus
[ERROR] /Users/alexb/Documents/Dev/Dev_new/gs-server/common-wallet/src/main/java/com/dgphoenix/casino/payment/wallet/CommonWalletManager.java:[238,105] error: incompatible types: com.dgphoenix.casino.common.transactiondata.ITransactionData cannot be converted to com.abs.casino.common.transactiondata.ITransactionData
[ERROR] /Users/alexb/Documents/Dev/Dev_new/gs-server/common-wallet/src/main/java/com/dgphoenix/casino/payment/wallet/CommonWalletManager.java:[240,55] error: incompatible types: com.dgphoenix.casino.common.cache.data.bank.BankInfo cannot be converted to com.abs.casino.common.cache.data.bank.BankInfo
[ERROR] /Users/alexb/Documents/Dev/Dev_new/gs-server/common-wallet/src/main/java/com/dgphoenix/casino/payment/wallet/CommonWalletManager.java:[245,69] error: incompatible types: com.abs.casino.gs.managers.payment.wallet.CWError cannot be converted to com.dgphoenix.casino.gs.managers.payment.wallet.CWError
[ERROR] /Users/alexb/Documents/Dev/Dev_new/gs-server/common-wallet/src/main/java/com/dgphoenix/casino/payment/wallet/CommonWalletManager.java:[248,65] error: incompatible types: com.dgphoenix.casino.gs.managers.payment.wallet.CWError cannot be converted to com.abs.casino.gs.managers.payment.wallet.CWError
[ERROR] /Users/alexb/Documents/Dev/Dev_new/gs-server/common-wallet/src/main/java/com/dgphoenix/casino/payment/wallet/CommonWalletManager.java:[339,59] error: incompatible types: com.dgphoenix.casino.common.transactiondata.ITransactionData cannot be converted to com.abs.casino.common.transactiondata.ITransactionData
[ERROR] /Users/alexb/Documents/Dev/Dev_new/gs-server/common-wallet/src/main/java/com/dgphoenix/casino/payment/wallet/CommonWalletManager.java:[343,58] error: incompatible types: com.abs.casino.gs.managers.payment.wallet.CWError cannot be converted to com.dgphoenix.casino.gs.managers.payment.wallet.CWError
[ERROR] /Users/alexb/Documents/Dev/Dev_new/gs-server/common-wallet/src/main/java/com/dgphoenix/casino/payment/wallet/CommonWalletManager.java:[350,59] error: incompatible types: com.dgphoenix.casino.common.cache.data.bank.BankInfo cannot be converted to com.abs.casino.common.cache.data.bank.BankInfo
[ERROR] /Users/alexb/Documents/Dev/Dev_new/gs-server/common-wallet/src/main/java/com/dgphoenix/casino/payment/wallet/CommonWalletManager.java:[369,51] error: incompatible types: com.dgphoenix.casino.common.transactiondata.ITransactionData cannot be converted to com.abs.casino.common.transactiondata.ITransactionData
[ERROR] /Users/alexb/Documents/Dev/Dev_new/gs-server/common-wallet/src/main/java/com/dgphoenix/casino/payment/wallet/CommonWalletManager.java:[391,61] error: incompatible types: com.dgphoenix.casino.common.cache.data.payment.WalletOperationStatus cannot be converted to com.abs.casino.common.cache.data.payment.WalletOperationStatus
[ERROR] /Users/alexb/Documents/Dev/Dev_new/gs-server/common-wallet/src/main/java/com/dgphoenix/casino/payment/wallet/CommonWalletManager.java:[393,101] error: incompatible types: com.dgphoenix.casino.common.transactiondata.ITransactionData cannot be converted to com.abs.casino.common.transactiondata.ITransactionData
[ERROR] /Users/alexb/Documents/Dev/Dev_new/gs-server/common-wallet/src/main/java/com/dgphoenix/casino/payment/wallet/CommonWalletManager.java:[439,61] error: incompatible types: bad type in conditional expression
[ERROR]     com.abs.casino.common.cache.data.session.GameSession cannot be converted to com.dgphoenix.casino.common.cache.data.session.GameSession
[ERROR] /Users/alexb/Documents/Dev/Dev_new/gs-server/common-wallet/src/main/java/com/dgphoenix/casino/payment/wallet/CommonWalletManager.java:[456,42] error: incomparable types: com.abs.casino.common.cache.data.payment.WalletOperationStatus and com.dgphoenix.casino.common.cache.data.payment.WalletOperationStatus
[ERROR] /Users/alexb/Documents/Dev/Dev_new/gs-server/common-wallet/src/main/java/com/dgphoenix/casino/payment/wallet/CommonWalletManager.java:[462,46] error: incomparable types: com.abs.casino.common.cache.data.payment.WalletOperationStatus and com.dgphoenix.casino.common.cache.data.payment.WalletOperationStatus
[ERROR] /Users/alexb/Documents/Dev/Dev_new/gs-server/common-wallet/src/main/java/com/dgphoenix/casino/payment/wallet/CommonWalletManager.java:[467,61] error: incompatible types: com.dgphoenix.casino.common.cache.data.payment.WalletOperationStatus cannot be converted to com.abs.casino.common.cache.data.payment.WalletOperationStatus
[ERROR] /Users/alexb/Documents/Dev/Dev_new/gs-server/common-wallet/src/main/java/com/dgphoenix/casino/payment/wallet/CommonWalletManager.java:[482,61] error: incompatible types: com.abs.casino.common.cache.data.session.GameSession cannot be converted to com.dgphoenix.casino.common.cache.data.session.GameSession
[ERROR] /Users/alexb/Documents/Dev/Dev_new/gs-server/common-wallet/src/main/java/com/dgphoenix/casino/payment/wallet/CommonWalletManager.java:[490,90] error: incompatible types: com.abs.casino.common.cache.data.payment.WalletOperationStatus cannot be converted to com.dgphoenix.casino.common.cache.data.payment.WalletOperationStatus
[ERROR] /Users/alexb/Documents/Dev/Dev_new/gs-server/common-wallet/src/main/java/com/dgphoenix/casino/payment/wallet/CommonWalletManager.java:[500,69] error: incompatible types: com.dgphoenix.casino.common.cache.data.payment.WalletOperationStatus cannot be converted to com.abs.casino.common.cache.data.payment.WalletOperationStatus
[ERROR] /Users/alexb/Documents/Dev/Dev_new/gs-server/common-wallet/src/main/java/com/dgphoenix/casino/payment/wallet/CommonWalletManager.java:[527,54] error: incomparable types: com.abs.casino.common.cache.data.payment.WalletOperationStatus and com.dgphoenix.casino.common.cache.data.payment.WalletOperationStatus
[ERROR] /Users/alexb/Documents/Dev/Dev_new/gs-server/common-wallet/src/main/java/com/dgphoenix/casino/payment/wallet/CommonWalletManager.java:[528,73] error: incompatible types: com.dgphoenix.casino.common.cache.data.payment.WalletOperationStatus cannot be converted to com.abs.casino.common.cache.data.payment.WalletOperationStatus
[ERROR] /Users/alexb/Documents/Dev/Dev_new/gs-server/common-wallet/src/main/java/com/dgphoenix/casino/payment/wallet/CommonWalletManager.java:[531,109] error: incompatible types: com.dgphoenix.casino.common.transactiondata.ITransactionData cannot be converted to com.abs.casino.common.transactiondata.ITransactionData
[ERROR] /Users/alexb/Documents/Dev/Dev_new/gs-server/common-wallet/src/main/java/com/dgphoenix/casino/payment/wallet/CommonWalletManager.java:[547,61] error: incompatible types: com.dgphoenix.casino.common.cache.data.payment.WalletOperationStatus cannot be converted to com.abs.casino.common.cache.data.payment.WalletOperationStatus
[ERROR] /Users/alexb/Documents/Dev/Dev_new/gs-server/common-wallet/src/main/java/com/dgphoenix/casino/payment/wallet/CommonWalletManager.java:[738,109] error: incompatible types: com.dgphoenix.casino.common.transactiondata.ITransactionData cannot be converted to com.abs.casino.common.transactiondata.ITransactionData
[ERROR] /Users/alexb/Documents/Dev/Dev_new/gs-server/common-wallet/src/main/java/com/dgphoenix/casino/payment/wallet/CommonWalletManager.java:[745,101] error: incompatible types: com.dgphoenix.casino.common.transactiondata.ITransactionData cannot be converted to com.abs.casino.common.transactiondata.ITransactionData
[ERROR] /Users/alexb/Documents/Dev/Dev_new/gs-server/common-wallet/src/main/java/com/dgphoenix/casino/payment/wallet/CommonWalletManager.java:[772,47] error: incomparable types: com.abs.casino.common.cache.data.payment.WalletOperationStatus and com.dgphoenix.casino.common.cache.data.payment.WalletOperationStatus
[ERROR] /Users/alexb/Documents/Dev/Dev_new/gs-server/common-wallet/src/main/java/com/dgphoenix/casino/payment/wallet/CommonWalletManager.java:[784,76] error: incomparable types: com.abs.casino.common.cache.data.payment.WalletOperationStatus and com.dgphoenix.casino.common.cache.data.payment.WalletOperationStatus
[ERROR] /Users/alexb/Documents/Dev/Dev_new/gs-server/common-wallet/src/main/java/com/dgphoenix/casino/payment/wallet/CommonWalletManager.java:[786,70] error: incompatible types: com.dgphoenix.casino.common.cache.data.payment.WalletOperationStatus cannot be converted to com.abs.casino.common.cache.data.payment.WalletOperationStatus
[ERROR] /Users/alexb/Documents/Dev/Dev_new/gs-server/common-wallet/src/main/java/com/dgphoenix/casino/payment/wallet/CommonWalletManager.java:[791,70] error: incompatible types: com.dgphoenix.casino.common.cache.data.payment.WalletOperationStatus cannot be converted to com.abs.casino.common.cache.data.payment.WalletOperationStatus
[ERROR] /Users/alexb/Documents/Dev/Dev_new/gs-server/common-wallet/src/main/java/com/dgphoenix/casino/payment/wallet/CommonWalletManager.java:[853,60] error: incompatible types: com.abs.casino.common.cache.data.account.LasthandInfo cannot be converted to com.dgphoenix.casino.common.cache.data.account.LasthandInfo
[ERROR] /Users/alexb/Documents/Dev/Dev_new/gs-server/common-wallet/src/main/java/com/dgphoenix/casino/payment/wallet/CommonWalletManager.java:[872,101] error: incompatible types: com.dgphoenix.casino.common.transactiondata.ITransactionData cannot be converted to com.abs.casino.common.transactiondata.ITransactionData
[ERROR] /Users/alexb/Documents/Dev/Dev_new/gs-server/common-wallet/src/main/java/com/dgphoenix/casino/payment/wallet/CommonWalletManager.java:[884,53] error: incompatible types: com.dgphoenix.casino.gs.managers.payment.wallet.CommonWalletOperation cannot be converted to com.abs.casino.gs.managers.payment.wallet.CommonWalletOperation
[ERROR] /Users/alexb/Documents/Dev/Dev_new/gs-server/common-wallet/src/main/java/com/dgphoenix/casino/payment/wallet/CommonWalletManager.java:[906,97] error: incompatible types: com.dgphoenix.casino.common.transactiondata.ITransactionData cannot be converted to com.abs.casino.common.transactiondata.ITransactionData
[ERROR] /Users/alexb/Documents/Dev/Dev_new/gs-server/common-wallet/src/main/java/com/dgphoenix/casino/payment/wallet/CommonWalletManager.java:[945,101] error: incompatible types: com.dgphoenix.casino.common.transactiondata.ITransactionData cannot be converted to com.abs.casino.common.transactiondata.ITransactionData
[ERROR] /Users/alexb/Documents/Dev/Dev_new/gs-server/common-wallet/src/main/java/com/dgphoenix/casino/payment/wallet/CommonWalletManager.java:[996,67] error: incompatible types: com.dgphoenix.casino.common.cache.data.payment.WalletOperationStatus cannot be converted to com.abs.casino.common.cache.data.payment.WalletOperationStatus
[ERROR] /Users/alexb/Documents/Dev/Dev_new/gs-server/common-wallet/src/main/java/com/dgphoenix/casino/payment/wallet/CommonWalletManager.java:[1005,60] error: incomparable types: com.abs.casino.common.cache.data.payment.WalletOperationStatus and com.dgphoenix.casino.common.cache.data.payment.WalletOperationStatus
[ERROR] /Users/alexb/Documents/Dev/Dev_new/gs-server/common-wallet/src/main/java/com/dgphoenix/casino/payment/wallet/CommonWalletManager.java:[1007,67] error: incomparable types: com.abs.casino.common.cache.data.payment.WalletOperationStatus and com.dgphoenix.casino.common.cache.data.payment.WalletOperationStatus
[ERROR] /Users/alexb/Documents/Dev/Dev_new/gs-server/common-wallet/src/main/java/com/dgphoenix/casino/payment/wallet/CommonWalletManager.java:[1061,25] error: incompatible types: com.dgphoenix.casino.common.cache.data.payment.WalletOperationStatus cannot be converted to com.abs.casino.common.cache.data.payment.WalletOperationStatus
[ERROR] /Users/alexb/Documents/Dev/Dev_new/gs-server/common-wallet/src/main/java/com/dgphoenix/casino/payment/wallet/CommonWalletManager.java:[1062,42] error: incomparable types: com.abs.casino.common.cache.data.payment.WalletOperationStatus and com.dgphoenix.casino.common.cache.data.payment.WalletOperationStatus
[ERROR] /Users/alexb/Documents/Dev/Dev_new/gs-server/common-wallet/src/main/java/com/dgphoenix/casino/payment/wallet/CommonWalletManager.java:[1063,46] error: incomparable types: com.abs.casino.common.cache.data.payment.WalletOperationStatus and com.dgphoenix.casino.common.cache.data.payment.WalletOperationStatus
[ERROR] /Users/alexb/Documents/Dev/Dev_new/gs-server/common-wallet/src/main/java/com/dgphoenix/casino/payment/wallet/CommonWalletManager.java:[1069,47] error: incompatible types: com.dgphoenix.casino.common.cache.data.bank.BankInfo cannot be converted to com.abs.casino.common.cache.data.bank.BankInfo
[ERROR] /Users/alexb/Documents/Dev/Dev_new/gs-server/common-wallet/src/main/java/com/dgphoenix/casino/payment/wallet/CommonWalletManager.java:[1074,86] error: incompatible types: com.dgphoenix.casino.gs.managers.payment.wallet.CommonWalletOperation cannot be converted to com.abs.casino.gs.managers.payment.wallet.CommonWalletOperation
[ERROR] /Users/alexb/Documents/Dev/Dev_new/gs-server/common-wallet/src/main/java/com/dgphoenix/casino/payment/wallet/CommonWalletManager.java:[1077,44] error: incompatible types: com.dgphoenix.casino.gs.managers.payment.wallet.CommonWalletOperation cannot be converted to com.abs.casino.gs.managers.payment.wallet.CommonWalletOperation
[ERROR] /Users/alexb/Documents/Dev/Dev_new/gs-server/common-wallet/src/main/java/com/dgphoenix/casino/payment/wallet/CommonWalletManager.java:[1080,42] error: incompatible types: CommonWalletOperation cannot be converted to IWalletOperation
[ERROR] /Users/alexb/Documents/Dev/Dev_new/gs-server/common-wallet/src/main/java/com/dgphoenix/casino/payment/wallet/CommonWalletManager.java:[1129,44] error: incompatible types: CommonWalletOperation cannot be converted to IWalletOperation
[ERROR] /Users/alexb/Documents/Dev/Dev_new/gs-server/common-wallet/src/main/java/com/dgphoenix/casino/payment/wallet/CommonWalletManager.java:[1132,52] error: incompatible types: com.dgphoenix.casino.common.cache.data.bank.BankInfo cannot be converted to com.abs.casino.common.cache.data.bank.BankInfo
[ERROR] /Users/alexb/Documents/Dev/Dev_new/gs-server/common-wallet/src/main/java/com/dgphoenix/casino/payment/wallet/client/v3/RESTPostCWClient.java:[3,7] error: cancelTransaction(long,String,long,long) in RESTCWClient cannot implement cancelTransaction(long,String,long,long) in ICommonWalletClient
[ERROR]   overridden method does not throw CommonException
[ERROR] /Users/alexb/Documents/Dev/Dev_new/gs-server/common-wallet/src/main/java/com/dgphoenix/casino/payment/wallet/client/v4/RESTPostCWClient.java:[3,7] error: cancelTransaction(long,String,long,long) in RESTCWClient cannot implement cancelTransaction(long,String,long,long) in ICommonWalletClient
[ERROR] -> [Help 1]
[ERROR] 
[ERROR] To see the full stack trace of the errors, re-run Maven with the -e switch.
[ERROR] Re-run Maven using the -X switch to enable full debug logging.
[ERROR] 
[ERROR] For more information about the errors and possible solutions, please read the following articles:
[ERROR] [Help 1] http://cwiki.apache.org/confluence/display/MAVEN/MojoFailureException
[2026-03-01T11:12:00Z] FAIL STEP02 rc=1
[2026-03-01T11:12:00Z] FAIL STEP02 rc=1
