[2026-02-28T07:36:28Z] START STEP01
[2026-02-28T07:36:28Z] START STEP01
[2026-02-28T07:36:28Z] DIR gs-server/common
[2026-02-28T07:36:28Z] DIR gs-server/common
[2026-02-28T07:36:28Z] CMD mvn -DskipTests install
[2026-02-28T07:36:28Z] CMD mvn -DskipTests install
[INFO] Scanning for projects...
[INFO] 
[INFO] ------------------< com.dgphoenix.casino:gsn-common >-------------------
[INFO] Building gsn-common 1.0-SNAPSHOT
[INFO]   from pom.xml
[INFO] --------------------------------[ jar ]---------------------------------
[INFO] 
[INFO] --- enforcer:3.0.0-M1:enforce (enforce-banned-dependencies) @ gsn-common ---
[INFO] 
[INFO] --- resources:3.3.1:resources (default-resources) @ gsn-common ---
[INFO] Copying 58 resources from src/main/resources to target/classes
[INFO] 
[INFO] --- compiler:2.5.1:compile (default-compile) @ gsn-common ---
[INFO] Compiling 191 source files to /Users/alexb/Documents/Dev/Dev_new/gs-server/common/target/classes
[INFO] 
[INFO] --- resources:3.3.1:testResources (default-testResources) @ gsn-common ---
[INFO] Copying 1 resource from src/test/resources to target/test-classes
[INFO] 
[INFO] --- compiler:2.5.1:testCompile (default-testCompile) @ gsn-common ---
[INFO] Nothing to compile - all classes are up to date
[INFO] 
[INFO] --- surefire:2.19.1:test (default-test) @ gsn-common ---
[INFO] Tests are skipped.
[INFO] 
[INFO] --- jar:2.6:jar (default-jar) @ gsn-common ---
[INFO] Building jar: /Users/alexb/Documents/Dev/Dev_new/gs-server/common/target/gsn-common-1.0-SNAPSHOT.jar
[INFO] 
[INFO] --- install:3.1.2:install (default-install) @ gsn-common ---
[INFO] Installing /Users/alexb/Documents/Dev/Dev_new/gs-server/common/pom.xml to /Users/alexb/.m2/repository/com/dgphoenix/casino/gsn-common/1.0-SNAPSHOT/gsn-common-1.0-SNAPSHOT.pom
[INFO] Installing /Users/alexb/Documents/Dev/Dev_new/gs-server/common/target/gsn-common-1.0-SNAPSHOT.jar to /Users/alexb/.m2/repository/com/dgphoenix/casino/gsn-common/1.0-SNAPSHOT/gsn-common-1.0-SNAPSHOT.jar
[INFO] ------------------------------------------------------------------------
[INFO] BUILD SUCCESS
[INFO] ------------------------------------------------------------------------
[INFO] Total time:  4.238 s
[INFO] Finished at: 2026-02-28T07:36:34Z
[INFO] ------------------------------------------------------------------------
[2026-02-28T07:36:34Z] PASS STEP01 rc=0
[2026-02-28T07:36:34Z] PASS STEP01 rc=0
[2026-02-28T07:36:34Z] START STEP02
[2026-02-28T07:36:34Z] START STEP02
[2026-02-28T07:36:34Z] DIR gs-server/common-wallet
[2026-02-28T07:36:34Z] DIR gs-server/common-wallet
[2026-02-28T07:36:34Z] CMD mvn -DskipTests install
[2026-02-28T07:36:34Z] CMD mvn -DskipTests install
[INFO] Scanning for projects...
[INFO] 
[INFO] -----------------< com.dgphoenix.casino:common-wallet >-----------------
[INFO] Building common-wallet 1.0.67
[INFO]   from pom.xml
[INFO] --------------------------------[ jar ]---------------------------------
[INFO] 
[INFO] --- enforcer:3.0.0-M1:enforce (enforce-banned-dependencies) @ common-wallet ---
[INFO] 
[INFO] --- resources:3.3.1:resources (default-resources) @ common-wallet ---
[INFO] skip non existing resourceDirectory /Users/alexb/Documents/Dev/Dev_new/gs-server/common-wallet/src/main/resources
[INFO] 
[INFO] --- compiler:2.5.1:compile (default-compile) @ common-wallet ---
[INFO] Compiling 11 source files to /Users/alexb/Documents/Dev/Dev_new/gs-server/common-wallet/target/classes
[INFO] 
[INFO] --- resources:3.3.1:testResources (default-testResources) @ common-wallet ---
[INFO] Copying 108 resources from src/test/resources to target/test-classes
[INFO] 
[INFO] --- compiler:2.5.1:testCompile (default-testCompile) @ common-wallet ---
[INFO] Compiling 4 source files to /Users/alexb/Documents/Dev/Dev_new/gs-server/common-wallet/target/test-classes
[INFO] 
[INFO] --- surefire:2.19.1:test (default-test) @ common-wallet ---
[INFO] Tests are skipped.
[INFO] 
[INFO] --- jar:2.6:jar (default-jar) @ common-wallet ---
[INFO] Building jar: /Users/alexb/Documents/Dev/Dev_new/gs-server/common-wallet/target/common-wallet-1.0.67.jar
[INFO] 
[INFO] --- install:3.1.2:install (default-install) @ common-wallet ---
[INFO] Installing /Users/alexb/Documents/Dev/Dev_new/gs-server/common-wallet/pom.xml to /Users/alexb/.m2/repository/com/dgphoenix/casino/common-wallet/1.0.67/common-wallet-1.0.67.pom
[INFO] Installing /Users/alexb/Documents/Dev/Dev_new/gs-server/common-wallet/target/common-wallet-1.0.67.jar to /Users/alexb/.m2/repository/com/dgphoenix/casino/common-wallet/1.0.67/common-wallet-1.0.67.jar
[INFO] ------------------------------------------------------------------------
[INFO] BUILD SUCCESS
[INFO] ------------------------------------------------------------------------
[INFO] Total time:  1.870 s
[INFO] Finished at: 2026-02-28T07:36:37Z
[INFO] ------------------------------------------------------------------------
[2026-02-28T07:36:37Z] PASS STEP02 rc=0
[2026-02-28T07:36:37Z] PASS STEP02 rc=0
[2026-02-28T07:36:37Z] START STEP03
[2026-02-28T07:36:37Z] START STEP03
[2026-02-28T07:36:37Z] DIR gs-server/sb-utils
[2026-02-28T07:36:37Z] DIR gs-server/sb-utils
[2026-02-28T07:36:37Z] CMD mvn -DskipTests install
[2026-02-28T07:36:37Z] CMD mvn -DskipTests install
[INFO] Scanning for projects...
[INFO] 
[INFO] ---------------< com.dgphoenix.casino:utils-restricted >----------------
[INFO] Building utils-restricted 1.1.0
[INFO]   from pom.xml
[INFO] --------------------------------[ jar ]---------------------------------
[INFO] 
[INFO] --- enforcer:3.0.0-M1:enforce (enforce-banned-dependencies) @ utils-restricted ---
[INFO] 
[INFO] --- resources:3.1.0:resources (default-resources) @ utils-restricted ---
[INFO] Using 'UTF-8' encoding to copy filtered resources.
[INFO] Copying 1 resource
[INFO] 
[INFO] --- compiler:2.5.1:compile (default-compile) @ utils-restricted ---
[INFO] Compiling 186 source files to /Users/alexb/Documents/Dev/Dev_new/gs-server/sb-utils/target/classes
[INFO] -------------------------------------------------------------
[ERROR] COMPILATION ERROR : 
[INFO] -------------------------------------------------------------
[ERROR] /Users/alexb/Documents/Dev/Dev_new/gs-server/sb-utils/src/main/java/com/dgphoenix/casino/common/exception/JackPotCannotBeWonException.java:[8,49] error: cannot find symbol
[ERROR]   symbol: class CommonException
/Users/alexb/Documents/Dev/Dev_new/gs-server/sb-utils/src/main/java/com/dgphoenix/casino/common/exception/ParserException.java:[5,37] error: cannot find symbol
[ERROR]   symbol: class CommonException
/Users/alexb/Documents/Dev/Dev_new/gs-server/sb-utils/src/main/java/com/dgphoenix/casino/common/exception/AbstractSendAlertException.java:[7,57] error: cannot find symbol
[ERROR]   symbol: class CommonException
/Users/alexb/Documents/Dev/Dev_new/gs-server/sb-utils/src/main/java/com/dgphoenix/casino/common/exception/ExtendedCommonException.java:[9,45] error: cannot find symbol
[ERROR]   symbol: class CommonException
/Users/alexb/Documents/Dev/Dev_new/gs-server/sb-utils/src/main/java/com/dgphoenix/casino/common/exception/JTException.java:[8,33] error: cannot find symbol
[ERROR]   symbol: class CommonException
/Users/alexb/Documents/Dev/Dev_new/gs-server/sb-utils/src/main/java/com/dgphoenix/casino/common/exception/ObjectAlreadyExistsException.java:[8,50] error: cannot find symbol
[ERROR]   symbol: class CommonException
/Users/alexb/Documents/Dev/Dev_new/gs-server/sb-utils/src/main/java/com/dgphoenix/casino/common/exception/FatalException.java:[8,36] error: cannot find symbol
[ERROR]   symbol: class CommonException
/Users/alexb/Documents/Dev/Dev_new/gs-server/sb-utils/src/main/java/com/dgphoenix/casino/common/exception/CannotCloseMultiplayerGameException.java:[3,57] error: cannot find symbol
[ERROR]   symbol: class CommonException
/Users/alexb/Documents/Dev/Dev_new/gs-server/sb-utils/src/main/java/com/dgphoenix/casino/common/exception/AlreadyExistsException.java:[8,44] error: cannot find symbol
[ERROR]   symbol: class CommonException
/Users/alexb/Documents/Dev/Dev_new/gs-server/sb-utils/src/main/java/com/dgphoenix/casino/common/exception/PromoCreationException.java:[3,44] error: cannot find symbol
[ERROR]   symbol: class CommonException
/Users/alexb/Documents/Dev/Dev_new/gs-server/sb-utils/src/main/java/com/dgphoenix/casino/common/util/xml/parser/IXmlParser.java:[14,37] error: incompatible types: ParserException cannot be converted to Throwable
[ERROR] /Users/alexb/Documents/Dev/Dev_new/gs-server/sb-utils/src/main/java/com/dgphoenix/casino/common/exception/ParserException.java:[31,4] error: method does not override or implement a method from a supertype
[ERROR] /Users/alexb/Documents/Dev/Dev_new/gs-server/sb-utils/src/main/java/com/dgphoenix/casino/common/exception/ParserException.java:[33,15] error: cannot find symbol
[ERROR]   symbol:   variable super
  location: class ParserException
/Users/alexb/Documents/Dev/Dev_new/gs-server/sb-utils/src/main/java/com/dgphoenix/casino/common/util/xml/parser/XmlParser.java:[28,30] error: incompatible types: ParserException cannot be converted to Throwable
[ERROR] /Users/alexb/Documents/Dev/Dev_new/gs-server/sb-utils/src/main/java/com/dgphoenix/casino/common/util/xml/parser/XmlParser.java:[33,12] error: incompatible types: ParserException cannot be converted to Throwable
[ERROR] /Users/alexb/Documents/Dev/Dev_new/gs-server/sb-utils/src/main/java/com/dgphoenix/casino/common/util/xml/parser/XmlParser.java:[85,65] error: incompatible types: ParserException cannot be converted to Throwable
[ERROR] /Users/alexb/Documents/Dev/Dev_new/gs-server/sb-utils/src/main/java/com/dgphoenix/casino/common/util/xml/parser/XmlParser.java:[87,12] error: incompatible types: ParserException cannot be converted to Throwable
[ERROR] /Users/alexb/Documents/Dev/Dev_new/gs-server/sb-utils/src/main/java/com/dgphoenix/casino/common/util/xml/parser/XmlParser.java:[98,12] error: incompatible types: ParserException cannot be converted to Throwable
[ERROR] /Users/alexb/Documents/Dev/Dev_new/gs-server/sb-utils/src/main/java/com/dgphoenix/casino/common/util/xml/parser/Parser.java:[53,45] error: incompatible types: ParserException cannot be converted to Throwable
[INFO] 19 errors 
[INFO] -------------------------------------------------------------
[INFO] ------------------------------------------------------------------------
[INFO] BUILD FAILURE
[INFO] ------------------------------------------------------------------------
[INFO] Total time:  1.564 s
[INFO] Finished at: 2026-02-28T07:36:39Z
[INFO] ------------------------------------------------------------------------
[ERROR] Failed to execute goal org.apache.maven.plugins:maven-compiler-plugin:2.5.1:compile (default-compile) on project utils-restricted: Compilation failure: Compilation failure: 
[ERROR] /Users/alexb/Documents/Dev/Dev_new/gs-server/sb-utils/src/main/java/com/dgphoenix/casino/common/exception/JackPotCannotBeWonException.java:[8,49] error: cannot find symbol
[ERROR]   symbol: class CommonException
[ERROR] /Users/alexb/Documents/Dev/Dev_new/gs-server/sb-utils/src/main/java/com/dgphoenix/casino/common/exception/ParserException.java:[5,37] error: cannot find symbol
[ERROR]   symbol: class CommonException
[ERROR] /Users/alexb/Documents/Dev/Dev_new/gs-server/sb-utils/src/main/java/com/dgphoenix/casino/common/exception/AbstractSendAlertException.java:[7,57] error: cannot find symbol
[ERROR]   symbol: class CommonException
[ERROR] /Users/alexb/Documents/Dev/Dev_new/gs-server/sb-utils/src/main/java/com/dgphoenix/casino/common/exception/ExtendedCommonException.java:[9,45] error: cannot find symbol
[ERROR]   symbol: class CommonException
[ERROR] /Users/alexb/Documents/Dev/Dev_new/gs-server/sb-utils/src/main/java/com/dgphoenix/casino/common/exception/JTException.java:[8,33] error: cannot find symbol
[ERROR]   symbol: class CommonException
[ERROR] /Users/alexb/Documents/Dev/Dev_new/gs-server/sb-utils/src/main/java/com/dgphoenix/casino/common/exception/ObjectAlreadyExistsException.java:[8,50] error: cannot find symbol
[ERROR]   symbol: class CommonException
[ERROR] /Users/alexb/Documents/Dev/Dev_new/gs-server/sb-utils/src/main/java/com/dgphoenix/casino/common/exception/FatalException.java:[8,36] error: cannot find symbol
[ERROR]   symbol: class CommonException
[ERROR] /Users/alexb/Documents/Dev/Dev_new/gs-server/sb-utils/src/main/java/com/dgphoenix/casino/common/exception/CannotCloseMultiplayerGameException.java:[3,57] error: cannot find symbol
[ERROR]   symbol: class CommonException
[ERROR] /Users/alexb/Documents/Dev/Dev_new/gs-server/sb-utils/src/main/java/com/dgphoenix/casino/common/exception/AlreadyExistsException.java:[8,44] error: cannot find symbol
[ERROR]   symbol: class CommonException
[ERROR] /Users/alexb/Documents/Dev/Dev_new/gs-server/sb-utils/src/main/java/com/dgphoenix/casino/common/exception/PromoCreationException.java:[3,44] error: cannot find symbol
[ERROR]   symbol: class CommonException
[ERROR] /Users/alexb/Documents/Dev/Dev_new/gs-server/sb-utils/src/main/java/com/dgphoenix/casino/common/util/xml/parser/IXmlParser.java:[14,37] error: incompatible types: ParserException cannot be converted to Throwable
[ERROR] /Users/alexb/Documents/Dev/Dev_new/gs-server/sb-utils/src/main/java/com/dgphoenix/casino/common/exception/ParserException.java:[31,4] error: method does not override or implement a method from a supertype
[ERROR] /Users/alexb/Documents/Dev/Dev_new/gs-server/sb-utils/src/main/java/com/dgphoenix/casino/common/exception/ParserException.java:[33,15] error: cannot find symbol
[ERROR]   symbol:   variable super
[ERROR]   location: class ParserException
[ERROR] /Users/alexb/Documents/Dev/Dev_new/gs-server/sb-utils/src/main/java/com/dgphoenix/casino/common/util/xml/parser/XmlParser.java:[28,30] error: incompatible types: ParserException cannot be converted to Throwable
[ERROR] /Users/alexb/Documents/Dev/Dev_new/gs-server/sb-utils/src/main/java/com/dgphoenix/casino/common/util/xml/parser/XmlParser.java:[33,12] error: incompatible types: ParserException cannot be converted to Throwable
[ERROR] /Users/alexb/Documents/Dev/Dev_new/gs-server/sb-utils/src/main/java/com/dgphoenix/casino/common/util/xml/parser/XmlParser.java:[85,65] error: incompatible types: ParserException cannot be converted to Throwable
[ERROR] /Users/alexb/Documents/Dev/Dev_new/gs-server/sb-utils/src/main/java/com/dgphoenix/casino/common/util/xml/parser/XmlParser.java:[87,12] error: incompatible types: ParserException cannot be converted to Throwable
[ERROR] /Users/alexb/Documents/Dev/Dev_new/gs-server/sb-utils/src/main/java/com/dgphoenix/casino/common/util/xml/parser/XmlParser.java:[98,12] error: incompatible types: ParserException cannot be converted to Throwable
[ERROR] /Users/alexb/Documents/Dev/Dev_new/gs-server/sb-utils/src/main/java/com/dgphoenix/casino/common/util/xml/parser/Parser.java:[53,45] error: incompatible types: ParserException cannot be converted to Throwable
[ERROR] -> [Help 1]
[ERROR] 
[ERROR] To see the full stack trace of the errors, re-run Maven with the -e switch.
[ERROR] Re-run Maven using the -X switch to enable full debug logging.
[ERROR] 
[ERROR] For more information about the errors and possible solutions, please read the following articles:
[ERROR] [Help 1] http://cwiki.apache.org/confluence/display/MAVEN/MojoFailureException
[2026-02-28T07:36:39Z] FAIL STEP03 rc=1
[2026-02-28T07:36:39Z] FAIL STEP03 rc=1
