[INFO] Scanning for projects...
[INFO] 
[INFO] ------------------< com.dgphoenix.casino:gsn-common >-------------------
[INFO] Building gsn-common 1.0-SNAPSHOT
[INFO]   from pom.xml
[INFO] --------------------------------[ jar ]---------------------------------
[INFO] 
[INFO] --- enforcer:3.0.0-M1:enforce (enforce-banned-dependencies) @ gsn-common ---
[INFO] 
[INFO] --- resources:3.3.1:resources (default-resources) @ gsn-common ---
[INFO] Copying 58 resources from src/main/resources to target/classes
[INFO] 
[INFO] --- compiler:2.5.1:compile (default-compile) @ gsn-common ---
[INFO] Compiling 128 source files to /Users/alexb/Documents/Dev/Dev_new/gs-server/common/target/classes
[INFO] -------------------------------------------------------------
[ERROR] COMPILATION ERROR : 
[INFO] -------------------------------------------------------------
[ERROR] /Users/alexb/Documents/Dev/Dev_new/gs-server/common/src/main/java/com/dgphoenix/casino/common/cache/data/session/GameSession.java:[7,32] error: package com.abs.casino.gamecombos does not exist
[ERROR] /Users/alexb/Documents/Dev/Dev_new/gs-server/common/src/main/java/com/dgphoenix/casino/common/cache/data/session/GameSession.java:[8,32] error: package com.abs.casino.gamecombos does not exist
[ERROR] /Users/alexb/Documents/Dev/Dev_new/gs-server/common/src/main/java/com/dgphoenix/casino/common/cache/data/session/GameSession.java:[9,29] error: package com.abs.casino.unj.api does not exist
[ERROR] /Users/alexb/Documents/Dev/Dev_new/gs-server/common/src/main/java/com/dgphoenix/casino/common/cache/data/session/GameSession.java:[77,12] error: cannot find symbol
[ERROR]   symbol:   class GameSessionCommonStatistics
  location: class GameSession
/Users/alexb/Documents/Dev/Dev_new/gs-server/common/src/main/java/com/dgphoenix/casino/common/cache/data/session/GameSession.java:[249,45] error: cannot find symbol
[ERROR]   symbol:   class ContributionResult
  location: class GameSession
/Users/alexb/Documents/Dev/Dev_new/gs-server/common/src/main/java/com/dgphoenix/casino/common/cache/data/session/GameSession.java:[492,59] error: cannot find symbol
[ERROR]   symbol:   class ContributionResult
  location: class GameSession
/Users/alexb/Documents/Dev/Dev_new/gs-server/common/src/main/java/com/dgphoenix/casino/common/cache/data/session/GameSession.java:[660,11] error: cannot find symbol
[ERROR]   symbol:   class GameSessionCommonStatistics
  location: class GameSession
/Users/alexb/Documents/Dev/Dev_new/gs-server/common/src/main/java/com/dgphoenix/casino/common/cache/data/session/GameSession.java:[664,75] error: cannot find symbol
[ERROR]   symbol:   class ComboFeature
  location: class GameSession
/Users/alexb/Documents/Dev/Dev_new/gs-server/common/src/main/java/com/dgphoenix/casino/common/cache/data/session/GameSession.java:[673,47] error: cannot find symbol
[INFO] 9 errors 
[INFO] -------------------------------------------------------------
[INFO] ------------------------------------------------------------------------
[INFO] BUILD FAILURE
[INFO] ------------------------------------------------------------------------
[INFO] Total time:  2.576 s
[INFO] Finished at: 2026-02-27T12:17:04Z
[INFO] ------------------------------------------------------------------------
[ERROR] Failed to execute goal org.apache.maven.plugins:maven-compiler-plugin:2.5.1:compile (default-compile) on project gsn-common: Compilation failure: Compilation failure: 
[ERROR] /Users/alexb/Documents/Dev/Dev_new/gs-server/common/src/main/java/com/dgphoenix/casino/common/cache/data/session/GameSession.java:[7,32] error: package com.abs.casino.gamecombos does not exist
[ERROR] /Users/alexb/Documents/Dev/Dev_new/gs-server/common/src/main/java/com/dgphoenix/casino/common/cache/data/session/GameSession.java:[8,32] error: package com.abs.casino.gamecombos does not exist
[ERROR] /Users/alexb/Documents/Dev/Dev_new/gs-server/common/src/main/java/com/dgphoenix/casino/common/cache/data/session/GameSession.java:[9,29] error: package com.abs.casino.unj.api does not exist
[ERROR] /Users/alexb/Documents/Dev/Dev_new/gs-server/common/src/main/java/com/dgphoenix/casino/common/cache/data/session/GameSession.java:[77,12] error: cannot find symbol
[ERROR]   symbol:   class GameSessionCommonStatistics
[ERROR]   location: class GameSession
[ERROR] /Users/alexb/Documents/Dev/Dev_new/gs-server/common/src/main/java/com/dgphoenix/casino/common/cache/data/session/GameSession.java:[249,45] error: cannot find symbol
[ERROR]   symbol:   class ContributionResult
[ERROR]   location: class GameSession
[ERROR] /Users/alexb/Documents/Dev/Dev_new/gs-server/common/src/main/java/com/dgphoenix/casino/common/cache/data/session/GameSession.java:[492,59] error: cannot find symbol
[ERROR]   symbol:   class ContributionResult
[ERROR]   location: class GameSession
[ERROR] /Users/alexb/Documents/Dev/Dev_new/gs-server/common/src/main/java/com/dgphoenix/casino/common/cache/data/session/GameSession.java:[660,11] error: cannot find symbol
[ERROR]   symbol:   class GameSessionCommonStatistics
[ERROR]   location: class GameSession
[ERROR] /Users/alexb/Documents/Dev/Dev_new/gs-server/common/src/main/java/com/dgphoenix/casino/common/cache/data/session/GameSession.java:[664,75] error: cannot find symbol
[ERROR]   symbol:   class ComboFeature
[ERROR]   location: class GameSession
[ERROR] /Users/alexb/Documents/Dev/Dev_new/gs-server/common/src/main/java/com/dgphoenix/casino/common/cache/data/session/GameSession.java:[673,47] error: cannot find symbol
[ERROR] -> [Help 1]
[ERROR] 
[ERROR] To see the full stack trace of the errors, re-run Maven with the -e switch.
[ERROR] Re-run Maven using the -X switch to enable full debug logging.
[ERROR] 
[ERROR] For more information about the errors and possible solutions, please read the following articles:
[ERROR] [Help 1] http://cwiki.apache.org/confluence/display/MAVEN/MojoFailureException
